#
# There is insufficient memory for the Java Runtime Environment to continue.
# Native memory allocation (malloc) failed to allocate 2634736 bytes for Chunk::new
# Possible reasons:
#   The system is out of physical RAM or swap space
#   The process is running with CompressedOops enabled, and the Java Heap may be blocking the growth of the native heap
# Possible solutions:
#   Reduce memory load on the system
#   Increase physical memory or swap space
#   Check if swap backing store is full
#   Decrease Java heap size (-Xmx/-Xms)
#   Decrease number of Java threads
#   Decrease Java thread stack sizes (-Xss)
#   Set larger code cache with -XX:ReservedCodeCacheSize=
#   JVM is running with Unscaled Compressed Oops mode in which the Java heap is
#     placed in the first 4GB address space. The Java Heap base address is the
#     maximum limit for the native heap growth. Please use -XX:HeapBaseMinAddress
#     to set the Java Heap base and to place the Java Heap above 4GB virtual address.
# This output file may be truncated or incomplete.
#
#  Out of Memory Error (./src/hotspot/share/memory/arena.cpp:197), pid=29700, tid=18460
#
# JRE version: OpenJDK Runtime Environment (11.0.12+7) (build 11.0.12+7-b1504.28-7817840)
# Java VM: OpenJDK 64-Bit Server VM (11.0.12+7-b1504.28-7817840, mixed mode, tiered, compressed oops, g1 gc, windows-amd64)
# No core dump will be written. Minidumps are not enabled by default on client versions of Windows
#

---------------  S U M M A R Y ------------

Command Line: --add-opens=java.base/java.util=ALL-UNNAMED --add-opens=java.base/java.lang=ALL-UNNAMED --add-opens=java.base/java.lang.invoke=ALL-UNNAMED --add-opens=java.base/java.util=ALL-UNNAMED --add-opens=java.prefs/java.util.prefs=ALL-UNNAMED --add-opens=java.prefs/java.util.prefs=ALL-UNNAMED --add-opens=java.base/java.nio.charset=ALL-UNNAMED --add-opens=java.base/java.net=ALL-UNNAMED --add-opens=java.base/java.util.concurrent.atomic=ALL-UNNAMED -Xmx2048m -Dfile.encoding=UTF-8 -Duser.country=US -Duser.language=en -Duser.variant org.gradle.launcher.daemon.bootstrap.GradleDaemon 7.3.3

Host: AMD Ryzen 7 5700U with Radeon Graphics         , 16 cores, 6G,  Windows 10 , 64 bit Build 22000 (10.0.22000.708)
Time: Tue Jul 12 12:17:36 2022 Eastern Daylight Time elapsed time: 11.612823 seconds (0d 0h 0m 11s)

---------------  T H R E A D  ---------------

Current thread (0x000002a2c8542800):  JavaThread "C2 CompilerThread0" daemon [_thread_in_native, id=18460, stack(0x000000a2f2f00000,0x000000a2f3000000)]


Current CompileTask:
C2:  11612 4888       4       org.objectweb.asm.ClassReader::readCode (5109 bytes)

Stack: [0x000000a2f2f00000,0x000000a2f3000000]
Native frames: (J=compiled Java code, j=interpreted, Vv=VM code, C=native code)
V  [jvm.dll+0x5fbcea]
V  [jvm.dll+0x731905]
V  [jvm.dll+0x732f1d]
V  [jvm.dll+0x7335d3]
V  [jvm.dll+0x247bf8]
V  [jvm.dll+0xc018c]
V  [jvm.dll+0xc06cc]
V  [jvm.dll+0x35b31d]
V  [jvm.dll+0x19cebc]
V  [jvm.dll+0x20070e]
V  [jvm.dll+0x1ff794]
V  [jvm.dll+0x18868c]
V  [jvm.dll+0x20e0d7]
V  [jvm.dll+0x20c901]
V  [jvm.dll+0x6f9b7f]
V  [jvm.dll+0x6f26a5]
V  [jvm.dll+0x5fabf6]
C  [ucrtbase.dll+0x26c0c]
C  [KERNEL32.DLL+0x154e0]
C  [ntdll.dll+0x485b]


---------------  P R O C E S S  ---------------

Threads class SMR info:
_java_thread_list=0x000002a2cd9330e0, length=48, elements={
0x000002a2ad511800, 0x000002a2c8519000, 0x000002a2c8526000, 0x000002a2c8536000,
0x000002a2c8537000, 0x000002a2c8538000, 0x000002a2c8542800, 0x000002a2c8eb8800,
0x000002a2c8544000, 0x000002a2c901c800, 0x000002a2ca71c800, 0x000002a2ca18d800,
0x000002a2cad87000, 0x000002a2cad80800, 0x000002a2cad59000, 0x000002a2cb0f2800,
0x000002a2cb0ee000, 0x000002a2cb0e5800, 0x000002a2cb0e4000, 0x000002a2cb09b000,
0x000002a2cb09c000, 0x000002a2cb097000, 0x000002a2cb098000, 0x000002a2cb099000,
0x000002a2cb099800, 0x000002a2cb09a800, 0x000002a2cb096800, 0x000002a2cb09d000,
0x000002a2ccf56000, 0x000002a2ccf54800, 0x000002a2ccf56800, 0x000002a2ccf53800,
0x000002a2ccf51000, 0x000002a2ccf52000, 0x000002a2ccf52800, 0x000002a2ccf59000,
0x000002a2ccf5a000, 0x000002a2ccf5b000, 0x000002a2ccf57800, 0x000002a2ccf58800,
0x000002a2ccf55000, 0x000002a2ccf5f800, 0x000002a2ccf5b800, 0x000002a2ccf5c800,
0x000002a2ccf5d000, 0x000002a2ccf5f000, 0x000002a2cd699800, 0x000002a2c8ffd800
}

Java Threads: ( => current thread )
  0x000002a2ad511800 JavaThread "main" [_thread_blocked, id=30712, stack(0x000000a2f2300000,0x000000a2f2400000)]
  0x000002a2c8519000 JavaThread "Reference Handler" daemon [_thread_blocked, id=29600, stack(0x000000a2f2a00000,0x000000a2f2b00000)]
  0x000002a2c8526000 JavaThread "Finalizer" daemon [_thread_blocked, id=6552, stack(0x000000a2f2b00000,0x000000a2f2c00000)]
  0x000002a2c8536000 JavaThread "Signal Dispatcher" daemon [_thread_blocked, id=34052, stack(0x000000a2f2c00000,0x000000a2f2d00000)]
  0x000002a2c8537000 JavaThread "Attach Listener" daemon [_thread_blocked, id=17504, stack(0x000000a2f2d00000,0x000000a2f2e00000)]
  0x000002a2c8538000 JavaThread "Service Thread" daemon [_thread_blocked, id=13404, stack(0x000000a2f2e00000,0x000000a2f2f00000)]
=>0x000002a2c8542800 JavaThread "C2 CompilerThread0" daemon [_thread_in_native, id=18460, stack(0x000000a2f2f00000,0x000000a2f3000000)]
  0x000002a2c8eb8800 JavaThread "C1 CompilerThread0" daemon [_thread_blocked, id=4236, stack(0x000000a2f3000000,0x000000a2f3100000)]
  0x000002a2c8544000 JavaThread "Sweeper thread" daemon [_thread_blocked, id=32872, stack(0x000000a2f3100000,0x000000a2f3200000)]
  0x000002a2c901c800 JavaThread "Common-Cleaner" daemon [_thread_blocked, id=21064, stack(0x000000a2f3400000,0x000000a2f3500000)]
  0x000002a2ca71c800 JavaThread "Daemon health stats" [_thread_blocked, id=33288, stack(0x000000a2f3700000,0x000000a2f3800000)]
  0x000002a2ca18d800 JavaThread "Incoming local TCP Connector on port 57459" [_thread_in_native, id=3800, stack(0x000000a2f3800000,0x000000a2f3900000)]
  0x000002a2cad87000 JavaThread "Daemon periodic checks" [_thread_blocked, id=33280, stack(0x000000a2f3d00000,0x000000a2f3e00000)]
  0x000002a2cad80800 JavaThread "Daemon" [_thread_blocked, id=12448, stack(0x000000a2f3e00000,0x000000a2f3f00000)]
  0x000002a2cad59000 JavaThread "Handler for socket connection from /127.0.0.1:57459 to /127.0.0.1:57460" [_thread_in_native, id=34252, stack(0x000000a2f3f00000,0x000000a2f4000000)]
  0x000002a2cb0f2800 JavaThread "Cancel handler" [_thread_blocked, id=8232, stack(0x000000a2f4000000,0x000000a2f4100000)]
  0x000002a2cb0ee000 JavaThread "Daemon worker" [_thread_blocked, id=3160, stack(0x000000a2f4100000,0x000000a2f4200000)]
  0x000002a2cb0e5800 JavaThread "Asynchronous log dispatcher for DefaultDaemonConnection: socket connection from /127.0.0.1:57459 to /127.0.0.1:57460" [_thread_blocked, id=30984, stack(0x000000a2f4200000,0x000000a2f4300000)]
  0x000002a2cb0e4000 JavaThread "Stdin handler" [_thread_blocked, id=23732, stack(0x000000a2f4300000,0x000000a2f4400000)]
  0x000002a2cb09b000 JavaThread "Daemon client event forwarder" [_thread_blocked, id=28644, stack(0x000000a2f4400000,0x000000a2f4500000)]
  0x000002a2cb09c000 JavaThread "Cache worker for journal cache (C:\Users\Thinkpad E15\.gradle\caches\journal-1)" [_thread_blocked, id=10880, stack(0x000000a2f4500000,0x000000a2f4600000)]
  0x000002a2cb097000 JavaThread "File lock request listener" [_thread_in_native, id=11648, stack(0x000000a2f4600000,0x000000a2f4700000)]
  0x000002a2cb098000 JavaThread "Cache worker for file hash cache (C:\Users\Thinkpad E15\.gradle\caches\7.3.3\fileHashes)" [_thread_blocked, id=19036, stack(0x000000a2f5000000,0x000000a2f5100000)]
  0x000002a2cb099000 JavaThread "Cache worker for file hash cache (C:\Users\Thinkpad E15\AndroidStudioProjects\AndroidLabs\.gradle\7.3.3\fileHashes)" [_thread_blocked, id=18716, stack(0x000000a2f5100000,0x000000a2f5200000)]
  0x000002a2cb099800 JavaThread "File watcher server" daemon [_thread_in_native, id=33520, stack(0x000000a2f5200000,0x000000a2f5300000)]
  0x000002a2cb09a800 JavaThread "File watcher consumer" daemon [_thread_blocked, id=23556, stack(0x000000a2f5300000,0x000000a2f5400000)]
  0x000002a2cb096800 JavaThread "jar transforms" [_thread_blocked, id=18740, stack(0x000000a2f5400000,0x000000a2f5500000)]
  0x000002a2cb09d000 JavaThread "jar transforms Thread 2" [_thread_blocked, id=27464, stack(0x000000a2f5500000,0x000000a2f5600000)]
  0x000002a2ccf56000 JavaThread "jar transforms Thread 3" [_thread_blocked, id=28120, stack(0x000000a2f5600000,0x000000a2f5700000)]
  0x000002a2ccf54800 JavaThread "jar transforms Thread 4" [_thread_blocked, id=34788, stack(0x000000a2f5700000,0x000000a2f5800000)]
  0x000002a2ccf56800 JavaThread "jar transforms Thread 5" [_thread_blocked, id=33968, stack(0x000000a2f5800000,0x000000a2f5900000)]
  0x000002a2ccf53800 JavaThread "jar transforms Thread 6" [_thread_blocked, id=22464, stack(0x000000a2f5900000,0x000000a2f5a00000)]
  0x000002a2ccf51000 JavaThread "jar transforms Thread 7" [_thread_blocked, id=11444, stack(0x000000a2f5a00000,0x000000a2f5b00000)]
  0x000002a2ccf52000 JavaThread "jar transforms Thread 8" [_thread_blocked, id=20088, stack(0x000000a2f5b00000,0x000000a2f5c00000)]
  0x000002a2ccf52800 JavaThread "jar transforms Thread 9" [_thread_blocked, id=29048, stack(0x000000a2f5c00000,0x000000a2f5d00000)]
  0x000002a2ccf59000 JavaThread "jar transforms Thread 10" [_thread_in_Java, id=28100, stack(0x000000a2f5d00000,0x000000a2f5e00000)]
  0x000002a2ccf5a000 JavaThread "jar transforms Thread 11" [_thread_blocked, id=33656, stack(0x000000a2f5e00000,0x000000a2f5f00000)]
  0x000002a2ccf5b000 JavaThread "jar transforms Thread 12" [_thread_blocked, id=32152, stack(0x000000a2f5f00000,0x000000a2f6000000)]
  0x000002a2ccf57800 JavaThread "jar transforms Thread 13" [_thread_blocked, id=11404, stack(0x000000a2f6000000,0x000000a2f6100000)]
  0x000002a2ccf58800 JavaThread "jar transforms Thread 14" [_thread_blocked, id=16024, stack(0x000000a2f6100000,0x000000a2f6200000)]
  0x000002a2ccf55000 JavaThread "jar transforms Thread 15" [_thread_in_native, id=26356, stack(0x000000a2f6200000,0x000000a2f6300000)]
  0x000002a2ccf5f800 JavaThread "jar transforms Thread 16" [_thread_blocked, id=3824, stack(0x000000a2f6300000,0x000000a2f6400000)]
  0x000002a2ccf5b800 JavaThread "Cache worker for checksums cache (C:\Users\Thinkpad E15\AndroidStudioProjects\AndroidLabs\.gradle\7.3.3\checksums)" [_thread_blocked, id=32676, stack(0x000000a2f6400000,0x000000a2f6500000)]
  0x000002a2ccf5c800 JavaThread "Cache worker for cache directory md-supplier (C:\Users\Thinkpad E15\.gradle\caches\7.3.3\md-supplier)" [_thread_blocked, id=22856, stack(0x000000a2f6500000,0x000000a2f6600000)]
  0x000002a2ccf5d000 JavaThread "Cache worker for cache directory md-rule (C:\Users\Thinkpad E15\.gradle\caches\7.3.3\md-rule)" [_thread_blocked, id=29632, stack(0x000000a2f6600000,0x000000a2f6700000)]
  0x000002a2ccf5f000 JavaThread "Cache worker for execution history cache (C:\Users\Thinkpad E15\.gradle\caches\7.3.3\executionHistory)" [_thread_blocked, id=7744, stack(0x000000a2f6700000,0x000000a2f6800000)]
  0x000002a2cd699800 JavaThread "Cache worker for file content cache (C:\Users\Thinkpad E15\.gradle\caches\7.3.3\fileContent)" [_thread_blocked, id=2704, stack(0x000000a2f6800000,0x000000a2f6900000)]
  0x000002a2c8ffd800 JavaThread "C1 CompilerThread1" daemon [_thread_blocked, id=9372, stack(0x000000a2f3200000,0x000000a2f3300000)]

Other Threads:
  0x000002a2c8517800 VMThread "VM Thread" [stack: 0x000000a2f2900000,0x000000a2f2a00000] [id=32932]
  0x000002a2c90c4000 WatcherThread [stack: 0x000000a2f3500000,0x000000a2f3600000] [id=31988]
  0x000002a2ad52a800 GCTaskThread "GC Thread#0" [stack: 0x000000a2f2400000,0x000000a2f2500000] [id=33284]
  0x000002a2c9b23000 GCTaskThread "GC Thread#1" [stack: 0x000000a2f3600000,0x000000a2f3700000] [id=15220]
  0x000002a2ca6a9000 GCTaskThread "GC Thread#2" [stack: 0x000000a2f3900000,0x000000a2f3a00000] [id=32748]
  0x000002a2c9e86800 GCTaskThread "GC Thread#3" [stack: 0x000000a2f3a00000,0x000000a2f3b00000] [id=34000]
  0x000002a2ca45a800 GCTaskThread "GC Thread#4" [stack: 0x000000a2f3b00000,0x000000a2f3c00000] [id=17944]
  0x000002a2ca981800 GCTaskThread "GC Thread#5" [stack: 0x000000a2f3c00000,0x000000a2f3d00000] [id=18276]
  0x000002a2caedf000 GCTaskThread "GC Thread#6" [stack: 0x000000a2f4700000,0x000000a2f4800000] [id=31772]
  0x000002a2caedf800 GCTaskThread "GC Thread#7" [stack: 0x000000a2f4800000,0x000000a2f4900000] [id=13992]
  0x000002a2caedb800 GCTaskThread "GC Thread#8" [stack: 0x000000a2f4900000,0x000000a2f4a00000] [id=4752]
  0x000002a2caedd800 GCTaskThread "GC Thread#9" [stack: 0x000000a2f4a00000,0x000000a2f4b00000] [id=31276]
  0x000002a2caee0800 GCTaskThread "GC Thread#10" [stack: 0x000000a2f4b00000,0x000000a2f4c00000] [id=25880]
  0x000002a2caee1000 GCTaskThread "GC Thread#11" [stack: 0x000000a2f4c00000,0x000000a2f4d00000] [id=14068]
  0x000002a2caee2000 GCTaskThread "GC Thread#12" [stack: 0x000000a2f4d00000,0x000000a2f4e00000] [id=11340]
  0x000002a2ad55e800 ConcurrentGCThread "G1 Main Marker" [stack: 0x000000a2f2500000,0x000000a2f2600000] [id=31868]
  0x000002a2ad55f800 ConcurrentGCThread "G1 Conc#0" [stack: 0x000000a2f2600000,0x000000a2f2700000] [id=28024]
  0x000002a2caee2800 ConcurrentGCThread "G1 Conc#1" [stack: 0x000000a2f4e00000,0x000000a2f4f00000] [id=34180]
  0x000002a2caedc000 ConcurrentGCThread "G1 Conc#2" [stack: 0x000000a2f4f00000,0x000000a2f5000000] [id=34240]
  0x000002a2c8365800 ConcurrentGCThread "G1 Refine#0" [stack: 0x000000a2f2700000,0x000000a2f2800000] [id=29204]
  0x000002a2c8367000 ConcurrentGCThread "G1 Young RemSet Sampling" [stack: 0x000000a2f2800000,0x000000a2f2900000] [id=33008]

Threads with active compile tasks:
C2 CompilerThread0  11650 4888       4       org.objectweb.asm.ClassReader::readCode (5109 bytes)

VM state:not at safepoint (normal execution)

VM Mutex/Monitor currently owned by a thread: None

Heap address: 0x0000000080000000, size: 2048 MB, Compressed Oops mode: 32-bit
Narrow klass base: 0x0000000000000000, Narrow klass shift: 3
Compressed class space size: 1073741824 Address: 0x0000000100000000

Heap:
 garbage-first heap   total 195584K, used 123762K [0x0000000080000000, 0x0000000100000000)
  region size 1024K, 73 young (74752K), 4 survivors (4096K)
 Metaspace       used 44557K, capacity 45713K, committed 45824K, reserved 1089536K
  class space    used 5687K, capacity 6093K, committed 6144K, reserved 1048576K
Heap Regions: E=young(eden), S=young(survivor), O=old, HS=humongous(starts), HC=humongous(continues), CS=collection set, F=free, A=archive, TAMS=top-at-mark-start (previous, next)
|   0|0x0000000080000000, 0x0000000080100000, 0x0000000080100000|100%| O|  |TAMS 0x0000000080100000, 0x0000000080000000| Untracked 
|   1|0x0000000080100000, 0x0000000080200000, 0x0000000080200000|100%| O|  |TAMS 0x0000000080200000, 0x0000000080100000| Untracked 
|   2|0x0000000080200000, 0x0000000080300000, 0x0000000080300000|100%| O|  |TAMS 0x0000000080300000, 0x0000000080200000| Untracked 
|   3|0x0000000080300000, 0x0000000080400000, 0x0000000080400000|100%|HS|  |TAMS 0x0000000080400000, 0x0000000080300000| Complete 
|   4|0x0000000080400000, 0x0000000080500000, 0x0000000080500000|100%|HC|  |TAMS 0x0000000080500000, 0x0000000080400000| Complete 
|   5|0x0000000080500000, 0x0000000080600000, 0x0000000080600000|100%|HC|  |TAMS 0x0000000080600000, 0x0000000080500000| Complete 
|   6|0x0000000080600000, 0x0000000080700000, 0x0000000080700000|100%| O|  |TAMS 0x0000000080700000, 0x0000000080600000| Untracked 
|   7|0x0000000080700000, 0x0000000080800000, 0x0000000080800000|100%| O|  |TAMS 0x0000000080800000, 0x0000000080700000| Untracked 
|   8|0x0000000080800000, 0x0000000080900000, 0x0000000080900000|100%| O|  |TAMS 0x0000000080900000, 0x0000000080800000| Untracked 
|   9|0x0000000080900000, 0x0000000080a00000, 0x0000000080a00000|100%| O|  |TAMS 0x0000000080a00000, 0x0000000080900000| Untracked 
|  10|0x0000000080a00000, 0x0000000080b00000, 0x0000000080b00000|100%| O|  |TAMS 0x0000000080b00000, 0x0000000080a00000| Untracked 
|  11|0x0000000080b00000, 0x0000000080c00000, 0x0000000080c00000|100%| O|  |TAMS 0x0000000080c00000, 0x0000000080b00000| Untracked 
|  12|0x0000000080c00000, 0x0000000080d00000, 0x0000000080d00000|100%| O|  |TAMS 0x0000000080d00000, 0x0000000080c00000| Untracked 
|  13|0x0000000080d00000, 0x0000000080e00000, 0x0000000080e00000|100%| O|  |TAMS 0x0000000080e00000, 0x0000000080d00000| Untracked 
|  14|0x0000000080e00000, 0x0000000080f00000, 0x0000000080f00000|100%| O|  |TAMS 0x0000000080f00000, 0x0000000080e00000| Untracked 
|  15|0x0000000080f00000, 0x0000000081000000, 0x0000000081000000|100%|HS|  |TAMS 0x0000000081000000, 0x0000000080f00000| Complete 
|  16|0x0000000081000000, 0x0000000081100000, 0x0000000081100000|100%|HC|  |TAMS 0x0000000081100000, 0x0000000081000000| Complete 
|  17|0x0000000081100000, 0x0000000081200000, 0x0000000081200000|100%|HS|  |TAMS 0x0000000081200000, 0x0000000081100000| Complete 
|  18|0x0000000081200000, 0x0000000081300000, 0x0000000081300000|100%|HC|  |TAMS 0x0000000081300000, 0x0000000081200000| Complete 
|  19|0x0000000081300000, 0x0000000081400000, 0x0000000081400000|100%|HC|  |TAMS 0x0000000081400000, 0x0000000081300000| Complete 
|  20|0x0000000081400000, 0x0000000081500000, 0x0000000081500000|100%|HS|  |TAMS 0x0000000081500000, 0x0000000081400000| Complete 
|  21|0x0000000081500000, 0x0000000081600000, 0x0000000081600000|100%|HS|  |TAMS 0x0000000081600000, 0x0000000081500000| Complete 
|  22|0x0000000081600000, 0x0000000081700000, 0x0000000081700000|100%|HC|  |TAMS 0x0000000081700000, 0x0000000081600000| Complete 
|  23|0x0000000081700000, 0x0000000081800000, 0x0000000081800000|100%|HC|  |TAMS 0x0000000081800000, 0x0000000081700000| Complete 
|  24|0x0000000081800000, 0x0000000081900000, 0x0000000081900000|100%|HC|  |TAMS 0x0000000081900000, 0x0000000081800000| Complete 
|  25|0x0000000081900000, 0x0000000081a00000, 0x0000000081a00000|100%| O|  |TAMS 0x0000000081a00000, 0x0000000081900000| Untracked 
|  26|0x0000000081a00000, 0x0000000081b00000, 0x0000000081b00000|100%| O|  |TAMS 0x0000000081b00000, 0x0000000081a00000| Untracked 
|  27|0x0000000081b00000, 0x0000000081c00000, 0x0000000081c00000|100%| O|  |TAMS 0x0000000081c00000, 0x0000000081b00000| Untracked 
|  28|0x0000000081c00000, 0x0000000081d00000, 0x0000000081d00000|100%| O|  |TAMS 0x0000000081d00000, 0x0000000081c00000| Untracked 
|  29|0x0000000081d00000, 0x0000000081e00000, 0x0000000081e00000|100%| O|  |TAMS 0x0000000081e00000, 0x0000000081d00000| Untracked 
|  30|0x0000000081e00000, 0x0000000081f00000, 0x0000000081f00000|100%| O|  |TAMS 0x0000000081f00000, 0x0000000081e00000| Untracked 
|  31|0x0000000081f00000, 0x0000000082000000, 0x0000000082000000|100%| O|  |TAMS 0x0000000082000000, 0x0000000081f00000| Untracked 
|  32|0x0000000082000000, 0x0000000082100000, 0x0000000082100000|100%| O|  |TAMS 0x0000000082100000, 0x0000000082000000| Untracked 
|  33|0x0000000082100000, 0x0000000082200000, 0x0000000082200000|100%| O|  |TAMS 0x0000000082200000, 0x0000000082100000| Untracked 
|  34|0x0000000082200000, 0x0000000082300000, 0x0000000082300000|100%| O|  |TAMS 0x0000000082300000, 0x0000000082200000| Untracked 
|  35|0x0000000082300000, 0x0000000082400000, 0x0000000082400000|100%| O|  |TAMS 0x0000000082400000, 0x0000000082300000| Untracked 
|  36|0x0000000082400000, 0x0000000082500000, 0x0000000082500000|100%| O|  |TAMS 0x0000000082500000, 0x0000000082400000| Untracked 
|  37|0x0000000082500000, 0x0000000082600000, 0x0000000082600000|100%| O|  |TAMS 0x0000000082600000, 0x0000000082500000| Untracked 
|  38|0x0000000082600000, 0x0000000082700000, 0x0000000082700000|100%| O|  |TAMS 0x0000000082700000, 0x0000000082600000| Untracked 
|  39|0x0000000082700000, 0x0000000082800000, 0x0000000082800000|100%| O|  |TAMS 0x0000000082800000, 0x0000000082700000| Untracked 
|  40|0x0000000082800000, 0x0000000082900000, 0x0000000082900000|100%| O|  |TAMS 0x0000000082900000, 0x0000000082800000| Untracked 
|  41|0x0000000082900000, 0x0000000082900000, 0x0000000082a00000|  0%| F|  |TAMS 0x0000000082900000, 0x0000000082900000| Untracked 
|  42|0x0000000082a00000, 0x0000000082a00000, 0x0000000082b00000|  0%| F|  |TAMS 0x0000000082a00000, 0x0000000082a00000| Untracked 
|  43|0x0000000082b00000, 0x0000000082b00000, 0x0000000082c00000|  0%| F|  |TAMS 0x0000000082b00000, 0x0000000082b00000| Untracked 
|  44|0x0000000082c00000, 0x0000000082c00000, 0x0000000082d00000|  0%| F|  |TAMS 0x0000000082c00000, 0x0000000082c00000| Untracked 
|  45|0x0000000082d00000, 0x0000000082e00000, 0x0000000082e00000|100%| O|  |TAMS 0x0000000082e00000, 0x0000000082d00000| Untracked 
|  46|0x0000000082e00000, 0x0000000082f00000, 0x0000000082f00000|100%| O|  |TAMS 0x0000000082f00000, 0x0000000082e00000| Untracked 
|  47|0x0000000082f00000, 0x0000000083000000, 0x0000000083000000|100%| O|  |TAMS 0x0000000083000000, 0x0000000082f00000| Untracked 
|  48|0x0000000083000000, 0x0000000083100000, 0x0000000083100000|100%| O|  |TAMS 0x0000000083100000, 0x0000000083000000| Untracked 
|  49|0x0000000083100000, 0x0000000083150e00, 0x0000000083200000| 31%| O|  |TAMS 0x0000000083150e00, 0x0000000083100000| Untracked 
|  50|0x0000000083200000, 0x0000000083300000, 0x0000000083300000|100%|HS|  |TAMS 0x0000000083200000, 0x0000000083200000| Complete 
|  51|0x0000000083300000, 0x0000000083400000, 0x0000000083400000|100%|HS|  |TAMS 0x0000000083300000, 0x0000000083300000| Complete 
|  52|0x0000000083400000, 0x0000000083500000, 0x0000000083500000|100%|HC|  |TAMS 0x0000000083400000, 0x0000000083400000| Complete 
|  53|0x0000000083500000, 0x0000000083600000, 0x0000000083600000|100%|HC|  |TAMS 0x0000000083500000, 0x0000000083500000| Complete 
|  54|0x0000000083600000, 0x0000000083600000, 0x0000000083700000|  0%| F|  |TAMS 0x0000000083600000, 0x0000000083600000| Untracked 
|  55|0x0000000083700000, 0x0000000083700000, 0x0000000083800000|  0%| F|  |TAMS 0x0000000083700000, 0x0000000083700000| Untracked 
|  56|0x0000000083800000, 0x0000000083800000, 0x0000000083900000|  0%| F|  |TAMS 0x0000000083800000, 0x0000000083800000| Untracked 
|  57|0x0000000083900000, 0x0000000083900000, 0x0000000083a00000|  0%| F|  |TAMS 0x0000000083900000, 0x0000000083900000| Untracked 
|  58|0x0000000083a00000, 0x0000000083a00000, 0x0000000083b00000|  0%| F|  |TAMS 0x0000000083a00000, 0x0000000083a00000| Untracked 
|  59|0x0000000083b00000, 0x0000000083b00000, 0x0000000083c00000|  0%| F|  |TAMS 0x0000000083b00000, 0x0000000083b00000| Untracked 
|  60|0x0000000083c00000, 0x0000000083c00000, 0x0000000083d00000|  0%| F|  |TAMS 0x0000000083c00000, 0x0000000083c00000| Untracked 
|  61|0x0000000083d00000, 0x0000000083d00000, 0x0000000083e00000|  0%| F|  |TAMS 0x0000000083d00000, 0x0000000083d00000| Untracked 
|  62|0x0000000083e00000, 0x0000000083e00000, 0x0000000083f00000|  0%| F|  |TAMS 0x0000000083e00000, 0x0000000083e00000| Untracked 
|  63|0x0000000083f00000, 0x0000000083f00000, 0x0000000084000000|  0%| F|  |TAMS 0x0000000083f00000, 0x0000000083f00000| Untracked 
|  64|0x0000000084000000, 0x0000000084000000, 0x0000000084100000|  0%| F|  |TAMS 0x0000000084000000, 0x0000000084000000| Untracked 
|  65|0x0000000084100000, 0x0000000084100000, 0x0000000084200000|  0%| F|  |TAMS 0x0000000084100000, 0x0000000084100000| Untracked 
|  66|0x0000000084200000, 0x0000000084200000, 0x0000000084300000|  0%| F|  |TAMS 0x0000000084200000, 0x0000000084200000| Untracked 
|  67|0x0000000084300000, 0x0000000084300000, 0x0000000084400000|  0%| F|  |TAMS 0x0000000084300000, 0x0000000084300000| Untracked 
|  68|0x0000000084400000, 0x0000000084400000, 0x0000000084500000|  0%| F|  |TAMS 0x0000000084400000, 0x0000000084400000| Untracked 
|  69|0x0000000084500000, 0x0000000084500000, 0x0000000084600000|  0%| F|  |TAMS 0x0000000084500000, 0x0000000084500000| Untracked 
|  70|0x0000000084600000, 0x0000000084600000, 0x0000000084700000|  0%| F|  |TAMS 0x0000000084600000, 0x0000000084600000| Untracked 
|  71|0x0000000084700000, 0x0000000084700000, 0x0000000084800000|  0%| F|  |TAMS 0x0000000084700000, 0x0000000084700000| Untracked 
|  72|0x0000000084800000, 0x0000000084800000, 0x0000000084900000|  0%| F|  |TAMS 0x0000000084800000, 0x0000000084800000| Untracked 
|  73|0x0000000084900000, 0x0000000084900000, 0x0000000084a00000|  0%| F|  |TAMS 0x0000000084900000, 0x0000000084900000| Untracked 
|  74|0x0000000084a00000, 0x0000000084a00000, 0x0000000084b00000|  0%| F|  |TAMS 0x0000000084a00000, 0x0000000084a00000| Untracked 
|  75|0x0000000084b00000, 0x0000000084b00000, 0x0000000084c00000|  0%| F|  |TAMS 0x0000000084b00000, 0x0000000084b00000| Untracked 
|  76|0x0000000084c00000, 0x0000000084c00000, 0x0000000084d00000|  0%| F|  |TAMS 0x0000000084c00000, 0x0000000084c00000| Untracked 
|  77|0x0000000084d00000, 0x0000000084d00000, 0x0000000084e00000|  0%| F|  |TAMS 0x0000000084d00000, 0x0000000084d00000| Untracked 
|  78|0x0000000084e00000, 0x0000000084e8ba00, 0x0000000084f00000| 54%| S|CS|TAMS 0x0000000084e00000, 0x0000000084e00000| Complete 
|  79|0x0000000084f00000, 0x0000000085000000, 0x0000000085000000|100%| S|CS|TAMS 0x0000000084f00000, 0x0000000084f00000| Complete 
|  80|0x0000000085000000, 0x0000000085100000, 0x0000000085100000|100%| S|CS|TAMS 0x0000000085000000, 0x0000000085000000| Complete 
|  81|0x0000000085100000, 0x0000000085200000, 0x0000000085200000|100%| S|CS|TAMS 0x0000000085100000, 0x0000000085100000| Complete 
|  82|0x0000000085200000, 0x0000000085200000, 0x0000000085300000|  0%| F|  |TAMS 0x0000000085200000, 0x0000000085200000| Untracked 
|  83|0x0000000085300000, 0x0000000085300000, 0x0000000085400000|  0%| F|  |TAMS 0x0000000085300000, 0x0000000085300000| Untracked 
|  84|0x0000000085400000, 0x0000000085400000, 0x0000000085500000|  0%| F|  |TAMS 0x0000000085400000, 0x0000000085400000| Untracked 
|  85|0x0000000085500000, 0x0000000085500000, 0x0000000085600000|  0%| F|  |TAMS 0x0000000085500000, 0x0000000085500000| Untracked 
|  86|0x0000000085600000, 0x0000000085600000, 0x0000000085700000|  0%| F|  |TAMS 0x0000000085600000, 0x0000000085600000| Untracked 
|  87|0x0000000085700000, 0x0000000085700000, 0x0000000085800000|  0%| F|  |TAMS 0x0000000085700000, 0x0000000085700000| Untracked 
|  88|0x0000000085800000, 0x0000000085800000, 0x0000000085900000|  0%| F|  |TAMS 0x0000000085800000, 0x0000000085800000| Untracked 
|  89|0x0000000085900000, 0x0000000085900000, 0x0000000085a00000|  0%| F|  |TAMS 0x0000000085900000, 0x0000000085900000| Untracked 
|  90|0x0000000085a00000, 0x0000000085a00000, 0x0000000085b00000|  0%| F|  |TAMS 0x0000000085a00000, 0x0000000085a00000| Untracked 
|  91|0x0000000085b00000, 0x0000000085b00000, 0x0000000085c00000|  0%| F|  |TAMS 0x0000000085b00000, 0x0000000085b00000| Untracked 
|  92|0x0000000085c00000, 0x0000000085c00000, 0x0000000085d00000|  0%| F|  |TAMS 0x0000000085c00000, 0x0000000085c00000| Untracked 
|  93|0x0000000085d00000, 0x0000000085d00000, 0x0000000085e00000|  0%| F|  |TAMS 0x0000000085d00000, 0x0000000085d00000| Untracked 
|  94|0x0000000085e00000, 0x0000000085e00000, 0x0000000085f00000|  0%| F|  |TAMS 0x0000000085e00000, 0x0000000085e00000| Untracked 
|  95|0x0000000085f00000, 0x0000000085f00000, 0x0000000086000000|  0%| F|  |TAMS 0x0000000085f00000, 0x0000000085f00000| Untracked 
|  96|0x0000000086000000, 0x0000000086000000, 0x0000000086100000|  0%| F|  |TAMS 0x0000000086000000, 0x0000000086000000| Untracked 
|  97|0x0000000086100000, 0x0000000086100000, 0x0000000086200000|  0%| F|  |TAMS 0x0000000086100000, 0x0000000086100000| Untracked 
|  98|0x0000000086200000, 0x0000000086200000, 0x0000000086300000|  0%| F|  |TAMS 0x0000000086200000, 0x0000000086200000| Untracked 
|  99|0x0000000086300000, 0x0000000086300000, 0x0000000086400000|  0%| F|  |TAMS 0x0000000086300000, 0x0000000086300000| Untracked 
| 100|0x0000000086400000, 0x0000000086400000, 0x0000000086500000|  0%| F|  |TAMS 0x0000000086400000, 0x0000000086400000| Untracked 
| 101|0x0000000086500000, 0x0000000086500000, 0x0000000086600000|  0%| F|  |TAMS 0x0000000086500000, 0x0000000086500000| Untracked 
| 102|0x0000000086600000, 0x0000000086600000, 0x0000000086700000|  0%| F|  |TAMS 0x0000000086600000, 0x0000000086600000| Untracked 
| 103|0x0000000086700000, 0x0000000086700000, 0x0000000086800000|  0%| F|  |TAMS 0x0000000086700000, 0x0000000086700000| Untracked 
| 104|0x0000000086800000, 0x0000000086800000, 0x0000000086900000|  0%| F|  |TAMS 0x0000000086800000, 0x0000000086800000| Untracked 
| 105|0x0000000086900000, 0x0000000086900000, 0x0000000086a00000|  0%| F|  |TAMS 0x0000000086900000, 0x0000000086900000| Untracked 
| 106|0x0000000086a00000, 0x0000000086a00000, 0x0000000086b00000|  0%| F|  |TAMS 0x0000000086a00000, 0x0000000086a00000| Untracked 
| 107|0x0000000086b00000, 0x0000000086b00000, 0x0000000086c00000|  0%| F|  |TAMS 0x0000000086b00000, 0x0000000086b00000| Untracked 
| 108|0x0000000086c00000, 0x0000000086c00000, 0x0000000086d00000|  0%| F|  |TAMS 0x0000000086c00000, 0x0000000086c00000| Untracked 
| 109|0x0000000086d00000, 0x0000000086d00000, 0x0000000086e00000|  0%| F|  |TAMS 0x0000000086d00000, 0x0000000086d00000| Untracked 
| 110|0x0000000086e00000, 0x0000000086e00000, 0x0000000086f00000|  0%| F|  |TAMS 0x0000000086e00000, 0x0000000086e00000| Untracked 
| 111|0x0000000086f00000, 0x0000000086f00000, 0x0000000087000000|  0%| F|  |TAMS 0x0000000086f00000, 0x0000000086f00000| Untracked 
| 112|0x0000000087000000, 0x0000000087000000, 0x0000000087100000|  0%| F|  |TAMS 0x0000000087000000, 0x0000000087000000| Untracked 
| 113|0x0000000087100000, 0x0000000087100000, 0x0000000087200000|  0%| F|  |TAMS 0x0000000087100000, 0x0000000087100000| Untracked 
| 114|0x0000000087200000, 0x0000000087200000, 0x0000000087300000|  0%| F|  |TAMS 0x0000000087200000, 0x0000000087200000| Untracked 
| 115|0x0000000087300000, 0x0000000087300000, 0x0000000087400000|  0%| F|  |TAMS 0x0000000087300000, 0x0000000087300000| Untracked 
| 116|0x0000000087400000, 0x0000000087400000, 0x0000000087500000|  0%| F|  |TAMS 0x0000000087400000, 0x0000000087400000| Untracked 
| 117|0x0000000087500000, 0x0000000087500000, 0x0000000087600000|  0%| F|  |TAMS 0x0000000087500000, 0x0000000087500000| Untracked 
| 118|0x0000000087600000, 0x0000000087600000, 0x0000000087700000|  0%| F|  |TAMS 0x0000000087600000, 0x0000000087600000| Untracked 
| 119|0x0000000087700000, 0x0000000087700000, 0x0000000087800000|  0%| F|  |TAMS 0x0000000087700000, 0x0000000087700000| Untracked 
| 120|0x0000000087800000, 0x0000000087800000, 0x0000000087900000|  0%| F|  |TAMS 0x0000000087800000, 0x0000000087800000| Untracked 
| 121|0x0000000087900000, 0x0000000087980800, 0x0000000087a00000| 50%| E|  |TAMS 0x0000000087900000, 0x0000000087900000| Complete 
| 122|0x0000000087a00000, 0x0000000087b00000, 0x0000000087b00000|100%| E|CS|TAMS 0x0000000087a00000, 0x0000000087a00000| Complete 
| 123|0x0000000087b00000, 0x0000000087c00000, 0x0000000087c00000|100%| E|CS|TAMS 0x0000000087b00000, 0x0000000087b00000| Complete 
| 124|0x0000000087c00000, 0x0000000087d00000, 0x0000000087d00000|100%| E|CS|TAMS 0x0000000087c00000, 0x0000000087c00000| Complete 
| 125|0x0000000087d00000, 0x0000000087e00000, 0x0000000087e00000|100%| E|CS|TAMS 0x0000000087d00000, 0x0000000087d00000| Complete 
| 126|0x0000000087e00000, 0x0000000087f00000, 0x0000000087f00000|100%| E|CS|TAMS 0x0000000087e00000, 0x0000000087e00000| Complete 
| 127|0x0000000087f00000, 0x0000000088000000, 0x0000000088000000|100%| E|CS|TAMS 0x0000000087f00000, 0x0000000087f00000| Complete 
| 128|0x0000000088000000, 0x0000000088100000, 0x0000000088100000|100%| E|CS|TAMS 0x0000000088000000, 0x0000000088000000| Complete 
| 129|0x0000000088100000, 0x0000000088200000, 0x0000000088200000|100%| E|CS|TAMS 0x0000000088100000, 0x0000000088100000| Complete 
| 130|0x0000000088200000, 0x0000000088300000, 0x0000000088300000|100%| E|CS|TAMS 0x0000000088200000, 0x0000000088200000| Complete 
| 131|0x0000000088300000, 0x0000000088400000, 0x0000000088400000|100%| E|CS|TAMS 0x0000000088300000, 0x0000000088300000| Complete 
| 132|0x0000000088400000, 0x0000000088500000, 0x0000000088500000|100%| E|CS|TAMS 0x0000000088400000, 0x0000000088400000| Complete 
| 133|0x0000000088500000, 0x0000000088600000, 0x0000000088600000|100%| E|CS|TAMS 0x0000000088500000, 0x0000000088500000| Complete 
| 134|0x0000000088600000, 0x0000000088700000, 0x0000000088700000|100%| E|CS|TAMS 0x0000000088600000, 0x0000000088600000| Complete 
| 135|0x0000000088700000, 0x0000000088800000, 0x0000000088800000|100%| E|CS|TAMS 0x0000000088700000, 0x0000000088700000| Complete 
| 136|0x0000000088800000, 0x0000000088900000, 0x0000000088900000|100%| E|CS|TAMS 0x0000000088800000, 0x0000000088800000| Complete 
| 137|0x0000000088900000, 0x0000000088a00000, 0x0000000088a00000|100%| E|CS|TAMS 0x0000000088900000, 0x0000000088900000| Complete 
| 138|0x0000000088a00000, 0x0000000088b00000, 0x0000000088b00000|100%| E|CS|TAMS 0x0000000088a00000, 0x0000000088a00000| Complete 
| 139|0x0000000088b00000, 0x0000000088c00000, 0x0000000088c00000|100%| E|CS|TAMS 0x0000000088b00000, 0x0000000088b00000| Complete 
| 140|0x0000000088c00000, 0x0000000088d00000, 0x0000000088d00000|100%| E|CS|TAMS 0x0000000088c00000, 0x0000000088c00000| Complete 
| 141|0x0000000088d00000, 0x0000000088e00000, 0x0000000088e00000|100%| E|CS|TAMS 0x0000000088d00000, 0x0000000088d00000| Complete 
| 142|0x0000000088e00000, 0x0000000088f00000, 0x0000000088f00000|100%| E|CS|TAMS 0x0000000088e00000, 0x0000000088e00000| Complete 
| 143|0x0000000088f00000, 0x0000000089000000, 0x0000000089000000|100%| E|CS|TAMS 0x0000000088f00000, 0x0000000088f00000| Complete 
| 144|0x0000000089000000, 0x0000000089100000, 0x0000000089100000|100%| E|CS|TAMS 0x0000000089000000, 0x0000000089000000| Complete 
| 145|0x0000000089100000, 0x0000000089200000, 0x0000000089200000|100%| E|CS|TAMS 0x0000000089100000, 0x0000000089100000| Complete 
| 146|0x0000000089200000, 0x0000000089300000, 0x0000000089300000|100%| E|CS|TAMS 0x0000000089200000, 0x0000000089200000| Complete 
| 147|0x0000000089300000, 0x0000000089400000, 0x0000000089400000|100%| E|CS|TAMS 0x0000000089300000, 0x0000000089300000| Complete 
| 148|0x0000000089400000, 0x0000000089500000, 0x0000000089500000|100%| E|CS|TAMS 0x0000000089400000, 0x0000000089400000| Complete 
| 149|0x0000000089500000, 0x0000000089600000, 0x0000000089600000|100%| E|CS|TAMS 0x0000000089500000, 0x0000000089500000| Complete 
| 150|0x0000000089600000, 0x0000000089700000, 0x0000000089700000|100%| E|CS|TAMS 0x0000000089600000, 0x0000000089600000| Complete 
| 151|0x0000000089700000, 0x0000000089800000, 0x0000000089800000|100%| E|CS|TAMS 0x0000000089700000, 0x0000000089700000| Complete 
| 152|0x0000000089800000, 0x0000000089900000, 0x0000000089900000|100%| E|CS|TAMS 0x0000000089800000, 0x0000000089800000| Complete 
| 153|0x0000000089900000, 0x0000000089a00000, 0x0000000089a00000|100%| E|CS|TAMS 0x0000000089900000, 0x0000000089900000| Complete 
| 154|0x0000000089a00000, 0x0000000089b00000, 0x0000000089b00000|100%| E|CS|TAMS 0x0000000089a00000, 0x0000000089a00000| Complete 
| 155|0x0000000089b00000, 0x0000000089c00000, 0x0000000089c00000|100%| E|CS|TAMS 0x0000000089b00000, 0x0000000089b00000| Complete 
| 156|0x0000000089c00000, 0x0000000089d00000, 0x0000000089d00000|100%| E|CS|TAMS 0x0000000089c00000, 0x0000000089c00000| Complete 
| 157|0x0000000089d00000, 0x0000000089e00000, 0x0000000089e00000|100%| E|CS|TAMS 0x0000000089d00000, 0x0000000089d00000| Complete 
| 158|0x0000000089e00000, 0x0000000089f00000, 0x0000000089f00000|100%| E|CS|TAMS 0x0000000089e00000, 0x0000000089e00000| Complete 
| 159|0x0000000089f00000, 0x000000008a000000, 0x000000008a000000|100%| E|CS|TAMS 0x0000000089f00000, 0x0000000089f00000| Complete 
| 160|0x000000008a000000, 0x000000008a100000, 0x000000008a100000|100%| E|CS|TAMS 0x000000008a000000, 0x000000008a000000| Complete 
| 161|0x000000008a100000, 0x000000008a200000, 0x000000008a200000|100%| E|CS|TAMS 0x000000008a100000, 0x000000008a100000| Complete 
| 162|0x000000008a200000, 0x000000008a300000, 0x000000008a300000|100%| E|CS|TAMS 0x000000008a200000, 0x000000008a200000| Complete 
| 163|0x000000008a300000, 0x000000008a400000, 0x000000008a400000|100%| E|CS|TAMS 0x000000008a300000, 0x000000008a300000| Complete 
| 164|0x000000008a400000, 0x000000008a500000, 0x000000008a500000|100%| E|CS|TAMS 0x000000008a400000, 0x000000008a400000| Complete 
| 165|0x000000008a500000, 0x000000008a600000, 0x000000008a600000|100%| E|CS|TAMS 0x000000008a500000, 0x000000008a500000| Complete 
| 166|0x000000008a600000, 0x000000008a700000, 0x000000008a700000|100%| E|CS|TAMS 0x000000008a600000, 0x000000008a600000| Complete 
| 167|0x000000008a700000, 0x000000008a800000, 0x000000008a800000|100%| E|CS|TAMS 0x000000008a700000, 0x000000008a700000| Complete 
| 168|0x000000008a800000, 0x000000008a900000, 0x000000008a900000|100%| E|CS|TAMS 0x000000008a800000, 0x000000008a800000| Complete 
| 169|0x000000008a900000, 0x000000008aa00000, 0x000000008aa00000|100%| E|CS|TAMS 0x000000008a900000, 0x000000008a900000| Complete 
| 170|0x000000008aa00000, 0x000000008ab00000, 0x000000008ab00000|100%| E|CS|TAMS 0x000000008aa00000, 0x000000008aa00000| Complete 
| 171|0x000000008ab00000, 0x000000008ac00000, 0x000000008ac00000|100%| E|CS|TAMS 0x000000008ab00000, 0x000000008ab00000| Complete 
| 172|0x000000008ac00000, 0x000000008ad00000, 0x000000008ad00000|100%| E|CS|TAMS 0x000000008ac00000, 0x000000008ac00000| Complete 
| 173|0x000000008ad00000, 0x000000008ae00000, 0x000000008ae00000|100%| E|CS|TAMS 0x000000008ad00000, 0x000000008ad00000| Complete 
| 174|0x000000008ae00000, 0x000000008af00000, 0x000000008af00000|100%| E|CS|TAMS 0x000000008ae00000, 0x000000008ae00000| Complete 
| 175|0x000000008af00000, 0x000000008b000000, 0x000000008b000000|100%| E|CS|TAMS 0x000000008af00000, 0x000000008af00000| Complete 
| 176|0x000000008b000000, 0x000000008b100000, 0x000000008b100000|100%| E|CS|TAMS 0x000000008b000000, 0x000000008b000000| Complete 
| 177|0x000000008b100000, 0x000000008b200000, 0x000000008b200000|100%| E|CS|TAMS 0x000000008b100000, 0x000000008b100000| Complete 
| 178|0x000000008b200000, 0x000000008b300000, 0x000000008b300000|100%| E|CS|TAMS 0x000000008b200000, 0x000000008b200000| Complete 
| 179|0x000000008b300000, 0x000000008b400000, 0x000000008b400000|100%| E|CS|TAMS 0x000000008b300000, 0x000000008b300000| Complete 
| 180|0x000000008b400000, 0x000000008b500000, 0x000000008b500000|100%| E|CS|TAMS 0x000000008b400000, 0x000000008b400000| Complete 
| 181|0x000000008b500000, 0x000000008b600000, 0x000000008b600000|100%| E|CS|TAMS 0x000000008b500000, 0x000000008b500000| Complete 
| 182|0x000000008b600000, 0x000000008b700000, 0x000000008b700000|100%| E|CS|TAMS 0x000000008b600000, 0x000000008b600000| Complete 
| 183|0x000000008b700000, 0x000000008b800000, 0x000000008b800000|100%| E|CS|TAMS 0x000000008b700000, 0x000000008b700000| Complete 
| 184|0x000000008b800000, 0x000000008b900000, 0x000000008b900000|100%| E|CS|TAMS 0x000000008b800000, 0x000000008b800000| Complete 
| 185|0x000000008b900000, 0x000000008ba00000, 0x000000008ba00000|100%| E|CS|TAMS 0x000000008b900000, 0x000000008b900000| Complete 
| 186|0x000000008ba00000, 0x000000008bb00000, 0x000000008bb00000|100%| E|CS|TAMS 0x000000008ba00000, 0x000000008ba00000| Complete 
| 187|0x000000008bb00000, 0x000000008bc00000, 0x000000008bc00000|100%| E|CS|TAMS 0x000000008bb00000, 0x000000008bb00000| Complete 
| 188|0x000000008bc00000, 0x000000008bd00000, 0x000000008bd00000|100%| E|CS|TAMS 0x000000008bc00000, 0x000000008bc00000| Complete 
| 189|0x000000008bd00000, 0x000000008be00000, 0x000000008be00000|100%| E|CS|TAMS 0x000000008bd00000, 0x000000008bd00000| Complete 
| 190|0x000000008be00000, 0x000000008bf00000, 0x000000008bf00000|100%| E|CS|TAMS 0x000000008be00000, 0x000000008be00000| Complete 

Card table byte_map: [0x000002a2c0cb0000,0x000002a2c10b0000] _byte_map_base: 0x000002a2c08b0000

Marking Bits (Prev, Next): (CMBitMap*) 0x000002a2ad5557d0, (CMBitMap*) 0x000002a2ad555798
 Prev Bits: [0x000002a2c34b0000, 0x000002a2c54b0000)
 Next Bits: [0x000002a2c14b0000, 0x000002a2c34b0000)

Polling page: 0x000002a2ab300000

Metaspace:

Usage:
  Non-class:     38.69 MB capacity,    37.96 MB ( 98%) used,   637.43 KB (  2%) free+waste,   112.25 KB ( <1%) overhead. 
      Class:      5.95 MB capacity,     5.55 MB ( 93%) used,   351.91 KB (  6%) free+waste,    54.06 KB ( <1%) overhead. 
       Both:     44.64 MB capacity,    43.51 MB ( 97%) used,   989.34 KB (  2%) free+waste,   166.31 KB ( <1%) overhead. 

Virtual space:
  Non-class space:       40.00 MB reserved,      38.75 MB ( 97%) committed 
      Class space:        1.00 GB reserved,       6.00 MB ( <1%) committed 
             Both:        1.04 GB reserved,      44.75 MB (  4%) committed 

Chunk freelists:
   Non-Class:  60.00 KB
       Class:  0 bytes
        Both:  60.00 KB

MaxMetaspaceSize: 17179869184.00 GB
CompressedClassSpaceSize: 1.00 GB
Initial GC threshold: 20.80 MB
Current GC threshold: 74.17 MB
CDS: off

CodeHeap 'non-profiled nmethods': size=119168Kb used=2458Kb max_used=2458Kb free=116709Kb
 bounds [0x000002a2b8bc0000, 0x000002a2b8e30000, 0x000002a2c0020000]
CodeHeap 'profiled nmethods': size=119168Kb used=10813Kb max_used=10813Kb free=108354Kb
 bounds [0x000002a2b1760000, 0x000002a2b21f0000, 0x000002a2b8bc0000]
CodeHeap 'non-nmethods': size=7424Kb used=2853Kb max_used=3472Kb free=4570Kb
 bounds [0x000002a2b1020000, 0x000002a2b1390000, 0x000002a2b1760000]
 total_blobs=5398 nmethods=4616 adapters=693
 compilation: enabled
              stopped_count=0, restarted_count=0
 full_count=0

Compilation events (20 events):
Event: 11.211 Thread 0x000002a2c8ffd800 nmethod 4906 0x000002a2b21e9b10 code [0x000002a2b21e9cc0, 0x000002a2b21e9eb8]
Event: 11.212 Thread 0x000002a2c8eb8800 nmethod 4905 0x000002a2b21ea010 code [0x000002a2b21ea200, 0x000002a2b21ea618]
Event: 11.219 Thread 0x000002a2c8542800 nmethod 4757 0x000002a2b8e20590 code [0x000002a2b8e20a60, 0x000002a2b8e23eb0]
Event: 11.219 Thread 0x000002a2c8542800 4888       4       org.objectweb.asm.ClassReader::readCode (5109 bytes)
Event: 11.229 Thread 0x000002a2c8ffd800 4907 %     3       org.objectweb.asm.SymbolTable::addConstantUtf8 @ 12 (98 bytes)
Event: 11.230 Thread 0x000002a2c8ffd800 nmethod 4907% 0x000002a2b21ea810 code [0x000002a2b21eaa60, 0x000002a2b21eb1b8]
Event: 11.230 Thread 0x000002a2c8eb8800 4908       3       org.objectweb.asm.SymbolTable::addConstantUtf8 (98 bytes)
Event: 11.231 Thread 0x000002a2c8eb8800 nmethod 4908 0x000002a2b21eb590 code [0x000002a2b21eb7e0, 0x000002a2b21ebe58]
Event: 11.238 Thread 0x000002a2c8ffd800 4913       2       org.objectweb.asm.MethodWriter::visitLookupSwitchInsn (114 bytes)
Event: 11.239 Thread 0x000002a2c8ffd800 nmethod 4913 0x000002a2b21ec210 code [0x000002a2b21ec420, 0x000002a2b21ec7a8]
Event: 11.297 Thread 0x000002a2c8eb8800 4919       2       org.gradle.cache.internal.btree.BlockPayload::getPos (8 bytes)
Event: 11.297 Thread 0x000002a2c8eb8800 nmethod 4919 0x000002a2b21ecb10 code [0x000002a2b21eccc0, 0x000002a2b21ecde8]
Event: 11.345 Thread 0x000002a2c8ffd800 4921       2       org.objectweb.asm.SymbolTable::addConstantUtf8Reference (101 bytes)
Event: 11.346 Thread 0x000002a2c8ffd800 nmethod 4921 0x000002a2b21ece90 code [0x000002a2b21ed0a0, 0x000002a2b21ed498]
Event: 11.370 Thread 0x000002a2c8eb8800 4922       2       org.objectweb.asm.ClassVisitor::visitNestMember (35 bytes)
Event: 11.371 Thread 0x000002a2c8eb8800 nmethod 4922 0x000002a2b21ed790 code [0x000002a2b21ed960, 0x000002a2b21edb58]
Event: 11.511 Thread 0x000002a2c8ffd800 4927 %     3       org.objectweb.asm.SymbolTable::addConstantUtf8Reference @ 13 (101 bytes)
Event: 11.512 Thread 0x000002a2c8ffd800 nmethod 4927% 0x000002a2b21edc90 code [0x000002a2b21edee0, 0x000002a2b21ee678]
Event: 11.515 Thread 0x000002a2c8eb8800 4928       3       org.objectweb.asm.SymbolTable::addConstantUtf8Reference (101 bytes)
Event: 11.515 Thread 0x000002a2c8eb8800 nmethod 4928 0x000002a2b21eea10 code [0x000002a2b21eec40, 0x000002a2b21ef2b8]

GC Heap History (20 events):
Event: 9.016 GC heap before
{Heap before GC invocations=22 (full 0):
 garbage-first heap   total 135168K, used 104452K [0x0000000080000000, 0x0000000100000000)
  region size 1024K, 53 young (54272K), 2 survivors (2048K)
 Metaspace       used 44374K, capacity 45443K, committed 45568K, reserved 1089536K
  class space    used 5660K, capacity 6074K, committed 6144K, reserved 1048576K
}
Event: 9.019 GC heap after
{Heap after GC invocations=23 (full 0):
 garbage-first heap   total 135168K, used 52547K [0x0000000080000000, 0x0000000100000000)
  region size 1024K, 2 young (2048K), 2 survivors (2048K)
 Metaspace       used 44374K, capacity 45443K, committed 45568K, reserved 1089536K
  class space    used 5660K, capacity 6074K, committed 6144K, reserved 1048576K
}
Event: 9.194 GC heap before
{Heap before GC invocations=23 (full 0):
 garbage-first heap   total 135168K, used 105795K [0x0000000080000000, 0x0000000100000000)
  region size 1024K, 54 young (55296K), 2 survivors (2048K)
 Metaspace       used 44374K, capacity 45443K, committed 45568K, reserved 1089536K
  class space    used 5660K, capacity 6074K, committed 6144K, reserved 1048576K
}
Event: 9.197 GC heap after
{Heap after GC invocations=24 (full 0):
 garbage-first heap   total 135168K, used 53264K [0x0000000080000000, 0x0000000100000000)
  region size 1024K, 3 young (3072K), 3 survivors (3072K)
 Metaspace       used 44374K, capacity 45443K, committed 45568K, reserved 1089536K
  class space    used 5660K, capacity 6074K, committed 6144K, reserved 1048576K
}
Event: 9.373 GC heap before
{Heap before GC invocations=24 (full 0):
 garbage-first heap   total 135168K, used 106512K [0x0000000080000000, 0x0000000100000000)
  region size 1024K, 55 young (56320K), 3 survivors (3072K)
 Metaspace       used 44374K, capacity 45443K, committed 45568K, reserved 1089536K
  class space    used 5660K, capacity 6074K, committed 6144K, reserved 1048576K
}
Event: 9.376 GC heap after
{Heap after GC invocations=25 (full 0):
 garbage-first heap   total 135168K, used 53555K [0x0000000080000000, 0x0000000100000000)
  region size 1024K, 3 young (3072K), 3 survivors (3072K)
 Metaspace       used 44374K, capacity 45443K, committed 45568K, reserved 1089536K
  class space    used 5660K, capacity 6074K, committed 6144K, reserved 1048576K
}
Event: 9.613 GC heap before
{Heap before GC invocations=25 (full 0):
 garbage-first heap   total 135168K, used 107827K [0x0000000080000000, 0x0000000100000000)
  region size 1024K, 56 young (57344K), 3 survivors (3072K)
 Metaspace       used 44374K, capacity 45443K, committed 45568K, reserved 1089536K
  class space    used 5660K, capacity 6074K, committed 6144K, reserved 1048576K
}
Event: 9.617 GC heap after
{Heap after GC invocations=26 (full 0):
 garbage-first heap   total 162816K, used 54073K [0x0000000080000000, 0x0000000100000000)
  region size 1024K, 4 young (4096K), 4 survivors (4096K)
 Metaspace       used 44374K, capacity 45443K, committed 45568K, reserved 1089536K
  class space    used 5660K, capacity 6074K, committed 6144K, reserved 1048576K
}
Event: 9.882 GC heap before
{Heap before GC invocations=26 (full 0):
 garbage-first heap   total 162816K, used 117561K [0x0000000080000000, 0x0000000100000000)
  region size 1024K, 66 young (67584K), 4 survivors (4096K)
 Metaspace       used 44374K, capacity 45443K, committed 45568K, reserved 1089536K
  class space    used 5660K, capacity 6074K, committed 6144K, reserved 1048576K
}
Event: 9.886 GC heap after
{Heap after GC invocations=27 (full 0):
 garbage-first heap   total 162816K, used 54778K [0x0000000080000000, 0x0000000100000000)
  region size 1024K, 5 young (5120K), 5 survivors (5120K)
 Metaspace       used 44374K, capacity 45443K, committed 45568K, reserved 1089536K
  class space    used 5660K, capacity 6074K, committed 6144K, reserved 1048576K
}
Event: 10.113 GC heap before
{Heap before GC invocations=27 (full 0):
 garbage-first heap   total 162816K, used 120314K [0x0000000080000000, 0x0000000100000000)
  region size 1024K, 69 young (70656K), 5 survivors (5120K)
 Metaspace       used 44374K, capacity 45443K, committed 45568K, reserved 1089536K
  class space    used 5660K, capacity 6074K, committed 6144K, reserved 1048576K
}
Event: 10.118 GC heap after
{Heap after GC invocations=28 (full 0):
 garbage-first heap   total 162816K, used 55290K [0x0000000080000000, 0x0000000100000000)
  region size 1024K, 5 young (5120K), 5 survivors (5120K)
 Metaspace       used 44374K, capacity 45443K, committed 45568K, reserved 1089536K
  class space    used 5660K, capacity 6074K, committed 6144K, reserved 1048576K
}
Event: 10.372 GC heap before
{Heap before GC invocations=28 (full 0):
 garbage-first heap   total 162816K, used 125946K [0x0000000080000000, 0x0000000100000000)
  region size 1024K, 74 young (75776K), 5 survivors (5120K)
 Metaspace       used 44374K, capacity 45443K, committed 45568K, reserved 1089536K
  class space    used 5660K, capacity 6074K, committed 6144K, reserved 1048576K
}
Event: 10.376 GC heap after
{Heap after GC invocations=29 (full 0):
 garbage-first heap   total 162816K, used 55978K [0x0000000080000000, 0x0000000100000000)
  region size 1024K, 6 young (6144K), 6 survivors (6144K)
 Metaspace       used 44374K, capacity 45443K, committed 45568K, reserved 1089536K
  class space    used 5660K, capacity 6074K, committed 6144K, reserved 1048576K
}
Event: 11.082 GC heap before
{Heap before GC invocations=29 (full 0):
 garbage-first heap   total 162816K, used 126634K [0x0000000080000000, 0x0000000100000000)
  region size 1024K, 75 young (76800K), 6 survivors (6144K)
 Metaspace       used 44541K, capacity 45649K, committed 45824K, reserved 1089536K
  class space    used 5687K, capacity 6093K, committed 6144K, reserved 1048576K
}
Event: 11.086 GC heap after
{Heap after GC invocations=30 (full 0):
 garbage-first heap   total 195584K, used 48589K [0x0000000080000000, 0x0000000100000000)
  region size 1024K, 3 young (3072K), 3 survivors (3072K)
 Metaspace       used 44541K, capacity 45649K, committed 45824K, reserved 1089536K
  class space    used 5687K, capacity 6093K, committed 6144K, reserved 1048576K
}
Event: 11.270 GC heap before
{Heap before GC invocations=30 (full 0):
 garbage-first heap   total 195584K, used 146893K [0x0000000080000000, 0x0000000100000000)
  region size 1024K, 92 young (94208K), 3 survivors (3072K)
 Metaspace       used 44556K, capacity 45713K, committed 45824K, reserved 1089536K
  class space    used 5687K, capacity 6093K, committed 6144K, reserved 1048576K
}
Event: 11.273 GC heap after
{Heap after GC invocations=31 (full 0):
 garbage-first heap   total 195584K, used 53681K [0x0000000080000000, 0x0000000100000000)
  region size 1024K, 4 young (4096K), 4 survivors (4096K)
 Metaspace       used 44556K, capacity 45713K, committed 45824K, reserved 1089536K
  class space    used 5687K, capacity 6093K, committed 6144K, reserved 1048576K
}
Event: 11.454 GC heap before
{Heap before GC invocations=31 (full 0):
 garbage-first heap   total 195584K, used 160177K [0x0000000080000000, 0x0000000100000000)
  region size 1024K, 109 young (111616K), 4 survivors (4096K)
 Metaspace       used 44557K, capacity 45713K, committed 45824K, reserved 1089536K
  class space    used 5687K, capacity 6093K, committed 6144K, reserved 1048576K
}
Event: 11.457 GC heap after
{Heap after GC invocations=32 (full 0):
 garbage-first heap   total 195584K, used 54130K [0x0000000080000000, 0x0000000100000000)
  region size 1024K, 4 young (4096K), 4 survivors (4096K)
 Metaspace       used 44557K, capacity 45713K, committed 45824K, reserved 1089536K
  class space    used 5687K, capacity 6093K, committed 6144K, reserved 1048576K
}

Deoptimization events (20 events):
Event: 11.518 Thread 0x000002a2ccf55000 DEOPT PACKING pc=0x000002a2b21d93be sp=0x000000a2f62fded0
Event: 11.518 Thread 0x000002a2ccf55000 DEOPT UNPACKING pc=0x000002a2b106a95e sp=0x000000a2f62fd560 mode 0
Event: 11.521 Thread 0x000002a2ccf55000 DEOPT PACKING pc=0x000002a2b21d8d72 sp=0x000000a2f62fded0
Event: 11.521 Thread 0x000002a2ccf55000 DEOPT UNPACKING pc=0x000002a2b106a95e sp=0x000000a2f62fd560 mode 0
Event: 11.529 Thread 0x000002a2ccf59000 DEOPT PACKING pc=0x000002a2b21d8d72 sp=0x000000a2f5dfde70
Event: 11.529 Thread 0x000002a2ccf59000 DEOPT UNPACKING pc=0x000002a2b106a95e sp=0x000000a2f5dfd500 mode 0
Event: 11.531 Thread 0x000002a2ccf55000 DEOPT PACKING pc=0x000002a2b21d9c7a sp=0x000000a2f62fded0
Event: 11.531 Thread 0x000002a2ccf55000 DEOPT UNPACKING pc=0x000002a2b106a95e sp=0x000000a2f62fd560 mode 0
Event: 11.534 Thread 0x000002a2ccf55000 DEOPT PACKING pc=0x000002a2b21d8d72 sp=0x000000a2f62fded0
Event: 11.534 Thread 0x000002a2ccf55000 DEOPT UNPACKING pc=0x000002a2b106a95e sp=0x000000a2f62fd560 mode 0
Event: 11.545 Thread 0x000002a2ccf59000 DEOPT PACKING pc=0x000002a2b21d8d72 sp=0x000000a2f5dfde70
Event: 11.545 Thread 0x000002a2ccf59000 DEOPT UNPACKING pc=0x000002a2b106a95e sp=0x000000a2f5dfd500 mode 0
Event: 11.555 Thread 0x000002a2ccf55000 DEOPT PACKING pc=0x000002a2b21d8d72 sp=0x000000a2f62fded0
Event: 11.555 Thread 0x000002a2ccf55000 DEOPT UNPACKING pc=0x000002a2b106a95e sp=0x000000a2f62fd560 mode 0
Event: 11.568 Thread 0x000002a2ccf55000 DEOPT PACKING pc=0x000002a2b21d8d72 sp=0x000000a2f62fded0
Event: 11.568 Thread 0x000002a2ccf55000 DEOPT UNPACKING pc=0x000002a2b106a95e sp=0x000000a2f62fd560 mode 0
Event: 11.579 Thread 0x000002a2ccf55000 DEOPT PACKING pc=0x000002a2b21d93be sp=0x000000a2f62fded0
Event: 11.579 Thread 0x000002a2ccf55000 DEOPT UNPACKING pc=0x000002a2b106a95e sp=0x000000a2f62fd560 mode 0
Event: 11.601 Thread 0x000002a2ccf55000 DEOPT PACKING pc=0x000002a2b21d8d72 sp=0x000000a2f62fded0
Event: 11.601 Thread 0x000002a2ccf55000 DEOPT UNPACKING pc=0x000002a2b106a95e sp=0x000000a2f62fd560 mode 0

Classes redefined (0 events):
No events

Internal exceptions (20 events):
Event: 11.136 Thread 0x000002a2cb09d000 Exception <a 'sun/nio/fs/WindowsException'{0x000000008be731f8}> (0x000000008be731f8) thrown at [./src/hotspot/share/prims/jni.cpp, line 615]
Event: 11.141 Thread 0x000002a2ccf5f800 Exception <a 'sun/nio/fs/WindowsException'{0x000000008be40a78}> (0x000000008be40a78) thrown at [./src/hotspot/share/prims/jni.cpp, line 615]
Event: 11.141 Thread 0x000002a2ccf51000 Exception <a 'sun/nio/fs/WindowsException'{0x000000008be2c838}> (0x000000008be2c838) thrown at [./src/hotspot/share/prims/jni.cpp, line 615]
Event: 11.146 Thread 0x000002a2ccf55000 Exception <a 'sun/nio/fs/WindowsException'{0x000000008bbe97a0}> (0x000000008bbe97a0) thrown at [./src/hotspot/share/prims/jni.cpp, line 615]
Event: 11.156 Thread 0x000002a2ccf58800 Exception <a 'sun/nio/fs/WindowsException'{0x000000008b73e918}> (0x000000008b73e918) thrown at [./src/hotspot/share/prims/jni.cpp, line 615]
Event: 11.167 Thread 0x000002a2cb09d000 Exception <a 'sun/nio/fs/WindowsException'{0x000000008b04cf18}> (0x000000008b04cf18) thrown at [./src/hotspot/share/prims/jni.cpp, line 615]
Event: 11.169 Thread 0x000002a2ccf59000 Exception <a 'sun/nio/fs/WindowsException'{0x000000008aac5c70}> (0x000000008aac5c70) thrown at [./src/hotspot/share/prims/jni.cpp, line 615]
Event: 11.170 Thread 0x000002a2cb09d000 Exception <a 'sun/nio/fs/WindowsException'{0x000000008b04d170}> (0x000000008b04d170) thrown at [./src/hotspot/share/prims/jni.cpp, line 615]
Event: 11.181 Thread 0x000002a2ccf51000 Exception <a 'sun/nio/fs/WindowsException'{0x0000000089d008d8}> (0x0000000089d008d8) thrown at [./src/hotspot/share/prims/jni.cpp, line 615]
Event: 11.184 Thread 0x000002a2ccf51000 Exception <a 'sun/nio/fs/WindowsException'{0x0000000089d00a90}> (0x0000000089d00a90) thrown at [./src/hotspot/share/prims/jni.cpp, line 615]
Event: 11.185 Thread 0x000002a2ccf52000 Exception <a 'sun/nio/fs/WindowsException'{0x0000000089c712d8}> (0x0000000089c712d8) thrown at [./src/hotspot/share/prims/jni.cpp, line 615]
Event: 11.188 Thread 0x000002a2ccf52000 Exception <a 'sun/nio/fs/WindowsException'{0x0000000089c714c0}> (0x0000000089c714c0) thrown at [./src/hotspot/share/prims/jni.cpp, line 615]
Event: 11.200 Thread 0x000002a2ccf5f800 Exception <a 'sun/nio/fs/WindowsException'{0x000000008920b710}> (0x000000008920b710) thrown at [./src/hotspot/share/prims/jni.cpp, line 615]
Event: 11.202 Thread 0x000002a2ccf5f800 Exception <a 'sun/nio/fs/WindowsException'{0x000000008920b8d8}> (0x000000008920b8d8) thrown at [./src/hotspot/share/prims/jni.cpp, line 615]
Event: 11.203 Thread 0x000002a2ccf5b000 Exception <a 'sun/nio/fs/WindowsException'{0x0000000088f7dba0}> (0x0000000088f7dba0) thrown at [./src/hotspot/share/prims/jni.cpp, line 615]
Event: 11.206 Thread 0x000002a2ccf5b000 Exception <a 'sun/nio/fs/WindowsException'{0x0000000088f7dd88}> (0x0000000088f7dd88) thrown at [./src/hotspot/share/prims/jni.cpp, line 615]
Event: 11.216 Thread 0x000002a2ccf57800 Exception <a 'sun/nio/fs/WindowsException'{0x0000000088710b00}> (0x0000000088710b00) thrown at [./src/hotspot/share/prims/jni.cpp, line 615]
Event: 11.218 Thread 0x000002a2ccf57800 Exception <a 'sun/nio/fs/WindowsException'{0x0000000088710ce8}> (0x0000000088710ce8) thrown at [./src/hotspot/share/prims/jni.cpp, line 615]
Event: 11.293 Thread 0x000002a2ccf58800 Exception <a 'sun/nio/fs/WindowsException'{0x000000008b3df610}> (0x000000008b3df610) thrown at [./src/hotspot/share/prims/jni.cpp, line 615]
Event: 11.294 Thread 0x000002a2ccf58800 Exception <a 'sun/nio/fs/WindowsException'{0x000000008b3df7c8}> (0x000000008b3df7c8) thrown at [./src/hotspot/share/prims/jni.cpp, line 615]

Events (20 events):
Event: 11.066 loading class ijinit_f3qzo2cpmxh2vlvfp5ahcdzodCustomizer done
Event: 11.068 loading class groovy/runtime/metaclass/ijinit_f3qzo2cpmxh2vlvfp5ahcdzod$_run_closure1MetaClass
Event: 11.068 loading class groovy/runtime/metaclass/ijinit_f3qzo2cpmxh2vlvfp5ahcdzod$_run_closure1MetaClass done
Event: 11.069 loading class groovy/runtime/metaclass/ijinit_f3qzo2cpmxh2vlvfp5ahcdzod$_run_closure1$_closure2MetaClass
Event: 11.069 loading class groovy/runtime/metaclass/ijinit_f3qzo2cpmxh2vlvfp5ahcdzod$_run_closure1$_closure2MetaClass done
Event: 11.070 loading class ijinit_f3qzo2cpmxh2vlvfp5ahcdzod$_run_closure1BeanInfo
Event: 11.070 loading class ijinit_f3qzo2cpmxh2vlvfp5ahcdzod$_run_closure1BeanInfo done
Event: 11.071 loading class ijinit_f3qzo2cpmxh2vlvfp5ahcdzod$_run_closure1BeanInfo
Event: 11.071 loading class ijinit_f3qzo2cpmxh2vlvfp5ahcdzod$_run_closure1BeanInfo done
Event: 11.071 loading class ijinit_f3qzo2cpmxh2vlvfp5ahcdzod$_run_closure1Customizer
Event: 11.071 loading class ijinit_f3qzo2cpmxh2vlvfp5ahcdzod$_run_closure1Customizer done
Event: 11.071 loading class ijinit_f3qzo2cpmxh2vlvfp5ahcdzod$_run_closure1Customizer
Event: 11.071 loading class ijinit_f3qzo2cpmxh2vlvfp5ahcdzod$_run_closure1Customizer done
Event: 11.074 Thread 0x000002a2c8ffd800 Thread added: 0x000002a2c8ffd800
Event: 11.082 Executing VM operation: G1CollectForAllocation
Event: 11.086 Executing VM operation: G1CollectForAllocation done
Event: 11.269 Executing VM operation: G1CollectForAllocation
Event: 11.273 Executing VM operation: G1CollectForAllocation done
Event: 11.453 Executing VM operation: G1CollectForAllocation
Event: 11.457 Executing VM operation: G1CollectForAllocation done


Dynamic libraries:
0x00007ff739320000 - 0x00007ff73932a000 	D:\Android Studio\jre\bin\java.exe
0x00007ffb03400000 - 0x00007ffb03609000 	C:\WINDOWS\SYSTEM32\ntdll.dll
0x00007ffb019d0000 - 0x00007ffb01a8d000 	C:\WINDOWS\System32\KERNEL32.DLL
0x00007ffb00cc0000 - 0x00007ffb01039000 	C:\WINDOWS\System32\KERNELBASE.dll
0x00007ffb01170000 - 0x00007ffb01281000 	C:\WINDOWS\System32\ucrtbase.dll
0x00007ffad7b40000 - 0x00007ffad7b59000 	D:\Android Studio\jre\bin\jli.dll
0x00007ffb02020000 - 0x00007ffb021cc000 	C:\WINDOWS\System32\USER32.dll
0x00007ffb00c90000 - 0x00007ffb00cb6000 	C:\WINDOWS\System32\win32u.dll
0x00007ffb023c0000 - 0x00007ffb023e9000 	C:\WINDOWS\System32\GDI32.dll
0x00007ffb00b70000 - 0x00007ffb00c82000 	C:\WINDOWS\System32\gdi32full.dll
0x00007ffb00ad0000 - 0x00007ffb00b6d000 	C:\WINDOWS\System32\msvcp_win.dll
0x00007ffad7710000 - 0x00007ffad7727000 	D:\Android Studio\jre\bin\VCRUNTIME140.dll
0x00007ffad4080000 - 0x00007ffad4325000 	C:\WINDOWS\WinSxS\amd64_microsoft.windows.common-controls_6595b64144ccf1df_6.0.22000.120_none_9d947278b86cc467\COMCTL32.dll
0x00007ffb02310000 - 0x00007ffb023b3000 	C:\WINDOWS\System32\msvcrt.dll
0x00007ffb01630000 - 0x00007ffb01661000 	C:\WINDOWS\System32\IMM32.DLL
0x00007ffacbe90000 - 0x00007ffacbf2d000 	D:\Android Studio\jre\bin\msvcp140.dll
0x00007ffabf1e0000 - 0x00007ffabfcc5000 	D:\Android Studio\jre\bin\server\jvm.dll
0x00007ffb02260000 - 0x00007ffb0230e000 	C:\WINDOWS\System32\ADVAPI32.dll
0x00007ffb018c0000 - 0x00007ffb0195e000 	C:\WINDOWS\System32\sechost.dll
0x00007ffb01f00000 - 0x00007ffb02020000 	C:\WINDOWS\System32\RPCRT4.dll
0x00007ffb032a0000 - 0x00007ffb032a8000 	C:\WINDOWS\System32\PSAPI.DLL
0x00007ffafb9e0000 - 0x00007ffafba13000 	C:\WINDOWS\SYSTEM32\WINMM.dll
0x00007ffaf8870000 - 0x00007ffaf887a000 	C:\WINDOWS\SYSTEM32\VERSION.dll
0x00007ffaea790000 - 0x00007ffaea799000 	C:\WINDOWS\SYSTEM32\WSOCK32.dll
0x00007ffb025f0000 - 0x00007ffb0265f000 	C:\WINDOWS\System32\WS2_32.dll
0x00007ffaff9e0000 - 0x00007ffaff9f8000 	C:\WINDOWS\SYSTEM32\kernel.appcore.dll
0x00007ffaf2940000 - 0x00007ffaf2951000 	D:\Android Studio\jre\bin\verify.dll
0x00007ffafe2c0000 - 0x00007ffafe4e1000 	C:\WINDOWS\SYSTEM32\DBGHELP.DLL
0x00007ffaf9a00000 - 0x00007ffaf9a31000 	C:\WINDOWS\SYSTEM32\dbgcore.DLL
0x00007ffb00a50000 - 0x00007ffb00acf000 	C:\WINDOWS\System32\bcryptPrimitives.dll
0x00007ffad8630000 - 0x00007ffad8659000 	D:\Android Studio\jre\bin\java.dll
0x00007ffaed6e0000 - 0x00007ffaed6eb000 	D:\Android Studio\jre\bin\jimage.dll
0x00007ffae1e00000 - 0x00007ffae1e18000 	D:\Android Studio\jre\bin\zip.dll
0x00007ffb02ac0000 - 0x00007ffb03278000 	C:\WINDOWS\System32\SHELL32.dll
0x00007ffafea50000 - 0x00007ffaff2b8000 	C:\WINDOWS\SYSTEM32\windows.storage.dll
0x00007ffb02740000 - 0x00007ffb02ab9000 	C:\WINDOWS\System32\combase.dll
0x00007ffafe8e0000 - 0x00007ffafea46000 	C:\WINDOWS\SYSTEM32\wintypes.dll
0x00007ffb032d0000 - 0x00007ffb033ba000 	C:\WINDOWS\System32\SHCORE.dll
0x00007ffb026e0000 - 0x00007ffb0273d000 	C:\WINDOWS\System32\shlwapi.dll
0x00007ffb00810000 - 0x00007ffb00831000 	C:\WINDOWS\SYSTEM32\profapi.dll
0x00007ffad8ab0000 - 0x00007ffad8aca000 	D:\Android Studio\jre\bin\net.dll
0x00007ffafbc10000 - 0x00007ffafbd1c000 	C:\WINDOWS\SYSTEM32\WINHTTP.dll
0x00007ffaffe10000 - 0x00007ffaffe77000 	C:\WINDOWS\system32\mswsock.dll
0x00007ffad8450000 - 0x00007ffad8464000 	D:\Android Studio\jre\bin\nio.dll
0x00007ffad7cc0000 - 0x00007ffad7ce7000 	C:\Users\Thinkpad E15\.gradle\native\e1d6ef7f7dcc3fd88c89a11ec53ec762bb8ba0a96d01ffa2cd45eb1d1d8dd5c5\windows-amd64\native-platform.dll
0x00007ffac9b90000 - 0x00007ffac9cd4000 	C:\Users\Thinkpad E15\.gradle\native\5664cfc778a61ccfe75a443a1ab52a65af34e5dc3c78e0209fed803814484fcb\windows-amd64\native-platform-file-events.dll
0x00007ffae2060000 - 0x00007ffae206a000 	D:\Android Studio\jre\bin\management.dll
0x00007ffae1e80000 - 0x00007ffae1e8d000 	D:\Android Studio\jre\bin\management_ext.dll
0x00007ffb00050000 - 0x00007ffb00068000 	C:\WINDOWS\SYSTEM32\CRYPTSP.dll
0x00007ffaff940000 - 0x00007ffaff975000 	C:\WINDOWS\system32\rsaenh.dll
0x00007ffafff00000 - 0x00007ffafff29000 	C:\WINDOWS\SYSTEM32\USERENV.dll
0x00007ffb001d0000 - 0x00007ffb001f7000 	C:\WINDOWS\SYSTEM32\bcrypt.dll
0x00007ffb00070000 - 0x00007ffb0007c000 	C:\WINDOWS\SYSTEM32\CRYPTBASE.dll
0x00007ffaff550000 - 0x00007ffaff57d000 	C:\WINDOWS\SYSTEM32\IPHLPAPI.DLL
0x00007ffb019c0000 - 0x00007ffb019c9000 	C:\WINDOWS\System32\NSI.dll
0x00007ffafc0e0000 - 0x00007ffafc0f9000 	C:\WINDOWS\SYSTEM32\dhcpcsvc6.DLL
0x00007ffafbf20000 - 0x00007ffafbf3e000 	C:\WINDOWS\SYSTEM32\dhcpcsvc.DLL
0x00007ffaff580000 - 0x00007ffaff668000 	C:\WINDOWS\SYSTEM32\DNSAPI.dll

dbghelp: loaded successfully - version: 4.0.5 - missing functions: none
symbol engine: initialized successfully - sym options: 0x614 - pdb path: .;D:\Android Studio\jre\bin;C:\WINDOWS\SYSTEM32;C:\WINDOWS\WinSxS\amd64_microsoft.windows.common-controls_6595b64144ccf1df_6.0.22000.120_none_9d947278b86cc467;D:\Android Studio\jre\bin\server;C:\Users\Thinkpad E15\.gradle\native\e1d6ef7f7dcc3fd88c89a11ec53ec762bb8ba0a96d01ffa2cd45eb1d1d8dd5c5\windows-amd64;C:\Users\Thinkpad E15\.gradle\native\5664cfc778a61ccfe75a443a1ab52a65af34e5dc3c78e0209fed803814484fcb\windows-amd64

VM Arguments:
jvm_args: --add-opens=java.base/java.util=ALL-UNNAMED --add-opens=java.base/java.lang=ALL-UNNAMED --add-opens=java.base/java.lang.invoke=ALL-UNNAMED --add-opens=java.base/java.util=ALL-UNNAMED --add-opens=java.prefs/java.util.prefs=ALL-UNNAMED --add-opens=java.prefs/java.util.prefs=ALL-UNNAMED --add-opens=java.base/java.nio.charset=ALL-UNNAMED --add-opens=java.base/java.net=ALL-UNNAMED --add-opens=java.base/java.util.concurrent.atomic=ALL-UNNAMED -Xmx2048m -Dfile.encoding=UTF-8 -Duser.country=US -Duser.language=en -Duser.variant 
java_command: org.gradle.launcher.daemon.bootstrap.GradleDaemon 7.3.3
java_class_path (initial): C:\Users\Thinkpad E15\.gradle\wrapper\dists\gradle-7.3.3-bin\6a41zxkdtcxs8rphpq6y0069z\gradle-7.3.3\lib\gradle-launcher-7.3.3.jar
Launcher Type: SUN_STANDARD

[Global flags]
     intx CICompilerCount                          = 12                                        {product} {ergonomic}
     uint ConcGCThreads                            = 3                                         {product} {ergonomic}
     uint G1ConcRefinementThreads                  = 13                                        {product} {ergonomic}
   size_t G1HeapRegionSize                         = 1048576                                   {product} {ergonomic}
    uintx GCDrainStackTargetSize                   = 64                                        {product} {ergonomic}
   size_t InitialHeapSize                          = 115343360                                 {product} {ergonomic}
   size_t MarkStackSize                            = 4194304                                   {product} {ergonomic}
   size_t MaxHeapSize                              = 2147483648                                {product} {command line}
   size_t MaxNewSize                               = 1287651328                                {product} {ergonomic}
   size_t MinHeapDeltaBytes                        = 1048576                                   {product} {ergonomic}
    uintx NonNMethodCodeHeapSize                   = 7594288                                {pd product} {ergonomic}
    uintx NonProfiledCodeHeapSize                  = 122031976                              {pd product} {ergonomic}
    uintx ProfiledCodeHeapSize                     = 122031976                              {pd product} {ergonomic}
    uintx ReservedCodeCacheSize                    = 251658240                              {pd product} {ergonomic}
     bool SegmentedCodeCache                       = true                                      {product} {ergonomic}
     bool UseCompressedClassPointers               = true                                 {lp64_product} {ergonomic}
     bool UseCompressedOops                        = true                                 {lp64_product} {ergonomic}
     bool UseG1GC                                  = true                                      {product} {ergonomic}
     bool UseLargePagesIndividualAllocation        = false                                  {pd product} {ergonomic}

Logging:
Log output configuration:
 #0: stdout all=warning uptime,level,tags
 #1: stderr all=off uptime,level,tags

Environment Variables:
CLASSPATH=%CLASSPATH%;%JUNIT_HOME%\junit-4.13.2.jar;.;;D:\Junit4\junit-4.13.2.jar;.;;D:\Junit4\junit-4.13.2.jar;.;
PATH=C:\Users\Thinkpad E15\AppData\Local\Programs\Python\Python310\Scripts\;C:\Users\Thinkpad E15\AppData\Local\Programs\Python\Python310\;D:\app\ThinkpadE15\product\12.1.0\dbhome_1\bin;C:\Program Files\Common Files\Oracle\Java\javapath;C:\Program Files (x86)\VMware\VMware Workstation\bin\;C:\WINDOWS\system32;C:\WINDOWS;C:\WINDOWS\System32\Wbem;C:\WINDOWS\System32\WindowsPowerShell\v1.0\;C:\WINDOWS\System32\OpenSSH\;C:\Program Files\Microsoft SQL Server\Client SDK\ODBC\170\Tools\Binn\;C:\Program Files (x86)\Microsoft SQL Server\150\Tools\Binn\;C:\Program Files\Microsoft SQL Server\150\Tools\Binn\;C:\Program Files\Microsoft SQL Server\150\DTS\Binn\;C:\Program Files\Bandizip\;C:\Program Files\MongoDB\Server\5.0\bin;C:\Program Files\Git\cmd;C:\ProgramData\chocolatey\bin;C:\Users\Thinkpad E15\AppData\Roaming\nvm;C:\Program Files\nodejs;C:\Program Files\MySQL\MySQL Shell 8.0\bin\;C:\Users\Thinkpad E15\AppData\Local\Microsoft\WindowsApps;D:\IntelliJ IDEA Community Edition 2021.2.1\bin;;C:\Users\Thinkpad E15\AppData\Local\Programs\Microsoft VS Code\bin;C:\Users\Thinkpad E15\AppData\Roaming\npm;C:\Program Files\heroku\bin;C:\Users\Thinkpad E15\AppData\Roaming\nvm;C:\Program Files\nodejs
USERNAME=Thinkpad E15
OS=Windows_NT
PROCESSOR_IDENTIFIER=AMD64 Family 23 Model 104 Stepping 1, AuthenticAMD



---------------  S Y S T E M  ---------------

OS: Windows 10 , 64 bit Build 22000 (10.0.22000.708)
OS uptime: 3 days 22:53 hours

CPU:total 16 (initial active 16) (16 cores per cpu, 2 threads per core) family 23 model 104 stepping 1 microcode 0x0, cmov, cx8, fxsr, mmx, sse, sse2, sse3, ssse3, sse4.1, sse4.2, popcnt, avx, avx2, aes, clmul, mmxext, 3dnowpref, lzcnt, sse4a, ht, tsc, tscinvbit, tscinv, bmi1, bmi2, adx, sha, fma

Memory: 4k page, system-wide physical 6986M (343M free)
TotalPageFile size 28490M (AvailPageFile size 5M)
current process WorkingSet (physical memory assigned to process): 363M, peak: 367M
current process commit charge ("private bytes"): 412M, peak: 414M

vm_info: OpenJDK 64-Bit Server VM (11.0.12+7-b1504.28-7817840) for windows-amd64 JRE (11.0.12+7-b1504.28-7817840), built on Oct 13 2021 22:12:33 by "builder" with MS VC++ 14.0 (VS2015)

END.
