#
# There is insufficient memory for the Java Runtime Environment to continue.
# Native memory allocation (malloc) failed to allocate 1187776 bytes for Chunk::new
# Possible reasons:
#   The system is out of physical RAM or swap space
#   The process is running with CompressedOops enabled, and the Java Heap may be blocking the growth of the native heap
# Possible solutions:
#   Reduce memory load on the system
#   Increase physical memory or swap space
#   Check if swap backing store is full
#   Decrease Java heap size (-Xmx/-Xms)
#   Decrease number of Java threads
#   Decrease Java thread stack sizes (-Xss)
#   Set larger code cache with -XX:ReservedCodeCacheSize=
#   JVM is running with Unscaled Compressed Oops mode in which the Java heap is
#     placed in the first 4GB address space. The Java Heap base address is the
#     maximum limit for the native heap growth. Please use -XX:HeapBaseMinAddress
#     to set the Java Heap base and to place the Java Heap above 4GB virtual address.
# This output file may be truncated or incomplete.
#
#  Out of Memory Error (./src/hotspot/share/memory/arena.cpp:197), pid=24012, tid=19132
#
# JRE version: OpenJDK Runtime Environment (11.0.12+7) (build 11.0.12+7-b1504.28-7817840)
# Java VM: OpenJDK 64-Bit Server VM (11.0.12+7-b1504.28-7817840, mixed mode, tiered, compressed oops, g1 gc, windows-amd64)
# No core dump will be written. Minidumps are not enabled by default on client versions of Windows
#

---------------  S U M M A R Y ------------

Command Line: --add-opens=java.base/java.util=ALL-UNNAMED --add-opens=java.base/java.lang=ALL-UNNAMED --add-opens=java.base/java.lang.invoke=ALL-UNNAMED --add-opens=java.base/java.util=ALL-UNNAMED --add-opens=java.prefs/java.util.prefs=ALL-UNNAMED --add-opens=java.prefs/java.util.prefs=ALL-UNNAMED --add-opens=java.base/java.nio.charset=ALL-UNNAMED --add-opens=java.base/java.net=ALL-UNNAMED --add-opens=java.base/java.util.concurrent.atomic=ALL-UNNAMED -Xmx2048m -Dfile.encoding=UTF-8 -Duser.country=US -Duser.language=en -Duser.variant org.gradle.launcher.daemon.bootstrap.GradleDaemon 7.3.3

Host: AMD Ryzen 7 5700U with Radeon Graphics         , 16 cores, 6G,  Windows 10 , 64 bit Build 22000 (10.0.22000.708)
Time: Tue Jul 12 12:31:44 2022 Eastern Daylight Time elapsed time: 12.270426 seconds (0d 0h 0m 12s)

---------------  T H R E A D  ---------------

Current thread (0x0000015962b5c800):  JavaThread "C2 CompilerThread0" daemon [_thread_in_native, id=19132, stack(0x000000455d900000,0x000000455da00000)]


Current CompileTask:
C2:  12270 4788       4       org.objectweb.asm.ClassReader::readCode (5109 bytes)

Stack: [0x000000455d900000,0x000000455da00000]
Native frames: (J=compiled Java code, j=interpreted, Vv=VM code, C=native code)
V  [jvm.dll+0x5fbcea]
V  [jvm.dll+0x731905]
V  [jvm.dll+0x732f1d]
V  [jvm.dll+0x7335d3]
V  [jvm.dll+0x247bf8]
V  [jvm.dll+0xc018c]
V  [jvm.dll+0xc06cc]
V  [jvm.dll+0x2bcc04]
V  [jvm.dll+0x5113a8]
V  [jvm.dll+0x208303]
V  [jvm.dll+0x201fe0]
V  [jvm.dll+0x1ff71f]
V  [jvm.dll+0x18868c]
V  [jvm.dll+0x20e0d7]
V  [jvm.dll+0x20c901]
V  [jvm.dll+0x6f9b7f]
V  [jvm.dll+0x6f26a5]
V  [jvm.dll+0x5fabf6]
C  [ucrtbase.dll+0x26c0c]
C  [KERNEL32.DLL+0x154e0]
C  [ntdll.dll+0x485b]


---------------  P R O C E S S  ---------------

Threads class SMR info:
_java_thread_list=0x0000015966829f50, length=47, elements={
0x0000015947c01000, 0x0000015962b3b800, 0x0000015962b44800, 0x0000015962b57000,
0x0000015962b58000, 0x0000015962b59800, 0x0000015962b5c800, 0x0000015962b65000,
0x0000015962b66000, 0x0000015963608800, 0x00000159652b2000, 0x0000015965aac000,
0x0000015965a23000, 0x0000015965f61000, 0x0000015965014800, 0x000001596530f000,
0x0000015964be7000, 0x0000015964bec800, 0x0000015964be8000, 0x0000015966476000,
0x0000015966475800, 0x0000015966473000, 0x0000015966473800, 0x0000015966474800,
0x0000015966477000, 0x0000015966471000, 0x0000015966477800, 0x0000015966472000,
0x000001596664b000, 0x000001596664a800, 0x0000015966651800, 0x000001596664d800,
0x000001596664e800, 0x000001596664f000, 0x000001596664c000, 0x000001596664c800,
0x0000015966651000, 0x0000015966652800, 0x0000015966653800, 0x0000015966655000,
0x0000015966654000, 0x0000015966655800, 0x0000015966650000, 0x0000015966656800,
0x0000015966657800, 0x0000015966658000, 0x00000159669b5800
}

Java Threads: ( => current thread )
  0x0000015947c01000 JavaThread "main" [_thread_blocked, id=30952, stack(0x000000455cd00000,0x000000455ce00000)]
  0x0000015962b3b800 JavaThread "Reference Handler" daemon [_thread_blocked, id=16596, stack(0x000000455d400000,0x000000455d500000)]
  0x0000015962b44800 JavaThread "Finalizer" daemon [_thread_blocked, id=23668, stack(0x000000455d500000,0x000000455d600000)]
  0x0000015962b57000 JavaThread "Signal Dispatcher" daemon [_thread_blocked, id=15788, stack(0x000000455d600000,0x000000455d700000)]
  0x0000015962b58000 JavaThread "Attach Listener" daemon [_thread_blocked, id=31352, stack(0x000000455d700000,0x000000455d800000)]
  0x0000015962b59800 JavaThread "Service Thread" daemon [_thread_blocked, id=33400, stack(0x000000455d800000,0x000000455d900000)]
=>0x0000015962b5c800 JavaThread "C2 CompilerThread0" daemon [_thread_in_native, id=19132, stack(0x000000455d900000,0x000000455da00000)]
  0x0000015962b65000 JavaThread "C1 CompilerThread0" daemon [_thread_blocked, id=28796, stack(0x000000455da00000,0x000000455db00000)]
  0x0000015962b66000 JavaThread "Sweeper thread" daemon [_thread_blocked, id=21440, stack(0x000000455db00000,0x000000455dc00000)]
  0x0000015963608800 JavaThread "Common-Cleaner" daemon [_thread_blocked, id=7912, stack(0x000000455dd00000,0x000000455de00000)]
  0x00000159652b2000 JavaThread "Daemon health stats" [_thread_blocked, id=22000, stack(0x000000455e300000,0x000000455e400000)]
  0x0000015965aac000 JavaThread "Incoming local TCP Connector on port 51104" [_thread_in_native, id=30332, stack(0x000000455df00000,0x000000455e000000)]
  0x0000015965a23000 JavaThread "Daemon periodic checks" [_thread_blocked, id=25400, stack(0x000000455e800000,0x000000455e900000)]
  0x0000015965f61000 JavaThread "Daemon" [_thread_blocked, id=25592, stack(0x000000455e900000,0x000000455ea00000)]
  0x0000015965014800 JavaThread "Handler for socket connection from /127.0.0.1:51104 to /127.0.0.1:51105" [_thread_in_native, id=23644, stack(0x000000455ea00000,0x000000455eb00000)]
  0x000001596530f000 JavaThread "Cancel handler" [_thread_blocked, id=30184, stack(0x000000455eb00000,0x000000455ec00000)]
  0x0000015964be7000 JavaThread "Daemon worker" [_thread_in_vm, id=32828, stack(0x000000455ec00000,0x000000455ed00000)]
  0x0000015964bec800 JavaThread "Asynchronous log dispatcher for DefaultDaemonConnection: socket connection from /127.0.0.1:51104 to /127.0.0.1:51105" [_thread_blocked, id=32284, stack(0x000000455ed00000,0x000000455ee00000)]
  0x0000015964be8000 JavaThread "Stdin handler" [_thread_blocked, id=26008, stack(0x000000455ee00000,0x000000455ef00000)]
  0x0000015966476000 JavaThread "Daemon client event forwarder" [_thread_blocked, id=6516, stack(0x000000455ef00000,0x000000455f000000)]
  0x0000015966475800 JavaThread "Cache worker for journal cache (C:\Users\Thinkpad E15\.gradle\caches\journal-1)" [_thread_blocked, id=34112, stack(0x000000455f000000,0x000000455f100000)]
  0x0000015966473000 JavaThread "File lock request listener" [_thread_in_native, id=5716, stack(0x000000455f100000,0x000000455f200000)]
  0x0000015966473800 JavaThread "Cache worker for file hash cache (C:\Users\Thinkpad E15\.gradle\caches\7.3.3\fileHashes)" [_thread_blocked, id=28400, stack(0x000000455fb00000,0x000000455fc00000)]
  0x0000015966474800 JavaThread "Cache worker for file hash cache (C:\Users\Thinkpad E15\AndroidStudioProjects\AndroidLabs\.gradle\7.3.3\fileHashes)" [_thread_blocked, id=15472, stack(0x000000455fc00000,0x000000455fd00000)]
  0x0000015966477000 JavaThread "File watcher server" daemon [_thread_in_native, id=27752, stack(0x000000455fd00000,0x000000455fe00000)]
  0x0000015966471000 JavaThread "File watcher consumer" daemon [_thread_blocked, id=21376, stack(0x000000455fe00000,0x000000455ff00000)]
  0x0000015966477800 JavaThread "jar transforms" [_thread_blocked, id=28484, stack(0x000000455ff00000,0x0000004560000000)]
  0x0000015966472000 JavaThread "jar transforms Thread 2" [_thread_blocked, id=13548, stack(0x0000004560000000,0x0000004560100000)]
  0x000001596664b000 JavaThread "jar transforms Thread 3" [_thread_blocked, id=7180, stack(0x0000004560100000,0x0000004560200000)]
  0x000001596664a800 JavaThread "jar transforms Thread 4" [_thread_blocked, id=12864, stack(0x0000004560200000,0x0000004560300000)]
  0x0000015966651800 JavaThread "jar transforms Thread 5" [_thread_blocked, id=12600, stack(0x0000004560300000,0x0000004560400000)]
  0x000001596664d800 JavaThread "jar transforms Thread 6" [_thread_blocked, id=11352, stack(0x0000004560400000,0x0000004560500000)]
  0x000001596664e800 JavaThread "jar transforms Thread 7" [_thread_blocked, id=28100, stack(0x0000004560500000,0x0000004560600000)]
  0x000001596664f000 JavaThread "jar transforms Thread 8" [_thread_blocked, id=21480, stack(0x0000004560600000,0x0000004560700000)]
  0x000001596664c000 JavaThread "jar transforms Thread 9" [_thread_blocked, id=18520, stack(0x0000004560700000,0x0000004560800000)]
  0x000001596664c800 JavaThread "jar transforms Thread 10" [_thread_blocked, id=28284, stack(0x0000004560800000,0x0000004560900000)]
  0x0000015966651000 JavaThread "jar transforms Thread 11" [_thread_blocked, id=29328, stack(0x0000004560900000,0x0000004560a00000)]
  0x0000015966652800 JavaThread "jar transforms Thread 12" [_thread_blocked, id=20996, stack(0x0000004560a00000,0x0000004560b00000)]
  0x0000015966653800 JavaThread "jar transforms Thread 13" [_thread_blocked, id=3684, stack(0x0000004560b00000,0x0000004560c00000)]
  0x0000015966655000 JavaThread "jar transforms Thread 14" [_thread_blocked, id=13904, stack(0x0000004560c00000,0x0000004560d00000)]
  0x0000015966654000 JavaThread "jar transforms Thread 15" [_thread_blocked, id=27984, stack(0x0000004560d00000,0x0000004560e00000)]
  0x0000015966655800 JavaThread "jar transforms Thread 16" [_thread_blocked, id=12232, stack(0x0000004560e00000,0x0000004560f00000)]
  0x0000015966650000 JavaThread "Cache worker for checksums cache (C:\Users\Thinkpad E15\AndroidStudioProjects\AndroidLabs\.gradle\7.3.3\checksums)" [_thread_blocked, id=34680, stack(0x0000004560f00000,0x0000004561000000)]
  0x0000015966656800 JavaThread "Cache worker for cache directory md-supplier (C:\Users\Thinkpad E15\.gradle\caches\7.3.3\md-supplier)" [_thread_blocked, id=21780, stack(0x0000004561000000,0x0000004561100000)]
  0x0000015966657800 JavaThread "Cache worker for cache directory md-rule (C:\Users\Thinkpad E15\.gradle\caches\7.3.3\md-rule)" [_thread_blocked, id=23288, stack(0x0000004561100000,0x0000004561200000)]
  0x0000015966658000 JavaThread "Cache worker for execution history cache (C:\Users\Thinkpad E15\.gradle\caches\7.3.3\executionHistory)" [_thread_blocked, id=26592, stack(0x0000004561200000,0x0000004561300000)]
  0x00000159669b5800 JavaThread "Cache worker for file content cache (C:\Users\Thinkpad E15\.gradle\caches\7.3.3\fileContent)" [_thread_blocked, id=25220, stack(0x0000004561300000,0x0000004561400000)]

Other Threads:
  0x0000015962b39800 VMThread "VM Thread" [stack: 0x000000455d300000,0x000000455d400000] [id=28872]
  0x000001596368a000 WatcherThread [stack: 0x000000455de00000,0x000000455df00000] [id=30200]
  0x0000015947c19800 GCTaskThread "GC Thread#0" [stack: 0x000000455ce00000,0x000000455cf00000] [id=19864]
  0x00000159642f2000 GCTaskThread "GC Thread#1" [stack: 0x000000455e100000,0x000000455e200000] [id=31596]
  0x0000015966544000 GCTaskThread "GC Thread#2" [stack: 0x000000455e400000,0x000000455e500000] [id=5064]
  0x0000015965f83800 GCTaskThread "GC Thread#3" [stack: 0x000000455e500000,0x000000455e600000] [id=28308]
  0x0000015964f1e800 GCTaskThread "GC Thread#4" [stack: 0x000000455e600000,0x000000455e700000] [id=26852]
  0x0000015964f1f000 GCTaskThread "GC Thread#5" [stack: 0x000000455e700000,0x000000455e800000] [id=30212]
  0x00000159644d8000 GCTaskThread "GC Thread#6" [stack: 0x000000455f200000,0x000000455f300000] [id=18296]
  0x0000015965268800 GCTaskThread "GC Thread#7" [stack: 0x000000455f300000,0x000000455f400000] [id=33572]
  0x0000015964e2e000 GCTaskThread "GC Thread#8" [stack: 0x000000455f400000,0x000000455f500000] [id=32372]
  0x0000015964e2e800 GCTaskThread "GC Thread#9" [stack: 0x000000455f500000,0x000000455f600000] [id=1272]
  0x0000015965498800 GCTaskThread "GC Thread#10" [stack: 0x000000455f600000,0x000000455f700000] [id=13628]
  0x0000015964c96800 GCTaskThread "GC Thread#11" [stack: 0x000000455f700000,0x000000455f800000] [id=4476]
  0x0000015964c97000 GCTaskThread "GC Thread#12" [stack: 0x000000455f800000,0x000000455f900000] [id=17400]
  0x0000015947c4b800 ConcurrentGCThread "G1 Main Marker" [stack: 0x000000455cf00000,0x000000455d000000] [id=29620]
  0x0000015947c4d000 ConcurrentGCThread "G1 Conc#0" [stack: 0x000000455d000000,0x000000455d100000] [id=20396]
  0x0000015965420800 ConcurrentGCThread "G1 Conc#1" [stack: 0x000000455f900000,0x000000455fa00000] [id=32784]
  0x00000159656b8800 ConcurrentGCThread "G1 Conc#2" [stack: 0x000000455fa00000,0x000000455fb00000] [id=23628]
  0x0000015947cde800 ConcurrentGCThread "G1 Refine#0" [stack: 0x000000455d100000,0x000000455d200000] [id=5300]
  0x0000015962985800 ConcurrentGCThread "G1 Young RemSet Sampling" [stack: 0x000000455d200000,0x000000455d300000] [id=30100]

Threads with active compile tasks:
C2 CompilerThread0  12309 4788       4       org.objectweb.asm.ClassReader::readCode (5109 bytes)

VM state:not at safepoint (normal execution)

VM Mutex/Monitor currently owned by a thread: None

Heap address: 0x0000000080000000, size: 2048 MB, Compressed Oops mode: 32-bit
Narrow klass base: 0x0000000000000000, Narrow klass shift: 3
Compressed class space size: 1073741824 Address: 0x0000000100000000

Heap:
 garbage-first heap   total 348160K, used 166544K [0x0000000080000000, 0x0000000100000000)
  region size 1024K, 117 young (119808K), 7 survivors (7168K)
 Metaspace       used 44579K, capacity 45701K, committed 45824K, reserved 1089536K
  class space    used 5687K, capacity 6091K, committed 6144K, reserved 1048576K
Heap Regions: E=young(eden), S=young(survivor), O=old, HS=humongous(starts), HC=humongous(continues), CS=collection set, F=free, A=archive, TAMS=top-at-mark-start (previous, next)
|   0|0x0000000080000000, 0x0000000080100000, 0x0000000080100000|100%| O|  |TAMS 0x0000000080100000, 0x0000000080000000| Untracked 
|   1|0x0000000080100000, 0x0000000080200000, 0x0000000080200000|100%| O|  |TAMS 0x0000000080200000, 0x0000000080100000| Untracked 
|   2|0x0000000080200000, 0x0000000080300000, 0x0000000080300000|100%| O|  |TAMS 0x0000000080300000, 0x0000000080200000| Untracked 
|   3|0x0000000080300000, 0x0000000080400000, 0x0000000080400000|100%|HS|  |TAMS 0x0000000080400000, 0x0000000080300000| Complete 
|   4|0x0000000080400000, 0x0000000080500000, 0x0000000080500000|100%|HC|  |TAMS 0x0000000080500000, 0x0000000080400000| Complete 
|   5|0x0000000080500000, 0x0000000080600000, 0x0000000080600000|100%|HC|  |TAMS 0x0000000080600000, 0x0000000080500000| Complete 
|   6|0x0000000080600000, 0x0000000080700000, 0x0000000080700000|100%| O|  |TAMS 0x0000000080700000, 0x0000000080600000| Untracked 
|   7|0x0000000080700000, 0x0000000080800000, 0x0000000080800000|100%| O|  |TAMS 0x0000000080800000, 0x0000000080700000| Untracked 
|   8|0x0000000080800000, 0x0000000080900000, 0x0000000080900000|100%| O|  |TAMS 0x0000000080900000, 0x0000000080800000| Untracked 
|   9|0x0000000080900000, 0x0000000080a00000, 0x0000000080a00000|100%| O|  |TAMS 0x0000000080a00000, 0x0000000080900000| Untracked 
|  10|0x0000000080a00000, 0x0000000080b00000, 0x0000000080b00000|100%| O|  |TAMS 0x0000000080b00000, 0x0000000080a00000| Untracked 
|  11|0x0000000080b00000, 0x0000000080c00000, 0x0000000080c00000|100%| O|  |TAMS 0x0000000080c00000, 0x0000000080b00000| Untracked 
|  12|0x0000000080c00000, 0x0000000080d00000, 0x0000000080d00000|100%| O|  |TAMS 0x0000000080d00000, 0x0000000080c00000| Untracked 
|  13|0x0000000080d00000, 0x0000000080e00000, 0x0000000080e00000|100%| O|  |TAMS 0x0000000080e00000, 0x0000000080d00000| Untracked 
|  14|0x0000000080e00000, 0x0000000080f00000, 0x0000000080f00000|100%| O|  |TAMS 0x0000000080f00000, 0x0000000080e00000| Untracked 
|  15|0x0000000080f00000, 0x0000000081000000, 0x0000000081000000|100%|HS|  |TAMS 0x0000000081000000, 0x0000000080f00000| Complete 
|  16|0x0000000081000000, 0x0000000081100000, 0x0000000081100000|100%|HC|  |TAMS 0x0000000081100000, 0x0000000081000000| Complete 
|  17|0x0000000081100000, 0x0000000081200000, 0x0000000081200000|100%|HS|  |TAMS 0x0000000081200000, 0x0000000081100000| Complete 
|  18|0x0000000081200000, 0x0000000081300000, 0x0000000081300000|100%|HC|  |TAMS 0x0000000081300000, 0x0000000081200000| Complete 
|  19|0x0000000081300000, 0x0000000081400000, 0x0000000081400000|100%|HC|  |TAMS 0x0000000081400000, 0x0000000081300000| Complete 
|  20|0x0000000081400000, 0x0000000081500000, 0x0000000081500000|100%|HS|  |TAMS 0x0000000081500000, 0x0000000081400000| Complete 
|  21|0x0000000081500000, 0x0000000081600000, 0x0000000081600000|100%|HS|  |TAMS 0x0000000081600000, 0x0000000081500000| Complete 
|  22|0x0000000081600000, 0x0000000081700000, 0x0000000081700000|100%|HC|  |TAMS 0x0000000081700000, 0x0000000081600000| Complete 
|  23|0x0000000081700000, 0x0000000081800000, 0x0000000081800000|100%|HC|  |TAMS 0x0000000081800000, 0x0000000081700000| Complete 
|  24|0x0000000081800000, 0x0000000081900000, 0x0000000081900000|100%|HC|  |TAMS 0x0000000081900000, 0x0000000081800000| Complete 
|  25|0x0000000081900000, 0x0000000081a00000, 0x0000000081a00000|100%| O|  |TAMS 0x0000000081a00000, 0x0000000081900000| Untracked 
|  26|0x0000000081a00000, 0x0000000081b00000, 0x0000000081b00000|100%| O|  |TAMS 0x0000000081b00000, 0x0000000081a00000| Untracked 
|  27|0x0000000081b00000, 0x0000000081c00000, 0x0000000081c00000|100%| O|  |TAMS 0x0000000081c00000, 0x0000000081b00000| Untracked 
|  28|0x0000000081c00000, 0x0000000081d00000, 0x0000000081d00000|100%| O|  |TAMS 0x0000000081d00000, 0x0000000081c00000| Untracked 
|  29|0x0000000081d00000, 0x0000000081e00000, 0x0000000081e00000|100%| O|  |TAMS 0x0000000081e00000, 0x0000000081d00000| Untracked 
|  30|0x0000000081e00000, 0x0000000081f00000, 0x0000000081f00000|100%| O|  |TAMS 0x0000000081f00000, 0x0000000081e00000| Untracked 
|  31|0x0000000081f00000, 0x0000000082000000, 0x0000000082000000|100%| O|  |TAMS 0x0000000082000000, 0x0000000081f00000| Untracked 
|  32|0x0000000082000000, 0x0000000082100000, 0x0000000082100000|100%| O|  |TAMS 0x0000000082100000, 0x0000000082000000| Untracked 
|  33|0x0000000082100000, 0x0000000082200000, 0x0000000082200000|100%| O|  |TAMS 0x0000000082162400, 0x0000000082100000| Untracked 
|  34|0x0000000082200000, 0x0000000082200000, 0x0000000082300000|  0%| F|  |TAMS 0x0000000082200000, 0x0000000082200000| Untracked 
|  35|0x0000000082300000, 0x0000000082400000, 0x0000000082400000|100%| O|  |TAMS 0x0000000082300000, 0x0000000082300000| Untracked 
|  36|0x0000000082400000, 0x0000000082500000, 0x0000000082500000|100%| O|  |TAMS 0x0000000082400000, 0x0000000082400000| Untracked 
|  37|0x0000000082500000, 0x0000000082600000, 0x0000000082600000|100%| O|  |TAMS 0x0000000082500000, 0x0000000082500000| Untracked 
|  38|0x0000000082600000, 0x00000000826ad000, 0x0000000082700000| 67%| O|  |TAMS 0x0000000082600000, 0x0000000082600000| Untracked 
|  39|0x0000000082700000, 0x0000000082700000, 0x0000000082800000|  0%| F|  |TAMS 0x0000000082700000, 0x0000000082700000| Untracked 
|  40|0x0000000082800000, 0x0000000082800000, 0x0000000082900000|  0%| F|  |TAMS 0x0000000082800000, 0x0000000082800000| Untracked 
|  41|0x0000000082900000, 0x0000000082a00000, 0x0000000082a00000|100%| O|  |TAMS 0x0000000082900000, 0x0000000082900000| Untracked 
|  42|0x0000000082a00000, 0x0000000082b00000, 0x0000000082b00000|100%| O|  |TAMS 0x0000000082a00000, 0x0000000082a00000| Untracked 
|  43|0x0000000082b00000, 0x0000000082c00000, 0x0000000082c00000|100%| O|  |TAMS 0x0000000082b00000, 0x0000000082b00000| Untracked 
|  44|0x0000000082c00000, 0x0000000082d00000, 0x0000000082d00000|100%| O|  |TAMS 0x0000000082c00000, 0x0000000082c00000| Untracked 
|  45|0x0000000082d00000, 0x0000000082e00000, 0x0000000082e00000|100%| O|  |TAMS 0x0000000082d00000, 0x0000000082d00000| Untracked 
|  46|0x0000000082e00000, 0x0000000082f00000, 0x0000000082f00000|100%| O|  |TAMS 0x0000000082e00000, 0x0000000082e00000| Untracked 
|  47|0x0000000082f00000, 0x0000000083000000, 0x0000000083000000|100%|HS|  |TAMS 0x0000000082f00000, 0x0000000082f00000| Complete 
|  48|0x0000000083000000, 0x0000000083100000, 0x0000000083100000|100%|HC|  |TAMS 0x0000000083000000, 0x0000000083000000| Complete 
|  49|0x0000000083100000, 0x0000000083200000, 0x0000000083200000|100%|HC|  |TAMS 0x0000000083100000, 0x0000000083100000| Complete 
|  50|0x0000000083200000, 0x0000000083200000, 0x0000000083300000|  0%| F|  |TAMS 0x0000000083200000, 0x0000000083200000| Untracked 
|  51|0x0000000083300000, 0x0000000083300000, 0x0000000083400000|  0%| F|  |TAMS 0x0000000083300000, 0x0000000083300000| Untracked 
|  52|0x0000000083400000, 0x0000000083400000, 0x0000000083500000|  0%| F|  |TAMS 0x0000000083400000, 0x0000000083400000| Untracked 
|  53|0x0000000083500000, 0x0000000083500000, 0x0000000083600000|  0%| F|  |TAMS 0x0000000083500000, 0x0000000083500000| Untracked 
|  54|0x0000000083600000, 0x0000000083600000, 0x0000000083700000|  0%| F|  |TAMS 0x0000000083600000, 0x0000000083600000| Untracked 
|  55|0x0000000083700000, 0x0000000083700000, 0x0000000083800000|  0%| F|  |TAMS 0x0000000083700000, 0x0000000083700000| Untracked 
|  56|0x0000000083800000, 0x0000000083800000, 0x0000000083900000|  0%| F|  |TAMS 0x0000000083800000, 0x0000000083800000| Untracked 
|  57|0x0000000083900000, 0x0000000083900000, 0x0000000083a00000|  0%| F|  |TAMS 0x0000000083900000, 0x0000000083900000| Untracked 
|  58|0x0000000083a00000, 0x0000000083a00000, 0x0000000083b00000|  0%| F|  |TAMS 0x0000000083a00000, 0x0000000083a00000| Untracked 
|  59|0x0000000083b00000, 0x0000000083b00000, 0x0000000083c00000|  0%| F|  |TAMS 0x0000000083b00000, 0x0000000083b00000| Untracked 
|  60|0x0000000083c00000, 0x0000000083c00000, 0x0000000083d00000|  0%| F|  |TAMS 0x0000000083c00000, 0x0000000083c00000| Untracked 
|  61|0x0000000083d00000, 0x0000000083d00000, 0x0000000083e00000|  0%| F|  |TAMS 0x0000000083d00000, 0x0000000083d00000| Untracked 
|  62|0x0000000083e00000, 0x0000000083e00000, 0x0000000083f00000|  0%| F|  |TAMS 0x0000000083e00000, 0x0000000083e00000| Untracked 
|  63|0x0000000083f00000, 0x0000000083f00000, 0x0000000084000000|  0%| F|  |TAMS 0x0000000083f00000, 0x0000000083f00000| Untracked 
|  64|0x0000000084000000, 0x0000000084000000, 0x0000000084100000|  0%| F|  |TAMS 0x0000000084000000, 0x0000000084000000| Untracked 
|  65|0x0000000084100000, 0x0000000084100000, 0x0000000084200000|  0%| F|  |TAMS 0x0000000084100000, 0x0000000084100000| Untracked 
|  66|0x0000000084200000, 0x0000000084200000, 0x0000000084300000|  0%| F|  |TAMS 0x0000000084200000, 0x0000000084200000| Untracked 
|  67|0x0000000084300000, 0x0000000084300000, 0x0000000084400000|  0%| F|  |TAMS 0x0000000084300000, 0x0000000084300000| Untracked 
|  68|0x0000000084400000, 0x0000000084400000, 0x0000000084500000|  0%| F|  |TAMS 0x0000000084400000, 0x0000000084400000| Untracked 
|  69|0x0000000084500000, 0x0000000084500000, 0x0000000084600000|  0%| F|  |TAMS 0x0000000084500000, 0x0000000084500000| Untracked 
|  70|0x0000000084600000, 0x0000000084600000, 0x0000000084700000|  0%| F|  |TAMS 0x0000000084600000, 0x0000000084600000| Untracked 
|  71|0x0000000084700000, 0x0000000084700000, 0x0000000084800000|  0%| F|  |TAMS 0x0000000084700000, 0x0000000084700000| Untracked 
|  72|0x0000000084800000, 0x0000000084800000, 0x0000000084900000|  0%| F|  |TAMS 0x0000000084800000, 0x0000000084800000| Untracked 
|  73|0x0000000084900000, 0x0000000084900000, 0x0000000084a00000|  0%| F|  |TAMS 0x0000000084900000, 0x0000000084900000| Untracked 
|  74|0x0000000084a00000, 0x0000000084a00000, 0x0000000084b00000|  0%| F|  |TAMS 0x0000000084a00000, 0x0000000084a00000| Untracked 
|  75|0x0000000084b00000, 0x0000000084b00000, 0x0000000084c00000|  0%| F|  |TAMS 0x0000000084b00000, 0x0000000084b00000| Untracked 
|  76|0x0000000084c00000, 0x0000000084c00000, 0x0000000084d00000|  0%| F|  |TAMS 0x0000000084c00000, 0x0000000084c00000| Untracked 
|  77|0x0000000084d00000, 0x0000000084d00000, 0x0000000084e00000|  0%| F|  |TAMS 0x0000000084d00000, 0x0000000084d00000| Untracked 
|  78|0x0000000084e00000, 0x0000000084e00000, 0x0000000084f00000|  0%| F|  |TAMS 0x0000000084e00000, 0x0000000084e00000| Untracked 
|  79|0x0000000084f00000, 0x0000000084f00000, 0x0000000085000000|  0%| F|  |TAMS 0x0000000084f00000, 0x0000000084f00000| Untracked 
|  80|0x0000000085000000, 0x0000000085000000, 0x0000000085100000|  0%| F|  |TAMS 0x0000000085000000, 0x0000000085000000| Untracked 
|  81|0x0000000085100000, 0x0000000085100000, 0x0000000085200000|  0%| F|  |TAMS 0x0000000085100000, 0x0000000085100000| Untracked 
|  82|0x0000000085200000, 0x0000000085200000, 0x0000000085300000|  0%| F|  |TAMS 0x0000000085200000, 0x0000000085200000| Untracked 
|  83|0x0000000085300000, 0x0000000085300000, 0x0000000085400000|  0%| F|  |TAMS 0x0000000085300000, 0x0000000085300000| Untracked 
|  84|0x0000000085400000, 0x0000000085400000, 0x0000000085500000|  0%| F|  |TAMS 0x0000000085400000, 0x0000000085400000| Untracked 
|  85|0x0000000085500000, 0x0000000085500000, 0x0000000085600000|  0%| F|  |TAMS 0x0000000085500000, 0x0000000085500000| Untracked 
|  86|0x0000000085600000, 0x0000000085600000, 0x0000000085700000|  0%| F|  |TAMS 0x0000000085600000, 0x0000000085600000| Untracked 
|  87|0x0000000085700000, 0x0000000085700000, 0x0000000085800000|  0%| F|  |TAMS 0x0000000085700000, 0x0000000085700000| Untracked 
|  88|0x0000000085800000, 0x0000000085800000, 0x0000000085900000|  0%| F|  |TAMS 0x0000000085800000, 0x0000000085800000| Untracked 
|  89|0x0000000085900000, 0x0000000085900000, 0x0000000085a00000|  0%| F|  |TAMS 0x0000000085900000, 0x0000000085900000| Untracked 
|  90|0x0000000085a00000, 0x0000000085a00000, 0x0000000085b00000|  0%| F|  |TAMS 0x0000000085a00000, 0x0000000085a00000| Untracked 
|  91|0x0000000085b00000, 0x0000000085b00000, 0x0000000085c00000|  0%| F|  |TAMS 0x0000000085b00000, 0x0000000085b00000| Untracked 
|  92|0x0000000085c00000, 0x0000000085c00000, 0x0000000085d00000|  0%| F|  |TAMS 0x0000000085c00000, 0x0000000085c00000| Untracked 
|  93|0x0000000085d00000, 0x0000000085d00000, 0x0000000085e00000|  0%| F|  |TAMS 0x0000000085d00000, 0x0000000085d00000| Untracked 
|  94|0x0000000085e00000, 0x0000000085e00000, 0x0000000085f00000|  0%| F|  |TAMS 0x0000000085e00000, 0x0000000085e00000| Untracked 
|  95|0x0000000085f00000, 0x0000000085f00000, 0x0000000086000000|  0%| F|  |TAMS 0x0000000085f00000, 0x0000000085f00000| Untracked 
|  96|0x0000000086000000, 0x0000000086000000, 0x0000000086100000|  0%| F|  |TAMS 0x0000000086000000, 0x0000000086000000| Untracked 
|  97|0x0000000086100000, 0x0000000086100000, 0x0000000086200000|  0%| F|  |TAMS 0x0000000086100000, 0x0000000086100000| Untracked 
|  98|0x0000000086200000, 0x0000000086200000, 0x0000000086300000|  0%| F|  |TAMS 0x0000000086200000, 0x0000000086200000| Untracked 
|  99|0x0000000086300000, 0x0000000086300000, 0x0000000086400000|  0%| F|  |TAMS 0x0000000086300000, 0x0000000086300000| Untracked 
| 100|0x0000000086400000, 0x0000000086400000, 0x0000000086500000|  0%| F|  |TAMS 0x0000000086400000, 0x0000000086400000| Untracked 
| 101|0x0000000086500000, 0x0000000086500000, 0x0000000086600000|  0%| F|  |TAMS 0x0000000086500000, 0x0000000086500000| Untracked 
| 102|0x0000000086600000, 0x0000000086600000, 0x0000000086700000|  0%| F|  |TAMS 0x0000000086600000, 0x0000000086600000| Untracked 
| 103|0x0000000086700000, 0x0000000086700000, 0x0000000086800000|  0%| F|  |TAMS 0x0000000086700000, 0x0000000086700000| Untracked 
| 104|0x0000000086800000, 0x0000000086800000, 0x0000000086900000|  0%| F|  |TAMS 0x0000000086800000, 0x0000000086800000| Untracked 
| 105|0x0000000086900000, 0x0000000086900000, 0x0000000086a00000|  0%| F|  |TAMS 0x0000000086900000, 0x0000000086900000| Untracked 
| 106|0x0000000086a00000, 0x0000000086a00000, 0x0000000086b00000|  0%| F|  |TAMS 0x0000000086a00000, 0x0000000086a00000| Untracked 
| 107|0x0000000086b00000, 0x0000000086b00000, 0x0000000086c00000|  0%| F|  |TAMS 0x0000000086b00000, 0x0000000086b00000| Untracked 
| 108|0x0000000086c00000, 0x0000000086c00000, 0x0000000086d00000|  0%| F|  |TAMS 0x0000000086c00000, 0x0000000086c00000| Untracked 
| 109|0x0000000086d00000, 0x0000000086d00000, 0x0000000086e00000|  0%| F|  |TAMS 0x0000000086d00000, 0x0000000086d00000| Untracked 
| 110|0x0000000086e00000, 0x0000000086e00000, 0x0000000086f00000|  0%| F|  |TAMS 0x0000000086e00000, 0x0000000086e00000| Untracked 
| 111|0x0000000086f00000, 0x0000000086f00000, 0x0000000087000000|  0%| F|  |TAMS 0x0000000086f00000, 0x0000000086f00000| Untracked 
| 112|0x0000000087000000, 0x0000000087000000, 0x0000000087100000|  0%| F|  |TAMS 0x0000000087000000, 0x0000000087000000| Untracked 
| 113|0x0000000087100000, 0x0000000087100000, 0x0000000087200000|  0%| F|  |TAMS 0x0000000087100000, 0x0000000087100000| Untracked 
| 114|0x0000000087200000, 0x0000000087200000, 0x0000000087300000|  0%| F|  |TAMS 0x0000000087200000, 0x0000000087200000| Untracked 
| 115|0x0000000087300000, 0x0000000087300000, 0x0000000087400000|  0%| F|  |TAMS 0x0000000087300000, 0x0000000087300000| Untracked 
| 116|0x0000000087400000, 0x0000000087400000, 0x0000000087500000|  0%| F|  |TAMS 0x0000000087400000, 0x0000000087400000| Untracked 
| 117|0x0000000087500000, 0x0000000087500000, 0x0000000087600000|  0%| F|  |TAMS 0x0000000087500000, 0x0000000087500000| Untracked 
| 118|0x0000000087600000, 0x0000000087600000, 0x0000000087700000|  0%| F|  |TAMS 0x0000000087600000, 0x0000000087600000| Untracked 
| 119|0x0000000087700000, 0x0000000087700000, 0x0000000087800000|  0%| F|  |TAMS 0x0000000087700000, 0x0000000087700000| Untracked 
| 120|0x0000000087800000, 0x0000000087800000, 0x0000000087900000|  0%| F|  |TAMS 0x0000000087800000, 0x0000000087800000| Untracked 
| 121|0x0000000087900000, 0x0000000087900000, 0x0000000087a00000|  0%| F|  |TAMS 0x0000000087900000, 0x0000000087900000| Untracked 
| 122|0x0000000087a00000, 0x0000000087a00000, 0x0000000087b00000|  0%| F|  |TAMS 0x0000000087a00000, 0x0000000087a00000| Untracked 
| 123|0x0000000087b00000, 0x0000000087b00000, 0x0000000087c00000|  0%| F|  |TAMS 0x0000000087b00000, 0x0000000087b00000| Untracked 
| 124|0x0000000087c00000, 0x0000000087c00000, 0x0000000087d00000|  0%| F|  |TAMS 0x0000000087c00000, 0x0000000087c00000| Untracked 
| 125|0x0000000087d00000, 0x0000000087d00000, 0x0000000087e00000|  0%| F|  |TAMS 0x0000000087d00000, 0x0000000087d00000| Untracked 
| 126|0x0000000087e00000, 0x0000000087e00000, 0x0000000087f00000|  0%| F|  |TAMS 0x0000000087e00000, 0x0000000087e00000| Untracked 
| 127|0x0000000087f00000, 0x0000000087f00000, 0x0000000088000000|  0%| F|  |TAMS 0x0000000087f00000, 0x0000000087f00000| Untracked 
| 128|0x0000000088000000, 0x0000000088000000, 0x0000000088100000|  0%| F|  |TAMS 0x0000000088000000, 0x0000000088000000| Untracked 
| 129|0x0000000088100000, 0x0000000088100000, 0x0000000088200000|  0%| F|  |TAMS 0x0000000088100000, 0x0000000088100000| Untracked 
| 130|0x0000000088200000, 0x0000000088200000, 0x0000000088300000|  0%| F|  |TAMS 0x0000000088200000, 0x0000000088200000| Untracked 
| 131|0x0000000088300000, 0x0000000088300000, 0x0000000088400000|  0%| F|  |TAMS 0x0000000088300000, 0x0000000088300000| Untracked 
| 132|0x0000000088400000, 0x0000000088400000, 0x0000000088500000|  0%| F|  |TAMS 0x0000000088400000, 0x0000000088400000| Untracked 
| 133|0x0000000088500000, 0x0000000088500000, 0x0000000088600000|  0%| F|  |TAMS 0x0000000088500000, 0x0000000088500000| Untracked 
| 134|0x0000000088600000, 0x0000000088600000, 0x0000000088700000|  0%| F|  |TAMS 0x0000000088600000, 0x0000000088600000| Untracked 
| 135|0x0000000088700000, 0x0000000088700000, 0x0000000088800000|  0%| F|  |TAMS 0x0000000088700000, 0x0000000088700000| Untracked 
| 136|0x0000000088800000, 0x0000000088800000, 0x0000000088900000|  0%| F|  |TAMS 0x0000000088800000, 0x0000000088800000| Untracked 
| 137|0x0000000088900000, 0x0000000088900000, 0x0000000088a00000|  0%| F|  |TAMS 0x0000000088900000, 0x0000000088900000| Untracked 
| 138|0x0000000088a00000, 0x0000000088a00000, 0x0000000088b00000|  0%| F|  |TAMS 0x0000000088a00000, 0x0000000088a00000| Untracked 
| 139|0x0000000088b00000, 0x0000000088bf72d8, 0x0000000088c00000| 96%| S|CS|TAMS 0x0000000088b00000, 0x0000000088b00000| Complete 
| 140|0x0000000088c00000, 0x0000000088d00000, 0x0000000088d00000|100%| S|CS|TAMS 0x0000000088c00000, 0x0000000088c00000| Complete 
| 141|0x0000000088d00000, 0x0000000088e00000, 0x0000000088e00000|100%| S|CS|TAMS 0x0000000088d00000, 0x0000000088d00000| Complete 
| 142|0x0000000088e00000, 0x0000000088f00000, 0x0000000088f00000|100%| S|CS|TAMS 0x0000000088e00000, 0x0000000088e00000| Complete 
| 143|0x0000000088f00000, 0x0000000089000000, 0x0000000089000000|100%| S|CS|TAMS 0x0000000088f00000, 0x0000000088f00000| Complete 
| 144|0x0000000089000000, 0x0000000089100000, 0x0000000089100000|100%| S|CS|TAMS 0x0000000089000000, 0x0000000089000000| Complete 
| 145|0x0000000089100000, 0x0000000089200000, 0x0000000089200000|100%| S|CS|TAMS 0x0000000089100000, 0x0000000089100000| Complete 
| 146|0x0000000089200000, 0x0000000089200000, 0x0000000089300000|  0%| F|  |TAMS 0x0000000089200000, 0x0000000089200000| Untracked 
| 147|0x0000000089300000, 0x0000000089300000, 0x0000000089400000|  0%| F|  |TAMS 0x0000000089300000, 0x0000000089300000| Untracked 
| 148|0x0000000089400000, 0x0000000089400000, 0x0000000089500000|  0%| F|  |TAMS 0x0000000089400000, 0x0000000089400000| Untracked 
| 149|0x0000000089500000, 0x0000000089500000, 0x0000000089600000|  0%| F|  |TAMS 0x0000000089500000, 0x0000000089500000| Untracked 
| 150|0x0000000089600000, 0x0000000089600000, 0x0000000089700000|  0%| F|  |TAMS 0x0000000089600000, 0x0000000089600000| Untracked 
| 151|0x0000000089700000, 0x0000000089700000, 0x0000000089800000|  0%| F|  |TAMS 0x0000000089700000, 0x0000000089700000| Untracked 
| 152|0x0000000089800000, 0x0000000089800000, 0x0000000089900000|  0%| F|  |TAMS 0x0000000089800000, 0x0000000089800000| Untracked 
| 153|0x0000000089900000, 0x0000000089900000, 0x0000000089a00000|  0%| F|  |TAMS 0x0000000089900000, 0x0000000089900000| Untracked 
| 154|0x0000000089a00000, 0x0000000089a00000, 0x0000000089b00000|  0%| F|  |TAMS 0x0000000089a00000, 0x0000000089a00000| Untracked 
| 155|0x0000000089b00000, 0x0000000089b00000, 0x0000000089c00000|  0%| F|  |TAMS 0x0000000089b00000, 0x0000000089b00000| Untracked 
| 156|0x0000000089c00000, 0x0000000089c00000, 0x0000000089d00000|  0%| F|  |TAMS 0x0000000089c00000, 0x0000000089c00000| Untracked 
| 157|0x0000000089d00000, 0x0000000089d00000, 0x0000000089e00000|  0%| F|  |TAMS 0x0000000089d00000, 0x0000000089d00000| Untracked 
| 158|0x0000000089e00000, 0x0000000089e00000, 0x0000000089f00000|  0%| F|  |TAMS 0x0000000089e00000, 0x0000000089e00000| Untracked 
| 159|0x0000000089f00000, 0x0000000089f00000, 0x000000008a000000|  0%| F|  |TAMS 0x0000000089f00000, 0x0000000089f00000| Untracked 
| 160|0x000000008a000000, 0x000000008a000000, 0x000000008a100000|  0%| F|  |TAMS 0x000000008a000000, 0x000000008a000000| Untracked 
| 161|0x000000008a100000, 0x000000008a100000, 0x000000008a200000|  0%| F|  |TAMS 0x000000008a100000, 0x000000008a100000| Untracked 
| 162|0x000000008a200000, 0x000000008a200000, 0x000000008a300000|  0%| F|  |TAMS 0x000000008a200000, 0x000000008a200000| Untracked 
| 163|0x000000008a300000, 0x000000008a300000, 0x000000008a400000|  0%| F|  |TAMS 0x000000008a300000, 0x000000008a300000| Untracked 
| 164|0x000000008a400000, 0x000000008a400000, 0x000000008a500000|  0%| F|  |TAMS 0x000000008a400000, 0x000000008a400000| Untracked 
| 165|0x000000008a500000, 0x000000008a500000, 0x000000008a600000|  0%| F|  |TAMS 0x000000008a500000, 0x000000008a500000| Untracked 
| 166|0x000000008a600000, 0x000000008a600000, 0x000000008a700000|  0%| F|  |TAMS 0x000000008a600000, 0x000000008a600000| Untracked 
| 167|0x000000008a700000, 0x000000008a700000, 0x000000008a800000|  0%| F|  |TAMS 0x000000008a700000, 0x000000008a700000| Untracked 
| 168|0x000000008a800000, 0x000000008a800000, 0x000000008a900000|  0%| F|  |TAMS 0x000000008a800000, 0x000000008a800000| Untracked 
| 169|0x000000008a900000, 0x000000008a900000, 0x000000008aa00000|  0%| F|  |TAMS 0x000000008a900000, 0x000000008a900000| Untracked 
| 170|0x000000008aa00000, 0x000000008aa00000, 0x000000008ab00000|  0%| F|  |TAMS 0x000000008aa00000, 0x000000008aa00000| Untracked 
| 171|0x000000008ab00000, 0x000000008ab00000, 0x000000008ac00000|  0%| F|  |TAMS 0x000000008ab00000, 0x000000008ab00000| Untracked 
| 172|0x000000008ac00000, 0x000000008ac00000, 0x000000008ad00000|  0%| F|  |TAMS 0x000000008ac00000, 0x000000008ac00000| Untracked 
| 173|0x000000008ad00000, 0x000000008ad00000, 0x000000008ae00000|  0%| F|  |TAMS 0x000000008ad00000, 0x000000008ad00000| Untracked 
| 174|0x000000008ae00000, 0x000000008ae00000, 0x000000008af00000|  0%| F|  |TAMS 0x000000008ae00000, 0x000000008ae00000| Untracked 
| 175|0x000000008af00000, 0x000000008af00000, 0x000000008b000000|  0%| F|  |TAMS 0x000000008af00000, 0x000000008af00000| Untracked 
| 176|0x000000008b000000, 0x000000008b000000, 0x000000008b100000|  0%| F|  |TAMS 0x000000008b000000, 0x000000008b000000| Untracked 
| 177|0x000000008b100000, 0x000000008b100000, 0x000000008b200000|  0%| F|  |TAMS 0x000000008b100000, 0x000000008b100000| Untracked 
| 178|0x000000008b200000, 0x000000008b200000, 0x000000008b300000|  0%| F|  |TAMS 0x000000008b200000, 0x000000008b200000| Untracked 
| 179|0x000000008b300000, 0x000000008b300000, 0x000000008b400000|  0%| F|  |TAMS 0x000000008b300000, 0x000000008b300000| Untracked 
| 180|0x000000008b400000, 0x000000008b400000, 0x000000008b500000|  0%| F|  |TAMS 0x000000008b400000, 0x000000008b400000| Untracked 
| 181|0x000000008b500000, 0x000000008b500000, 0x000000008b600000|  0%| F|  |TAMS 0x000000008b500000, 0x000000008b500000| Untracked 
| 182|0x000000008b600000, 0x000000008b600000, 0x000000008b700000|  0%| F|  |TAMS 0x000000008b600000, 0x000000008b600000| Untracked 
| 183|0x000000008b700000, 0x000000008b700000, 0x000000008b800000|  0%| F|  |TAMS 0x000000008b700000, 0x000000008b700000| Untracked 
| 184|0x000000008b800000, 0x000000008b800000, 0x000000008b900000|  0%| F|  |TAMS 0x000000008b800000, 0x000000008b800000| Untracked 
| 185|0x000000008b900000, 0x000000008b900000, 0x000000008ba00000|  0%| F|  |TAMS 0x000000008b900000, 0x000000008b900000| Untracked 
| 186|0x000000008ba00000, 0x000000008ba00000, 0x000000008bb00000|  0%| F|  |TAMS 0x000000008ba00000, 0x000000008ba00000| Untracked 
| 187|0x000000008bb00000, 0x000000008bb00000, 0x000000008bc00000|  0%| F|  |TAMS 0x000000008bb00000, 0x000000008bb00000| Untracked 
| 188|0x000000008bc00000, 0x000000008bc00000, 0x000000008bd00000|  0%| F|  |TAMS 0x000000008bc00000, 0x000000008bc00000| Untracked 
| 189|0x000000008bd00000, 0x000000008bd00000, 0x000000008be00000|  0%| F|  |TAMS 0x000000008bd00000, 0x000000008bd00000| Untracked 
| 190|0x000000008be00000, 0x000000008be00000, 0x000000008bf00000|  0%| F|  |TAMS 0x000000008be00000, 0x000000008be00000| Untracked 
| 191|0x000000008bf00000, 0x000000008bf00000, 0x000000008c000000|  0%| F|  |TAMS 0x000000008bf00000, 0x000000008bf00000| Untracked 
| 192|0x000000008c000000, 0x000000008c000000, 0x000000008c100000|  0%| F|  |TAMS 0x000000008c000000, 0x000000008c000000| Untracked 
| 193|0x000000008c100000, 0x000000008c100000, 0x000000008c200000|  0%| F|  |TAMS 0x000000008c100000, 0x000000008c100000| Untracked 
| 194|0x000000008c200000, 0x000000008c200000, 0x000000008c300000|  0%| F|  |TAMS 0x000000008c200000, 0x000000008c200000| Untracked 
| 195|0x000000008c300000, 0x000000008c300000, 0x000000008c400000|  0%| F|  |TAMS 0x000000008c300000, 0x000000008c300000| Untracked 
| 196|0x000000008c400000, 0x000000008c400000, 0x000000008c500000|  0%| F|  |TAMS 0x000000008c400000, 0x000000008c400000| Untracked 
| 197|0x000000008c500000, 0x000000008c500000, 0x000000008c600000|  0%| F|  |TAMS 0x000000008c500000, 0x000000008c500000| Untracked 
| 198|0x000000008c600000, 0x000000008c600000, 0x000000008c700000|  0%| F|  |TAMS 0x000000008c600000, 0x000000008c600000| Untracked 
| 199|0x000000008c700000, 0x000000008c700000, 0x000000008c800000|  0%| F|  |TAMS 0x000000008c700000, 0x000000008c700000| Untracked 
| 200|0x000000008c800000, 0x000000008c800000, 0x000000008c900000|  0%| F|  |TAMS 0x000000008c800000, 0x000000008c800000| Untracked 
| 201|0x000000008c900000, 0x000000008c900000, 0x000000008ca00000|  0%| F|  |TAMS 0x000000008c900000, 0x000000008c900000| Untracked 
| 202|0x000000008ca00000, 0x000000008ca00000, 0x000000008cb00000|  0%| F|  |TAMS 0x000000008ca00000, 0x000000008ca00000| Untracked 
| 203|0x000000008cb00000, 0x000000008cb00000, 0x000000008cc00000|  0%| F|  |TAMS 0x000000008cb00000, 0x000000008cb00000| Untracked 
| 204|0x000000008cc00000, 0x000000008cc00000, 0x000000008cd00000|  0%| F|  |TAMS 0x000000008cc00000, 0x000000008cc00000| Untracked 
| 205|0x000000008cd00000, 0x000000008cd00000, 0x000000008ce00000|  0%| F|  |TAMS 0x000000008cd00000, 0x000000008cd00000| Untracked 
| 206|0x000000008ce00000, 0x000000008ce00000, 0x000000008cf00000|  0%| F|  |TAMS 0x000000008ce00000, 0x000000008ce00000| Untracked 
| 207|0x000000008cf00000, 0x000000008cf00000, 0x000000008d000000|  0%| F|  |TAMS 0x000000008cf00000, 0x000000008cf00000| Untracked 
| 208|0x000000008d000000, 0x000000008d000000, 0x000000008d100000|  0%| F|  |TAMS 0x000000008d000000, 0x000000008d000000| Untracked 
| 209|0x000000008d100000, 0x000000008d100000, 0x000000008d200000|  0%| F|  |TAMS 0x000000008d100000, 0x000000008d100000| Untracked 
| 210|0x000000008d200000, 0x000000008d200000, 0x000000008d300000|  0%| F|  |TAMS 0x000000008d200000, 0x000000008d200000| Untracked 
| 211|0x000000008d300000, 0x000000008d300000, 0x000000008d400000|  0%| F|  |TAMS 0x000000008d300000, 0x000000008d300000| Untracked 
| 212|0x000000008d400000, 0x000000008d400000, 0x000000008d500000|  0%| F|  |TAMS 0x000000008d400000, 0x000000008d400000| Untracked 
| 213|0x000000008d500000, 0x000000008d500000, 0x000000008d600000|  0%| F|  |TAMS 0x000000008d500000, 0x000000008d500000| Untracked 
| 214|0x000000008d600000, 0x000000008d600000, 0x000000008d700000|  0%| F|  |TAMS 0x000000008d600000, 0x000000008d600000| Untracked 
| 215|0x000000008d700000, 0x000000008d700000, 0x000000008d800000|  0%| F|  |TAMS 0x000000008d700000, 0x000000008d700000| Untracked 
| 216|0x000000008d800000, 0x000000008d800000, 0x000000008d900000|  0%| F|  |TAMS 0x000000008d800000, 0x000000008d800000| Untracked 
| 217|0x000000008d900000, 0x000000008d900000, 0x000000008da00000|  0%| F|  |TAMS 0x000000008d900000, 0x000000008d900000| Untracked 
| 218|0x000000008da00000, 0x000000008da00000, 0x000000008db00000|  0%| F|  |TAMS 0x000000008da00000, 0x000000008da00000| Untracked 
| 219|0x000000008db00000, 0x000000008db00000, 0x000000008dc00000|  0%| F|  |TAMS 0x000000008db00000, 0x000000008db00000| Untracked 
| 220|0x000000008dc00000, 0x000000008dc00000, 0x000000008dd00000|  0%| F|  |TAMS 0x000000008dc00000, 0x000000008dc00000| Untracked 
| 221|0x000000008dd00000, 0x000000008dd00000, 0x000000008de00000|  0%| F|  |TAMS 0x000000008dd00000, 0x000000008dd00000| Untracked 
| 222|0x000000008de00000, 0x000000008de00000, 0x000000008df00000|  0%| F|  |TAMS 0x000000008de00000, 0x000000008de00000| Untracked 
| 223|0x000000008df00000, 0x000000008df00000, 0x000000008e000000|  0%| F|  |TAMS 0x000000008df00000, 0x000000008df00000| Untracked 
| 224|0x000000008e000000, 0x000000008e000000, 0x000000008e100000|  0%| F|  |TAMS 0x000000008e000000, 0x000000008e000000| Untracked 
| 225|0x000000008e100000, 0x000000008e100000, 0x000000008e200000|  0%| F|  |TAMS 0x000000008e100000, 0x000000008e100000| Untracked 
| 226|0x000000008e200000, 0x000000008e200000, 0x000000008e300000|  0%| F|  |TAMS 0x000000008e200000, 0x000000008e200000| Untracked 
| 227|0x000000008e300000, 0x000000008e300000, 0x000000008e400000|  0%| F|  |TAMS 0x000000008e300000, 0x000000008e300000| Untracked 
| 228|0x000000008e400000, 0x000000008e400000, 0x000000008e500000|  0%| F|  |TAMS 0x000000008e400000, 0x000000008e400000| Untracked 
| 229|0x000000008e500000, 0x000000008e500000, 0x000000008e600000|  0%| F|  |TAMS 0x000000008e500000, 0x000000008e500000| Untracked 
| 230|0x000000008e600000, 0x000000008e642d70, 0x000000008e700000| 26%| E|  |TAMS 0x000000008e600000, 0x000000008e600000| Complete 
| 231|0x000000008e700000, 0x000000008e800000, 0x000000008e800000|100%| E|CS|TAMS 0x000000008e700000, 0x000000008e700000| Complete 
| 232|0x000000008e800000, 0x000000008e900000, 0x000000008e900000|100%| E|CS|TAMS 0x000000008e800000, 0x000000008e800000| Complete 
| 233|0x000000008e900000, 0x000000008ea00000, 0x000000008ea00000|100%| E|CS|TAMS 0x000000008e900000, 0x000000008e900000| Complete 
| 234|0x000000008ea00000, 0x000000008eb00000, 0x000000008eb00000|100%| E|CS|TAMS 0x000000008ea00000, 0x000000008ea00000| Complete 
| 235|0x000000008eb00000, 0x000000008ec00000, 0x000000008ec00000|100%| E|CS|TAMS 0x000000008eb00000, 0x000000008eb00000| Complete 
| 236|0x000000008ec00000, 0x000000008ed00000, 0x000000008ed00000|100%| E|CS|TAMS 0x000000008ec00000, 0x000000008ec00000| Complete 
| 237|0x000000008ed00000, 0x000000008ee00000, 0x000000008ee00000|100%| E|CS|TAMS 0x000000008ed00000, 0x000000008ed00000| Complete 
| 238|0x000000008ee00000, 0x000000008ef00000, 0x000000008ef00000|100%| E|CS|TAMS 0x000000008ee00000, 0x000000008ee00000| Complete 
| 239|0x000000008ef00000, 0x000000008f000000, 0x000000008f000000|100%| E|CS|TAMS 0x000000008ef00000, 0x000000008ef00000| Complete 
| 240|0x000000008f000000, 0x000000008f100000, 0x000000008f100000|100%| E|CS|TAMS 0x000000008f000000, 0x000000008f000000| Complete 
| 241|0x000000008f100000, 0x000000008f200000, 0x000000008f200000|100%| E|CS|TAMS 0x000000008f100000, 0x000000008f100000| Complete 
| 242|0x000000008f200000, 0x000000008f300000, 0x000000008f300000|100%| E|CS|TAMS 0x000000008f200000, 0x000000008f200000| Complete 
| 243|0x000000008f300000, 0x000000008f400000, 0x000000008f400000|100%| E|CS|TAMS 0x000000008f300000, 0x000000008f300000| Complete 
| 244|0x000000008f400000, 0x000000008f500000, 0x000000008f500000|100%| E|CS|TAMS 0x000000008f400000, 0x000000008f400000| Complete 
| 245|0x000000008f500000, 0x000000008f600000, 0x000000008f600000|100%| E|CS|TAMS 0x000000008f500000, 0x000000008f500000| Complete 
| 246|0x000000008f600000, 0x000000008f700000, 0x000000008f700000|100%| E|CS|TAMS 0x000000008f600000, 0x000000008f600000| Complete 
| 247|0x000000008f700000, 0x000000008f800000, 0x000000008f800000|100%| E|CS|TAMS 0x000000008f700000, 0x000000008f700000| Complete 
| 248|0x000000008f800000, 0x000000008f900000, 0x000000008f900000|100%| E|CS|TAMS 0x000000008f800000, 0x000000008f800000| Complete 
| 249|0x000000008f900000, 0x000000008fa00000, 0x000000008fa00000|100%| E|CS|TAMS 0x000000008f900000, 0x000000008f900000| Complete 
| 250|0x000000008fa00000, 0x000000008fb00000, 0x000000008fb00000|100%| E|CS|TAMS 0x000000008fa00000, 0x000000008fa00000| Complete 
| 251|0x000000008fb00000, 0x000000008fc00000, 0x000000008fc00000|100%| E|CS|TAMS 0x000000008fb00000, 0x000000008fb00000| Complete 
| 252|0x000000008fc00000, 0x000000008fd00000, 0x000000008fd00000|100%| E|CS|TAMS 0x000000008fc00000, 0x000000008fc00000| Complete 
| 253|0x000000008fd00000, 0x000000008fe00000, 0x000000008fe00000|100%| E|CS|TAMS 0x000000008fd00000, 0x000000008fd00000| Complete 
| 254|0x000000008fe00000, 0x000000008ff00000, 0x000000008ff00000|100%| E|CS|TAMS 0x000000008fe00000, 0x000000008fe00000| Complete 
| 255|0x000000008ff00000, 0x0000000090000000, 0x0000000090000000|100%| E|CS|TAMS 0x000000008ff00000, 0x000000008ff00000| Complete 
| 256|0x0000000090000000, 0x0000000090100000, 0x0000000090100000|100%| E|CS|TAMS 0x0000000090000000, 0x0000000090000000| Complete 
| 257|0x0000000090100000, 0x0000000090200000, 0x0000000090200000|100%| E|CS|TAMS 0x0000000090100000, 0x0000000090100000| Complete 
| 258|0x0000000090200000, 0x0000000090300000, 0x0000000090300000|100%| E|CS|TAMS 0x0000000090200000, 0x0000000090200000| Complete 
| 259|0x0000000090300000, 0x0000000090400000, 0x0000000090400000|100%| E|CS|TAMS 0x0000000090300000, 0x0000000090300000| Complete 
| 260|0x0000000090400000, 0x0000000090500000, 0x0000000090500000|100%| E|CS|TAMS 0x0000000090400000, 0x0000000090400000| Complete 
| 261|0x0000000090500000, 0x0000000090600000, 0x0000000090600000|100%| E|CS|TAMS 0x0000000090500000, 0x0000000090500000| Complete 
| 262|0x0000000090600000, 0x0000000090700000, 0x0000000090700000|100%| E|CS|TAMS 0x0000000090600000, 0x0000000090600000| Complete 
| 263|0x0000000090700000, 0x0000000090800000, 0x0000000090800000|100%| E|CS|TAMS 0x0000000090700000, 0x0000000090700000| Complete 
| 264|0x0000000090800000, 0x0000000090900000, 0x0000000090900000|100%| E|CS|TAMS 0x0000000090800000, 0x0000000090800000| Complete 
| 265|0x0000000090900000, 0x0000000090a00000, 0x0000000090a00000|100%| E|CS|TAMS 0x0000000090900000, 0x0000000090900000| Complete 
| 266|0x0000000090a00000, 0x0000000090b00000, 0x0000000090b00000|100%| E|CS|TAMS 0x0000000090a00000, 0x0000000090a00000| Complete 
| 267|0x0000000090b00000, 0x0000000090c00000, 0x0000000090c00000|100%| E|CS|TAMS 0x0000000090b00000, 0x0000000090b00000| Complete 
| 268|0x0000000090c00000, 0x0000000090d00000, 0x0000000090d00000|100%| E|CS|TAMS 0x0000000090c00000, 0x0000000090c00000| Complete 
| 269|0x0000000090d00000, 0x0000000090e00000, 0x0000000090e00000|100%| E|CS|TAMS 0x0000000090d00000, 0x0000000090d00000| Complete 
| 270|0x0000000090e00000, 0x0000000090f00000, 0x0000000090f00000|100%| E|CS|TAMS 0x0000000090e00000, 0x0000000090e00000| Complete 
| 271|0x0000000090f00000, 0x0000000091000000, 0x0000000091000000|100%| E|CS|TAMS 0x0000000090f00000, 0x0000000090f00000| Complete 
| 272|0x0000000091000000, 0x0000000091100000, 0x0000000091100000|100%| E|CS|TAMS 0x0000000091000000, 0x0000000091000000| Complete 
| 273|0x0000000091100000, 0x0000000091200000, 0x0000000091200000|100%| E|CS|TAMS 0x0000000091100000, 0x0000000091100000| Complete 
| 274|0x0000000091200000, 0x0000000091300000, 0x0000000091300000|100%| E|CS|TAMS 0x0000000091200000, 0x0000000091200000| Complete 
| 275|0x0000000091300000, 0x0000000091400000, 0x0000000091400000|100%| E|CS|TAMS 0x0000000091300000, 0x0000000091300000| Complete 
| 276|0x0000000091400000, 0x0000000091500000, 0x0000000091500000|100%| E|CS|TAMS 0x0000000091400000, 0x0000000091400000| Complete 
| 277|0x0000000091500000, 0x0000000091600000, 0x0000000091600000|100%| E|CS|TAMS 0x0000000091500000, 0x0000000091500000| Complete 
| 278|0x0000000091600000, 0x0000000091700000, 0x0000000091700000|100%| E|CS|TAMS 0x0000000091600000, 0x0000000091600000| Complete 
| 279|0x0000000091700000, 0x0000000091800000, 0x0000000091800000|100%| E|CS|TAMS 0x0000000091700000, 0x0000000091700000| Complete 
| 280|0x0000000091800000, 0x0000000091900000, 0x0000000091900000|100%| E|CS|TAMS 0x0000000091800000, 0x0000000091800000| Complete 
| 281|0x0000000091900000, 0x0000000091a00000, 0x0000000091a00000|100%| E|CS|TAMS 0x0000000091900000, 0x0000000091900000| Complete 
| 282|0x0000000091a00000, 0x0000000091b00000, 0x0000000091b00000|100%| E|CS|TAMS 0x0000000091a00000, 0x0000000091a00000| Complete 
| 283|0x0000000091b00000, 0x0000000091c00000, 0x0000000091c00000|100%| E|CS|TAMS 0x0000000091b00000, 0x0000000091b00000| Complete 
| 284|0x0000000091c00000, 0x0000000091d00000, 0x0000000091d00000|100%| E|CS|TAMS 0x0000000091c00000, 0x0000000091c00000| Complete 
| 285|0x0000000091d00000, 0x0000000091e00000, 0x0000000091e00000|100%| E|CS|TAMS 0x0000000091d00000, 0x0000000091d00000| Complete 
| 286|0x0000000091e00000, 0x0000000091f00000, 0x0000000091f00000|100%| E|CS|TAMS 0x0000000091e00000, 0x0000000091e00000| Complete 
| 287|0x0000000091f00000, 0x0000000092000000, 0x0000000092000000|100%| E|CS|TAMS 0x0000000091f00000, 0x0000000091f00000| Complete 
| 288|0x0000000092000000, 0x0000000092100000, 0x0000000092100000|100%| E|CS|TAMS 0x0000000092000000, 0x0000000092000000| Complete 
| 289|0x0000000092100000, 0x0000000092200000, 0x0000000092200000|100%| E|CS|TAMS 0x0000000092100000, 0x0000000092100000| Complete 
| 290|0x0000000092200000, 0x0000000092300000, 0x0000000092300000|100%| E|CS|TAMS 0x0000000092200000, 0x0000000092200000| Complete 
| 291|0x0000000092300000, 0x0000000092400000, 0x0000000092400000|100%| E|CS|TAMS 0x0000000092300000, 0x0000000092300000| Complete 
| 292|0x0000000092400000, 0x0000000092500000, 0x0000000092500000|100%| E|CS|TAMS 0x0000000092400000, 0x0000000092400000| Complete 
| 293|0x0000000092500000, 0x0000000092600000, 0x0000000092600000|100%| E|CS|TAMS 0x0000000092500000, 0x0000000092500000| Complete 
| 294|0x0000000092600000, 0x0000000092700000, 0x0000000092700000|100%| E|CS|TAMS 0x0000000092600000, 0x0000000092600000| Complete 
| 295|0x0000000092700000, 0x0000000092800000, 0x0000000092800000|100%| E|CS|TAMS 0x0000000092700000, 0x0000000092700000| Complete 
| 296|0x0000000092800000, 0x0000000092900000, 0x0000000092900000|100%| E|CS|TAMS 0x0000000092800000, 0x0000000092800000| Complete 
| 297|0x0000000092900000, 0x0000000092a00000, 0x0000000092a00000|100%| E|CS|TAMS 0x0000000092900000, 0x0000000092900000| Complete 
| 298|0x0000000092a00000, 0x0000000092b00000, 0x0000000092b00000|100%| E|CS|TAMS 0x0000000092a00000, 0x0000000092a00000| Complete 
| 299|0x0000000092b00000, 0x0000000092c00000, 0x0000000092c00000|100%| E|CS|TAMS 0x0000000092b00000, 0x0000000092b00000| Complete 
| 300|0x0000000092c00000, 0x0000000092d00000, 0x0000000092d00000|100%| E|CS|TAMS 0x0000000092c00000, 0x0000000092c00000| Complete 
| 301|0x0000000092d00000, 0x0000000092e00000, 0x0000000092e00000|100%| E|CS|TAMS 0x0000000092d00000, 0x0000000092d00000| Complete 
| 302|0x0000000092e00000, 0x0000000092f00000, 0x0000000092f00000|100%| E|CS|TAMS 0x0000000092e00000, 0x0000000092e00000| Complete 
| 303|0x0000000092f00000, 0x0000000093000000, 0x0000000093000000|100%| E|CS|TAMS 0x0000000092f00000, 0x0000000092f00000| Complete 
| 304|0x0000000093000000, 0x0000000093100000, 0x0000000093100000|100%| E|CS|TAMS 0x0000000093000000, 0x0000000093000000| Complete 
| 305|0x0000000093100000, 0x0000000093200000, 0x0000000093200000|100%| E|CS|TAMS 0x0000000093100000, 0x0000000093100000| Complete 
| 306|0x0000000093200000, 0x0000000093300000, 0x0000000093300000|100%| E|CS|TAMS 0x0000000093200000, 0x0000000093200000| Complete 
| 307|0x0000000093300000, 0x0000000093400000, 0x0000000093400000|100%| E|CS|TAMS 0x0000000093300000, 0x0000000093300000| Complete 
| 308|0x0000000093400000, 0x0000000093500000, 0x0000000093500000|100%| E|CS|TAMS 0x0000000093400000, 0x0000000093400000| Complete 
| 309|0x0000000093500000, 0x0000000093600000, 0x0000000093600000|100%| E|CS|TAMS 0x0000000093500000, 0x0000000093500000| Complete 
| 310|0x0000000093600000, 0x0000000093700000, 0x0000000093700000|100%| E|CS|TAMS 0x0000000093600000, 0x0000000093600000| Complete 
| 311|0x0000000093700000, 0x0000000093800000, 0x0000000093800000|100%| E|CS|TAMS 0x0000000093700000, 0x0000000093700000| Complete 
| 312|0x0000000093800000, 0x0000000093900000, 0x0000000093900000|100%| E|CS|TAMS 0x0000000093800000, 0x0000000093800000| Complete 
| 313|0x0000000093900000, 0x0000000093a00000, 0x0000000093a00000|100%| E|CS|TAMS 0x0000000093900000, 0x0000000093900000| Complete 
| 314|0x0000000093a00000, 0x0000000093b00000, 0x0000000093b00000|100%| E|CS|TAMS 0x0000000093a00000, 0x0000000093a00000| Complete 
| 315|0x0000000093b00000, 0x0000000093c00000, 0x0000000093c00000|100%| E|CS|TAMS 0x0000000093b00000, 0x0000000093b00000| Complete 
| 316|0x0000000093c00000, 0x0000000093d00000, 0x0000000093d00000|100%| E|CS|TAMS 0x0000000093c00000, 0x0000000093c00000| Complete 
| 317|0x0000000093d00000, 0x0000000093e00000, 0x0000000093e00000|100%| E|CS|TAMS 0x0000000093d00000, 0x0000000093d00000| Complete 
| 318|0x0000000093e00000, 0x0000000093f00000, 0x0000000093f00000|100%| E|CS|TAMS 0x0000000093e00000, 0x0000000093e00000| Complete 
| 319|0x0000000093f00000, 0x0000000094000000, 0x0000000094000000|100%| E|CS|TAMS 0x0000000093f00000, 0x0000000093f00000| Complete 
| 320|0x0000000094000000, 0x0000000094100000, 0x0000000094100000|100%| E|CS|TAMS 0x0000000094000000, 0x0000000094000000| Complete 
| 321|0x0000000094100000, 0x0000000094200000, 0x0000000094200000|100%| E|CS|TAMS 0x0000000094100000, 0x0000000094100000| Complete 
| 322|0x0000000094200000, 0x0000000094300000, 0x0000000094300000|100%| E|CS|TAMS 0x0000000094200000, 0x0000000094200000| Complete 
| 323|0x0000000094300000, 0x0000000094400000, 0x0000000094400000|100%| E|CS|TAMS 0x0000000094300000, 0x0000000094300000| Complete 
| 324|0x0000000094400000, 0x0000000094500000, 0x0000000094500000|100%| E|CS|TAMS 0x0000000094400000, 0x0000000094400000| Complete 
| 325|0x0000000094500000, 0x0000000094600000, 0x0000000094600000|100%| E|CS|TAMS 0x0000000094500000, 0x0000000094500000| Complete 
| 326|0x0000000094600000, 0x0000000094700000, 0x0000000094700000|100%| E|CS|TAMS 0x0000000094600000, 0x0000000094600000| Complete 
| 327|0x0000000094700000, 0x0000000094800000, 0x0000000094800000|100%| E|CS|TAMS 0x0000000094700000, 0x0000000094700000| Complete 
| 328|0x0000000094800000, 0x0000000094900000, 0x0000000094900000|100%| E|CS|TAMS 0x0000000094800000, 0x0000000094800000| Complete 
| 329|0x0000000094900000, 0x0000000094a00000, 0x0000000094a00000|100%| E|CS|TAMS 0x0000000094900000, 0x0000000094900000| Complete 
| 330|0x0000000094a00000, 0x0000000094b00000, 0x0000000094b00000|100%| E|CS|TAMS 0x0000000094a00000, 0x0000000094a00000| Complete 
| 331|0x0000000094b00000, 0x0000000094c00000, 0x0000000094c00000|100%| E|CS|TAMS 0x0000000094b00000, 0x0000000094b00000| Complete 
| 332|0x0000000094c00000, 0x0000000094d00000, 0x0000000094d00000|100%| E|CS|TAMS 0x0000000094c00000, 0x0000000094c00000| Complete 
| 333|0x0000000094d00000, 0x0000000094e00000, 0x0000000094e00000|100%| E|CS|TAMS 0x0000000094d00000, 0x0000000094d00000| Complete 
| 334|0x0000000094e00000, 0x0000000094f00000, 0x0000000094f00000|100%| E|CS|TAMS 0x0000000094e00000, 0x0000000094e00000| Complete 
| 335|0x0000000094f00000, 0x0000000095000000, 0x0000000095000000|100%| E|CS|TAMS 0x0000000094f00000, 0x0000000094f00000| Complete 
| 336|0x0000000095000000, 0x0000000095100000, 0x0000000095100000|100%| E|CS|TAMS 0x0000000095000000, 0x0000000095000000| Complete 
| 337|0x0000000095100000, 0x0000000095200000, 0x0000000095200000|100%| E|CS|TAMS 0x0000000095100000, 0x0000000095100000| Complete 
| 338|0x0000000095200000, 0x0000000095300000, 0x0000000095300000|100%| E|CS|TAMS 0x0000000095200000, 0x0000000095200000| Complete 
| 339|0x0000000095300000, 0x0000000095400000, 0x0000000095400000|100%| E|CS|TAMS 0x0000000095300000, 0x0000000095300000| Complete 

Card table byte_map: [0x000001595b390000,0x000001595b790000] _byte_map_base: 0x000001595af90000

Marking Bits (Prev, Next): (CMBitMap*) 0x0000015947c42c28, (CMBitMap*) 0x0000015947c42c60
 Prev Bits: [0x000001595bb90000, 0x000001595db90000)
 Next Bits: [0x000001595db90000, 0x000001595fb90000)

Polling page: 0x0000015945b70000

Metaspace:

Usage:
  Non-class:     38.68 MB capacity,    37.98 MB ( 98%) used,   605.63 KB (  2%) free+waste,   112.00 KB ( <1%) overhead. 
      Class:      5.95 MB capacity,     5.55 MB ( 93%) used,   350.01 KB (  6%) free+waste,    53.94 KB ( <1%) overhead. 
       Both:     44.63 MB capacity,    43.53 MB ( 98%) used,   955.63 KB (  2%) free+waste,   165.94 KB ( <1%) overhead. 

Virtual space:
  Non-class space:       40.00 MB reserved,      38.75 MB ( 97%) committed 
      Class space:        1.00 GB reserved,       6.00 MB ( <1%) committed 
             Both:        1.04 GB reserved,      44.75 MB (  4%) committed 

Chunk freelists:
   Non-Class:  6.00 KB
       Class:  0 bytes
        Both:  6.00 KB

MaxMetaspaceSize: 17179869184.00 GB
CompressedClassSpaceSize: 1.00 GB
Initial GC threshold: 20.80 MB
Current GC threshold: 58.75 MB
CDS: off

CodeHeap 'non-profiled nmethods': size=119168Kb used=2329Kb max_used=2329Kb free=116839Kb
 bounds [0x00000159532b0000, 0x0000015953520000, 0x000001595a710000]
CodeHeap 'profiled nmethods': size=119168Kb used=10622Kb max_used=10622Kb free=108545Kb
 bounds [0x000001594be50000, 0x000001594c8b0000, 0x00000159532b0000]
CodeHeap 'non-nmethods': size=7424Kb used=2288Kb max_used=4030Kb free=5135Kb
 bounds [0x000001594b710000, 0x000001594bb10000, 0x000001594be50000]
 total_blobs=5335 nmethods=4555 adapters=692
 compilation: enabled
              stopped_count=0, restarted_count=0
 full_count=0

Compilation events (20 events):
Event: 12.246 Thread 0x0000015962b65000 4795       2       sun.security.provider.DigestBase::implCompressMultiBlockCheck (67 bytes)
Event: 12.246 Thread 0x0000015962b65000 nmethod 4795 0x000001594c8aa290 code [0x000001594c8aa480, 0x000001594c8aa828]
Event: 12.248 Thread 0x0000015962b65000 4796       2       java.util.concurrent.locks.AbstractQueuedSynchronizer::hasQueuedPredecessors (76 bytes)
Event: 12.248 Thread 0x0000015962b65000 nmethod 4796 0x000001594c8aaa10 code [0x000001594c8aabc0, 0x000001594c8aadb8]
Event: 12.248 Thread 0x0000015962b65000 4797       2       org.gradle.cache.internal.btree.CachingBlockStore::read (56 bytes)
Event: 12.249 Thread 0x0000015962b65000 nmethod 4797 0x000001594c8aaf10 code [0x000001594c8ab180, 0x000001594c8ab7a8]
Event: 12.249 Thread 0x0000015962b65000 4798       2       org.gradle.cache.internal.btree.CachingBlockStore::maybeGetFromCache (31 bytes)
Event: 12.249 Thread 0x0000015962b65000 nmethod 4798 0x000001594c8abc10 code [0x000001594c8abe00, 0x000001594c8ac118]
Event: 12.249 Thread 0x0000015962b65000 4799       2       java.util.concurrent.locks.ReentrantLock$FairSync::tryAcquire (74 bytes)
Event: 12.250 Thread 0x0000015962b65000 nmethod 4799 0x000001594c8ac310 code [0x000001594c8ac500, 0x000001594c8ac918]
Event: 12.250 Thread 0x0000015962b65000 4800       2       org.gradle.cache.internal.btree.FreeListBlockStore::read (12 bytes)
Event: 12.250 Thread 0x0000015962b65000 nmethod 4800 0x000001594c8acb10 code [0x000001594c8accc0, 0x000001594c8acde8]
Event: 12.250 Thread 0x0000015962b65000 4801       2       org.gradle.cache.internal.btree.StateCheckBlockStore::read (33 bytes)
Event: 12.250 Thread 0x0000015962b65000 nmethod 4801 0x000001594c8ace90 code [0x000001594c8ad040, 0x000001594c8ad168]
Event: 12.250 Thread 0x0000015962b65000 4802       1       org.gradle.cache.internal.btree.BTreePersistentIndexedCache$DataBlock::getType (3 bytes)
Event: 12.250 Thread 0x0000015962b65000 nmethod 4802 0x00000159534f5690 code [0x00000159534f5840, 0x00000159534f58f8]
Event: 12.257 Thread 0x0000015962b65000 4804       2       java.io.FileInputStream::read (9 bytes)
Event: 12.257 Thread 0x0000015962b65000 nmethod 4804 0x000001594c8ad210 code [0x000001594c8ad3c0, 0x000001594c8ad4e8]
Event: 12.257 Thread 0x0000015962b65000 4805       2       com.esotericsoftware.kryo.io.Output::writeString (125 bytes)
Event: 12.258 Thread 0x0000015962b65000 nmethod 4805 0x000001594c8ad590 code [0x000001594c8ad7a0, 0x000001594c8adad8]

GC Heap History (20 events):
Event: 8.989 GC heap before
{Heap before GC invocations=27 (full 0):
 garbage-first heap   total 171008K, used 89703K [0x0000000080000000, 0x0000000100000000)
  region size 1024K, 41 young (41984K), 2 survivors (2048K)
 Metaspace       used 44535K, capacity 45701K, committed 45824K, reserved 1089536K
  class space    used 5686K, capacity 6091K, committed 6144K, reserved 1048576K
}
Event: 8.992 GC heap after
{Heap after GC invocations=28 (full 0):
 garbage-first heap   total 233472K, used 50013K [0x0000000080000000, 0x0000000100000000)
  region size 1024K, 2 young (2048K), 2 survivors (2048K)
 Metaspace       used 44535K, capacity 45701K, committed 45824K, reserved 1089536K
  class space    used 5686K, capacity 6091K, committed 6144K, reserved 1048576K
}
Event: 9.112 GC heap before
{Heap before GC invocations=28 (full 0):
 garbage-first heap   total 233472K, used 96093K [0x0000000080000000, 0x0000000100000000)
  region size 1024K, 48 young (49152K), 2 survivors (2048K)
 Metaspace       used 44535K, capacity 45701K, committed 45824K, reserved 1089536K
  class space    used 5686K, capacity 6091K, committed 6144K, reserved 1048576K
}
Event: 9.115 GC heap after
{Heap after GC invocations=29 (full 0):
 garbage-first heap   total 233472K, used 50364K [0x0000000080000000, 0x0000000100000000)
  region size 1024K, 2 young (2048K), 2 survivors (2048K)
 Metaspace       used 44535K, capacity 45701K, committed 45824K, reserved 1089536K
  class space    used 5686K, capacity 6091K, committed 6144K, reserved 1048576K
}
Event: 9.281 GC heap before
{Heap before GC invocations=29 (full 0):
 garbage-first heap   total 233472K, used 105660K [0x0000000080000000, 0x0000000100000000)
  region size 1024K, 56 young (57344K), 2 survivors (2048K)
 Metaspace       used 44538K, capacity 45701K, committed 45824K, reserved 1089536K
  class space    used 5686K, capacity 6091K, committed 6144K, reserved 1048576K
}
Event: 9.285 GC heap after
{Heap after GC invocations=30 (full 0):
 garbage-first heap   total 233472K, used 50875K [0x0000000080000000, 0x0000000100000000)
  region size 1024K, 3 young (3072K), 3 survivors (3072K)
 Metaspace       used 44538K, capacity 45701K, committed 45824K, reserved 1089536K
  class space    used 5686K, capacity 6091K, committed 6144K, reserved 1048576K
}
Event: 9.425 GC heap before
{Heap before GC invocations=30 (full 0):
 garbage-first heap   total 233472K, used 115387K [0x0000000080000000, 0x0000000100000000)
  region size 1024K, 66 young (67584K), 3 survivors (3072K)
 Metaspace       used 44541K, capacity 45701K, committed 45824K, reserved 1089536K
  class space    used 5686K, capacity 6091K, committed 6144K, reserved 1048576K
}
Event: 9.427 GC heap after
{Heap after GC invocations=31 (full 0):
 garbage-first heap   total 233472K, used 51466K [0x0000000080000000, 0x0000000100000000)
  region size 1024K, 3 young (3072K), 3 survivors (3072K)
 Metaspace       used 44541K, capacity 45701K, committed 45824K, reserved 1089536K
  class space    used 5686K, capacity 6091K, committed 6144K, reserved 1048576K
}
Event: 9.554 GC heap before
{Heap before GC invocations=31 (full 0):
 garbage-first heap   total 233472K, used 127242K [0x0000000080000000, 0x0000000100000000)
  region size 1024K, 77 young (78848K), 3 survivors (3072K)
 Metaspace       used 44542K, capacity 45701K, committed 45824K, reserved 1089536K
  class space    used 5686K, capacity 6091K, committed 6144K, reserved 1048576K
}
Event: 9.559 GC heap after
{Heap after GC invocations=32 (full 0):
 garbage-first heap   total 289792K, used 52081K [0x0000000080000000, 0x0000000100000000)
  region size 1024K, 4 young (4096K), 4 survivors (4096K)
 Metaspace       used 44542K, capacity 45701K, committed 45824K, reserved 1089536K
  class space    used 5686K, capacity 6091K, committed 6144K, reserved 1048576K
}
Event: 9.754 GC heap before
{Heap before GC invocations=32 (full 0):
 garbage-first heap   total 289792K, used 136049K [0x0000000080000000, 0x0000000100000000)
  region size 1024K, 86 young (88064K), 4 survivors (4096K)
 Metaspace       used 44542K, capacity 45701K, committed 45824K, reserved 1089536K
  class space    used 5686K, capacity 6091K, committed 6144K, reserved 1048576K
}
Event: 9.757 GC heap after
{Heap after GC invocations=33 (full 0):
 garbage-first heap   total 289792K, used 53017K [0x0000000080000000, 0x0000000100000000)
  region size 1024K, 5 young (5120K), 5 survivors (5120K)
 Metaspace       used 44542K, capacity 45701K, committed 45824K, reserved 1089536K
  class space    used 5686K, capacity 6091K, committed 6144K, reserved 1048576K
}
Event: 10.003 GC heap before
{Heap before GC invocations=33 (full 0):
 garbage-first heap   total 289792K, used 172825K [0x0000000080000000, 0x0000000100000000)
  region size 1024K, 123 young (125952K), 5 survivors (5120K)
 Metaspace       used 44542K, capacity 45701K, committed 45824K, reserved 1089536K
  class space    used 5686K, capacity 6091K, committed 6144K, reserved 1048576K
}
Event: 10.007 GC heap after
{Heap after GC invocations=34 (full 0):
 garbage-first heap   total 289792K, used 53739K [0x0000000080000000, 0x0000000100000000)
  region size 1024K, 5 young (5120K), 5 survivors (5120K)
 Metaspace       used 44542K, capacity 45701K, committed 45824K, reserved 1089536K
  class space    used 5686K, capacity 6091K, committed 6144K, reserved 1048576K
}
Event: 10.486 GC heap before
{Heap before GC invocations=34 (full 0):
 garbage-first heap   total 289792K, used 221675K [0x0000000080000000, 0x0000000100000000)
  region size 1024K, 169 young (173056K), 5 survivors (5120K)
 Metaspace       used 44551K, capacity 45701K, committed 45824K, reserved 1089536K
  class space    used 5686K, capacity 6091K, committed 6144K, reserved 1048576K
}
Event: 10.490 GC heap after
{Heap after GC invocations=35 (full 0):
 garbage-first heap   total 289792K, used 51501K [0x0000000080000000, 0x0000000100000000)
  region size 1024K, 4 young (4096K), 4 survivors (4096K)
 Metaspace       used 44551K, capacity 45701K, committed 45824K, reserved 1089536K
  class space    used 5686K, capacity 6091K, committed 6144K, reserved 1048576K
}
Event: 11.065 GC heap before
{Heap before GC invocations=35 (full 0):
 garbage-first heap   total 289792K, used 220461K [0x0000000080000000, 0x0000000100000000)
  region size 1024K, 169 young (173056K), 4 survivors (4096K)
 Metaspace       used 44553K, capacity 45701K, committed 45824K, reserved 1089536K
  class space    used 5686K, capacity 6091K, committed 6144K, reserved 1048576K
}
Event: 11.071 GC heap after
{Heap after GC invocations=36 (full 0):
 garbage-first heap   total 348160K, used 52835K [0x0000000080000000, 0x0000000100000000)
  region size 1024K, 5 young (5120K), 5 survivors (5120K)
 Metaspace       used 44553K, capacity 45701K, committed 45824K, reserved 1089536K
  class space    used 5686K, capacity 6091K, committed 6144K, reserved 1048576K
}
Event: 11.796 GC heap before
{Heap before GC invocations=36 (full 0):
 garbage-first heap   total 348160K, used 251491K [0x0000000080000000, 0x0000000100000000)
  region size 1024K, 199 young (203776K), 5 survivors (5120K)
 Metaspace       used 44561K, capacity 45701K, committed 45824K, reserved 1089536K
  class space    used 5687K, capacity 6091K, committed 6144K, reserved 1048576K
}
Event: 11.805 GC heap after
{Heap after GC invocations=37 (full 0):
 garbage-first heap   total 348160K, used 54928K [0x0000000080000000, 0x0000000100000000)
  region size 1024K, 7 young (7168K), 7 survivors (7168K)
 Metaspace       used 44561K, capacity 45701K, committed 45824K, reserved 1089536K
  class space    used 5687K, capacity 6091K, committed 6144K, reserved 1048576K
}

Deoptimization events (20 events):
Event: 12.125 Thread 0x0000015966652800 DEOPT PACKING pc=0x000001594c7e5876 sp=0x0000004560afe360
Event: 12.125 Thread 0x0000015966652800 DEOPT UNPACKING pc=0x000001594b75a95e sp=0x0000004560afd880 mode 0
Event: 12.130 Thread 0x0000015966652800 DEOPT PACKING pc=0x000001594c89b672 sp=0x0000004560afdc90
Event: 12.130 Thread 0x0000015966652800 DEOPT UNPACKING pc=0x000001594b75a95e sp=0x0000004560afd300 mode 0
Event: 12.137 Thread 0x0000015966652800 DEOPT PACKING pc=0x000001594c7e5876 sp=0x0000004560afe360
Event: 12.137 Thread 0x0000015966652800 DEOPT UNPACKING pc=0x000001594b75a95e sp=0x0000004560afd880 mode 0
Event: 12.138 Thread 0x0000015966652800 DEOPT PACKING pc=0x000001594c89c57a sp=0x0000004560afdc90
Event: 12.138 Thread 0x0000015966652800 DEOPT UNPACKING pc=0x000001594b75a95e sp=0x0000004560afd300 mode 0
Event: 12.142 Thread 0x0000015966652800 DEOPT PACKING pc=0x000001594c89c57a sp=0x0000004560afdc90
Event: 12.142 Thread 0x0000015966652800 DEOPT UNPACKING pc=0x000001594b75a95e sp=0x0000004560afd300 mode 0
Event: 12.147 Thread 0x0000015966652800 DEOPT PACKING pc=0x000001594c7e5876 sp=0x0000004560afe360
Event: 12.147 Thread 0x0000015966652800 DEOPT UNPACKING pc=0x000001594b75a95e sp=0x0000004560afd880 mode 0
Event: 12.153 Thread 0x0000015966652800 DEOPT PACKING pc=0x000001594c89b672 sp=0x0000004560afdc90
Event: 12.153 Thread 0x0000015966652800 DEOPT UNPACKING pc=0x000001594b75a95e sp=0x0000004560afd300 mode 0
Event: 12.159 Thread 0x0000015966652800 DEOPT PACKING pc=0x000001594c7e5876 sp=0x0000004560afe360
Event: 12.159 Thread 0x0000015966652800 DEOPT UNPACKING pc=0x000001594b75a95e sp=0x0000004560afd880 mode 0
Event: 12.163 Thread 0x0000015966652800 DEOPT PACKING pc=0x000001594c89b672 sp=0x0000004560afdc90
Event: 12.164 Thread 0x0000015966652800 DEOPT UNPACKING pc=0x000001594b75a95e sp=0x0000004560afd300 mode 0
Event: 12.169 Thread 0x0000015966652800 DEOPT PACKING pc=0x000001594c89b672 sp=0x0000004560afdc90
Event: 12.169 Thread 0x0000015966652800 DEOPT UNPACKING pc=0x000001594b75a95e sp=0x0000004560afd300 mode 0

Classes redefined (0 events):
No events

Internal exceptions (20 events):
Event: 7.744 Thread 0x0000015964be7000 Exception <a 'java/lang/NoSuchMethodError'{0x0000000086606fc0}: 'int java.lang.invoke.DirectMethodHandle$Holder.invokeInterface(java.lang.Object, java.lang.Object)'> (0x0000000086606fc0) thrown at [./src/hotspot/share/interpreter/linkResolver.cpp, line 773]
Event: 7.744 Thread 0x0000015964be7000 Exception <a 'java/lang/IncompatibleClassChangeError'{0x000000008660aaa0}: Found class java.lang.Object, but interface was expected> (0x000000008660aaa0) thrown at [./src/hotspot/share/interpreter/linkResolver.cpp, line 839]
Event: 7.849 Thread 0x0000015964be7000 Exception <a 'java/lang/NoSuchMethodError'{0x0000000085f53618}: 'java.lang.Object java.lang.invoke.Invokers$Holder.linkToTargetMethod(java.lang.Object, int, java.lang.Object)'> (0x0000000085f53618) thrown at [./src/hotspot/share/interpreter/linkResolver.cpp, line 773]
Event: 7.880 Thread 0x0000015964be7000 Exception <a 'java/lang/NoSuchMethodError'{0x0000000085db16c0}: 'int java.lang.invoke.DirectMethodHandle$Holder.invokeStaticInit(java.lang.Object)'> (0x0000000085db16c0) thrown at [./src/hotspot/share/interpreter/linkResolver.cpp, line 773]
Event: 7.925 Thread 0x000001596664f000 Exception <a 'sun/nio/fs/WindowsException'{0x0000000085b1f148}> (0x0000000085b1f148) thrown at [./src/hotspot/share/prims/jni.cpp, line 615]
Event: 7.935 Thread 0x000001596664f000 Exception <a 'sun/nio/fs/WindowsException'{0x0000000085b74550}> (0x0000000085b74550) thrown at [./src/hotspot/share/prims/jni.cpp, line 615]
Event: 7.936 Thread 0x000001596664f000 Exception <a 'sun/nio/fs/WindowsException'{0x0000000085b746d8}> (0x0000000085b746d8) thrown at [./src/hotspot/share/prims/jni.cpp, line 615]
Event: 7.953 Thread 0x0000015964be7000 Exception <a 'java/lang/ClassNotFoundException'{0x0000000085be9bb0}: sync_studio_tooling1_1mtdj7lqu11r3xi1j1zqebmekBeanInfo> (0x0000000085be9bb0) thrown at [./src/hotspot/share/classfile/systemDictionary.cpp, line 231]
Event: 7.953 Thread 0x0000015964be7000 Exception <a 'java/lang/ClassNotFoundException'{0x0000000085bf6ae0}: sync_studio_tooling1_1mtdj7lqu11r3xi1j1zqebmekCustomizer> (0x0000000085bf6ae0) thrown at [./src/hotspot/share/classfile/systemDictionary.cpp, line 231]
Event: 7.979 Thread 0x0000015964be7000 Exception <a 'java/lang/ClassNotFoundException'{0x0000000085adc0c0}: ijinit_f3qzo2cpmxh2vlvfp5ahcdzodBeanInfo> (0x0000000085adc0c0) thrown at [./src/hotspot/share/classfile/systemDictionary.cpp, line 231]
Event: 7.979 Thread 0x0000015964be7000 Exception <a 'java/lang/ClassNotFoundException'{0x0000000085ae81c0}: ijinit_f3qzo2cpmxh2vlvfp5ahcdzodCustomizer> (0x0000000085ae81c0) thrown at [./src/hotspot/share/classfile/systemDictionary.cpp, line 231]
Event: 7.986 Thread 0x0000015964be7000 Exception <a 'java/lang/ClassNotFoundException'{0x000000008593c840}: ijinit_f3qzo2cpmxh2vlvfp5ahcdzod$_run_closure1BeanInfo> (0x000000008593c840) thrown at [./src/hotspot/share/classfile/systemDictionary.cpp, line 231]
Event: 7.986 Thread 0x0000015964be7000 Exception <a 'java/lang/ClassNotFoundException'{0x0000000085943850}: ijinit_f3qzo2cpmxh2vlvfp5ahcdzod$_run_closure1Customizer> (0x0000000085943850) thrown at [./src/hotspot/share/classfile/systemDictionary.cpp, line 231]
Event: 8.022 Thread 0x0000015966652800 Implicit null exception at 0x000001595332e182 to 0x000001595332f298
Event: 8.051 Thread 0x0000015966651000 Exception <a 'sun/nio/fs/WindowsException'{0x00000000880e86a8}> (0x00000000880e86a8) thrown at [./src/hotspot/share/prims/jni.cpp, line 615]
Event: 8.054 Thread 0x0000015966652800 Exception <a 'sun/nio/fs/WindowsException'{0x00000000880e23b8}> (0x00000000880e23b8) thrown at [./src/hotspot/share/prims/jni.cpp, line 615]
Event: 10.174 Thread 0x0000015966651000 Exception <a 'sun/nio/fs/WindowsException'{0x000000008cbbcf08}> (0x000000008cbbcf08) thrown at [./src/hotspot/share/prims/jni.cpp, line 615]
Event: 10.176 Thread 0x0000015966651000 Exception <a 'sun/nio/fs/WindowsException'{0x000000008cbbd090}> (0x000000008cbbd090) thrown at [./src/hotspot/share/prims/jni.cpp, line 615]
Event: 12.225 Thread 0x0000015966652800 Exception <a 'sun/nio/fs/WindowsException'{0x000000008e73f3b0}> (0x000000008e73f3b0) thrown at [./src/hotspot/share/prims/jni.cpp, line 615]
Event: 12.227 Thread 0x0000015966652800 Exception <a 'sun/nio/fs/WindowsException'{0x000000008e73f578}> (0x000000008e73f578) thrown at [./src/hotspot/share/prims/jni.cpp, line 615]

Events (20 events):
Event: 9.285 Executing VM operation: G1CollectForAllocation done
Event: 9.424 Executing VM operation: G1CollectForAllocation
Event: 9.427 Executing VM operation: G1CollectForAllocation done
Event: 9.554 Executing VM operation: G1CollectForAllocation
Event: 9.559 Executing VM operation: G1CollectForAllocation done
Event: 9.753 Executing VM operation: G1CollectForAllocation
Event: 9.757 Executing VM operation: G1CollectForAllocation done
Event: 10.003 Executing VM operation: G1CollectForAllocation
Event: 10.007 Executing VM operation: G1CollectForAllocation done
Event: 10.486 Executing VM operation: G1CollectForAllocation
Event: 10.490 Executing VM operation: G1CollectForAllocation done
Event: 10.805 Thread 0x000001596431a000 Thread exited: 0x000001596431a000
Event: 11.065 Executing VM operation: G1CollectForAllocation
Event: 11.071 Executing VM operation: G1CollectForAllocation done
Event: 11.408 loading class org/gradle/internal/classpath/InstrumentingTransformer$LambdaFactoryDetails
Event: 11.408 loading class org/gradle/internal/classpath/InstrumentingTransformer$LambdaFactoryDetails done
Event: 11.795 Executing VM operation: G1CollectForAllocation
Event: 11.805 Executing VM operation: G1CollectForAllocation done
Event: 11.989 Thread 0x00000159645f4800 Thread exited: 0x00000159645f4800
Event: 11.989 Thread 0x00000159635f1000 Thread exited: 0x00000159635f1000


Dynamic libraries:
0x00007ff710e00000 - 0x00007ff710e0a000 	D:\Android Studio\jre\bin\java.exe
0x00007ffb03400000 - 0x00007ffb03609000 	C:\WINDOWS\SYSTEM32\ntdll.dll
0x00007ffb019d0000 - 0x00007ffb01a8d000 	C:\WINDOWS\System32\KERNEL32.DLL
0x00007ffb00cc0000 - 0x00007ffb01039000 	C:\WINDOWS\System32\KERNELBASE.dll
0x00007ffb01170000 - 0x00007ffb01281000 	C:\WINDOWS\System32\ucrtbase.dll
0x00007ffaf9c20000 - 0x00007ffaf9c39000 	D:\Android Studio\jre\bin\jli.dll
0x00007ffae1e40000 - 0x00007ffae1e57000 	D:\Android Studio\jre\bin\VCRUNTIME140.dll
0x00007ffb02020000 - 0x00007ffb021cc000 	C:\WINDOWS\System32\USER32.dll
0x00007ffb00c90000 - 0x00007ffb00cb6000 	C:\WINDOWS\System32\win32u.dll
0x00007ffb023c0000 - 0x00007ffb023e9000 	C:\WINDOWS\System32\GDI32.dll
0x00007ffad4080000 - 0x00007ffad4325000 	C:\WINDOWS\WinSxS\amd64_microsoft.windows.common-controls_6595b64144ccf1df_6.0.22000.120_none_9d947278b86cc467\COMCTL32.dll
0x00007ffb00b70000 - 0x00007ffb00c82000 	C:\WINDOWS\System32\gdi32full.dll
0x00007ffb02310000 - 0x00007ffb023b3000 	C:\WINDOWS\System32\msvcrt.dll
0x00007ffb00ad0000 - 0x00007ffb00b6d000 	C:\WINDOWS\System32\msvcp_win.dll
0x00007ffb01630000 - 0x00007ffb01661000 	C:\WINDOWS\System32\IMM32.DLL
0x00007ffad8890000 - 0x00007ffad892d000 	D:\Android Studio\jre\bin\msvcp140.dll
0x00007ffabf1e0000 - 0x00007ffabfcc5000 	D:\Android Studio\jre\bin\server\jvm.dll
0x00007ffb02260000 - 0x00007ffb0230e000 	C:\WINDOWS\System32\ADVAPI32.dll
0x00007ffb018c0000 - 0x00007ffb0195e000 	C:\WINDOWS\System32\sechost.dll
0x00007ffb01f00000 - 0x00007ffb02020000 	C:\WINDOWS\System32\RPCRT4.dll
0x00007ffb032a0000 - 0x00007ffb032a8000 	C:\WINDOWS\System32\PSAPI.DLL
0x00007ffafb9e0000 - 0x00007ffafba13000 	C:\WINDOWS\SYSTEM32\WINMM.dll
0x00007ffaf8870000 - 0x00007ffaf887a000 	C:\WINDOWS\SYSTEM32\VERSION.dll
0x00007ffaea790000 - 0x00007ffaea799000 	C:\WINDOWS\SYSTEM32\WSOCK32.dll
0x00007ffb025f0000 - 0x00007ffb0265f000 	C:\WINDOWS\System32\WS2_32.dll
0x00007ffaff9e0000 - 0x00007ffaff9f8000 	C:\WINDOWS\SYSTEM32\kernel.appcore.dll
0x00007ffaf2940000 - 0x00007ffaf2951000 	D:\Android Studio\jre\bin\verify.dll
0x00007ffafe2c0000 - 0x00007ffafe4e1000 	C:\WINDOWS\SYSTEM32\DBGHELP.DLL
0x00007ffaf9a00000 - 0x00007ffaf9a31000 	C:\WINDOWS\SYSTEM32\dbgcore.DLL
0x00007ffb00a50000 - 0x00007ffb00acf000 	C:\WINDOWS\System32\bcryptPrimitives.dll
0x00007ffad8630000 - 0x00007ffad8659000 	D:\Android Studio\jre\bin\java.dll
0x00007ffaed6e0000 - 0x00007ffaed6eb000 	D:\Android Studio\jre\bin\jimage.dll
0x00007ffae1e00000 - 0x00007ffae1e18000 	D:\Android Studio\jre\bin\zip.dll
0x00007ffb02ac0000 - 0x00007ffb03278000 	C:\WINDOWS\System32\SHELL32.dll
0x00007ffafea50000 - 0x00007ffaff2b8000 	C:\WINDOWS\SYSTEM32\windows.storage.dll
0x00007ffb02740000 - 0x00007ffb02ab9000 	C:\WINDOWS\System32\combase.dll
0x00007ffafe8e0000 - 0x00007ffafea46000 	C:\WINDOWS\SYSTEM32\wintypes.dll
0x00007ffb032d0000 - 0x00007ffb033ba000 	C:\WINDOWS\System32\SHCORE.dll
0x00007ffb026e0000 - 0x00007ffb0273d000 	C:\WINDOWS\System32\shlwapi.dll
0x00007ffb00810000 - 0x00007ffb00831000 	C:\WINDOWS\SYSTEM32\profapi.dll
0x00007ffad8ab0000 - 0x00007ffad8aca000 	D:\Android Studio\jre\bin\net.dll
0x00007ffafbc10000 - 0x00007ffafbd1c000 	C:\WINDOWS\SYSTEM32\WINHTTP.dll
0x00007ffaffe10000 - 0x00007ffaffe77000 	C:\WINDOWS\system32\mswsock.dll
0x00007ffad8450000 - 0x00007ffad8464000 	D:\Android Studio\jre\bin\nio.dll
0x00007ffad7cc0000 - 0x00007ffad7ce7000 	C:\Users\Thinkpad E15\.gradle\native\e1d6ef7f7dcc3fd88c89a11ec53ec762bb8ba0a96d01ffa2cd45eb1d1d8dd5c5\windows-amd64\native-platform.dll
0x00007ffad78e0000 - 0x00007ffad7a24000 	C:\Users\Thinkpad E15\.gradle\native\5664cfc778a61ccfe75a443a1ab52a65af34e5dc3c78e0209fed803814484fcb\windows-amd64\native-platform-file-events.dll
0x00007ffae2060000 - 0x00007ffae206a000 	D:\Android Studio\jre\bin\management.dll
0x00007ffae1e80000 - 0x00007ffae1e8d000 	D:\Android Studio\jre\bin\management_ext.dll
0x00007ffb00050000 - 0x00007ffb00068000 	C:\WINDOWS\SYSTEM32\CRYPTSP.dll
0x00007ffaff940000 - 0x00007ffaff975000 	C:\WINDOWS\system32\rsaenh.dll
0x00007ffafff00000 - 0x00007ffafff29000 	C:\WINDOWS\SYSTEM32\USERENV.dll
0x00007ffb001d0000 - 0x00007ffb001f7000 	C:\WINDOWS\SYSTEM32\bcrypt.dll
0x00007ffb00070000 - 0x00007ffb0007c000 	C:\WINDOWS\SYSTEM32\CRYPTBASE.dll
0x00007ffaff550000 - 0x00007ffaff57d000 	C:\WINDOWS\SYSTEM32\IPHLPAPI.DLL
0x00007ffb019c0000 - 0x00007ffb019c9000 	C:\WINDOWS\System32\NSI.dll
0x00007ffafc0e0000 - 0x00007ffafc0f9000 	C:\WINDOWS\SYSTEM32\dhcpcsvc6.DLL
0x00007ffafbf20000 - 0x00007ffafbf3e000 	C:\WINDOWS\SYSTEM32\dhcpcsvc.DLL
0x00007ffaff580000 - 0x00007ffaff668000 	C:\WINDOWS\SYSTEM32\DNSAPI.dll

dbghelp: loaded successfully - version: 4.0.5 - missing functions: none
symbol engine: initialized successfully - sym options: 0x614 - pdb path: .;D:\Android Studio\jre\bin;C:\WINDOWS\SYSTEM32;C:\WINDOWS\WinSxS\amd64_microsoft.windows.common-controls_6595b64144ccf1df_6.0.22000.120_none_9d947278b86cc467;D:\Android Studio\jre\bin\server;C:\Users\Thinkpad E15\.gradle\native\e1d6ef7f7dcc3fd88c89a11ec53ec762bb8ba0a96d01ffa2cd45eb1d1d8dd5c5\windows-amd64;C:\Users\Thinkpad E15\.gradle\native\5664cfc778a61ccfe75a443a1ab52a65af34e5dc3c78e0209fed803814484fcb\windows-amd64

VM Arguments:
jvm_args: --add-opens=java.base/java.util=ALL-UNNAMED --add-opens=java.base/java.lang=ALL-UNNAMED --add-opens=java.base/java.lang.invoke=ALL-UNNAMED --add-opens=java.base/java.util=ALL-UNNAMED --add-opens=java.prefs/java.util.prefs=ALL-UNNAMED --add-opens=java.prefs/java.util.prefs=ALL-UNNAMED --add-opens=java.base/java.nio.charset=ALL-UNNAMED --add-opens=java.base/java.net=ALL-UNNAMED --add-opens=java.base/java.util.concurrent.atomic=ALL-UNNAMED -Xmx2048m -Dfile.encoding=UTF-8 -Duser.country=US -Duser.language=en -Duser.variant 
java_command: org.gradle.launcher.daemon.bootstrap.GradleDaemon 7.3.3
java_class_path (initial): C:\Users\Thinkpad E15\.gradle\wrapper\dists\gradle-7.3.3-bin\6a41zxkdtcxs8rphpq6y0069z\gradle-7.3.3\lib\gradle-launcher-7.3.3.jar
Launcher Type: SUN_STANDARD

[Global flags]
     intx CICompilerCount                          = 12                                        {product} {ergonomic}
     uint ConcGCThreads                            = 3                                         {product} {ergonomic}
     uint G1ConcRefinementThreads                  = 13                                        {product} {ergonomic}
   size_t G1HeapRegionSize                         = 1048576                                   {product} {ergonomic}
    uintx GCDrainStackTargetSize                   = 64                                        {product} {ergonomic}
   size_t InitialHeapSize                          = 115343360                                 {product} {ergonomic}
   size_t MarkStackSize                            = 4194304                                   {product} {ergonomic}
   size_t MaxHeapSize                              = 2147483648                                {product} {command line}
   size_t MaxNewSize                               = 1287651328                                {product} {ergonomic}
   size_t MinHeapDeltaBytes                        = 1048576                                   {product} {ergonomic}
    uintx NonNMethodCodeHeapSize                   = 7594288                                {pd product} {ergonomic}
    uintx NonProfiledCodeHeapSize                  = 122031976                              {pd product} {ergonomic}
    uintx ProfiledCodeHeapSize                     = 122031976                              {pd product} {ergonomic}
    uintx ReservedCodeCacheSize                    = 251658240                              {pd product} {ergonomic}
     bool SegmentedCodeCache                       = true                                      {product} {ergonomic}
     bool UseCompressedClassPointers               = true                                 {lp64_product} {ergonomic}
     bool UseCompressedOops                        = true                                 {lp64_product} {ergonomic}
     bool UseG1GC                                  = true                                      {product} {ergonomic}
     bool UseLargePagesIndividualAllocation        = false                                  {pd product} {ergonomic}

Logging:
Log output configuration:
 #0: stdout all=warning uptime,level,tags
 #1: stderr all=off uptime,level,tags

Environment Variables:
CLASSPATH=%CLASSPATH%;%JUNIT_HOME%\junit-4.13.2.jar;.;;D:\Junit4\junit-4.13.2.jar;.;;D:\Junit4\junit-4.13.2.jar;.;
PATH=C:\Users\Thinkpad E15\AppData\Local\Programs\Python\Python310\Scripts\;C:\Users\Thinkpad E15\AppData\Local\Programs\Python\Python310\;D:\app\ThinkpadE15\product\12.1.0\dbhome_1\bin;C:\Program Files\Common Files\Oracle\Java\javapath;C:\Program Files (x86)\VMware\VMware Workstation\bin\;C:\WINDOWS\system32;C:\WINDOWS;C:\WINDOWS\System32\Wbem;C:\WINDOWS\System32\WindowsPowerShell\v1.0\;C:\WINDOWS\System32\OpenSSH\;C:\Program Files\Microsoft SQL Server\Client SDK\ODBC\170\Tools\Binn\;C:\Program Files (x86)\Microsoft SQL Server\150\Tools\Binn\;C:\Program Files\Microsoft SQL Server\150\Tools\Binn\;C:\Program Files\Microsoft SQL Server\150\DTS\Binn\;C:\Program Files\Bandizip\;C:\Program Files\MongoDB\Server\5.0\bin;C:\Program Files\Git\cmd;C:\ProgramData\chocolatey\bin;C:\Users\Thinkpad E15\AppData\Roaming\nvm;C:\Program Files\nodejs;C:\Program Files\MySQL\MySQL Shell 8.0\bin\;C:\Users\Thinkpad E15\AppData\Local\Microsoft\WindowsApps;D:\IntelliJ IDEA Community Edition 2021.2.1\bin;;C:\Users\Thinkpad E15\AppData\Local\Programs\Microsoft VS Code\bin;C:\Users\Thinkpad E15\AppData\Roaming\npm;C:\Program Files\heroku\bin;C:\Users\Thinkpad E15\AppData\Roaming\nvm;C:\Program Files\nodejs
USERNAME=Thinkpad E15
OS=Windows_NT
PROCESSOR_IDENTIFIER=AMD64 Family 23 Model 104 Stepping 1, AuthenticAMD



---------------  S Y S T E M  ---------------

OS: Windows 10 , 64 bit Build 22000 (10.0.22000.708)
OS uptime: 3 days 23:08 hours

CPU:total 16 (initial active 16) (16 cores per cpu, 2 threads per core) family 23 model 104 stepping 1 microcode 0x0, cmov, cx8, fxsr, mmx, sse, sse2, sse3, ssse3, sse4.1, sse4.2, popcnt, avx, avx2, aes, clmul, mmxext, 3dnowpref, lzcnt, sse4a, ht, tsc, tscinvbit, tscinv, bmi1, bmi2, adx, sha, fma

Memory: 4k page, system-wide physical 6986M (352M free)
TotalPageFile size 28490M (AvailPageFile size 6M)
current process WorkingSet (physical memory assigned to process): 536M, peak: 543M
current process commit charge ("private bytes"): 590M, peak: 599M

vm_info: OpenJDK 64-Bit Server VM (11.0.12+7-b1504.28-7817840) for windows-amd64 JRE (11.0.12+7-b1504.28-7817840), built on Oct 13 2021 22:12:33 by "builder" with MS VC++ 14.0 (VS2015)

END.
