#
# There is insufficient memory for the Java Runtime Environment to continue.
# Native memory allocation (malloc) failed to allocate 659216 bytes for Chunk::new
# Possible reasons:
#   The system is out of physical RAM or swap space
#   The process is running with CompressedOops enabled, and the Java Heap may be blocking the growth of the native heap
# Possible solutions:
#   Reduce memory load on the system
#   Increase physical memory or swap space
#   Check if swap backing store is full
#   Decrease Java heap size (-Xmx/-Xms)
#   Decrease number of Java threads
#   Decrease Java thread stack sizes (-Xss)
#   Set larger code cache with -XX:ReservedCodeCacheSize=
#   JVM is running with Unscaled Compressed Oops mode in which the Java heap is
#     placed in the first 4GB address space. The Java Heap base address is the
#     maximum limit for the native heap growth. Please use -XX:HeapBaseMinAddress
#     to set the Java Heap base and to place the Java Heap above 4GB virtual address.
# This output file may be truncated or incomplete.
#
#  Out of Memory Error (./src/hotspot/share/memory/arena.cpp:197), pid=32468, tid=25796
#
# JRE version: OpenJDK Runtime Environment (11.0.12+7) (build 11.0.12+7-b1504.28-7817840)
# Java VM: OpenJDK 64-Bit Server VM (11.0.12+7-b1504.28-7817840, mixed mode, tiered, compressed oops, g1 gc, windows-amd64)
# No core dump will be written. Minidumps are not enabled by default on client versions of Windows
#

---------------  S U M M A R Y ------------

Command Line: --add-opens=java.base/java.util=ALL-UNNAMED --add-opens=java.base/java.lang=ALL-UNNAMED --add-opens=java.base/java.lang.invoke=ALL-UNNAMED --add-opens=java.base/java.util=ALL-UNNAMED --add-opens=java.prefs/java.util.prefs=ALL-UNNAMED --add-opens=java.prefs/java.util.prefs=ALL-UNNAMED --add-opens=java.base/java.nio.charset=ALL-UNNAMED --add-opens=java.base/java.net=ALL-UNNAMED --add-opens=java.base/java.util.concurrent.atomic=ALL-UNNAMED -Xmx2048m -Dfile.encoding=UTF-8 -Duser.country=US -Duser.language=en -Duser.variant org.gradle.launcher.daemon.bootstrap.GradleDaemon 7.3.3

Host: AMD Ryzen 7 5700U with Radeon Graphics         , 16 cores, 6G,  Windows 10 , 64 bit Build 22000 (10.0.22000.675)
Time: Thu Jun  2 15:22:53 2022 Eastern Daylight Time elapsed time: 11.041814 seconds (0d 0h 0m 11s)

---------------  T H R E A D  ---------------

Current thread (0x000002615524c000):  JavaThread "C2 CompilerThread1" daemon [_thread_in_native, id=25796, stack(0x00000082bde00000,0x00000082bdf00000)]


Current CompileTask:
C2:  11042 6893       4       org.gradle.internal.reflect.MethodSet::add (50 bytes)

Stack: [0x00000082bde00000,0x00000082bdf00000]
Native frames: (J=compiled Java code, j=interpreted, Vv=VM code, C=native code)
V  [jvm.dll+0x5fbcea]
V  [jvm.dll+0x731905]
V  [jvm.dll+0x732f1d]
V  [jvm.dll+0x7335d3]
V  [jvm.dll+0x247bf8]
V  [jvm.dll+0xc018c]
V  [jvm.dll+0xc06cc]
V  [jvm.dll+0x35b31d]
V  [jvm.dll+0x19d0bc]
V  [jvm.dll+0x20070e]
V  [jvm.dll+0x1ff794]
V  [jvm.dll+0x18868c]
V  [jvm.dll+0x20e0d7]
V  [jvm.dll+0x20c901]
V  [jvm.dll+0x6f9b7f]
V  [jvm.dll+0x6f26a5]
V  [jvm.dll+0x5fabf6]
C  [ucrtbase.dll+0x26c0c]
C  [KERNEL32.DLL+0x154e0]
C  [ntdll.dll+0x485b]


---------------  P R O C E S S  ---------------

Threads class SMR info:
_java_thread_list=0x00000261596142d0, length=189, elements={
0x00000261350f2800, 0x0000026152017000, 0x000002615201c000, 0x0000026152034000,
0x0000026152035000, 0x0000026152036000, 0x0000026152037800, 0x0000026152040000,
0x000002615204b000, 0x0000026151fb5000, 0x0000026152b06000, 0x00000261537dc000,
0x0000026153836800, 0x0000026152b05800, 0x0000026152b09800, 0x0000026152b07000,
0x0000026152b04000, 0x0000026152b0a800, 0x0000026152b04800, 0x0000026152b08000,
0x0000026152b08800, 0x0000026154404800, 0x0000026154402000, 0x0000026154404000,
0x00000261543ff000, 0x0000026154405800, 0x0000026154401800, 0x000002615524c000,
0x00000261543ff800, 0x0000026154406000, 0x0000026154403000, 0x0000026154400800,
0x000002615440b000, 0x000002615440d000, 0x000002615440c000, 0x0000026154408800,
0x0000026154409800, 0x0000026154408000, 0x00000261560f7000, 0x00000261560fb000,
0x00000261560f5800, 0x00000261560fa800, 0x00000261560fc000, 0x00000261560f8800,
0x00000261560f6000, 0x00000261560f9800, 0x00000261560fc800, 0x00000261560fd800,
0x00000261560f8000, 0x00000261560ff000, 0x00000261560fe800, 0x0000026156104000,
0x0000026156101800, 0x0000026156100000, 0x0000026156101000, 0x0000026156102800,
0x0000026156103800, 0x0000026158775800, 0x0000026158777800, 0x000002615877c000,
0x0000026158778800, 0x0000026158779800, 0x000002615877b000, 0x000002615877a000,
0x0000026158776000, 0x000002615877c800, 0x0000026158777000, 0x000002615877f000,
0x000002615877d800, 0x000002615877e800, 0x0000026158780000, 0x0000026158783000,
0x0000026158780800, 0x0000026158782800, 0x0000026158784000, 0x0000026158781800,
0x0000026154c3e800, 0x0000026154c3b800, 0x0000026154c3a000, 0x0000026154c3d000,
0x0000026154c3a800, 0x0000026154c3c800, 0x0000026154c3e000, 0x0000026154c39000,
0x0000026154c42000, 0x0000026154c45000, 0x0000026154c41000, 0x0000026154c43000,
0x0000026154c43800, 0x0000026154c44800, 0x0000026154c3f800, 0x0000026154c46000,
0x0000026154c40800, 0x0000026154c47000, 0x0000026154c47800, 0x0000026154aac800,
0x0000026154aae000, 0x0000026154aab000, 0x0000026154aab800, 0x0000026154aaf000,
0x0000026154aad800, 0x0000026154aaa000, 0x0000026154ab3000, 0x0000026154ab5800,
0x0000026154ab4000, 0x0000026154ab0800, 0x0000026154ab1800, 0x0000026154ab4800,
0x0000026154aaf800, 0x0000026154ab6800, 0x0000026154ab7000, 0x0000026154ab8000,
0x0000026154ab2000, 0x0000026154ab8800, 0x000002615855a800, 0x000002615855c800,
0x000002615855d000, 0x000002615855b800, 0x000002615855e000, 0x0000026158558800,
0x000002615855f000, 0x0000026158559000, 0x000002615855f800, 0x000002615855a000,
0x0000026158563000, 0x0000026158561800, 0x0000026158565800, 0x0000026158564800,
0x0000026158566000, 0x0000026158562000, 0x0000026158563800, 0x0000026158560800,
0x0000026158567000, 0x00000261584d9800, 0x00000261584da800, 0x00000261584db000,
0x00000261584dc000, 0x00000261584d6800, 0x00000261584d8000, 0x00000261584dd000,
0x00000261584d9000, 0x00000261584d7000, 0x00000261584df800, 0x00000261584e3800,
0x00000261584e0000, 0x00000261584dd800, 0x00000261584e1000, 0x00000261584e2000,
0x00000261584e2800, 0x00000261584e4000, 0x00000261584de800, 0x00000261584e5000,
0x00000261594b6800, 0x00000261594ba800, 0x00000261594b9800, 0x00000261594b5800,
0x00000261594b8000, 0x00000261594bc000, 0x00000261594bb800, 0x00000261594b9000,
0x00000261594bd000, 0x00000261594b7800, 0x00000261594be800, 0x00000261594c1000,
0x00000261594c0800, 0x00000261594c2000, 0x00000261594bf800, 0x00000261594c2800,
0x00000261594c3800, 0x00000261594be000, 0x00000261594c4800, 0x000002615883e000,
0x000002615883a000, 0x0000026158840800, 0x000002615883d800, 0x000002615883b000,
0x000002615883f000, 0x0000026158841800, 0x000002615883b800, 0x0000026158842000,
0x0000026158840000, 0x000002615883c800, 0x0000026158847000, 0x0000026158844800,
0x0000026158846800, 0x0000026158845800, 0x0000026158848000, 0x0000026158849000,
0x0000026158843000
}

Java Threads: ( => current thread )
  0x00000261350f2800 JavaThread "main" [_thread_blocked, id=13392, stack(0x00000082bae00000,0x00000082baf00000)]
  0x0000026152017000 JavaThread "Reference Handler" daemon [_thread_blocked, id=11792, stack(0x00000082bb500000,0x00000082bb600000)]
  0x000002615201c000 JavaThread "Finalizer" daemon [_thread_blocked, id=3368, stack(0x00000082bb600000,0x00000082bb700000)]
  0x0000026152034000 JavaThread "Signal Dispatcher" daemon [_thread_blocked, id=544, stack(0x00000082bb700000,0x00000082bb800000)]
  0x0000026152035000 JavaThread "Attach Listener" daemon [_thread_blocked, id=3636, stack(0x00000082bb800000,0x00000082bb900000)]
  0x0000026152036000 JavaThread "Service Thread" daemon [_thread_blocked, id=7420, stack(0x00000082bb900000,0x00000082bba00000)]
  0x0000026152037800 JavaThread "C2 CompilerThread0" daemon [_thread_in_native, id=16720, stack(0x00000082bba00000,0x00000082bbb00000)]
  0x0000026152040000 JavaThread "C1 CompilerThread0" daemon [_thread_blocked, id=23008, stack(0x00000082bbb00000,0x00000082bbc00000)]
  0x000002615204b000 JavaThread "Sweeper thread" daemon [_thread_blocked, id=28264, stack(0x00000082bbc00000,0x00000082bbd00000)]
  0x0000026151fb5000 JavaThread "C1 CompilerThread1" daemon [_thread_blocked, id=25172, stack(0x00000082bbd00000,0x00000082bbe00000)]
  0x0000026152b06000 JavaThread "Common-Cleaner" daemon [_thread_blocked, id=18900, stack(0x00000082bbe00000,0x00000082bbf00000)]
  0x00000261537dc000 JavaThread "C1 CompilerThread2" daemon [_thread_blocked, id=1916, stack(0x00000082bc200000,0x00000082bc300000)]
  0x0000026153836800 JavaThread "C1 CompilerThread3" daemon [_thread_blocked, id=23124, stack(0x00000082bc300000,0x00000082bc400000)]
  0x0000026152b05800 JavaThread "Daemon health stats" [_thread_blocked, id=6244, stack(0x00000082bc500000,0x00000082bc600000)]
  0x0000026152b09800 JavaThread "Incoming local TCP Connector on port 58986" [_thread_in_native, id=13396, stack(0x00000082bc000000,0x00000082bc100000)]
  0x0000026152b07000 JavaThread "Daemon periodic checks" [_thread_blocked, id=12468, stack(0x00000082bc900000,0x00000082bca00000)]
  0x0000026152b04000 JavaThread "Daemon" [_thread_blocked, id=21400, stack(0x00000082bca00000,0x00000082bcb00000)]
  0x0000026152b0a800 JavaThread "Handler for socket connection from /127.0.0.1:58986 to /127.0.0.1:58987" [_thread_in_native, id=4540, stack(0x00000082bcb00000,0x00000082bcc00000)]
  0x0000026152b04800 JavaThread "Cancel handler" [_thread_blocked, id=32040, stack(0x00000082bcc00000,0x00000082bcd00000)]
  0x0000026152b08000 JavaThread "Daemon worker" [_thread_in_vm, id=32152, stack(0x00000082bcd00000,0x00000082bce00000)]
  0x0000026152b08800 JavaThread "Asynchronous log dispatcher for DefaultDaemonConnection: socket connection from /127.0.0.1:58986 to /127.0.0.1:58987" [_thread_blocked, id=21604, stack(0x00000082bce00000,0x00000082bcf00000)]
  0x0000026154404800 JavaThread "Stdin handler" [_thread_blocked, id=27928, stack(0x00000082bcf00000,0x00000082bd000000)]
  0x0000026154402000 JavaThread "Daemon client event forwarder" [_thread_blocked, id=12700, stack(0x00000082bd000000,0x00000082bd100000)]
  0x0000026154404000 JavaThread "Cache worker for journal cache (C:\Users\Thinkpad E15\.gradle\caches\journal-1)" [_thread_blocked, id=1488, stack(0x00000082bd100000,0x00000082bd200000)]
  0x00000261543ff000 JavaThread "File lock request listener" [_thread_in_native, id=24376, stack(0x00000082bd200000,0x00000082bd300000)]
  0x0000026154405800 JavaThread "Cache worker for file hash cache (C:\Users\Thinkpad E15\.gradle\caches\7.3.3\fileHashes)" [_thread_blocked, id=1968, stack(0x00000082bd300000,0x00000082bd400000)]
  0x0000026154401800 JavaThread "Cache worker for file hash cache (C:\Users\Thinkpad E15\AndroidStudioProjects\AndroidLabs\.gradle\7.3.3\fileHashes)" [_thread_blocked, id=25848, stack(0x00000082bdd00000,0x00000082bde00000)]
=>0x000002615524c000 JavaThread "C2 CompilerThread1" daemon [_thread_in_native, id=25796, stack(0x00000082bde00000,0x00000082bdf00000)]
  0x00000261543ff800 JavaThread "File watcher server" daemon [_thread_in_native, id=12772, stack(0x00000082bdf00000,0x00000082be000000)]
  0x0000026154406000 JavaThread "File watcher consumer" daemon [_thread_blocked, id=31968, stack(0x00000082be000000,0x00000082be100000)]
  0x0000026154403000 JavaThread "Cache worker for checksums cache (C:\Users\Thinkpad E15\AndroidStudioProjects\AndroidLabs\.gradle\7.3.3\checksums)" [_thread_blocked, id=27580, stack(0x00000082be100000,0x00000082be200000)]
  0x0000026154400800 JavaThread "Cache worker for cache directory md-supplier (C:\Users\Thinkpad E15\.gradle\caches\7.3.3\md-supplier)" [_thread_blocked, id=30136, stack(0x00000082be200000,0x00000082be300000)]
  0x000002615440b000 JavaThread "Cache worker for cache directory md-rule (C:\Users\Thinkpad E15\.gradle\caches\7.3.3\md-rule)" [_thread_blocked, id=9384, stack(0x00000082be300000,0x00000082be400000)]
  0x000002615440d000 JavaThread "Cache worker for execution history cache (C:\Users\Thinkpad E15\.gradle\caches\7.3.3\executionHistory)" [_thread_blocked, id=25512, stack(0x00000082be400000,0x00000082be500000)]
  0x000002615440c000 JavaThread "jar transforms" [_thread_blocked, id=32452, stack(0x00000082be500000,0x00000082be600000)]
  0x0000026154408800 JavaThread "Cache worker for file content cache (C:\Users\Thinkpad E15\.gradle\caches\7.3.3\fileContent)" [_thread_blocked, id=25636, stack(0x00000082be600000,0x00000082be700000)]
  0x0000026154409800 JavaThread "jar transforms Thread 2" [_thread_blocked, id=28192, stack(0x00000082be700000,0x00000082be800000)]
  0x0000026154408000 JavaThread "Cache worker for dependencies-accessors (C:\Users\Thinkpad E15\AndroidStudioProjects\AndroidLabs\.gradle\7.3.3\dependencies-accessors)" [_thread_blocked, id=26036, stack(0x00000082be800000,0x00000082be900000)]
  0x00000261560f7000 JavaThread "jar transforms Thread 3" [_thread_blocked, id=24652, stack(0x00000082be900000,0x00000082bea00000)]
  0x00000261560fb000 JavaThread "Cache worker for Build Output Cleanup Cache (C:\Users\Thinkpad E15\AndroidStudioProjects\AndroidLabs\.gradle\buildOutputCleanup)" [_thread_blocked, id=31788, stack(0x00000082bea00000,0x00000082beb00000)]
  0x00000261560f5800 JavaThread "Unconstrained build operations" [_thread_blocked, id=23588, stack(0x00000082beb00000,0x00000082bec00000)]
  0x00000261560fa800 JavaThread "Unconstrained build operations Thread 2" [_thread_blocked, id=28940, stack(0x00000082bec00000,0x00000082bed00000)]
  0x00000261560fc000 JavaThread "Unconstrained build operations Thread 3" [_thread_blocked, id=7084, stack(0x00000082bed00000,0x00000082bee00000)]
  0x00000261560f8800 JavaThread "Unconstrained build operations Thread 4" [_thread_blocked, id=24580, stack(0x00000082bee00000,0x00000082bef00000)]
  0x00000261560f6000 JavaThread "Unconstrained build operations Thread 5" [_thread_blocked, id=4116, stack(0x00000082bef00000,0x00000082bf000000)]
  0x00000261560f9800 JavaThread "Unconstrained build operations Thread 6" [_thread_blocked, id=31372, stack(0x00000082bf000000,0x00000082bf100000)]
  0x00000261560fc800 JavaThread "Unconstrained build operations Thread 7" [_thread_blocked, id=7144, stack(0x00000082bf100000,0x00000082bf200000)]
  0x00000261560fd800 JavaThread "Unconstrained build operations Thread 8" [_thread_blocked, id=12088, stack(0x00000082bf200000,0x00000082bf300000)]
  0x00000261560f8000 JavaThread "Unconstrained build operations Thread 9" [_thread_blocked, id=12796, stack(0x00000082bf300000,0x00000082bf400000)]
  0x00000261560ff000 JavaThread "Unconstrained build operations Thread 10" [_thread_blocked, id=32644, stack(0x00000082bf400000,0x00000082bf500000)]
  0x00000261560fe800 JavaThread "Unconstrained build operations Thread 11" [_thread_blocked, id=29920, stack(0x00000082bf500000,0x00000082bf600000)]
  0x0000026156104000 JavaThread "Unconstrained build operations Thread 12" [_thread_blocked, id=29684, stack(0x00000082bf600000,0x00000082bf700000)]
  0x0000026156101800 JavaThread "Unconstrained build operations Thread 13" [_thread_blocked, id=28488, stack(0x00000082bf700000,0x00000082bf800000)]
  0x0000026156100000 JavaThread "Unconstrained build operations Thread 14" [_thread_blocked, id=26248, stack(0x00000082bf800000,0x00000082bf900000)]
  0x0000026156101000 JavaThread "Unconstrained build operations Thread 15" [_thread_blocked, id=15480, stack(0x00000082bf900000,0x00000082bfa00000)]
  0x0000026156102800 JavaThread "Unconstrained build operations Thread 16" [_thread_blocked, id=13976, stack(0x00000082bfa00000,0x00000082bfb00000)]
  0x0000026156103800 JavaThread "Unconstrained build operations Thread 17" [_thread_blocked, id=29112, stack(0x00000082bfb00000,0x00000082bfc00000)]
  0x0000026158775800 JavaThread "Unconstrained build operations Thread 18" [_thread_blocked, id=18980, stack(0x00000082bfc00000,0x00000082bfd00000)]
  0x0000026158777800 JavaThread "Unconstrained build operations Thread 19" [_thread_blocked, id=25552, stack(0x00000082bfd00000,0x00000082bfe00000)]
  0x000002615877c000 JavaThread "Unconstrained build operations Thread 20" [_thread_blocked, id=25452, stack(0x00000082bfe00000,0x00000082bff00000)]
  0x0000026158778800 JavaThread "Unconstrained build operations Thread 21" [_thread_blocked, id=30684, stack(0x00000082bff00000,0x00000082c0000000)]
  0x0000026158779800 JavaThread "Unconstrained build operations Thread 22" [_thread_blocked, id=8848, stack(0x00000082c0000000,0x00000082c0100000)]
  0x000002615877b000 JavaThread "Unconstrained build operations Thread 23" [_thread_blocked, id=15588, stack(0x00000082c0100000,0x00000082c0200000)]
  0x000002615877a000 JavaThread "Unconstrained build operations Thread 24" [_thread_blocked, id=29260, stack(0x00000082c0200000,0x00000082c0300000)]
  0x0000026158776000 JavaThread "Unconstrained build operations Thread 25" [_thread_blocked, id=27040, stack(0x00000082c0300000,0x00000082c0400000)]
  0x000002615877c800 JavaThread "Unconstrained build operations Thread 26" [_thread_blocked, id=24040, stack(0x00000082c0400000,0x00000082c0500000)]
  0x0000026158777000 JavaThread "Unconstrained build operations Thread 27" [_thread_blocked, id=21656, stack(0x00000082c0500000,0x00000082c0600000)]
  0x000002615877f000 JavaThread "Unconstrained build operations Thread 28" [_thread_blocked, id=21548, stack(0x00000082c0600000,0x00000082c0700000)]
  0x000002615877d800 JavaThread "Unconstrained build operations Thread 29" [_thread_blocked, id=5984, stack(0x00000082c0700000,0x00000082c0800000)]
  0x000002615877e800 JavaThread "Unconstrained build operations Thread 30" [_thread_blocked, id=15564, stack(0x00000082c0800000,0x00000082c0900000)]
  0x0000026158780000 JavaThread "Unconstrained build operations Thread 31" [_thread_blocked, id=5516, stack(0x00000082c0900000,0x00000082c0a00000)]
  0x0000026158783000 JavaThread "Unconstrained build operations Thread 32" [_thread_blocked, id=4216, stack(0x00000082c0a00000,0x00000082c0b00000)]
  0x0000026158780800 JavaThread "Unconstrained build operations Thread 33" [_thread_blocked, id=23040, stack(0x00000082c0b00000,0x00000082c0c00000)]
  0x0000026158782800 JavaThread "Unconstrained build operations Thread 34" [_thread_blocked, id=19172, stack(0x00000082c0c00000,0x00000082c0d00000)]
  0x0000026158784000 JavaThread "Unconstrained build operations Thread 35" [_thread_blocked, id=17800, stack(0x00000082c0d00000,0x00000082c0e00000)]
  0x0000026158781800 JavaThread "Unconstrained build operations Thread 36" [_thread_blocked, id=30364, stack(0x00000082c0e00000,0x00000082c0f00000)]
  0x0000026154c3e800 JavaThread "Unconstrained build operations Thread 37" [_thread_blocked, id=27836, stack(0x00000082c0f00000,0x00000082c1000000)]
  0x0000026154c3b800 JavaThread "Unconstrained build operations Thread 38" [_thread_blocked, id=31452, stack(0x00000082c1000000,0x00000082c1100000)]
  0x0000026154c3a000 JavaThread "Unconstrained build operations Thread 39" [_thread_blocked, id=11268, stack(0x00000082c1100000,0x00000082c1200000)]
  0x0000026154c3d000 JavaThread "Unconstrained build operations Thread 40" [_thread_blocked, id=12848, stack(0x00000082c1200000,0x00000082c1300000)]
  0x0000026154c3a800 JavaThread "Unconstrained build operations Thread 41" [_thread_blocked, id=31368, stack(0x00000082c1300000,0x00000082c1400000)]
  0x0000026154c3c800 JavaThread "Unconstrained build operations Thread 42" [_thread_blocked, id=31660, stack(0x00000082c1400000,0x00000082c1500000)]
  0x0000026154c3e000 JavaThread "Unconstrained build operations Thread 43" [_thread_blocked, id=996, stack(0x00000082c1500000,0x00000082c1600000)]
  0x0000026154c39000 JavaThread "Unconstrained build operations Thread 44" [_thread_blocked, id=19552, stack(0x00000082c1600000,0x00000082c1700000)]
  0x0000026154c42000 JavaThread "Unconstrained build operations Thread 45" [_thread_blocked, id=20664, stack(0x00000082c1700000,0x00000082c1800000)]
  0x0000026154c45000 JavaThread "Unconstrained build operations Thread 46" [_thread_blocked, id=27324, stack(0x00000082c1800000,0x00000082c1900000)]
  0x0000026154c41000 JavaThread "Unconstrained build operations Thread 47" [_thread_blocked, id=29168, stack(0x00000082c1900000,0x00000082c1a00000)]
  0x0000026154c43000 JavaThread "Unconstrained build operations Thread 48" [_thread_blocked, id=31560, stack(0x00000082c1a00000,0x00000082c1b00000)]
  0x0000026154c43800 JavaThread "Unconstrained build operations Thread 49" [_thread_blocked, id=31152, stack(0x00000082c1b00000,0x00000082c1c00000)]
  0x0000026154c44800 JavaThread "Unconstrained build operations Thread 50" [_thread_blocked, id=18276, stack(0x00000082c1c00000,0x00000082c1d00000)]
  0x0000026154c3f800 JavaThread "Unconstrained build operations Thread 51" [_thread_blocked, id=1032, stack(0x00000082c1d00000,0x00000082c1e00000)]
  0x0000026154c46000 JavaThread "Unconstrained build operations Thread 52" [_thread_blocked, id=30008, stack(0x00000082c1e00000,0x00000082c1f00000)]
  0x0000026154c40800 JavaThread "Unconstrained build operations Thread 53" [_thread_blocked, id=7128, stack(0x00000082c1f00000,0x00000082c2000000)]
  0x0000026154c47000 JavaThread "Unconstrained build operations Thread 54" [_thread_blocked, id=26120, stack(0x00000082c2000000,0x00000082c2100000)]
  0x0000026154c47800 JavaThread "Unconstrained build operations Thread 55" [_thread_blocked, id=31396, stack(0x00000082c2100000,0x00000082c2200000)]
  0x0000026154aac800 JavaThread "Unconstrained build operations Thread 56" [_thread_blocked, id=31768, stack(0x00000082c2200000,0x00000082c2300000)]
  0x0000026154aae000 JavaThread "Unconstrained build operations Thread 57" [_thread_blocked, id=31680, stack(0x00000082c2300000,0x00000082c2400000)]
  0x0000026154aab000 JavaThread "Unconstrained build operations Thread 58" [_thread_blocked, id=26416, stack(0x00000082c2400000,0x00000082c2500000)]
  0x0000026154aab800 JavaThread "Unconstrained build operations Thread 59" [_thread_blocked, id=32348, stack(0x00000082c2500000,0x00000082c2600000)]
  0x0000026154aaf000 JavaThread "Unconstrained build operations Thread 60" [_thread_blocked, id=8288, stack(0x00000082c2600000,0x00000082c2700000)]
  0x0000026154aad800 JavaThread "Unconstrained build operations Thread 61" [_thread_blocked, id=1068, stack(0x00000082c2700000,0x00000082c2800000)]
  0x0000026154aaa000 JavaThread "Unconstrained build operations Thread 62" [_thread_blocked, id=3500, stack(0x00000082c2800000,0x00000082c2900000)]
  0x0000026154ab3000 JavaThread "Unconstrained build operations Thread 63" [_thread_blocked, id=27140, stack(0x00000082c2900000,0x00000082c2a00000)]
  0x0000026154ab5800 JavaThread "Unconstrained build operations Thread 64" [_thread_blocked, id=8228, stack(0x00000082c2a00000,0x00000082c2b00000)]
  0x0000026154ab4000 JavaThread "Unconstrained build operations Thread 65" [_thread_blocked, id=16520, stack(0x00000082c2b00000,0x00000082c2c00000)]
  0x0000026154ab0800 JavaThread "Unconstrained build operations Thread 66" [_thread_blocked, id=26424, stack(0x00000082c2c00000,0x00000082c2d00000)]
  0x0000026154ab1800 JavaThread "Unconstrained build operations Thread 67" [_thread_blocked, id=23884, stack(0x00000082c2d00000,0x00000082c2e00000)]
  0x0000026154ab4800 JavaThread "Unconstrained build operations Thread 68" [_thread_blocked, id=30628, stack(0x00000082c2e00000,0x00000082c2f00000)]
  0x0000026154aaf800 JavaThread "Unconstrained build operations Thread 69" [_thread_blocked, id=29944, stack(0x00000082c2f00000,0x00000082c3000000)]
  0x0000026154ab6800 JavaThread "Unconstrained build operations Thread 70" [_thread_blocked, id=30148, stack(0x00000082c3000000,0x00000082c3100000)]
  0x0000026154ab7000 JavaThread "Unconstrained build operations Thread 71" [_thread_blocked, id=31556, stack(0x00000082c3100000,0x00000082c3200000)]
  0x0000026154ab8000 JavaThread "Unconstrained build operations Thread 72" [_thread_blocked, id=20628, stack(0x00000082c3200000,0x00000082c3300000)]
  0x0000026154ab2000 JavaThread "Unconstrained build operations Thread 73" [_thread_blocked, id=31972, stack(0x00000082c3300000,0x00000082c3400000)]
  0x0000026154ab8800 JavaThread "Unconstrained build operations Thread 74" [_thread_blocked, id=25808, stack(0x00000082c3400000,0x00000082c3500000)]
  0x000002615855a800 JavaThread "Unconstrained build operations Thread 75" [_thread_blocked, id=24192, stack(0x00000082c3500000,0x00000082c3600000)]
  0x000002615855c800 JavaThread "Unconstrained build operations Thread 76" [_thread_blocked, id=23580, stack(0x00000082c3600000,0x00000082c3700000)]
  0x000002615855d000 JavaThread "Unconstrained build operations Thread 77" [_thread_blocked, id=16956, stack(0x00000082c3700000,0x00000082c3800000)]
  0x000002615855b800 JavaThread "Unconstrained build operations Thread 78" [_thread_blocked, id=29876, stack(0x00000082c3800000,0x00000082c3900000)]
  0x000002615855e000 JavaThread "Unconstrained build operations Thread 79" [_thread_blocked, id=31312, stack(0x00000082c3900000,0x00000082c3a00000)]
  0x0000026158558800 JavaThread "Unconstrained build operations Thread 80" [_thread_blocked, id=21260, stack(0x00000082c3a00000,0x00000082c3b00000)]
  0x000002615855f000 JavaThread "Unconstrained build operations Thread 81" [_thread_blocked, id=3880, stack(0x00000082c3b00000,0x00000082c3c00000)]
  0x0000026158559000 JavaThread "Unconstrained build operations Thread 82" [_thread_blocked, id=11100, stack(0x00000082c3c00000,0x00000082c3d00000)]
  0x000002615855f800 JavaThread "Unconstrained build operations Thread 83" [_thread_blocked, id=31000, stack(0x00000082c3d00000,0x00000082c3e00000)]
  0x000002615855a000 JavaThread "Unconstrained build operations Thread 84" [_thread_blocked, id=5004, stack(0x00000082c3e00000,0x00000082c3f00000)]
  0x0000026158563000 JavaThread "Unconstrained build operations Thread 85" [_thread_blocked, id=29240, stack(0x00000082c3f00000,0x00000082c4000000)]
  0x0000026158561800 JavaThread "Unconstrained build operations Thread 86" [_thread_blocked, id=2596, stack(0x00000082c4000000,0x00000082c4100000)]
  0x0000026158565800 JavaThread "Unconstrained build operations Thread 87" [_thread_blocked, id=11404, stack(0x00000082c4100000,0x00000082c4200000)]
  0x0000026158564800 JavaThread "Unconstrained build operations Thread 88" [_thread_blocked, id=24012, stack(0x00000082c4200000,0x00000082c4300000)]
  0x0000026158566000 JavaThread "Unconstrained build operations Thread 89" [_thread_blocked, id=27020, stack(0x00000082c4300000,0x00000082c4400000)]
  0x0000026158562000 JavaThread "Unconstrained build operations Thread 90" [_thread_blocked, id=30804, stack(0x00000082c4400000,0x00000082c4500000)]
  0x0000026158563800 JavaThread "Unconstrained build operations Thread 91" [_thread_blocked, id=29456, stack(0x00000082c4500000,0x00000082c4600000)]
  0x0000026158560800 JavaThread "Unconstrained build operations Thread 92" [_thread_blocked, id=31104, stack(0x00000082c4600000,0x00000082c4700000)]
  0x0000026158567000 JavaThread "Unconstrained build operations Thread 93" [_thread_blocked, id=11732, stack(0x00000082c4700000,0x00000082c4800000)]
  0x00000261584d9800 JavaThread "Unconstrained build operations Thread 94" [_thread_blocked, id=26920, stack(0x00000082c4800000,0x00000082c4900000)]
  0x00000261584da800 JavaThread "Unconstrained build operations Thread 95" [_thread_blocked, id=27484, stack(0x00000082c4900000,0x00000082c4a00000)]
  0x00000261584db000 JavaThread "Unconstrained build operations Thread 96" [_thread_blocked, id=988, stack(0x00000082c4a00000,0x00000082c4b00000)]
  0x00000261584dc000 JavaThread "Unconstrained build operations Thread 97" [_thread_blocked, id=31388, stack(0x00000082c4b00000,0x00000082c4c00000)]
  0x00000261584d6800 JavaThread "Unconstrained build operations Thread 98" [_thread_blocked, id=31168, stack(0x00000082c4c00000,0x00000082c4d00000)]
  0x00000261584d8000 JavaThread "Unconstrained build operations Thread 99" [_thread_blocked, id=11832, stack(0x00000082c4d00000,0x00000082c4e00000)]
  0x00000261584dd000 JavaThread "Unconstrained build operations Thread 100" [_thread_blocked, id=25932, stack(0x00000082c4e00000,0x00000082c4f00000)]
  0x00000261584d9000 JavaThread "Unconstrained build operations Thread 101" [_thread_blocked, id=29336, stack(0x00000082c4f00000,0x00000082c5000000)]
  0x00000261584d7000 JavaThread "Unconstrained build operations Thread 102" [_thread_blocked, id=29956, stack(0x00000082c5000000,0x00000082c5100000)]
  0x00000261584df800 JavaThread "Unconstrained build operations Thread 103" [_thread_blocked, id=23656, stack(0x00000082c5100000,0x00000082c5200000)]
  0x00000261584e3800 JavaThread "Unconstrained build operations Thread 104" [_thread_blocked, id=3808, stack(0x00000082c5200000,0x00000082c5300000)]
  0x00000261584e0000 JavaThread "Unconstrained build operations Thread 105" [_thread_blocked, id=9996, stack(0x00000082c5300000,0x00000082c5400000)]
  0x00000261584dd800 JavaThread "Unconstrained build operations Thread 106" [_thread_blocked, id=23224, stack(0x00000082c5400000,0x00000082c5500000)]
  0x00000261584e1000 JavaThread "Unconstrained build operations Thread 107" [_thread_blocked, id=27456, stack(0x00000082c5500000,0x00000082c5600000)]
  0x00000261584e2000 JavaThread "Unconstrained build operations Thread 108" [_thread_blocked, id=28620, stack(0x00000082c5600000,0x00000082c5700000)]
  0x00000261584e2800 JavaThread "Unconstrained build operations Thread 109" [_thread_blocked, id=31060, stack(0x00000082c5700000,0x00000082c5800000)]
  0x00000261584e4000 JavaThread "Unconstrained build operations Thread 110" [_thread_blocked, id=28712, stack(0x00000082c5800000,0x00000082c5900000)]
  0x00000261584de800 JavaThread "Unconstrained build operations Thread 111" [_thread_blocked, id=5424, stack(0x00000082c5900000,0x00000082c5a00000)]
  0x00000261584e5000 JavaThread "Unconstrained build operations Thread 112" [_thread_blocked, id=27480, stack(0x00000082c5a00000,0x00000082c5b00000)]
  0x00000261594b6800 JavaThread "Unconstrained build operations Thread 113" [_thread_blocked, id=21016, stack(0x00000082c5b00000,0x00000082c5c00000)]
  0x00000261594ba800 JavaThread "Unconstrained build operations Thread 114" [_thread_blocked, id=31836, stack(0x00000082c5c00000,0x00000082c5d00000)]
  0x00000261594b9800 JavaThread "Unconstrained build operations Thread 115" [_thread_blocked, id=596, stack(0x00000082c5d00000,0x00000082c5e00000)]
  0x00000261594b5800 JavaThread "Unconstrained build operations Thread 116" [_thread_blocked, id=27372, stack(0x00000082c5e00000,0x00000082c5f00000)]
  0x00000261594b8000 JavaThread "Unconstrained build operations Thread 117" [_thread_blocked, id=31300, stack(0x00000082c5f00000,0x00000082c6000000)]
  0x00000261594bc000 JavaThread "Unconstrained build operations Thread 118" [_thread_blocked, id=16800, stack(0x00000082c6000000,0x00000082c6100000)]
  0x00000261594bb800 JavaThread "Unconstrained build operations Thread 119" [_thread_blocked, id=30424, stack(0x00000082c6100000,0x00000082c6200000)]
  0x00000261594b9000 JavaThread "Unconstrained build operations Thread 120" [_thread_blocked, id=5740, stack(0x00000082c6200000,0x00000082c6300000)]
  0x00000261594bd000 JavaThread "Unconstrained build operations Thread 121" [_thread_blocked, id=22760, stack(0x00000082c6300000,0x00000082c6400000)]
  0x00000261594b7800 JavaThread "Unconstrained build operations Thread 122" [_thread_blocked, id=32388, stack(0x00000082c6400000,0x00000082c6500000)]
  0x00000261594be800 JavaThread "Unconstrained build operations Thread 123" [_thread_blocked, id=24384, stack(0x00000082c6500000,0x00000082c6600000)]
  0x00000261594c1000 JavaThread "Unconstrained build operations Thread 124" [_thread_blocked, id=26840, stack(0x00000082c6600000,0x00000082c6700000)]
  0x00000261594c0800 JavaThread "Unconstrained build operations Thread 125" [_thread_blocked, id=23688, stack(0x00000082c6700000,0x00000082c6800000)]
  0x00000261594c2000 JavaThread "Unconstrained build operations Thread 126" [_thread_blocked, id=31228, stack(0x00000082c6800000,0x00000082c6900000)]
  0x00000261594bf800 JavaThread "Unconstrained build operations Thread 127" [_thread_blocked, id=1600, stack(0x00000082c6900000,0x00000082c6a00000)]
  0x00000261594c2800 JavaThread "Unconstrained build operations Thread 128" [_thread_blocked, id=5532, stack(0x00000082c6a00000,0x00000082c6b00000)]
  0x00000261594c3800 JavaThread "Unconstrained build operations Thread 129" [_thread_blocked, id=12404, stack(0x00000082c6b00000,0x00000082c6c00000)]
  0x00000261594be000 JavaThread "Unconstrained build operations Thread 130" [_thread_blocked, id=9000, stack(0x00000082c6c00000,0x00000082c6d00000)]
  0x00000261594c4800 JavaThread "Unconstrained build operations Thread 131" [_thread_blocked, id=6208, stack(0x00000082c6d00000,0x00000082c6e00000)]
  0x000002615883e000 JavaThread "Unconstrained build operations Thread 132" [_thread_blocked, id=14480, stack(0x00000082c6e00000,0x00000082c6f00000)]
  0x000002615883a000 JavaThread "Unconstrained build operations Thread 133" [_thread_blocked, id=6508, stack(0x00000082c6f00000,0x00000082c7000000)]
  0x0000026158840800 JavaThread "Unconstrained build operations Thread 134" [_thread_blocked, id=13628, stack(0x00000082c7000000,0x00000082c7100000)]
  0x000002615883d800 JavaThread "Unconstrained build operations Thread 135" [_thread_blocked, id=16604, stack(0x00000082c7100000,0x00000082c7200000)]
  0x000002615883b000 JavaThread "jar transforms Thread 4" [_thread_blocked, id=27472, stack(0x00000082c7200000,0x00000082c7300000)]
  0x000002615883f000 JavaThread "jar transforms Thread 5" [_thread_blocked, id=29172, stack(0x00000082c7300000,0x00000082c7400000)]
  0x0000026158841800 JavaThread "jar transforms Thread 6" [_thread_blocked, id=31576, stack(0x00000082c7400000,0x00000082c7500000)]
  0x000002615883b800 JavaThread "jar transforms Thread 7" [_thread_blocked, id=11104, stack(0x00000082c7500000,0x00000082c7600000)]
  0x0000026158842000 JavaThread "jar transforms Thread 8" [_thread_blocked, id=25788, stack(0x00000082c7600000,0x00000082c7700000)]
  0x0000026158840000 JavaThread "jar transforms Thread 9" [_thread_blocked, id=22560, stack(0x00000082c7700000,0x00000082c7800000)]
  0x000002615883c800 JavaThread "jar transforms Thread 10" [_thread_blocked, id=29124, stack(0x00000082c7800000,0x00000082c7900000)]
  0x0000026158847000 JavaThread "jar transforms Thread 11" [_thread_blocked, id=21556, stack(0x00000082c7900000,0x00000082c7a00000)]
  0x0000026158844800 JavaThread "jar transforms Thread 12" [_thread_blocked, id=30436, stack(0x00000082c7a00000,0x00000082c7b00000)]
  0x0000026158846800 JavaThread "jar transforms Thread 13" [_thread_blocked, id=28188, stack(0x00000082c7b00000,0x00000082c7c00000)]
  0x0000026158845800 JavaThread "jar transforms Thread 14" [_thread_blocked, id=11772, stack(0x00000082c7c00000,0x00000082c7d00000)]
  0x0000026158848000 JavaThread "jar transforms Thread 15" [_thread_blocked, id=24260, stack(0x00000082c7d00000,0x00000082c7e00000)]
  0x0000026158849000 JavaThread "jar transforms Thread 16" [_thread_blocked, id=25204, stack(0x00000082c7e00000,0x00000082c7f00000)]
  0x0000026158843000 JavaThread "Memory manager" [_thread_blocked, id=22636, stack(0x00000082c8000000,0x00000082c8100000)]

Other Threads:
  0x0000026152015800 VMThread "VM Thread" [stack: 0x00000082bb400000,0x00000082bb500000] [id=24976]
  0x0000026152b7d800 WatcherThread [stack: 0x00000082bbf00000,0x00000082bc000000] [id=29816]
  0x000002613510b800 GCTaskThread "GC Thread#0" [stack: 0x00000082baf00000,0x00000082bb000000] [id=31804]
  0x0000026153178000 GCTaskThread "GC Thread#1" [stack: 0x00000082bc400000,0x00000082bc500000] [id=18508]
  0x0000026152dd4000 GCTaskThread "GC Thread#2" [stack: 0x00000082bc100000,0x00000082bc200000] [id=6380]
  0x0000026152dd2800 GCTaskThread "GC Thread#3" [stack: 0x00000082bc600000,0x00000082bc700000] [id=18972]
  0x0000026154c1d800 GCTaskThread "GC Thread#4" [stack: 0x00000082bc700000,0x00000082bc800000] [id=25364]
  0x0000026153f71000 GCTaskThread "GC Thread#5" [stack: 0x00000082bc800000,0x00000082bc900000] [id=28404]
  0x0000026153f70800 GCTaskThread "GC Thread#6" [stack: 0x00000082bd400000,0x00000082bd500000] [id=13356]
  0x0000026153f72000 GCTaskThread "GC Thread#7" [stack: 0x00000082bd500000,0x00000082bd600000] [id=9920]
  0x0000026153f72800 GCTaskThread "GC Thread#8" [stack: 0x00000082bd600000,0x00000082bd700000] [id=26108]
  0x0000026153f73000 GCTaskThread "GC Thread#9" [stack: 0x00000082bd700000,0x00000082bd800000] [id=21460]
  0x0000026153f74000 GCTaskThread "GC Thread#10" [stack: 0x00000082bd800000,0x00000082bd900000] [id=22316]
  0x0000026153f74800 GCTaskThread "GC Thread#11" [stack: 0x00000082bd900000,0x00000082bda00000] [id=25036]
  0x0000026153f75800 GCTaskThread "GC Thread#12" [stack: 0x00000082bda00000,0x00000082bdb00000] [id=4804]
  0x000002613513f000 ConcurrentGCThread "G1 Main Marker" [stack: 0x00000082bb000000,0x00000082bb100000] [id=28556]
  0x0000026135140000 ConcurrentGCThread "G1 Conc#0" [stack: 0x00000082bb100000,0x00000082bb200000] [id=31780]
  0x0000026153f77000 ConcurrentGCThread "G1 Conc#1" [stack: 0x00000082bdb00000,0x00000082bdc00000] [id=20060]
  0x0000026153f76000 ConcurrentGCThread "G1 Conc#2" [stack: 0x00000082bdc00000,0x00000082bdd00000] [id=23876]
  0x0000026151e66800 ConcurrentGCThread "G1 Refine#0" [stack: 0x00000082bb200000,0x00000082bb300000] [id=31764]
  0x000002615990a800 ConcurrentGCThread "G1 Refine#1" [stack: 0x00000082c7f00000,0x00000082c8000000] [id=20104]
  0x0000026151e68000 ConcurrentGCThread "G1 Young RemSet Sampling" [stack: 0x00000082bb300000,0x00000082bb400000] [id=2780]

Threads with active compile tasks:
C2 CompilerThread0  11097 6969       4       java.lang.Class::annotationData (44 bytes)
C2 CompilerThread1  11097 6893       4       org.gradle.internal.reflect.MethodSet::add (50 bytes)

VM state:at safepoint (normal execution)

VM Mutex/Monitor currently owned by a thread:  ([mutex/lock_event])
[0x00000261350eea40] Threads_lock - owner thread: 0x0000026152015800
[0x00000261350ee140] Heap_lock - owner thread: 0x0000026152b08000

Heap address: 0x0000000080000000, size: 2048 MB, Compressed Oops mode: 32-bit
Narrow klass base: 0x0000000000000000, Narrow klass shift: 3
Compressed class space size: 1073741824 Address: 0x0000000100000000

Heap:
 garbage-first heap   total 135168K, used 93694K [0x0000000080000000, 0x0000000100000000)
  region size 1024K, 50 young (51200K), 3 survivors (3072K)
 Metaspace       used 63713K, capacity 65202K, committed 65536K, reserved 1105920K
  class space    used 8068K, capacity 8651K, committed 8780K, reserved 1048576K
Heap Regions: E=young(eden), S=young(survivor), O=old, HS=humongous(starts), HC=humongous(continues), CS=collection set, F=free, A=archive, TAMS=top-at-mark-start (previous, next)
|   0|0x0000000080000000, 0x0000000080100000, 0x0000000080100000|100%| O|  |TAMS 0x0000000080100000, 0x0000000080100000| Untracked 
|   1|0x0000000080100000, 0x0000000080200000, 0x0000000080200000|100%| O|  |TAMS 0x0000000080200000, 0x0000000080200000| Untracked 
|   2|0x0000000080200000, 0x0000000080300000, 0x0000000080300000|100%| O|  |TAMS 0x0000000080300000, 0x0000000080300000| Untracked 
|   3|0x0000000080300000, 0x0000000080400000, 0x0000000080400000|100%|HS|  |TAMS 0x0000000080400000, 0x0000000080400000| Complete 
|   4|0x0000000080400000, 0x0000000080500000, 0x0000000080500000|100%|HC|  |TAMS 0x0000000080500000, 0x0000000080500000| Complete 
|   5|0x0000000080500000, 0x0000000080600000, 0x0000000080600000|100%|HC|  |TAMS 0x0000000080600000, 0x0000000080600000| Complete 
|   6|0x0000000080600000, 0x0000000080700000, 0x0000000080700000|100%| O|  |TAMS 0x0000000080700000, 0x0000000080700000| Untracked 
|   7|0x0000000080700000, 0x0000000080800000, 0x0000000080800000|100%| O|  |TAMS 0x0000000080800000, 0x0000000080800000| Untracked 
|   8|0x0000000080800000, 0x0000000080900000, 0x0000000080900000|100%| O|  |TAMS 0x0000000080900000, 0x0000000080900000| Untracked 
|   9|0x0000000080900000, 0x0000000080a00000, 0x0000000080a00000|100%| O|  |TAMS 0x0000000080a00000, 0x0000000080a00000| Untracked 
|  10|0x0000000080a00000, 0x0000000080b00000, 0x0000000080b00000|100%| O|  |TAMS 0x0000000080b00000, 0x0000000080b00000| Untracked 
|  11|0x0000000080b00000, 0x0000000080c00000, 0x0000000080c00000|100%| O|  |TAMS 0x0000000080c00000, 0x0000000080c00000| Untracked 
|  12|0x0000000080c00000, 0x0000000080d00000, 0x0000000080d00000|100%| O|  |TAMS 0x0000000080d00000, 0x0000000080d00000| Untracked 
|  13|0x0000000080d00000, 0x0000000080e00000, 0x0000000080e00000|100%| O|  |TAMS 0x0000000080e00000, 0x0000000080e00000| Untracked 
|  14|0x0000000080e00000, 0x0000000080f00000, 0x0000000080f00000|100%| O|  |TAMS 0x0000000080f00000, 0x0000000080f00000| Untracked 
|  15|0x0000000080f00000, 0x0000000081000000, 0x0000000081000000|100%| O|  |TAMS 0x0000000081000000, 0x0000000081000000| Untracked 
|  16|0x0000000081000000, 0x0000000081100000, 0x0000000081100000|100%| O|  |TAMS 0x0000000081100000, 0x0000000081100000| Untracked 
|  17|0x0000000081100000, 0x0000000081200000, 0x0000000081200000|100%|HS|  |TAMS 0x0000000081200000, 0x0000000081200000| Complete 
|  18|0x0000000081200000, 0x0000000081300000, 0x0000000081300000|100%| O|  |TAMS 0x0000000081300000, 0x0000000081300000| Untracked 
|  19|0x0000000081300000, 0x0000000081400000, 0x0000000081400000|100%| O|  |TAMS 0x0000000081400000, 0x0000000081400000| Untracked 
|  20|0x0000000081400000, 0x0000000081500000, 0x0000000081500000|100%| O|  |TAMS 0x0000000081500000, 0x0000000081500000| Untracked 
|  21|0x0000000081500000, 0x0000000081600000, 0x0000000081600000|100%| O|  |TAMS 0x0000000081600000, 0x0000000081600000| Untracked 
|  22|0x0000000081600000, 0x0000000081700000, 0x0000000081700000|100%| O|  |TAMS 0x0000000081700000, 0x0000000081700000| Untracked 
|  23|0x0000000081700000, 0x0000000081800000, 0x0000000081800000|100%| O|  |TAMS 0x0000000081800000, 0x0000000081800000| Untracked 
|  24|0x0000000081800000, 0x0000000081900000, 0x0000000081900000|100%| O|  |TAMS 0x0000000081900000, 0x0000000081900000| Untracked 
|  25|0x0000000081900000, 0x0000000081a00000, 0x0000000081a00000|100%| O|  |TAMS 0x0000000081a00000, 0x0000000081a00000| Untracked 
|  26|0x0000000081a00000, 0x0000000081b00000, 0x0000000081b00000|100%| O|  |TAMS 0x0000000081b00000, 0x0000000081b00000| Untracked 
|  27|0x0000000081b00000, 0x0000000081c00000, 0x0000000081c00000|100%|HS|  |TAMS 0x0000000081c00000, 0x0000000081c00000| Complete 
|  28|0x0000000081c00000, 0x0000000081d00000, 0x0000000081d00000|100%|HS|  |TAMS 0x0000000081d00000, 0x0000000081d00000| Complete 
|  29|0x0000000081d00000, 0x0000000081e00000, 0x0000000081e00000|100%|HC|  |TAMS 0x0000000081e00000, 0x0000000081e00000| Complete 
|  30|0x0000000081e00000, 0x0000000081f00000, 0x0000000081f00000|100%| O|  |TAMS 0x0000000081f00000, 0x0000000081f00000| Untracked 
|  31|0x0000000081f00000, 0x0000000082000000, 0x0000000082000000|100%| O|  |TAMS 0x0000000082000000, 0x0000000082000000| Untracked 
|  32|0x0000000082000000, 0x0000000082100000, 0x0000000082100000|100%| O|  |TAMS 0x0000000082100000, 0x0000000082100000| Untracked 
|  33|0x0000000082100000, 0x0000000082200000, 0x0000000082200000|100%| O|  |TAMS 0x0000000082200000, 0x0000000082200000| Untracked 
|  34|0x0000000082200000, 0x0000000082300000, 0x0000000082300000|100%| O|  |TAMS 0x0000000082300000, 0x0000000082300000| Untracked 
|  35|0x0000000082300000, 0x0000000082400000, 0x0000000082400000|100%| O|  |TAMS 0x0000000082400000, 0x0000000082400000| Untracked 
|  36|0x0000000082400000, 0x0000000082500000, 0x0000000082500000|100%| O|  |TAMS 0x0000000082500000, 0x0000000082500000| Untracked 
|  37|0x0000000082500000, 0x0000000082600000, 0x0000000082600000|100%| O|  |TAMS 0x0000000082600000, 0x0000000082600000| Untracked 
|  38|0x0000000082600000, 0x0000000082700000, 0x0000000082700000|100%| O|  |TAMS 0x0000000082700000, 0x0000000082700000| Untracked 
|  39|0x0000000082700000, 0x0000000082800000, 0x0000000082800000|100%| O|  |TAMS 0x0000000082800000, 0x0000000082800000| Untracked 
|  40|0x0000000082800000, 0x0000000082900000, 0x0000000082900000|100%| O|  |TAMS 0x0000000082900000, 0x0000000082900000| Untracked 
|  41|0x0000000082900000, 0x0000000082a00000, 0x0000000082a00000|100%| O|  |TAMS 0x0000000082a00000, 0x0000000082a00000| Untracked 
|  42|0x0000000082a00000, 0x0000000082ae0000, 0x0000000082b00000| 87%| O|  |TAMS 0x0000000082ae0000, 0x0000000082b00000| Untracked 
|  43|0x0000000082b00000, 0x0000000082b00000, 0x0000000082c00000|  0%| F|  |TAMS 0x0000000082b00000, 0x0000000082b00000| Untracked 
|  44|0x0000000082c00000, 0x0000000082c00000, 0x0000000082d00000|  0%| F|  |TAMS 0x0000000082c00000, 0x0000000082c00000| Untracked 
|  45|0x0000000082d00000, 0x0000000082d00000, 0x0000000082e00000|  0%| F|  |TAMS 0x0000000082d00000, 0x0000000082d00000| Untracked 
|  46|0x0000000082e00000, 0x0000000082e00000, 0x0000000082f00000|  0%| F|  |TAMS 0x0000000082e00000, 0x0000000082e00000| Untracked 
|  47|0x0000000082f00000, 0x0000000082f00000, 0x0000000083000000|  0%| F|  |TAMS 0x0000000082f00000, 0x0000000082f00000| Untracked 
|  48|0x0000000083000000, 0x0000000083000000, 0x0000000083100000|  0%| F|  |TAMS 0x0000000083000000, 0x0000000083000000| Untracked 
|  49|0x0000000083100000, 0x0000000083100000, 0x0000000083200000|  0%| F|  |TAMS 0x0000000083100000, 0x0000000083100000| Untracked 
|  50|0x0000000083200000, 0x0000000083200000, 0x0000000083300000|  0%| F|  |TAMS 0x0000000083200000, 0x0000000083200000| Untracked 
|  51|0x0000000083300000, 0x0000000083300000, 0x0000000083400000|  0%| F|  |TAMS 0x0000000083300000, 0x0000000083300000| Untracked 
|  52|0x0000000083400000, 0x0000000083400000, 0x0000000083500000|  0%| F|  |TAMS 0x0000000083400000, 0x0000000083400000| Untracked 
|  53|0x0000000083500000, 0x0000000083500000, 0x0000000083600000|  0%| F|  |TAMS 0x0000000083500000, 0x0000000083500000| Untracked 
|  54|0x0000000083600000, 0x0000000083600000, 0x0000000083700000|  0%| F|  |TAMS 0x0000000083600000, 0x0000000083600000| Untracked 
|  55|0x0000000083700000, 0x0000000083700000, 0x0000000083800000|  0%| F|  |TAMS 0x0000000083700000, 0x0000000083700000| Untracked 
|  56|0x0000000083800000, 0x0000000083800000, 0x0000000083900000|  0%| F|  |TAMS 0x0000000083800000, 0x0000000083800000| Untracked 
|  57|0x0000000083900000, 0x0000000083900000, 0x0000000083a00000|  0%| F|  |TAMS 0x0000000083900000, 0x0000000083900000| Untracked 
|  58|0x0000000083a00000, 0x0000000083a00000, 0x0000000083b00000|  0%| F|  |TAMS 0x0000000083a00000, 0x0000000083a00000| Untracked 
|  59|0x0000000083b00000, 0x0000000083b00000, 0x0000000083c00000|  0%| F|  |TAMS 0x0000000083b00000, 0x0000000083b00000| Untracked 
|  60|0x0000000083c00000, 0x0000000083c00000, 0x0000000083d00000|  0%| F|  |TAMS 0x0000000083c00000, 0x0000000083c00000| Untracked 
|  61|0x0000000083d00000, 0x0000000083d00000, 0x0000000083e00000|  0%| F|  |TAMS 0x0000000083d00000, 0x0000000083d00000| Untracked 
|  62|0x0000000083e00000, 0x0000000083e00000, 0x0000000083f00000|  0%| F|  |TAMS 0x0000000083e00000, 0x0000000083e00000| Untracked 
|  63|0x0000000083f00000, 0x0000000083f00000, 0x0000000084000000|  0%| F|  |TAMS 0x0000000083f00000, 0x0000000083f00000| Untracked 
|  64|0x0000000084000000, 0x0000000084000000, 0x0000000084100000|  0%| F|  |TAMS 0x0000000084000000, 0x0000000084000000| Untracked 
|  65|0x0000000084100000, 0x0000000084100000, 0x0000000084200000|  0%| F|  |TAMS 0x0000000084100000, 0x0000000084100000| Untracked 
|  66|0x0000000084200000, 0x0000000084200000, 0x0000000084300000|  0%| F|  |TAMS 0x0000000084200000, 0x0000000084200000| Untracked 
|  67|0x0000000084300000, 0x0000000084300000, 0x0000000084400000|  0%| F|  |TAMS 0x0000000084300000, 0x0000000084300000| Untracked 
|  68|0x0000000084400000, 0x0000000084400000, 0x0000000084500000|  0%| F|  |TAMS 0x0000000084400000, 0x0000000084400000| Untracked 
|  69|0x0000000084500000, 0x0000000084500000, 0x0000000084600000|  0%| F|  |TAMS 0x0000000084500000, 0x0000000084500000| Untracked 
|  70|0x0000000084600000, 0x0000000084600000, 0x0000000084700000|  0%| F|  |TAMS 0x0000000084600000, 0x0000000084600000| Untracked 
|  71|0x0000000084700000, 0x0000000084700000, 0x0000000084800000|  0%| F|  |TAMS 0x0000000084700000, 0x0000000084700000| Untracked 
|  72|0x0000000084800000, 0x0000000084800000, 0x0000000084900000|  0%| F|  |TAMS 0x0000000084800000, 0x0000000084800000| Untracked 
|  73|0x0000000084900000, 0x0000000084900000, 0x0000000084a00000|  0%| F|  |TAMS 0x0000000084900000, 0x0000000084900000| Untracked 
|  74|0x0000000084a00000, 0x0000000084a00000, 0x0000000084b00000|  0%| F|  |TAMS 0x0000000084a00000, 0x0000000084a00000| Untracked 
|  75|0x0000000084b00000, 0x0000000084b00000, 0x0000000084c00000|  0%| F|  |TAMS 0x0000000084b00000, 0x0000000084b00000| Untracked 
|  76|0x0000000084c00000, 0x0000000084c00000, 0x0000000084d00000|  0%| F|  |TAMS 0x0000000084c00000, 0x0000000084c00000| Untracked 
|  77|0x0000000084d00000, 0x0000000084d62ab8, 0x0000000084e00000| 38%| S|CS|TAMS 0x0000000084d00000, 0x0000000084d00000| Complete 
|  78|0x0000000084e00000, 0x0000000084f00000, 0x0000000084f00000|100%| S|CS|TAMS 0x0000000084e00000, 0x0000000084e00000| Complete 
|  79|0x0000000084f00000, 0x0000000085000000, 0x0000000085000000|100%| S|CS|TAMS 0x0000000084f00000, 0x0000000084f00000| Complete 
|  80|0x0000000085000000, 0x0000000085100000, 0x0000000085100000|100%| S|CS|TAMS 0x0000000085000000, 0x0000000085000000| Complete 
|  81|0x0000000085100000, 0x0000000085200000, 0x0000000085200000|100%| S|CS|TAMS 0x0000000085100000, 0x0000000085100000| Complete 
|  82|0x0000000085200000, 0x0000000085300000, 0x0000000085300000|100%| S|CS|TAMS 0x0000000085200000, 0x0000000085200000| Complete 
|  83|0x0000000085300000, 0x0000000085300000, 0x0000000085400000|  0%| F|  |TAMS 0x0000000085300000, 0x0000000085300000| Untracked 
|  84|0x0000000085400000, 0x0000000085400000, 0x0000000085500000|  0%| F|  |TAMS 0x0000000085400000, 0x0000000085400000| Untracked 
|  85|0x0000000085500000, 0x0000000085500000, 0x0000000085600000|  0%| F|  |TAMS 0x0000000085500000, 0x0000000085500000| Untracked 
|  86|0x0000000085600000, 0x0000000085600000, 0x0000000085700000|  0%| F|  |TAMS 0x0000000085600000, 0x0000000085600000| Untracked 
|  87|0x0000000085700000, 0x0000000085700000, 0x0000000085800000|  0%| F|  |TAMS 0x0000000085700000, 0x0000000085700000| Untracked 
|  88|0x0000000085800000, 0x0000000085800000, 0x0000000085900000|  0%| F|  |TAMS 0x0000000085800000, 0x0000000085800000| Untracked 
|  89|0x0000000085900000, 0x0000000085900000, 0x0000000085a00000|  0%| F|  |TAMS 0x0000000085900000, 0x0000000085900000| Untracked 
|  90|0x0000000085a00000, 0x0000000085a00000, 0x0000000085b00000|  0%| F|  |TAMS 0x0000000085a00000, 0x0000000085a00000| Untracked 
|  91|0x0000000085b00000, 0x0000000085b00000, 0x0000000085c00000|  0%| F|  |TAMS 0x0000000085b00000, 0x0000000085b00000| Untracked 
|  92|0x0000000085c00000, 0x0000000085c00000, 0x0000000085d00000|  0%| F|  |TAMS 0x0000000085c00000, 0x0000000085c00000| Untracked 
|  93|0x0000000085d00000, 0x0000000085d00000, 0x0000000085e00000|  0%| F|  |TAMS 0x0000000085d00000, 0x0000000085d00000| Untracked 
|  94|0x0000000085e00000, 0x0000000085e00000, 0x0000000085f00000|  0%| F|  |TAMS 0x0000000085e00000, 0x0000000085e00000| Untracked 
|  95|0x0000000085f00000, 0x0000000085f00000, 0x0000000086000000|  0%| F|  |TAMS 0x0000000085f00000, 0x0000000085f00000| Untracked 
|  96|0x0000000086000000, 0x0000000086000000, 0x0000000086100000|  0%| F|  |TAMS 0x0000000086000000, 0x0000000086000000| Untracked 
|  97|0x0000000086100000, 0x0000000086100000, 0x0000000086200000|  0%| F|  |TAMS 0x0000000086100000, 0x0000000086100000| Untracked 
|  98|0x0000000086200000, 0x0000000086200000, 0x0000000086300000|  0%| F|  |TAMS 0x0000000086200000, 0x0000000086200000| Untracked 
|  99|0x0000000086300000, 0x0000000086300000, 0x0000000086400000|  0%| F|  |TAMS 0x0000000086300000, 0x0000000086300000| Untracked 
| 100|0x0000000086400000, 0x0000000086400000, 0x0000000086500000|  0%| F|  |TAMS 0x0000000086400000, 0x0000000086400000| Untracked 
| 101|0x0000000086500000, 0x0000000086500000, 0x0000000086600000|  0%| F|  |TAMS 0x0000000086500000, 0x0000000086500000| Untracked 
| 102|0x0000000086600000, 0x0000000086600000, 0x0000000086700000|  0%| F|  |TAMS 0x0000000086600000, 0x0000000086600000| Untracked 
| 103|0x0000000086700000, 0x0000000086700000, 0x0000000086800000|  0%| F|  |TAMS 0x0000000086700000, 0x0000000086700000| Untracked 
| 104|0x0000000086800000, 0x0000000086800000, 0x0000000086900000|  0%| F|  |TAMS 0x0000000086800000, 0x0000000086800000| Untracked 
| 105|0x0000000086900000, 0x0000000086900000, 0x0000000086a00000|  0%| F|  |TAMS 0x0000000086900000, 0x0000000086900000| Untracked 
| 106|0x0000000086a00000, 0x0000000086a00000, 0x0000000086b00000|  0%| F|  |TAMS 0x0000000086a00000, 0x0000000086a00000| Untracked 
| 107|0x0000000086b00000, 0x0000000086b00000, 0x0000000086c00000|  0%| F|  |TAMS 0x0000000086b00000, 0x0000000086b00000| Untracked 
| 108|0x0000000086c00000, 0x0000000086c00000, 0x0000000086d00000|  0%| F|  |TAMS 0x0000000086c00000, 0x0000000086c00000| Untracked 
| 109|0x0000000086d00000, 0x0000000086d00000, 0x0000000086e00000|  0%| F|  |TAMS 0x0000000086d00000, 0x0000000086d00000| Untracked 
| 110|0x0000000086e00000, 0x0000000086e00000, 0x0000000086f00000|  0%| F|  |TAMS 0x0000000086e00000, 0x0000000086e00000| Untracked 
| 111|0x0000000086f00000, 0x0000000086f00000, 0x0000000087000000|  0%| F|  |TAMS 0x0000000086f00000, 0x0000000086f00000| Untracked 
| 112|0x0000000087000000, 0x0000000087000000, 0x0000000087100000|  0%| F|  |TAMS 0x0000000087000000, 0x0000000087000000| Untracked 
| 113|0x0000000087100000, 0x0000000087100000, 0x0000000087200000|  0%| F|  |TAMS 0x0000000087100000, 0x0000000087100000| Untracked 
| 114|0x0000000087200000, 0x0000000087200000, 0x0000000087300000|  0%| F|  |TAMS 0x0000000087200000, 0x0000000087200000| Untracked 
| 115|0x0000000087300000, 0x0000000087300000, 0x0000000087400000|  0%| F|  |TAMS 0x0000000087300000, 0x0000000087300000| Untracked 
| 116|0x0000000087400000, 0x0000000087400000, 0x0000000087500000|  0%| F|  |TAMS 0x0000000087400000, 0x0000000087400000| Untracked 
| 117|0x0000000087500000, 0x0000000087500000, 0x0000000087600000|  0%| F|  |TAMS 0x0000000087500000, 0x0000000087500000| Untracked 
| 118|0x0000000087600000, 0x0000000087600000, 0x0000000087700000|  0%| F|  |TAMS 0x0000000087600000, 0x0000000087600000| Untracked 
| 119|0x0000000087700000, 0x0000000087700000, 0x0000000087800000|  0%| F|  |TAMS 0x0000000087700000, 0x0000000087700000| Untracked 
| 120|0x0000000087800000, 0x0000000087800000, 0x0000000087900000|  0%| F|  |TAMS 0x0000000087800000, 0x0000000087800000| Untracked 
| 121|0x0000000087900000, 0x0000000087900000, 0x0000000087a00000|  0%| F|  |TAMS 0x0000000087900000, 0x0000000087900000| Untracked 
| 122|0x0000000087a00000, 0x0000000087a00000, 0x0000000087b00000|  0%| F|  |TAMS 0x0000000087a00000, 0x0000000087a00000| Untracked 
| 123|0x0000000087b00000, 0x0000000087b00000, 0x0000000087c00000|  0%| F|  |TAMS 0x0000000087b00000, 0x0000000087b00000| Untracked 
| 124|0x0000000087c00000, 0x0000000087c00000, 0x0000000087d00000|  0%| F|  |TAMS 0x0000000087c00000, 0x0000000087c00000| Untracked 
| 125|0x0000000087d00000, 0x0000000087d00000, 0x0000000087e00000|  0%| F|  |TAMS 0x0000000087d00000, 0x0000000087d00000| Untracked 
| 126|0x0000000087e00000, 0x0000000087e00000, 0x0000000087f00000|  0%| F|  |TAMS 0x0000000087e00000, 0x0000000087e00000| Untracked 
| 127|0x0000000087f00000, 0x0000000087f00000, 0x0000000088000000|  0%| F|  |TAMS 0x0000000087f00000, 0x0000000087f00000| Untracked 
| 128|0x0000000088000000, 0x0000000088000000, 0x0000000088100000|  0%| F|  |TAMS 0x0000000088000000, 0x0000000088000000| Untracked 
| 129|0x0000000088100000, 0x0000000088100000, 0x0000000088200000|  0%| F|  |TAMS 0x0000000088100000, 0x0000000088100000| Untracked 
| 130|0x0000000088200000, 0x0000000088200000, 0x0000000088300000|  0%| F|  |TAMS 0x0000000088200000, 0x0000000088200000| Untracked 
| 131|0x0000000088300000, 0x0000000088381c38, 0x0000000088400000| 50%| E|  |TAMS 0x0000000088300000, 0x0000000088300000| Complete 

Card table byte_map: [0x000002614a7a0000,0x000002614aba0000] _byte_map_base: 0x000002614a3a0000

Marking Bits (Prev, Next): (CMBitMap*) 0x0000026135136580, (CMBitMap*) 0x0000026135136548
 Prev Bits: [0x000002614cfa0000, 0x000002614efa0000)
 Next Bits: [0x000002614afa0000, 0x000002614cfa0000)

Polling page: 0x00000261351d0000

Metaspace:

Usage:
  Non-class:     55.23 MB capacity,    54.34 MB ( 98%) used,   735.91 KB (  1%) free+waste,   170.50 KB ( <1%) overhead. 
      Class:      8.45 MB capacity,     7.88 MB ( 93%) used,   502.41 KB (  6%) free+waste,    79.94 KB ( <1%) overhead. 
       Both:     63.67 MB capacity,    62.22 MB ( 98%) used,     1.21 MB (  2%) free+waste,   250.44 KB ( <1%) overhead. 

Virtual space:
  Non-class space:       56.00 MB reserved,      55.43 MB ( 99%) committed 
      Class space:        1.00 GB reserved,       8.57 MB ( <1%) committed 
             Both:        1.05 GB reserved,      64.00 MB (  6%) committed 

Chunk freelists:
   Non-Class:  13.00 KB
       Class:  21.00 KB
        Both:  34.00 KB

MaxMetaspaceSize: 17179869184.00 GB
CompressedClassSpaceSize: 1.00 GB
Initial GC threshold: 20.80 MB
Current GC threshold: 98.96 MB
CDS: off

CodeHeap 'non-profiled nmethods': size=119168Kb used=3575Kb max_used=3575Kb free=115592Kb
 bounds [0x0000026141f70000, 0x00000261422f0000, 0x00000261493d0000]
CodeHeap 'profiled nmethods': size=119168Kb used=15249Kb max_used=15249Kb free=103918Kb
 bounds [0x000002613ab10000, 0x000002613ba00000, 0x0000026141f70000]
CodeHeap 'non-nmethods': size=7424Kb used=4029Kb max_used=4115Kb free=3394Kb
 bounds [0x000002613a3d0000, 0x000002613a7e0000, 0x000002613ab10000]
 total_blobs=7796 nmethods=6947 adapters=758
 compilation: enabled
              stopped_count=0, restarted_count=0
 full_count=0

Compilation events (20 events):
Event: 10.993 Thread 0x0000026152037800 nmethod 6898 0x00000261422e7a90 code [0x00000261422e7c40, 0x00000261422e8018]
Event: 10.993 Thread 0x0000026152037800 6901       4       org.objectweb.asm.MethodWriter::visitMethodInsn (191 bytes)
Event: 10.995 Thread 0x00000261537dc000 6970       3       org.objectweb.asm.Frame::accept (264 bytes)
Event: 10.995 Thread 0x0000026153836800 6971       3       org.objectweb.asm.MethodWriter::visitFrameStart (55 bytes)
Event: 10.995 Thread 0x0000026151fb5000 6972       3       org.objectweb.asm.MethodWriter::visitFrameEnd (53 bytes)
Event: 10.995 Thread 0x0000026152040000 6973       1       com.android.build.gradle.internal.dsl.decorator.DslDecorator$ManagedProperty::getAccess (5 bytes)
Event: 10.995 Thread 0x0000026152040000 nmethod 6973 0x00000261422e8310 code [0x00000261422e84c0, 0x00000261422e8578]
Event: 10.996 Thread 0x0000026153836800 nmethod 6971 0x000002613b9d0d10 code [0x000002613b9d0ee0, 0x000002613b9d11d8]
Event: 10.996 Thread 0x0000026151fb5000 nmethod 6972 0x000002613b9d1310 code [0x000002613b9d1500, 0x000002613b9d19c8]
Event: 10.998 Thread 0x00000261537dc000 nmethod 6970 0x000002613b9d1b10 code [0x000002613b9d1d40, 0x000002613b9d2658]
Event: 11.015 Thread 0x0000026153836800 6975       3       java.util.stream.AbstractPipeline::sequential (10 bytes)
Event: 11.015 Thread 0x0000026152040000 6974   !   3       java.util.stream.ReferencePipeline$7$1::accept (127 bytes)
Event: 11.015 Thread 0x0000026151fb5000 6976       3       java.util.stream.AbstractPipeline::close (48 bytes)
Event: 11.016 Thread 0x0000026153836800 nmethod 6975 0x000002613b9d2a10 code [0x000002613b9d2bc0, 0x000002613b9d2cd8]
Event: 11.016 Thread 0x0000026151fb5000 nmethod 6976 0x000002613b9d2d90 code [0x000002613b9d2f60, 0x000002613b9d31e8]
Event: 11.016 Thread 0x0000026152040000 nmethod 6974 0x000002613b9d3310 code [0x000002613b9d35a0, 0x000002613b9d4338]
Event: 11.019 Thread 0x00000261537dc000 6977       3       org.objectweb.asm.MethodWriter::endCurrentBasicBlockWithNoSuccessor (94 bytes)
Event: 11.020 Thread 0x00000261537dc000 nmethod 6977 0x000002613b9d4810 code [0x000002613b9d4a20, 0x000002613b9d5068]
Event: 11.027 Thread 0x0000026153836800 6979       3       org.objectweb.asm.MethodWriter::visitTypeInsn (116 bytes)
Event: 11.029 Thread 0x0000026153836800 nmethod 6979 0x000002613b9d5290 code [0x000002613b9d5480, 0x000002613b9d58e8]

GC Heap History (20 events):
Event: 2.691 GC heap before
{Heap before GC invocations=1 (full 0):
 garbage-first heap   total 112640K, used 73626K [0x0000000080000000, 0x0000000100000000)
  region size 1024K, 66 young (67584K), 3 survivors (3072K)
 Metaspace       used 15630K, capacity 16016K, committed 16256K, reserved 1062912K
  class space    used 1774K, capacity 1896K, committed 1920K, reserved 1048576K
}
Event: 2.699 GC heap after
{Heap after GC invocations=2 (full 0):
 garbage-first heap   total 112640K, used 15438K [0x0000000080000000, 0x0000000100000000)
  region size 1024K, 9 young (9216K), 9 survivors (9216K)
 Metaspace       used 15630K, capacity 16016K, committed 16256K, reserved 1062912K
  class space    used 1774K, capacity 1896K, committed 1920K, reserved 1048576K
}
Event: 3.495 GC heap before
{Heap before GC invocations=2 (full 0):
 garbage-first heap   total 112640K, used 55374K [0x0000000080000000, 0x0000000100000000)
  region size 1024K, 49 young (50176K), 9 survivors (9216K)
 Metaspace       used 20739K, capacity 21139K, committed 21248K, reserved 1067008K
  class space    used 2540K, capacity 2710K, committed 2816K, reserved 1048576K
}
Event: 3.513 GC heap after
{Heap after GC invocations=3 (full 0):
 garbage-first heap   total 112640K, used 16911K [0x0000000080000000, 0x0000000100000000)
  region size 1024K, 2 young (2048K), 2 survivors (2048K)
 Metaspace       used 20739K, capacity 21139K, committed 21248K, reserved 1067008K
  class space    used 2540K, capacity 2710K, committed 2816K, reserved 1048576K
}
Event: 4.226 GC heap before
{Heap before GC invocations=4 (full 0):
 garbage-first heap   total 112640K, used 67087K [0x0000000080000000, 0x0000000100000000)
  region size 1024K, 51 young (52224K), 2 survivors (2048K)
 Metaspace       used 25900K, capacity 26455K, committed 26624K, reserved 1073152K
  class space    used 3345K, capacity 3551K, committed 3584K, reserved 1048576K
}
Event: 4.233 GC heap after
{Heap after GC invocations=5 (full 0):
 garbage-first heap   total 112640K, used 18715K [0x0000000080000000, 0x0000000100000000)
  region size 1024K, 4 young (4096K), 4 survivors (4096K)
 Metaspace       used 25900K, capacity 26455K, committed 26624K, reserved 1073152K
  class space    used 3345K, capacity 3551K, committed 3584K, reserved 1048576K
}
Event: 5.088 GC heap before
{Heap before GC invocations=5 (full 0):
 garbage-first heap   total 112640K, used 71963K [0x0000000080000000, 0x0000000100000000)
  region size 1024K, 56 young (57344K), 4 survivors (4096K)
 Metaspace       used 31373K, capacity 32042K, committed 32128K, reserved 1077248K
  class space    used 4181K, capacity 4441K, committed 4480K, reserved 1048576K
}
Event: 5.093 GC heap after
{Heap after GC invocations=6 (full 0):
 garbage-first heap   total 112640K, used 20232K [0x0000000080000000, 0x0000000100000000)
  region size 1024K, 6 young (6144K), 6 survivors (6144K)
 Metaspace       used 31373K, capacity 32042K, committed 32128K, reserved 1077248K
  class space    used 4181K, capacity 4441K, committed 4480K, reserved 1048576K
}
Event: 5.404 GC heap before
{Heap before GC invocations=6 (full 0):
 garbage-first heap   total 112640K, used 29448K [0x0000000080000000, 0x0000000100000000)
  region size 1024K, 16 young (16384K), 6 survivors (6144K)
 Metaspace       used 35015K, capacity 35790K, committed 35840K, reserved 1081344K
  class space    used 4531K, capacity 4839K, committed 4864K, reserved 1048576K
}
Event: 5.413 GC heap after
{Heap after GC invocations=7 (full 0):
 garbage-first heap   total 112640K, used 22128K [0x0000000080000000, 0x0000000100000000)
  region size 1024K, 6 young (6144K), 6 survivors (6144K)
 Metaspace       used 35015K, capacity 35790K, committed 35840K, reserved 1081344K
  class space    used 4531K, capacity 4839K, committed 4864K, reserved 1048576K
}
Event: 6.117 GC heap before
{Heap before GC invocations=8 (full 0):
 garbage-first heap   total 112640K, used 80496K [0x0000000080000000, 0x0000000100000000)
  region size 1024K, 61 young (62464K), 6 survivors (6144K)
 Metaspace       used 39604K, capacity 40510K, committed 40780K, reserved 1085440K
  class space    used 5046K, capacity 5386K, committed 5452K, reserved 1048576K
}
Event: 6.128 GC heap after
{Heap after GC invocations=9 (full 0):
 garbage-first heap   total 112640K, used 27216K [0x0000000080000000, 0x0000000100000000)
  region size 1024K, 8 young (8192K), 8 survivors (8192K)
 Metaspace       used 39604K, capacity 40510K, committed 40780K, reserved 1085440K
  class space    used 5046K, capacity 5386K, committed 5452K, reserved 1048576K
}
Event: 6.884 GC heap before
{Heap before GC invocations=9 (full 0):
 garbage-first heap   total 112640K, used 81488K [0x0000000080000000, 0x0000000100000000)
  region size 1024K, 61 young (62464K), 8 survivors (8192K)
 Metaspace       used 44689K, capacity 45744K, committed 45900K, reserved 1089536K
  class space    used 5716K, capacity 6096K, committed 6220K, reserved 1048576K
}
Event: 6.895 GC heap after
{Heap after GC invocations=10 (full 0):
 garbage-first heap   total 135168K, used 29549K [0x0000000080000000, 0x0000000100000000)
  region size 1024K, 3 young (3072K), 3 survivors (3072K)
 Metaspace       used 44689K, capacity 45744K, committed 45900K, reserved 1089536K
  class space    used 5716K, capacity 6096K, committed 6220K, reserved 1048576K
}
Event: 7.920 GC heap before
{Heap before GC invocations=10 (full 0):
 garbage-first heap   total 135168K, used 95085K [0x0000000080000000, 0x0000000100000000)
  region size 1024K, 67 young (68608K), 3 survivors (3072K)
 Metaspace       used 48426K, capacity 49689K, committed 49740K, reserved 1091584K
  class space    used 6205K, capacity 6707K, committed 6732K, reserved 1048576K
}
Event: 7.927 GC heap after
{Heap after GC invocations=11 (full 0):
 garbage-first heap   total 135168K, used 31289K [0x0000000080000000, 0x0000000100000000)
  region size 1024K, 5 young (5120K), 5 survivors (5120K)
 Metaspace       used 48426K, capacity 49689K, committed 49740K, reserved 1091584K
  class space    used 6205K, capacity 6707K, committed 6732K, reserved 1048576K
}
Event: 9.282 GC heap before
{Heap before GC invocations=11 (full 0):
 garbage-first heap   total 135168K, used 99897K [0x0000000080000000, 0x0000000100000000)
  region size 1024K, 69 young (70656K), 5 survivors (5120K)
 Metaspace       used 53918K, capacity 55257K, committed 55372K, reserved 1097728K
  class space    used 6873K, capacity 7415K, committed 7500K, reserved 1048576K
}
Event: 9.295 GC heap after
{Heap after GC invocations=12 (full 0):
 garbage-first heap   total 135168K, used 43439K [0x0000000080000000, 0x0000000100000000)
  region size 1024K, 9 young (9216K), 9 survivors (9216K)
 Metaspace       used 53918K, capacity 55257K, committed 55372K, reserved 1097728K
  class space    used 6873K, capacity 7415K, committed 7500K, reserved 1048576K
}
Event: 9.917 GC heap before
{Heap before GC invocations=12 (full 0):
 garbage-first heap   total 135168K, used 75183K [0x0000000080000000, 0x0000000100000000)
  region size 1024K, 41 young (41984K), 9 survivors (9216K)
 Metaspace       used 58717K, capacity 60094K, committed 60288K, reserved 1101824K
  class space    used 7470K, capacity 8020K, committed 8140K, reserved 1048576K
}
Event: 9.930 GC heap after
{Heap after GC invocations=13 (full 0):
 garbage-first heap   total 135168K, used 45566K [0x0000000080000000, 0x0000000100000000)
  region size 1024K, 2 young (2048K), 2 survivors (2048K)
 Metaspace       used 58717K, capacity 60094K, committed 60288K, reserved 1101824K
  class space    used 7470K, capacity 8020K, committed 8140K, reserved 1048576K
}

Deoptimization events (20 events):
Event: 10.249 Thread 0x0000026152b08000 Uncommon trap: trap_request=0xffffff4d fr.pc=0x000002614226a700 relative=0x0000000000000060
Event: 10.249 Thread 0x0000026152b08000 Uncommon trap: reason=unstable_if action=reinterpret pc=0x000002614226a700 method=java.lang.ClassLoader.compareCerts([Ljava/security/cert/Certificate;[Ljava/security/cert/Certificate;)Z @ 1 c2
Event: 10.249 Thread 0x0000026152b08000 DEOPT PACKING pc=0x000002614226a700 sp=0x00000082bcdf16e0
Event: 10.249 Thread 0x0000026152b08000 DEOPT UNPACKING pc=0x000002613a41a1af sp=0x00000082bcdf1620 mode 2
Event: 10.267 Thread 0x0000026152b08000 Uncommon trap: trap_request=0xffffff4d fr.pc=0x000002614222d4a0 relative=0x0000000000000260
Event: 10.267 Thread 0x0000026152b08000 Uncommon trap: reason=unstable_if action=reinterpret pc=0x000002614222d4a0 method=java.util.LinkedHashMap.get(Ljava/lang/Object;)Ljava/lang/Object; @ 20 c2
Event: 10.267 Thread 0x0000026152b08000 DEOPT PACKING pc=0x000002614222d4a0 sp=0x00000082bcdf3d10
Event: 10.267 Thread 0x0000026152b08000 DEOPT UNPACKING pc=0x000002613a41a1af sp=0x00000082bcdf3cc8 mode 2
Event: 10.293 Thread 0x0000026152b08000 Uncommon trap: trap_request=0xffffff4d fr.pc=0x00000261422566bc relative=0x000000000000009c
Event: 10.293 Thread 0x0000026152b08000 Uncommon trap: reason=unstable_if action=reinterpret pc=0x00000261422566bc method=java.security.CodeSource.matchCerts(Ljava/security/CodeSource;Z)Z @ 11 c2
Event: 10.293 Thread 0x0000026152b08000 DEOPT PACKING pc=0x00000261422566bc sp=0x00000082bcdf0fa0
Event: 10.293 Thread 0x0000026152b08000 DEOPT UNPACKING pc=0x000002613a41a1af sp=0x00000082bcdf0f38 mode 2
Event: 10.456 Thread 0x0000026152b08000 Uncommon trap: trap_request=0xffffff4d fr.pc=0x0000026142247c7c relative=0x0000000000002f3c
Event: 10.456 Thread 0x0000026152b08000 Uncommon trap: reason=unstable_if action=reinterpret pc=0x0000026142247c7c method=java.util.regex.Pattern.has(I)Z @ 6 c2
Event: 10.456 Thread 0x0000026152b08000 DEOPT PACKING pc=0x0000026142247c7c sp=0x00000082bcdf7070
Event: 10.456 Thread 0x0000026152b08000 DEOPT UNPACKING pc=0x000002613a41a1af sp=0x00000082bcdf6ff0 mode 2
Event: 10.456 Thread 0x0000026152b08000 Uncommon trap: trap_request=0xffffff4d fr.pc=0x0000026141feef74 relative=0x0000000000000054
Event: 10.456 Thread 0x0000026152b08000 Uncommon trap: reason=unstable_if action=reinterpret pc=0x0000026141feef74 method=java.util.regex.Pattern.has(I)Z @ 6 c2
Event: 10.456 Thread 0x0000026152b08000 DEOPT PACKING pc=0x0000026141feef74 sp=0x00000082bcdf7050
Event: 10.456 Thread 0x0000026152b08000 DEOPT UNPACKING pc=0x000002613a41a1af sp=0x00000082bcdf6fe0 mode 2

Classes redefined (0 events):
No events

Internal exceptions (20 events):
Event: 8.617 Thread 0x0000026154402000 Exception <a 'java/lang/NoSuchMethodError'{0x0000000086537690}: <clinit>> (0x0000000086537690) thrown at [./src/hotspot/share/prims/jni.cpp, line 1365]
Event: 8.620 Thread 0x0000026154402000 Exception <a 'java/lang/NoSuchMethodError'{0x0000000086541e78}: <clinit>> (0x0000000086541e78) thrown at [./src/hotspot/share/prims/jni.cpp, line 1365]
Event: 8.623 Thread 0x0000026154402000 Exception <a 'java/lang/NoSuchMethodError'{0x0000000086555f40}: <clinit>> (0x0000000086555f40) thrown at [./src/hotspot/share/prims/jni.cpp, line 1365]
Event: 8.642 Thread 0x0000026152b08000 Exception <a 'java/lang/ClassNotFoundException'{0x00000000865d09f0}: build_268h07yfuqm9b6dmreusoqkmrBeanInfo> (0x00000000865d09f0) thrown at [./src/hotspot/share/classfile/systemDictionary.cpp, line 231]
Event: 8.642 Thread 0x0000026152b08000 Exception <a 'java/lang/ClassNotFoundException'{0x00000000865db9a8}: build_268h07yfuqm9b6dmreusoqkmrCustomizer> (0x00000000865db9a8) thrown at [./src/hotspot/share/classfile/systemDictionary.cpp, line 231]
Event: 8.680 Thread 0x0000026152b08000 Exception <a 'java/lang/ClassNotFoundException'{0x0000000086379570}: org/gradle/api/internal/plugins/DefaultObjectConfigurationActionBeanInfo> (0x0000000086379570) thrown at [./src/hotspot/share/classfile/systemDictionary.cpp, line 231]
Event: 8.683 Thread 0x0000026152b08000 Exception <a 'java/lang/ClassNotFoundException'{0x00000000863ae9a8}: org/gradle/api/internal/plugins/DefaultObjectConfigurationActionCustomizer> (0x00000000863ae9a8) thrown at [./src/hotspot/share/classfile/systemDictionary.cpp, line 231]
Event: 8.861 Thread 0x0000026152b08000 Exception <a 'java/lang/NoSuchMethodError'{0x00000000859f5970}: 'java.lang.Object java.lang.invoke.DirectMethodHandle$Holder.invokeStatic(java.lang.Object, java.lang.Object, java.lang.Object, java.lang.Object, int)'> (0x00000000859f5970) thrown at [./src/hotspot/share/interpreter/linkResolver.cpp, line 773]
Event: 8.862 Thread 0x0000026152b08000 Exception <a 'java/lang/NoSuchMethodError'{0x00000000859fa368}: 'java.lang.Object java.lang.invoke.DirectMethodHandle$Holder.invokeSpecial(java.lang.Object, java.lang.Object, java.lang.Object, java.lang.Object, java.lang.Object, int)'> (0x00000000859fa368) thrown at [./src/hotspot/share/interpreter/linkResolver.cpp, line 773]
Event: 8.862 Thread 0x0000026152b08000 Exception <a 'java/lang/NoSuchMethodError'{0x00000000859fe9a8}: 'java.lang.Object java.lang.invoke.Invokers$Holder.linkToTargetMethod(java.lang.Object, java.lang.Object, java.lang.Object, int, java.lang.Object)'> (0x00000000859fe9a8) thrown at [./src/hotspot/share/interpreter/linkResolver.cpp, line 773]
Event: 9.171 Thread 0x0000026152b08000 Exception <a 'java/lang/NoSuchMethodError'{0x000000008493cdf8}: 'java.lang.Object java.lang.invoke.DirectMethodHandle$Holder.invokeSpecial(java.lang.Object, java.lang.Object, int, int, java.lang.Object, java.lang.Object, java.lang.Object)'> (0x000000008493cdf8) thrown at [./src/hotspot/share/interpreter/linkResolver.cpp, line 773]
Event: 9.171 Thread 0x0000026152b08000 Exception <a 'java/lang/NoSuchMethodError'{0x0000000084941378}: 'java.lang.Object java.lang.invoke.DelegatingMethodHandle$Holder.reinvoke_L(java.lang.Object, int, int, java.lang.Object, java.lang.Object, java.lang.Object)'> (0x0000000084941378) thrown at [./src/hotspot/share/interpreter/linkResolver.cpp, line 773]
Event: 9.443 Thread 0x0000026152b08000 Exception <a 'java/lang/NoSuchMethodError'{0x0000000087dd0d40}: 'int java.lang.invoke.DirectMethodHandle$Holder.invokeInterface(java.lang.Object, java.lang.Object, java.lang.Object, java.lang.Object)'> (0x0000000087dd0d40) thrown at [./src/hotspot/share/interpreter/linkResolver.cpp, line 773]
Event: 9.747 Thread 0x0000026152b08000 Exception <a 'java/lang/NoSuchMethodError'{0x0000000086dd5f58}: 'void java.lang.invoke.DirectMethodHandle$Holder.invokeInterface(java.lang.Object, java.lang.Object, java.lang.Object, java.lang.Object)'> (0x0000000086dd5f58) thrown at [./src/hotspot/share/interpreter/linkResolver.cpp, line 773]
Event: 9.931 Thread 0x0000026152b08000 Exception <a 'java/lang/IncompatibleClassChangeError'{0x0000000088300608}: Found class java.lang.Object, but interface was expected> (0x0000000088300608) thrown at [./src/hotspot/share/interpreter/linkResolver.cpp, line 839]
Event: 10.018 Thread 0x0000026152b08000 Implicit null exception at 0x000002614224a4d4 to 0x000002614224a6c8
Event: 10.018 Thread 0x0000026152b08000 Implicit null exception at 0x000002614228872b to 0x000002614228a594
Event: 10.123 Thread 0x0000026152b08000 Implicit null exception at 0x00000261421f52ad to 0x00000261421f5520
Event: 10.199 Thread 0x0000026152b08000 Implicit null exception at 0x000002614210032c to 0x00000261421004da
Event: 10.351 Thread 0x0000026152b08000 Exception <a 'sun/nio/fs/WindowsException'{0x0000000086ef53c0}> (0x0000000086ef53c0) thrown at [./src/hotspot/share/prims/jni.cpp, line 615]

Events (20 events):
Event: 10.965 loading class com/android/build/gradle/internal/dsl/BundleOptionsCodeTransparency$AgpDecorated
Event: 10.965 loading class com/android/build/gradle/internal/dsl/BundleOptionsCodeTransparency$AgpDecorated done
Event: 10.976 loading class com/android/build/gradle/internal/dsl/SigningConfigImpl$AgpDecorated
Event: 10.976 loading class com/android/build/gradle/internal/dsl/SigningConfigImpl$AgpDecorated done
Event: 10.988 loading class java/security/KeyStore
Event: 10.989 loading class java/security/KeyStore done
Event: 10.990 loading class java/security/KeyStore$1
Event: 10.992 loading class java/security/KeyStore$1 done
Event: 10.992 loading class com/android/build/gradle/internal/dsl/BundleOptionsAbi$AgpDecorated
Event: 10.992 loading class com/android/build/gradle/internal/dsl/BundleOptionsAbi$AgpDecorated done
Event: 11.003 loading class com/android/build/gradle/internal/dsl/BundleOptionsDensity$AgpDecorated
Event: 11.003 loading class com/android/build/gradle/internal/dsl/BundleOptionsDensity$AgpDecorated done
Event: 11.011 loading class com/android/build/gradle/internal/dsl/ApplicationPublishingImpl$AgpDecorated
Event: 11.011 loading class com/android/build/gradle/internal/dsl/ApplicationPublishingImpl$AgpDecorated done
Event: 11.014 loading class com/android/build/api/dsl/SingleVariant
Event: 11.014 loading class com/android/build/api/dsl/SingleVariant done
Event: 11.016 loading class com/android/build/api/dsl/PublishingOptions
Event: 11.016 loading class com/android/build/api/dsl/PublishingOptions done
Event: 11.024 loading class com/android/build/gradle/internal/dsl/AaptOptions$AgpDecorated
Event: 11.024 loading class com/android/build/gradle/internal/dsl/AaptOptions$AgpDecorated done


Dynamic libraries:
0x00007ff731da0000 - 0x00007ff731daa000 	D:\Android Studio\jre\bin\java.exe
0x00007ff80b500000 - 0x00007ff80b709000 	C:\WINDOWS\SYSTEM32\ntdll.dll
0x00007ff809630000 - 0x00007ff8096ed000 	C:\WINDOWS\System32\KERNEL32.DLL
0x00007ff808cb0000 - 0x00007ff809029000 	C:\WINDOWS\System32\KERNELBASE.dll
0x00007ff8089f0000 - 0x00007ff808b01000 	C:\WINDOWS\System32\ucrtbase.dll
0x00007fffe2d30000 - 0x00007fffe2d49000 	D:\Android Studio\jre\bin\jli.dll
0x00007fffe2db0000 - 0x00007fffe2dc7000 	D:\Android Studio\jre\bin\VCRUNTIME140.dll
0x00007ff8098c0000 - 0x00007ff809a6c000 	C:\WINDOWS\System32\USER32.dll
0x00007ff808c80000 - 0x00007ff808ca6000 	C:\WINDOWS\System32\win32u.dll
0x00007ff809f90000 - 0x00007ff809fb9000 	C:\WINDOWS\System32\GDI32.dll
0x00007ff809200000 - 0x00007ff809312000 	C:\WINDOWS\System32\gdi32full.dll
0x00007ffff6680000 - 0x00007ffff6925000 	C:\WINDOWS\WinSxS\amd64_microsoft.windows.common-controls_6595b64144ccf1df_6.0.22000.120_none_9d947278b86cc467\COMCTL32.dll
0x00007ff80b1d0000 - 0x00007ff80b273000 	C:\WINDOWS\System32\msvcrt.dll
0x00007ff809030000 - 0x00007ff8090cd000 	C:\WINDOWS\System32\msvcp_win.dll
0x00007ff80aef0000 - 0x00007ff80af21000 	C:\WINDOWS\System32\IMM32.DLL
0x00007fffc69f0000 - 0x00007fffc6a8d000 	D:\Android Studio\jre\bin\msvcp140.dll
0x00007fffba220000 - 0x00007fffbad05000 	D:\Android Studio\jre\bin\server\jvm.dll
0x00007ff80b2f0000 - 0x00007ff80b39e000 	C:\WINDOWS\System32\ADVAPI32.dll
0x00007ff80af30000 - 0x00007ff80afce000 	C:\WINDOWS\System32\sechost.dll
0x00007ff8097a0000 - 0x00007ff8098c0000 	C:\WINDOWS\System32\RPCRT4.dll
0x00007ff80b1a0000 - 0x00007ff80b1a8000 	C:\WINDOWS\System32\PSAPI.DLL
0x00007ff8008c0000 - 0x00007ff8008f3000 	C:\WINDOWS\SYSTEM32\WINMM.dll
0x00007ffffe620000 - 0x00007ffffe62a000 	C:\WINDOWS\SYSTEM32\VERSION.dll
0x00007fffec5c0000 - 0x00007fffec5c9000 	C:\WINDOWS\SYSTEM32\WSOCK32.dll
0x00007ff80b280000 - 0x00007ff80b2ef000 	C:\WINDOWS\System32\WS2_32.dll
0x00007ff807af0000 - 0x00007ff807b08000 	C:\WINDOWS\SYSTEM32\kernel.appcore.dll
0x00007ff8018a0000 - 0x00007ff8018b1000 	D:\Android Studio\jre\bin\verify.dll
0x00007ff8063d0000 - 0x00007ff8065f1000 	C:\WINDOWS\SYSTEM32\DBGHELP.DLL
0x00007fffedc10000 - 0x00007fffedc41000 	C:\WINDOWS\SYSTEM32\dbgcore.DLL
0x00007ff809320000 - 0x00007ff80939f000 	C:\WINDOWS\System32\bcryptPrimitives.dll
0x00007ffff7360000 - 0x00007ffff7389000 	D:\Android Studio\jre\bin\java.dll
0x00007ff801890000 - 0x00007ff80189b000 	D:\Android Studio\jre\bin\jimage.dll
0x00007fffe4260000 - 0x00007fffe4278000 	D:\Android Studio\jre\bin\zip.dll
0x00007ff80a650000 - 0x00007ff80adff000 	C:\WINDOWS\System32\SHELL32.dll
0x00007ff806b60000 - 0x00007ff8073c8000 	C:\WINDOWS\SYSTEM32\windows.storage.dll
0x00007ff809b80000 - 0x00007ff809ef8000 	C:\WINDOWS\System32\combase.dll
0x00007ff8069f0000 - 0x00007ff806b56000 	C:\WINDOWS\SYSTEM32\wintypes.dll
0x00007ff80b030000 - 0x00007ff80b11a000 	C:\WINDOWS\System32\SHCORE.dll
0x00007ff80afd0000 - 0x00007ff80b02d000 	C:\WINDOWS\System32\shlwapi.dll
0x00007ff808920000 - 0x00007ff808941000 	C:\WINDOWS\SYSTEM32\profapi.dll
0x00007fffe4240000 - 0x00007fffe425a000 	D:\Android Studio\jre\bin\net.dll
0x00007ff8000c0000 - 0x00007ff8001cc000 	C:\WINDOWS\SYSTEM32\WINHTTP.dll
0x00007ff807f20000 - 0x00007ff807f87000 	C:\WINDOWS\system32\mswsock.dll
0x00007fffe4220000 - 0x00007fffe4234000 	D:\Android Studio\jre\bin\nio.dll
0x00007fffe1900000 - 0x00007fffe1927000 	C:\Users\Thinkpad E15\.gradle\native\e1d6ef7f7dcc3fd88c89a11ec53ec762bb8ba0a96d01ffa2cd45eb1d1d8dd5c5\windows-amd64\native-platform.dll
0x00007fff9f310000 - 0x00007fff9f454000 	C:\Users\Thinkpad E15\.gradle\native\5664cfc778a61ccfe75a443a1ab52a65af34e5dc3c78e0209fed803814484fcb\windows-amd64\native-platform-file-events.dll
0x00007ffff9570000 - 0x00007ffff957a000 	D:\Android Studio\jre\bin\management.dll
0x00007ffff8e20000 - 0x00007ffff8e2d000 	D:\Android Studio\jre\bin\management_ext.dll
0x00007ff808160000 - 0x00007ff808178000 	C:\WINDOWS\SYSTEM32\CRYPTSP.dll
0x00007ff807a50000 - 0x00007ff807a85000 	C:\WINDOWS\system32\rsaenh.dll
0x00007ff808010000 - 0x00007ff808039000 	C:\WINDOWS\SYSTEM32\USERENV.dll
0x00007ff8082d0000 - 0x00007ff8082f7000 	C:\WINDOWS\SYSTEM32\bcrypt.dll
0x00007ff8086b0000 - 0x00007ff8086bc000 	C:\WINDOWS\SYSTEM32\CRYPTBASE.dll
0x00007ff807620000 - 0x00007ff80764d000 	C:\WINDOWS\SYSTEM32\IPHLPAPI.DLL
0x00007ff80ae00000 - 0x00007ff80ae09000 	C:\WINDOWS\System32\NSI.dll
0x00007fffffbb0000 - 0x00007fffffbc9000 	C:\WINDOWS\SYSTEM32\dhcpcsvc6.DLL
0x00007ff800880000 - 0x00007ff80089e000 	C:\WINDOWS\SYSTEM32\dhcpcsvc.DLL
0x00007ff807690000 - 0x00007ff807778000 	C:\WINDOWS\SYSTEM32\DNSAPI.dll

dbghelp: loaded successfully - version: 4.0.5 - missing functions: none
symbol engine: initialized successfully - sym options: 0x614 - pdb path: .;D:\Android Studio\jre\bin;C:\WINDOWS\SYSTEM32;C:\WINDOWS\WinSxS\amd64_microsoft.windows.common-controls_6595b64144ccf1df_6.0.22000.120_none_9d947278b86cc467;D:\Android Studio\jre\bin\server;C:\Users\Thinkpad E15\.gradle\native\e1d6ef7f7dcc3fd88c89a11ec53ec762bb8ba0a96d01ffa2cd45eb1d1d8dd5c5\windows-amd64;C:\Users\Thinkpad E15\.gradle\native\5664cfc778a61ccfe75a443a1ab52a65af34e5dc3c78e0209fed803814484fcb\windows-amd64

VM Arguments:
jvm_args: --add-opens=java.base/java.util=ALL-UNNAMED --add-opens=java.base/java.lang=ALL-UNNAMED --add-opens=java.base/java.lang.invoke=ALL-UNNAMED --add-opens=java.base/java.util=ALL-UNNAMED --add-opens=java.prefs/java.util.prefs=ALL-UNNAMED --add-opens=java.prefs/java.util.prefs=ALL-UNNAMED --add-opens=java.base/java.nio.charset=ALL-UNNAMED --add-opens=java.base/java.net=ALL-UNNAMED --add-opens=java.base/java.util.concurrent.atomic=ALL-UNNAMED -Xmx2048m -Dfile.encoding=UTF-8 -Duser.country=US -Duser.language=en -Duser.variant 
java_command: org.gradle.launcher.daemon.bootstrap.GradleDaemon 7.3.3
java_class_path (initial): C:\Users\Thinkpad E15\.gradle\wrapper\dists\gradle-7.3.3-bin\6a41zxkdtcxs8rphpq6y0069z\gradle-7.3.3\lib\gradle-launcher-7.3.3.jar
Launcher Type: SUN_STANDARD

[Global flags]
     intx CICompilerCount                          = 12                                        {product} {ergonomic}
     uint ConcGCThreads                            = 3                                         {product} {ergonomic}
     uint G1ConcRefinementThreads                  = 13                                        {product} {ergonomic}
   size_t G1HeapRegionSize                         = 1048576                                   {product} {ergonomic}
    uintx GCDrainStackTargetSize                   = 64                                        {product} {ergonomic}
   size_t InitialHeapSize                          = 115343360                                 {product} {ergonomic}
   size_t MarkStackSize                            = 4194304                                   {product} {ergonomic}
   size_t MaxHeapSize                              = 2147483648                                {product} {command line}
   size_t MaxNewSize                               = 1287651328                                {product} {ergonomic}
   size_t MinHeapDeltaBytes                        = 1048576                                   {product} {ergonomic}
    uintx NonNMethodCodeHeapSize                   = 7594288                                {pd product} {ergonomic}
    uintx NonProfiledCodeHeapSize                  = 122031976                              {pd product} {ergonomic}
    uintx ProfiledCodeHeapSize                     = 122031976                              {pd product} {ergonomic}
    uintx ReservedCodeCacheSize                    = 251658240                              {pd product} {ergonomic}
     bool SegmentedCodeCache                       = true                                      {product} {ergonomic}
     bool UseCompressedClassPointers               = true                                 {lp64_product} {ergonomic}
     bool UseCompressedOops                        = true                                 {lp64_product} {ergonomic}
     bool UseG1GC                                  = true                                      {product} {ergonomic}
     bool UseLargePagesIndividualAllocation        = false                                  {pd product} {ergonomic}

Logging:
Log output configuration:
 #0: stdout all=warning uptime,level,tags
 #1: stderr all=off uptime,level,tags

Environment Variables:
CLASSPATH=%CLASSPATH%;%JUNIT_HOME%\junit-4.13.2.jar;.;;D:\Junit4\junit-4.13.2.jar;.;;D:\Junit4\junit-4.13.2.jar;.;
PATH=C:\Users\Thinkpad E15\AppData\Local\Programs\Python\Python310\Scripts\;C:\Users\Thinkpad E15\AppData\Local\Programs\Python\Python310\;D:\app\ThinkpadE15\product\12.1.0\dbhome_1\bin;C:\Program Files\Common Files\Oracle\Java\javapath;C:\Program Files (x86)\VMware\VMware Workstation\bin\;C:\WINDOWS\system32;C:\WINDOWS;C:\WINDOWS\System32\Wbem;C:\WINDOWS\System32\WindowsPowerShell\v1.0\;C:\WINDOWS\System32\OpenSSH\;C:\Program Files\Microsoft SQL Server\Client SDK\ODBC\170\Tools\Binn\;C:\Program Files (x86)\Microsoft SQL Server\150\Tools\Binn\;C:\Program Files\Microsoft SQL Server\150\Tools\Binn\;C:\Program Files\Microsoft SQL Server\150\DTS\Binn\;C:\Program Files\Bandizip\;C:\Program Files\MongoDB\Server\5.0\bin;C:\Program Files\Git\cmd;C:\ProgramData\chocolatey\bin;C:\Users\Thinkpad E15\AppData\Roaming\nvm;C:\Program Files\nodejs;C:\Program Files\MySQL\MySQL Shell 8.0\bin\;C:\Users\Thinkpad E15\AppData\Local\Microsoft\WindowsApps;D:\IntelliJ IDEA Community Edition 2021.2.1\bin;;C:\Users\Thinkpad E15\AppData\Local\Programs\Microsoft VS Code\bin;C:\Users\Thinkpad E15\AppData\Roaming\npm;C:\Program Files\heroku\bin;C:\Users\Thinkpad E15\AppData\Roaming\nvm;C:\Program Files\nodejs
USERNAME=Thinkpad E15
OS=Windows_NT
PROCESSOR_IDENTIFIER=AMD64 Family 23 Model 104 Stepping 1, AuthenticAMD



---------------  S Y S T E M  ---------------

OS: Windows 10 , 64 bit Build 22000 (10.0.22000.675)
OS uptime: 1 days 22:41 hours

CPU:total 16 (initial active 16) (16 cores per cpu, 2 threads per core) family 23 model 104 stepping 1 microcode 0x0, cmov, cx8, fxsr, mmx, sse, sse2, sse3, ssse3, sse4.1, sse4.2, popcnt, avx, avx2, aes, clmul, mmxext, 3dnowpref, lzcnt, sse4a, ht, tsc, tscinvbit, tscinv, bmi1, bmi2, adx, sha, fma

Memory: 4k page, system-wide physical 6986M (552M free)
TotalPageFile size 28490M (AvailPageFile size 1M)
current process WorkingSet (physical memory assigned to process): 351M, peak: 352M
current process commit charge ("private bytes"): 401M, peak: 404M

vm_info: OpenJDK 64-Bit Server VM (11.0.12+7-b1504.28-7817840) for windows-amd64 JRE (11.0.12+7-b1504.28-7817840), built on Oct 13 2021 22:12:33 by "builder" with MS VC++ 14.0 (VS2015)

END.
