#
# There is insufficient memory for the Java Runtime Environment to continue.
# Native memory allocation (malloc) failed to allocate 1366096 bytes for Chunk::new
# Possible reasons:
#   The system is out of physical RAM or swap space
#   The process is running with CompressedOops enabled, and the Java Heap may be blocking the growth of the native heap
# Possible solutions:
#   Reduce memory load on the system
#   Increase physical memory or swap space
#   Check if swap backing store is full
#   Decrease Java heap size (-Xmx/-Xms)
#   Decrease number of Java threads
#   Decrease Java thread stack sizes (-Xss)
#   Set larger code cache with -XX:ReservedCodeCacheSize=
#   JVM is running with Unscaled Compressed Oops mode in which the Java heap is
#     placed in the first 4GB address space. The Java Heap base address is the
#     maximum limit for the native heap growth. Please use -XX:HeapBaseMinAddress
#     to set the Java Heap base and to place the Java Heap above 4GB virtual address.
# This output file may be truncated or incomplete.
#
#  Out of Memory Error (./src/hotspot/share/memory/arena.cpp:197), pid=29328, tid=9636
#
# JRE version: OpenJDK Runtime Environment (11.0.12+7) (build 11.0.12+7-b1504.28-7817840)
# Java VM: OpenJDK 64-Bit Server VM (11.0.12+7-b1504.28-7817840, mixed mode, tiered, compressed oops, g1 gc, windows-amd64)
# No core dump will be written. Minidumps are not enabled by default on client versions of Windows
#

---------------  S U M M A R Y ------------

Command Line: --add-opens=java.base/java.util=ALL-UNNAMED --add-opens=java.base/java.lang=ALL-UNNAMED --add-opens=java.base/java.lang.invoke=ALL-UNNAMED --add-opens=java.base/java.util=ALL-UNNAMED --add-opens=java.prefs/java.util.prefs=ALL-UNNAMED --add-opens=java.prefs/java.util.prefs=ALL-UNNAMED --add-opens=java.base/java.nio.charset=ALL-UNNAMED --add-opens=java.base/java.net=ALL-UNNAMED --add-opens=java.base/java.util.concurrent.atomic=ALL-UNNAMED -Xmx2048m -Dfile.encoding=UTF-8 -Duser.country=US -Duser.language=en -Duser.variant org.gradle.launcher.daemon.bootstrap.GradleDaemon 7.3.3

Host: AMD Ryzen 7 5700U with Radeon Graphics         , 16 cores, 6G,  Windows 10 , 64 bit Build 22000 (10.0.22000.675)
Time: Thu Jun  2 15:20:42 2022 Eastern Daylight Time elapsed time: 4.020970 seconds (0d 0h 0m 4s)

---------------  T H R E A D  ---------------

Current thread (0x0000018c61357800):  JavaThread "C2 CompilerThread0" daemon [_thread_in_native, id=9636, stack(0x0000001a2ab00000,0x0000001a2ac00000)]


Current CompileTask:
C2:   4021 2162   !   4       java.lang.ClassLoader::loadClass (122 bytes)

Stack: [0x0000001a2ab00000,0x0000001a2ac00000]
Native frames: (J=compiled Java code, j=interpreted, Vv=VM code, C=native code)
V  [jvm.dll+0x5fbcea]
V  [jvm.dll+0x731905]
V  [jvm.dll+0x732f1d]
V  [jvm.dll+0x7335d3]
V  [jvm.dll+0x247bf8]
V  [jvm.dll+0xc018c]
V  [jvm.dll+0xc06cc]
V  [jvm.dll+0x35b31d]
V  [jvm.dll+0x19d0bc]
V  [jvm.dll+0x20070e]
V  [jvm.dll+0x1ff794]
V  [jvm.dll+0x18868c]
V  [jvm.dll+0x20e0d7]
V  [jvm.dll+0x20c901]
V  [jvm.dll+0x6f9b7f]
V  [jvm.dll+0x6f26a5]
V  [jvm.dll+0x5fabf6]
C  [ucrtbase.dll+0x26c0c]
C  [KERNEL32.DLL+0x154e0]
C  [ntdll.dll+0x485b]


---------------  P R O C E S S  ---------------

Threads class SMR info:
_java_thread_list=0x0000018c63c14e90, length=25, elements={
0x0000018c46401800, 0x0000018c61337800, 0x0000018c61344000, 0x0000018c61354000,
0x0000018c61355000, 0x0000018c61356800, 0x0000018c61357800, 0x0000018c6135c000,
0x0000018c61cbb000, 0x0000018c612d5000, 0x0000018c61e10000, 0x0000018c628d0800,
0x0000018c6367f000, 0x0000018c62c81800, 0x0000018c6370c800, 0x0000018c636eb800,
0x0000018c635c7000, 0x0000018c63ae5000, 0x0000018c63ae9800, 0x0000018c63aec000,
0x0000018c63aed800, 0x0000018c63b6c000, 0x0000018c63b66800, 0x0000018c63b67000,
0x0000018c63b6b800
}

Java Threads: ( => current thread )
  0x0000018c46401800 JavaThread "main" [_thread_blocked, id=4516, stack(0x0000001a29f00000,0x0000001a2a000000)]
  0x0000018c61337800 JavaThread "Reference Handler" daemon [_thread_blocked, id=3176, stack(0x0000001a2a600000,0x0000001a2a700000)]
  0x0000018c61344000 JavaThread "Finalizer" daemon [_thread_blocked, id=28444, stack(0x0000001a2a700000,0x0000001a2a800000)]
  0x0000018c61354000 JavaThread "Signal Dispatcher" daemon [_thread_blocked, id=29284, stack(0x0000001a2a800000,0x0000001a2a900000)]
  0x0000018c61355000 JavaThread "Attach Listener" daemon [_thread_blocked, id=22768, stack(0x0000001a2a900000,0x0000001a2aa00000)]
  0x0000018c61356800 JavaThread "Service Thread" daemon [_thread_blocked, id=24592, stack(0x0000001a2aa00000,0x0000001a2ab00000)]
=>0x0000018c61357800 JavaThread "C2 CompilerThread0" daemon [_thread_in_native, id=9636, stack(0x0000001a2ab00000,0x0000001a2ac00000)]
  0x0000018c6135c000 JavaThread "C1 CompilerThread0" daemon [_thread_blocked, id=2832, stack(0x0000001a2ac00000,0x0000001a2ad00000)]
  0x0000018c61cbb000 JavaThread "Sweeper thread" daemon [_thread_blocked, id=8008, stack(0x0000001a2ad00000,0x0000001a2ae00000)]
  0x0000018c612d5000 JavaThread "C1 CompilerThread1" daemon [_thread_blocked, id=28676, stack(0x0000001a2ae00000,0x0000001a2af00000)]
  0x0000018c61e10000 JavaThread "Common-Cleaner" daemon [_thread_blocked, id=32612, stack(0x0000001a2af00000,0x0000001a2b000000)]
  0x0000018c628d0800 JavaThread "C1 CompilerThread2" daemon [_thread_blocked, id=31128, stack(0x0000001a2b100000,0x0000001a2b200000)]
  0x0000018c6367f000 JavaThread "Daemon health stats" [_thread_blocked, id=28364, stack(0x0000001a2b300000,0x0000001a2b400000)]
  0x0000018c62c81800 JavaThread "Incoming local TCP Connector on port 58737" [_thread_in_native, id=30644, stack(0x0000001a2b400000,0x0000001a2b500000)]
  0x0000018c6370c800 JavaThread "Daemon periodic checks" [_thread_blocked, id=31508, stack(0x0000001a2b900000,0x0000001a2ba00000)]
  0x0000018c636eb800 JavaThread "Daemon" [_thread_blocked, id=29892, stack(0x0000001a2ba00000,0x0000001a2bb00000)]
  0x0000018c635c7000 JavaThread "Handler for socket connection from /127.0.0.1:58737 to /127.0.0.1:58738" [_thread_in_native, id=4732, stack(0x0000001a2bb00000,0x0000001a2bc00000)]
  0x0000018c63ae5000 JavaThread "Cancel handler" [_thread_blocked, id=23616, stack(0x0000001a2bc00000,0x0000001a2bd00000)]
  0x0000018c63ae9800 JavaThread "Daemon worker" [_thread_in_vm, id=25004, stack(0x0000001a2bd00000,0x0000001a2be00000)]
  0x0000018c63aec000 JavaThread "Asynchronous log dispatcher for DefaultDaemonConnection: socket connection from /127.0.0.1:58737 to /127.0.0.1:58738" [_thread_blocked, id=12688, stack(0x0000001a2be00000,0x0000001a2bf00000)]
  0x0000018c63aed800 JavaThread "Stdin handler" [_thread_blocked, id=32112, stack(0x0000001a2bf00000,0x0000001a2c000000)]
  0x0000018c63b6c000 JavaThread "Daemon client event forwarder" [_thread_blocked, id=10912, stack(0x0000001a2c000000,0x0000001a2c100000)]
  0x0000018c63b66800 JavaThread "Cache worker for journal cache (C:\Users\Thinkpad E15\.gradle\caches\journal-1)" [_thread_blocked, id=29640, stack(0x0000001a2c100000,0x0000001a2c200000)]
  0x0000018c63b67000 JavaThread "File lock request listener" [_thread_in_native, id=5804, stack(0x0000001a2c200000,0x0000001a2c300000)]
  0x0000018c63b6b800 JavaThread "Cache worker for file hash cache (C:\Users\Thinkpad E15\.gradle\caches\7.3.3\fileHashes)" [_thread_blocked, id=30492, stack(0x0000001a2c300000,0x0000001a2c400000)]

Other Threads:
  0x0000018c61335800 VMThread "VM Thread" [stack: 0x0000001a2a500000,0x0000001a2a600000] [id=12932]
  0x0000018c61ea4800 WatcherThread [stack: 0x0000001a2b000000,0x0000001a2b100000] [id=27380]
  0x0000018c4641a800 GCTaskThread "GC Thread#0" [stack: 0x0000001a2a000000,0x0000001a2a100000] [id=22312]
  0x0000018c629f4800 GCTaskThread "GC Thread#1" [stack: 0x0000001a2b200000,0x0000001a2b300000] [id=20400]
  0x0000018c636bb000 GCTaskThread "GC Thread#2" [stack: 0x0000001a2b500000,0x0000001a2b600000] [id=21404]
  0x0000018c63abd800 GCTaskThread "GC Thread#3" [stack: 0x0000001a2b600000,0x0000001a2b700000] [id=11920]
  0x0000018c63251800 GCTaskThread "GC Thread#4" [stack: 0x0000001a2b700000,0x0000001a2b800000] [id=24184]
  0x0000018c63252800 GCTaskThread "GC Thread#5" [stack: 0x0000001a2b800000,0x0000001a2b900000] [id=23608]
  0x0000018c63e8c000 GCTaskThread "GC Thread#6" [stack: 0x0000001a2c400000,0x0000001a2c500000] [id=29376]
  0x0000018c63c0a000 GCTaskThread "GC Thread#7" [stack: 0x0000001a2c500000,0x0000001a2c600000] [id=3132]
  0x0000018c63c0b800 GCTaskThread "GC Thread#8" [stack: 0x0000001a2c600000,0x0000001a2c700000] [id=4708]
  0x0000018c63c0c000 GCTaskThread "GC Thread#9" [stack: 0x0000001a2c700000,0x0000001a2c800000] [id=28772]
  0x0000018c63bfe800 GCTaskThread "GC Thread#10" [stack: 0x0000001a2c800000,0x0000001a2c900000] [id=28600]
  0x0000018c63bff800 GCTaskThread "GC Thread#11" [stack: 0x0000001a2c900000,0x0000001a2ca00000] [id=26504]
  0x0000018c63c00000 GCTaskThread "GC Thread#12" [stack: 0x0000001a2ca00000,0x0000001a2cb00000] [id=21652]
  0x0000018c4644f000 ConcurrentGCThread "G1 Main Marker" [stack: 0x0000001a2a100000,0x0000001a2a200000] [id=20320]
  0x0000018c46450800 ConcurrentGCThread "G1 Conc#0" [stack: 0x0000001a2a200000,0x0000001a2a300000] [id=11860]
  0x0000018c63719000 ConcurrentGCThread "G1 Conc#1" [stack: 0x0000001a2cb00000,0x0000001a2cc00000] [id=28616]
  0x0000018c636db800 ConcurrentGCThread "G1 Conc#2" [stack: 0x0000001a2cc00000,0x0000001a2cd00000] [id=30556]
  0x0000018c61186800 ConcurrentGCThread "G1 Refine#0" [stack: 0x0000001a2a300000,0x0000001a2a400000] [id=30768]
  0x0000018c61188800 ConcurrentGCThread "G1 Young RemSet Sampling" [stack: 0x0000001a2a400000,0x0000001a2a500000] [id=28172]

Threads with active compile tasks:
C2 CompilerThread0   4049 2162   !   4       java.lang.ClassLoader::loadClass (122 bytes)

VM state:not at safepoint (normal execution)

VM Mutex/Monitor currently owned by a thread: None

Heap address: 0x0000000080000000, size: 2048 MB, Compressed Oops mode: 32-bit
Narrow klass base: 0x0000000000000000, Narrow klass shift: 3
Compressed class space size: 1073741824 Address: 0x0000000100000000

Heap:
 garbage-first heap   total 112640K, used 31144K [0x0000000080000000, 0x0000000100000000)
  region size 1024K, 17 young (17408K), 2 survivors (2048K)
 Metaspace       used 22533K, capacity 22982K, committed 23216K, reserved 1069056K
  class space    used 2809K, capacity 2966K, committed 3072K, reserved 1048576K
Heap Regions: E=young(eden), S=young(survivor), O=old, HS=humongous(starts), HC=humongous(continues), CS=collection set, F=free, A=archive, TAMS=top-at-mark-start (previous, next)
|   0|0x0000000080000000, 0x0000000080100000, 0x0000000080100000|100%| O|  |TAMS 0x0000000080100000, 0x0000000080000000| Untracked 
|   1|0x0000000080100000, 0x0000000080200000, 0x0000000080200000|100%| O|  |TAMS 0x0000000080200000, 0x0000000080100000| Untracked 
|   2|0x0000000080200000, 0x0000000080300000, 0x0000000080300000|100%| O|  |TAMS 0x0000000080300000, 0x0000000080200000| Untracked 
|   3|0x0000000080300000, 0x0000000080400000, 0x0000000080400000|100%|HS|  |TAMS 0x0000000080400000, 0x0000000080300000| Complete 
|   4|0x0000000080400000, 0x0000000080500000, 0x0000000080500000|100%|HC|  |TAMS 0x0000000080500000, 0x0000000080400000| Complete 
|   5|0x0000000080500000, 0x0000000080600000, 0x0000000080600000|100%|HC|  |TAMS 0x0000000080600000, 0x0000000080500000| Complete 
|   6|0x0000000080600000, 0x0000000080700000, 0x0000000080700000|100%| O|  |TAMS 0x0000000080700000, 0x0000000080600000| Untracked 
|   7|0x0000000080700000, 0x0000000080800000, 0x0000000080800000|100%| O|  |TAMS 0x0000000080800000, 0x0000000080700000| Untracked 
|   8|0x0000000080800000, 0x0000000080900000, 0x0000000080900000|100%| O|  |TAMS 0x0000000080900000, 0x0000000080800000| Untracked 
|   9|0x0000000080900000, 0x0000000080a00000, 0x0000000080a00000|100%| O|  |TAMS 0x0000000080a00000, 0x0000000080900000| Untracked 
|  10|0x0000000080a00000, 0x0000000080b00000, 0x0000000080b00000|100%| O|  |TAMS 0x0000000080b00000, 0x0000000080a00000| Untracked 
|  11|0x0000000080b00000, 0x0000000080c00000, 0x0000000080c00000|100%| O|  |TAMS 0x0000000080c00000, 0x0000000080b00000| Untracked 
|  12|0x0000000080c00000, 0x0000000080d00000, 0x0000000080d00000|100%| O|  |TAMS 0x0000000080d00000, 0x0000000080c00000| Untracked 
|  13|0x0000000080d00000, 0x0000000080e00000, 0x0000000080e00000|100%| O|  |TAMS 0x0000000080e00000, 0x0000000080d00000| Untracked 
|  14|0x0000000080e00000, 0x0000000080e74400, 0x0000000080f00000| 45%| O|  |TAMS 0x0000000080e74400, 0x0000000080e00000| Untracked 
|  15|0x0000000080f00000, 0x0000000080f00000, 0x0000000081000000|  0%| F|  |TAMS 0x0000000080f00000, 0x0000000080f00000| Untracked 
|  16|0x0000000081000000, 0x0000000081000000, 0x0000000081100000|  0%| F|  |TAMS 0x0000000081000000, 0x0000000081000000| Untracked 
|  17|0x0000000081100000, 0x0000000081100000, 0x0000000081200000|  0%| F|  |TAMS 0x0000000081100000, 0x0000000081100000| Untracked 
|  18|0x0000000081200000, 0x0000000081200000, 0x0000000081300000|  0%| F|  |TAMS 0x0000000081200000, 0x0000000081200000| Untracked 
|  19|0x0000000081300000, 0x0000000081300000, 0x0000000081400000|  0%| F|  |TAMS 0x0000000081300000, 0x0000000081300000| Untracked 
|  20|0x0000000081400000, 0x0000000081400000, 0x0000000081500000|  0%| F|  |TAMS 0x0000000081400000, 0x0000000081400000| Untracked 
|  21|0x0000000081500000, 0x0000000081500000, 0x0000000081600000|  0%| F|  |TAMS 0x0000000081500000, 0x0000000081500000| Untracked 
|  22|0x0000000081600000, 0x0000000081600000, 0x0000000081700000|  0%| F|  |TAMS 0x0000000081600000, 0x0000000081600000| Untracked 
|  23|0x0000000081700000, 0x0000000081700000, 0x0000000081800000|  0%| F|  |TAMS 0x0000000081700000, 0x0000000081700000| Untracked 
|  24|0x0000000081800000, 0x0000000081800000, 0x0000000081900000|  0%| F|  |TAMS 0x0000000081800000, 0x0000000081800000| Untracked 
|  25|0x0000000081900000, 0x0000000081900000, 0x0000000081a00000|  0%| F|  |TAMS 0x0000000081900000, 0x0000000081900000| Untracked 
|  26|0x0000000081a00000, 0x0000000081a00000, 0x0000000081b00000|  0%| F|  |TAMS 0x0000000081a00000, 0x0000000081a00000| Untracked 
|  27|0x0000000081b00000, 0x0000000081b00000, 0x0000000081c00000|  0%| F|  |TAMS 0x0000000081b00000, 0x0000000081b00000| Untracked 
|  28|0x0000000081c00000, 0x0000000081c00000, 0x0000000081d00000|  0%| F|  |TAMS 0x0000000081c00000, 0x0000000081c00000| Untracked 
|  29|0x0000000081d00000, 0x0000000081d00000, 0x0000000081e00000|  0%| F|  |TAMS 0x0000000081d00000, 0x0000000081d00000| Untracked 
|  30|0x0000000081e00000, 0x0000000081e00000, 0x0000000081f00000|  0%| F|  |TAMS 0x0000000081e00000, 0x0000000081e00000| Untracked 
|  31|0x0000000081f00000, 0x0000000081f00000, 0x0000000082000000|  0%| F|  |TAMS 0x0000000081f00000, 0x0000000081f00000| Untracked 
|  32|0x0000000082000000, 0x0000000082000000, 0x0000000082100000|  0%| F|  |TAMS 0x0000000082000000, 0x0000000082000000| Untracked 
|  33|0x0000000082100000, 0x0000000082100000, 0x0000000082200000|  0%| F|  |TAMS 0x0000000082100000, 0x0000000082100000| Untracked 
|  34|0x0000000082200000, 0x0000000082200000, 0x0000000082300000|  0%| F|  |TAMS 0x0000000082200000, 0x0000000082200000| Untracked 
|  35|0x0000000082300000, 0x0000000082300000, 0x0000000082400000|  0%| F|  |TAMS 0x0000000082300000, 0x0000000082300000| Untracked 
|  36|0x0000000082400000, 0x0000000082400000, 0x0000000082500000|  0%| F|  |TAMS 0x0000000082400000, 0x0000000082400000| Untracked 
|  37|0x0000000082500000, 0x0000000082500000, 0x0000000082600000|  0%| F|  |TAMS 0x0000000082500000, 0x0000000082500000| Untracked 
|  38|0x0000000082600000, 0x0000000082600000, 0x0000000082700000|  0%| F|  |TAMS 0x0000000082600000, 0x0000000082600000| Untracked 
|  39|0x0000000082700000, 0x0000000082700000, 0x0000000082800000|  0%| F|  |TAMS 0x0000000082700000, 0x0000000082700000| Untracked 
|  40|0x0000000082800000, 0x0000000082800000, 0x0000000082900000|  0%| F|  |TAMS 0x0000000082800000, 0x0000000082800000| Untracked 
|  41|0x0000000082900000, 0x0000000082900000, 0x0000000082a00000|  0%| F|  |TAMS 0x0000000082900000, 0x0000000082900000| Untracked 
|  42|0x0000000082a00000, 0x0000000082a00000, 0x0000000082b00000|  0%| F|  |TAMS 0x0000000082a00000, 0x0000000082a00000| Untracked 
|  43|0x0000000082b00000, 0x0000000082b00000, 0x0000000082c00000|  0%| F|  |TAMS 0x0000000082b00000, 0x0000000082b00000| Untracked 
|  44|0x0000000082c00000, 0x0000000082c00000, 0x0000000082d00000|  0%| F|  |TAMS 0x0000000082c00000, 0x0000000082c00000| Untracked 
|  45|0x0000000082d00000, 0x0000000082d00000, 0x0000000082e00000|  0%| F|  |TAMS 0x0000000082d00000, 0x0000000082d00000| Untracked 
|  46|0x0000000082e00000, 0x0000000082e00000, 0x0000000082f00000|  0%| F|  |TAMS 0x0000000082e00000, 0x0000000082e00000| Untracked 
|  47|0x0000000082f00000, 0x0000000082f00000, 0x0000000083000000|  0%| F|  |TAMS 0x0000000082f00000, 0x0000000082f00000| Untracked 
|  48|0x0000000083000000, 0x0000000083000000, 0x0000000083100000|  0%| F|  |TAMS 0x0000000083000000, 0x0000000083000000| Untracked 
|  49|0x0000000083100000, 0x0000000083100000, 0x0000000083200000|  0%| F|  |TAMS 0x0000000083100000, 0x0000000083100000| Untracked 
|  50|0x0000000083200000, 0x0000000083200000, 0x0000000083300000|  0%| F|  |TAMS 0x0000000083200000, 0x0000000083200000| Untracked 
|  51|0x0000000083300000, 0x0000000083300000, 0x0000000083400000|  0%| F|  |TAMS 0x0000000083300000, 0x0000000083300000| Untracked 
|  52|0x0000000083400000, 0x0000000083400000, 0x0000000083500000|  0%| F|  |TAMS 0x0000000083400000, 0x0000000083400000| Untracked 
|  53|0x0000000083500000, 0x0000000083500000, 0x0000000083600000|  0%| F|  |TAMS 0x0000000083500000, 0x0000000083500000| Untracked 
|  54|0x0000000083600000, 0x0000000083600000, 0x0000000083700000|  0%| F|  |TAMS 0x0000000083600000, 0x0000000083600000| Untracked 
|  55|0x0000000083700000, 0x0000000083700000, 0x0000000083800000|  0%| F|  |TAMS 0x0000000083700000, 0x0000000083700000| Untracked 
|  56|0x0000000083800000, 0x0000000083800000, 0x0000000083900000|  0%| F|  |TAMS 0x0000000083800000, 0x0000000083800000| Untracked 
|  57|0x0000000083900000, 0x0000000083900000, 0x0000000083a00000|  0%| F|  |TAMS 0x0000000083900000, 0x0000000083900000| Untracked 
|  58|0x0000000083a00000, 0x0000000083a00000, 0x0000000083b00000|  0%| F|  |TAMS 0x0000000083a00000, 0x0000000083a00000| Untracked 
|  59|0x0000000083b00000, 0x0000000083b00000, 0x0000000083c00000|  0%| F|  |TAMS 0x0000000083b00000, 0x0000000083b00000| Untracked 
|  60|0x0000000083c00000, 0x0000000083c00000, 0x0000000083d00000|  0%| F|  |TAMS 0x0000000083c00000, 0x0000000083c00000| Untracked 
|  61|0x0000000083d00000, 0x0000000083d00000, 0x0000000083e00000|  0%| F|  |TAMS 0x0000000083d00000, 0x0000000083d00000| Untracked 
|  62|0x0000000083e00000, 0x0000000083e00000, 0x0000000083f00000|  0%| F|  |TAMS 0x0000000083e00000, 0x0000000083e00000| Untracked 
|  63|0x0000000083f00000, 0x0000000083f00000, 0x0000000084000000|  0%| F|  |TAMS 0x0000000083f00000, 0x0000000083f00000| Untracked 
|  64|0x0000000084000000, 0x0000000084000000, 0x0000000084100000|  0%| F|  |TAMS 0x0000000084000000, 0x0000000084000000| Untracked 
|  65|0x0000000084100000, 0x0000000084100000, 0x0000000084200000|  0%| F|  |TAMS 0x0000000084100000, 0x0000000084100000| Untracked 
|  66|0x0000000084200000, 0x0000000084200000, 0x0000000084300000|  0%| F|  |TAMS 0x0000000084200000, 0x0000000084200000| Untracked 
|  67|0x0000000084300000, 0x0000000084300000, 0x0000000084400000|  0%| F|  |TAMS 0x0000000084300000, 0x0000000084300000| Untracked 
|  68|0x0000000084400000, 0x00000000844f5f98, 0x0000000084500000| 96%| S|CS|TAMS 0x0000000084400000, 0x0000000084400000| Complete 
|  69|0x0000000084500000, 0x0000000084600000, 0x0000000084600000|100%| S|CS|TAMS 0x0000000084500000, 0x0000000084500000| Complete 
|  70|0x0000000084600000, 0x0000000084600000, 0x0000000084700000|  0%| F|  |TAMS 0x0000000084600000, 0x0000000084600000| Untracked 
|  71|0x0000000084700000, 0x0000000084700000, 0x0000000084800000|  0%| F|  |TAMS 0x0000000084700000, 0x0000000084700000| Untracked 
|  72|0x0000000084800000, 0x0000000084800000, 0x0000000084900000|  0%| F|  |TAMS 0x0000000084800000, 0x0000000084800000| Untracked 
|  73|0x0000000084900000, 0x0000000084900000, 0x0000000084a00000|  0%| F|  |TAMS 0x0000000084900000, 0x0000000084900000| Untracked 
|  74|0x0000000084a00000, 0x0000000084a00000, 0x0000000084b00000|  0%| F|  |TAMS 0x0000000084a00000, 0x0000000084a00000| Untracked 
|  75|0x0000000084b00000, 0x0000000084b00000, 0x0000000084c00000|  0%| F|  |TAMS 0x0000000084b00000, 0x0000000084b00000| Untracked 
|  76|0x0000000084c00000, 0x0000000084c00000, 0x0000000084d00000|  0%| F|  |TAMS 0x0000000084c00000, 0x0000000084c00000| Untracked 
|  77|0x0000000084d00000, 0x0000000084d00000, 0x0000000084e00000|  0%| F|  |TAMS 0x0000000084d00000, 0x0000000084d00000| Untracked 
|  78|0x0000000084e00000, 0x0000000084e00000, 0x0000000084f00000|  0%| F|  |TAMS 0x0000000084e00000, 0x0000000084e00000| Untracked 
|  79|0x0000000084f00000, 0x0000000084f00000, 0x0000000085000000|  0%| F|  |TAMS 0x0000000084f00000, 0x0000000084f00000| Untracked 
|  80|0x0000000085000000, 0x0000000085000000, 0x0000000085100000|  0%| F|  |TAMS 0x0000000085000000, 0x0000000085000000| Untracked 
|  81|0x0000000085100000, 0x0000000085100000, 0x0000000085200000|  0%| F|  |TAMS 0x0000000085100000, 0x0000000085100000| Untracked 
|  82|0x0000000085200000, 0x0000000085200000, 0x0000000085300000|  0%| F|  |TAMS 0x0000000085200000, 0x0000000085200000| Untracked 
|  83|0x0000000085300000, 0x0000000085300000, 0x0000000085400000|  0%| F|  |TAMS 0x0000000085300000, 0x0000000085300000| Untracked 
|  84|0x0000000085400000, 0x0000000085400000, 0x0000000085500000|  0%| F|  |TAMS 0x0000000085400000, 0x0000000085400000| Untracked 
|  85|0x0000000085500000, 0x0000000085500000, 0x0000000085600000|  0%| F|  |TAMS 0x0000000085500000, 0x0000000085500000| Untracked 
|  86|0x0000000085600000, 0x0000000085600000, 0x0000000085700000|  0%| F|  |TAMS 0x0000000085600000, 0x0000000085600000| Untracked 
|  87|0x0000000085700000, 0x0000000085700000, 0x0000000085800000|  0%| F|  |TAMS 0x0000000085700000, 0x0000000085700000| Untracked 
|  88|0x0000000085800000, 0x0000000085800000, 0x0000000085900000|  0%| F|  |TAMS 0x0000000085800000, 0x0000000085800000| Untracked 
|  89|0x0000000085900000, 0x0000000085900000, 0x0000000085a00000|  0%| F|  |TAMS 0x0000000085900000, 0x0000000085900000| Untracked 
|  90|0x0000000085a00000, 0x0000000085a00000, 0x0000000085b00000|  0%| F|  |TAMS 0x0000000085a00000, 0x0000000085a00000| Untracked 
|  91|0x0000000085b00000, 0x0000000085b00000, 0x0000000085c00000|  0%| F|  |TAMS 0x0000000085b00000, 0x0000000085b00000| Untracked 
|  92|0x0000000085c00000, 0x0000000085c00000, 0x0000000085d00000|  0%| F|  |TAMS 0x0000000085c00000, 0x0000000085c00000| Untracked 
|  93|0x0000000085d00000, 0x0000000085d00000, 0x0000000085e00000|  0%| F|  |TAMS 0x0000000085d00000, 0x0000000085d00000| Untracked 
|  94|0x0000000085e00000, 0x0000000085e00000, 0x0000000085f00000|  0%| F|  |TAMS 0x0000000085e00000, 0x0000000085e00000| Untracked 
|  95|0x0000000085f00000, 0x0000000085f80800, 0x0000000086000000| 50%| E|  |TAMS 0x0000000085f00000, 0x0000000085f00000| Complete 
|  96|0x0000000086000000, 0x0000000086100000, 0x0000000086100000|100%| E|CS|TAMS 0x0000000086000000, 0x0000000086000000| Complete 
|  97|0x0000000086100000, 0x0000000086200000, 0x0000000086200000|100%| E|CS|TAMS 0x0000000086100000, 0x0000000086100000| Complete 
|  98|0x0000000086200000, 0x0000000086300000, 0x0000000086300000|100%| E|CS|TAMS 0x0000000086200000, 0x0000000086200000| Complete 
|  99|0x0000000086300000, 0x0000000086400000, 0x0000000086400000|100%| E|CS|TAMS 0x0000000086300000, 0x0000000086300000| Complete 
| 100|0x0000000086400000, 0x0000000086500000, 0x0000000086500000|100%| E|CS|TAMS 0x0000000086400000, 0x0000000086400000| Complete 
| 101|0x0000000086500000, 0x0000000086600000, 0x0000000086600000|100%| E|CS|TAMS 0x0000000086500000, 0x0000000086500000| Complete 
| 102|0x0000000086600000, 0x0000000086700000, 0x0000000086700000|100%| E|CS|TAMS 0x0000000086600000, 0x0000000086600000| Complete 
| 103|0x0000000086700000, 0x0000000086800000, 0x0000000086800000|100%| E|CS|TAMS 0x0000000086700000, 0x0000000086700000| Complete 
| 104|0x0000000086800000, 0x0000000086900000, 0x0000000086900000|100%| E|CS|TAMS 0x0000000086800000, 0x0000000086800000| Complete 
| 105|0x0000000086900000, 0x0000000086a00000, 0x0000000086a00000|100%| E|CS|TAMS 0x0000000086900000, 0x0000000086900000| Complete 
| 106|0x0000000086a00000, 0x0000000086b00000, 0x0000000086b00000|100%| E|CS|TAMS 0x0000000086a00000, 0x0000000086a00000| Complete 
| 107|0x0000000086b00000, 0x0000000086c00000, 0x0000000086c00000|100%| E|CS|TAMS 0x0000000086b00000, 0x0000000086b00000| Complete 
| 108|0x0000000086c00000, 0x0000000086d00000, 0x0000000086d00000|100%| E|CS|TAMS 0x0000000086c00000, 0x0000000086c00000| Complete 
| 109|0x0000000086d00000, 0x0000000086e00000, 0x0000000086e00000|100%| E|CS|TAMS 0x0000000086d00000, 0x0000000086d00000| Complete 

Card table byte_map: [0x0000018c59ba0000,0x0000018c59fa0000] _byte_map_base: 0x0000018c597a0000

Marking Bits (Prev, Next): (CMBitMap*) 0x0000018c46446690, (CMBitMap*) 0x0000018c46446658
 Prev Bits: [0x0000018c5c3a0000, 0x0000018c5e3a0000)
 Next Bits: [0x0000018c5a3a0000, 0x0000018c5c3a0000)

Polling page: 0x0000018c44360000

Metaspace:

Usage:
  Non-class:     19.55 MB capacity,    19.28 MB ( 99%) used,   236.21 KB (  1%) free+waste,    38.25 KB ( <1%) overhead. 
      Class:      2.90 MB capacity,     2.75 MB ( 95%) used,   134.50 KB (  5%) free+waste,    18.69 KB ( <1%) overhead. 
       Both:     22.44 MB capacity,    22.03 MB ( 98%) used,   370.71 KB (  2%) free+waste,    56.94 KB ( <1%) overhead. 

Virtual space:
  Non-class space:       20.00 MB reserved,      19.67 MB ( 98%) committed 
      Class space:        1.00 GB reserved,       3.00 MB ( <1%) committed 
             Both:        1.02 GB reserved,      22.67 MB (  2%) committed 

Chunk freelists:
   Non-Class:  16.00 KB
       Class:  10.00 KB
        Both:  26.00 KB

MaxMetaspaceSize: 17179869184.00 GB
CompressedClassSpaceSize: 1.00 GB
Initial GC threshold: 20.80 MB
Current GC threshold: 34.87 MB
CDS: off

CodeHeap 'non-profiled nmethods': size=119168Kb used=873Kb max_used=873Kb free=118294Kb
 bounds [0x0000018c51ab0000, 0x0000018c51d20000, 0x0000018c58f10000]
CodeHeap 'profiled nmethods': size=119168Kb used=4745Kb max_used=4745Kb free=114422Kb
 bounds [0x0000018c4a650000, 0x0000018c4ab00000, 0x0000018c51ab0000]
CodeHeap 'non-nmethods': size=7424Kb used=2345Kb max_used=2358Kb free=5078Kb
 bounds [0x0000018c49f10000, 0x0000018c4a180000, 0x0000018c4a650000]
 total_blobs=2674 nmethods=2188 adapters=396
 compilation: enabled
              stopped_count=0, restarted_count=0
 full_count=0

Compilation events (20 events):
Event: 3.908 Thread 0x0000018c628d0800 nmethod 2188 0x0000018c4aae9410 code [0x0000018c4aae95c0, 0x0000018c4aae9708]
Event: 3.908 Thread 0x0000018c612d5000 nmethod 2189 0x0000018c4aae9790 code [0x0000018c4aae99c0, 0x0000018c4aaea288]
Event: 3.923 Thread 0x0000018c6135c000 2191       3       java.util.concurrent.locks.AbstractQueuedSynchronizer::release (33 bytes)
Event: 3.923 Thread 0x0000018c628d0800 2192       3       java.util.Collections$EmptySet::iterator (4 bytes)
Event: 3.923 Thread 0x0000018c628d0800 nmethod 2192 0x0000018c4aaea410 code [0x0000018c4aaea5c0, 0x0000018c4aaea718]
Event: 3.924 Thread 0x0000018c6135c000 nmethod 2191 0x0000018c4aaea810 code [0x0000018c4aaea9e0, 0x0000018c4aaeacb8]
Event: 3.932 Thread 0x0000018c612d5000 2193       1       java.lang.invoke.MethodHandleNatives::isPullModeBSM (2 bytes)
Event: 3.932 Thread 0x0000018c612d5000 nmethod 2193 0x0000018c51b89f10 code [0x0000018c51b8a0c0, 0x0000018c51b8a158]
Event: 3.932 Thread 0x0000018c628d0800 2194       3       java.lang.invoke.ConstantCallSite::getTarget (20 bytes)
Event: 3.932 Thread 0x0000018c628d0800 nmethod 2194 0x0000018c4aaead90 code [0x0000018c4aaeaf60, 0x0000018c4aaeb168]
Event: 3.945 Thread 0x0000018c6135c000 2196       3       java.lang.reflect.ProxyGenerator$ConstantPool::getFieldRef (33 bytes)
Event: 3.946 Thread 0x0000018c6135c000 nmethod 2196 0x0000018c4aaeb290 code [0x0000018c4aaeb560, 0x0000018c4aaec1c8]
Event: 3.949 Thread 0x0000018c612d5000 2197   !   3       org.gradle.internal.classloader.TransformingClassLoader::findClass (203 bytes)
Event: 3.949 Thread 0x0000018c628d0800 2198       3       org.gradle.initialization.MixInLegacyTypesClassLoader::shouldTransform (42 bytes)
Event: 3.949 Thread 0x0000018c628d0800 nmethod 2198 0x0000018c4aaec710 code [0x0000018c4aaec900, 0x0000018c4aaeccf8]
Event: 3.952 Thread 0x0000018c612d5000 nmethod 2197 0x0000018c4aaece90 code [0x0000018c4aaed3e0, 0x0000018c4aaefcf8]
Event: 3.962 Thread 0x0000018c6135c000 2199       3       java.util.concurrent.locks.ReentrantLock$Sync::tryRelease (45 bytes)
Event: 3.962 Thread 0x0000018c628d0800 2200       3       java.util.concurrent.locks.ReentrantLock$Sync::nonfairTryAcquire (67 bytes)
Event: 3.963 Thread 0x0000018c6135c000 nmethod 2199 0x0000018c4aaf0d10 code [0x0000018c4aaf0ee0, 0x0000018c4aaf11c8]
Event: 3.964 Thread 0x0000018c628d0800 nmethod 2200 0x0000018c4aaf1290 code [0x0000018c4aaf14e0, 0x0000018c4aaf1dc8]

GC Heap History (6 events):
Event: 1.018 GC heap before
{Heap before GC invocations=0 (full 0):
 garbage-first heap   total 112640K, used 29696K [0x0000000080000000, 0x0000000100000000)
  region size 1024K, 24 young (24576K), 0 survivors (0K)
 Metaspace       used 9864K, capacity 10028K, committed 10112K, reserved 1058816K
  class space    used 1019K, capacity 1069K, committed 1152K, reserved 1048576K
}
Event: 1.025 GC heap after
{Heap after GC invocations=1 (full 0):
 garbage-first heap   total 112640K, used 9094K [0x0000000080000000, 0x0000000100000000)
  region size 1024K, 3 young (3072K), 3 survivors (3072K)
 Metaspace       used 9864K, capacity 10028K, committed 10112K, reserved 1058816K
  class space    used 1019K, capacity 1069K, committed 1152K, reserved 1048576K
}
Event: 3.088 GC heap before
{Heap before GC invocations=1 (full 0):
 garbage-first heap   total 112640K, used 73606K [0x0000000080000000, 0x0000000100000000)
  region size 1024K, 66 young (67584K), 3 survivors (3072K)
 Metaspace       used 15644K, capacity 16020K, committed 16256K, reserved 1062912K
  class space    used 1777K, capacity 1896K, committed 1920K, reserved 1048576K
}
Event: 3.098 GC heap after
{Heap after GC invocations=2 (full 0):
 garbage-first heap   total 112640K, used 15071K [0x0000000080000000, 0x0000000100000000)
  region size 1024K, 9 young (9216K), 9 survivors (9216K)
 Metaspace       used 15644K, capacity 16020K, committed 16256K, reserved 1062912K
  class space    used 1777K, capacity 1896K, committed 1920K, reserved 1048576K
}
Event: 3.745 GC heap before
{Heap before GC invocations=2 (full 0):
 garbage-first heap   total 112640K, used 55007K [0x0000000080000000, 0x0000000100000000)
  region size 1024K, 49 young (50176K), 9 survivors (9216K)
 Metaspace       used 20694K, capacity 21111K, committed 21296K, reserved 1069056K
  class space    used 2533K, capacity 2678K, committed 2688K, reserved 1048576K
}
Event: 3.764 GC heap after
{Heap after GC invocations=3 (full 0):
 garbage-first heap   total 112640K, used 16808K [0x0000000080000000, 0x0000000100000000)
  region size 1024K, 2 young (2048K), 2 survivors (2048K)
 Metaspace       used 20694K, capacity 21111K, committed 21296K, reserved 1069056K
  class space    used 2533K, capacity 2678K, committed 2688K, reserved 1048576K
}

Deoptimization events (20 events):
Event: 3.728 Thread 0x0000018c63ae9800 Uncommon trap: trap_request=0xffffff4d fr.pc=0x0000018c51acd5e0 relative=0x0000000000000a40
Event: 3.728 Thread 0x0000018c63ae9800 Uncommon trap: reason=unstable_if action=reinterpret pc=0x0000018c51acd5e0 method=java.io.WinNTFileSystem.resolve(Ljava/lang/String;Ljava/lang/String;)Ljava/lang/String; @ 19 c2
Event: 3.728 Thread 0x0000018c63ae9800 DEOPT PACKING pc=0x0000018c51acd5e0 sp=0x0000001a2bdfb4a0
Event: 3.728 Thread 0x0000018c63ae9800 DEOPT UNPACKING pc=0x0000018c49f5a1af sp=0x0000001a2bdfb438 mode 2
Event: 3.729 Thread 0x0000018c63ae9800 Uncommon trap: trap_request=0xffffffc6 fr.pc=0x0000018c51b22324 relative=0x0000000000000084
Event: 3.729 Thread 0x0000018c63ae9800 Uncommon trap: reason=bimorphic_or_optimized_type_check action=maybe_recompile pc=0x0000018c51b22324 method=java.util.AbstractList$Itr.hasNext()Z @ 8 c2
Event: 3.729 Thread 0x0000018c63ae9800 DEOPT PACKING pc=0x0000018c51b22324 sp=0x0000001a2bdfaa70
Event: 3.729 Thread 0x0000018c63ae9800 DEOPT UNPACKING pc=0x0000018c49f5a1af sp=0x0000001a2bdfaa08 mode 2
Event: 3.729 Thread 0x0000018c63ae9800 Uncommon trap: trap_request=0xffffffc6 fr.pc=0x0000018c51b24a54 relative=0x0000000000000114
Event: 3.729 Thread 0x0000018c63ae9800 Uncommon trap: reason=bimorphic_or_optimized_type_check action=maybe_recompile pc=0x0000018c51b24a54 method=java.util.AbstractList$Itr.next()Ljava/lang/Object; @ 14 c2
Event: 3.729 Thread 0x0000018c63ae9800 DEOPT PACKING pc=0x0000018c51b24a54 sp=0x0000001a2bdfaa60
Event: 3.729 Thread 0x0000018c63ae9800 DEOPT UNPACKING pc=0x0000018c49f5a1af sp=0x0000001a2bdfa9f8 mode 2
Event: 3.730 Thread 0x0000018c63ae9800 Uncommon trap: trap_request=0xffffff4d fr.pc=0x0000018c51b1e508 relative=0x00000000000004c8
Event: 3.730 Thread 0x0000018c63ae9800 Uncommon trap: reason=unstable_if action=reinterpret pc=0x0000018c51b1e508 method=java.lang.String.substring(I)Ljava/lang/String; @ 34 c2
Event: 3.730 Thread 0x0000018c63ae9800 DEOPT PACKING pc=0x0000018c51b1e508 sp=0x0000001a2bdfb390
Event: 3.730 Thread 0x0000018c63ae9800 DEOPT UNPACKING pc=0x0000018c49f5a1af sp=0x0000001a2bdfb358 mode 2
Event: 3.933 Thread 0x0000018c63ae9800 Uncommon trap: trap_request=0xffffff4d fr.pc=0x0000018c51b7afb0 relative=0x00000000000003b0
Event: 3.933 Thread 0x0000018c63ae9800 Uncommon trap: reason=unstable_if action=reinterpret pc=0x0000018c51b7afb0 method=jdk.internal.org.objectweb.asm.Type.getArgumentsAndReturnSizes(Ljava/lang/String;)I @ 88 c2
Event: 3.933 Thread 0x0000018c63ae9800 DEOPT PACKING pc=0x0000018c51b7afb0 sp=0x0000001a2bdf99a0
Event: 3.933 Thread 0x0000018c63ae9800 DEOPT UNPACKING pc=0x0000018c49f5a1af sp=0x0000001a2bdf9928 mode 2

Classes redefined (0 events):
No events

Internal exceptions (20 events):
Event: 0.443 Thread 0x0000018c46401800 Exception <a 'java/lang/NoSuchMethodError'{0x0000000086aac8b0}: 'int java.lang.invoke.DirectMethodHandle$Holder.invokeSpecialIFC(java.lang.Object, java.lang.Object, int)'> (0x0000000086aac8b0) thrown at [./src/hotspot/share/interpreter/linkResolver.cpp, line 773]
Event: 0.754 Thread 0x0000018c46401800 Exception <a 'java/lang/NoClassDefFoundError'{0x0000000085e879c8}: org/slf4j/impl/StaticMarkerBinder> (0x0000000085e879c8) thrown at [./src/hotspot/share/classfile/systemDictionary.cpp, line 220]
Event: 0.813 Thread 0x0000018c46401800 Exception <a 'java/lang/NoSuchMethodError'{0x0000000085ba5d78}: 'java.lang.Object java.lang.invoke.DirectMethodHandle$Holder.invokeVirtual(java.lang.Object, java.lang.Object, java.lang.Object, java.lang.Object, java.lang.Object, java.lang.Object, java.lang.Object)'> (0x0000000085ba5d78) thrown at [./src/hotspot/share/interpreter/linkResolver.cpp, line 773]
Event: 0.816 Thread 0x0000018c46401800 Exception <a 'java/lang/NoSuchMethodError'{0x0000000085bba2b8}: 'java.lang.Object java.lang.invoke.Invokers$Holder.invoker(java.lang.Object, java.lang.Object, java.lang.Object)'> (0x0000000085bba2b8) thrown at [./src/hotspot/share/interpreter/linkResolver.cpp, line 773]
Event: 0.819 Thread 0x0000018c46401800 Exception <a 'java/lang/NoSuchMethodError'{0x0000000085bcb330}: 'void java.lang.invoke.DelegatingMethodHandle$Holder.delegate(java.lang.Object, java.lang.Object, int, java.lang.Object)'> (0x0000000085bcb330) thrown at [./src/hotspot/share/interpreter/linkResolver.cpp, line 773]
Event: 1.551 Thread 0x0000018c46401800 Exception <a 'java/security/PrivilegedActionException'{0x00000000845aa2d0}> (0x00000000845aa2d0) thrown at [./src/hotspot/share/prims/jvm.cpp, line 1306]
Event: 1.551 Thread 0x0000018c46401800 Exception <a 'java/security/PrivilegedActionException'{0x00000000845aa848}> (0x00000000845aa848) thrown at [./src/hotspot/share/prims/jvm.cpp, line 1306]
Event: 1.981 Thread 0x0000018c46401800 Exception <a 'java/lang/NoSuchMethodError'{0x000000008336a588}: 'java.lang.Object java.lang.invoke.DirectMethodHandle$Holder.invokeStaticInit(java.lang.Object, java.lang.Object, java.lang.Object)'> (0x000000008336a588) thrown at [./src/hotspot/share/interpreter/linkResolver.cpp, line 773]
Event: 2.336 Thread 0x0000018c46401800 Exception <a 'java/lang/NoSuchMethodError'{0x0000000082dc5dd0}: 'java.lang.Object java.lang.invoke.DirectMethodHandle$Holder.invokeStaticInit(java.lang.Object, int, int, int, int)'> (0x0000000082dc5dd0) thrown at [./src/hotspot/share/interpreter/linkResolver.cpp, line 773]
Event: 2.625 Thread 0x0000018c46401800 Exception <a 'java/lang/NoSuchMethodError'{0x0000000082de3aa8}: 'java.lang.Object java.lang.invoke.DirectMethodHandle$Holder.invokeStaticInit(java.lang.Object, java.lang.Object, int, int, int, int)'> (0x0000000082de3aa8) thrown at [./src/hotspot/share/interpreter/linkResolver.cpp, line 773]
Event: 3.169 Thread 0x0000018c46401800 Exception <a 'java/io/IOException'{0x0000000086c24928}> (0x0000000086c24928) thrown at [./src/hotspot/share/prims/jni.cpp, line 615]
Event: 3.317 Thread 0x0000018c63ae9800 Exception <a 'java/lang/NoSuchMethodError'{0x0000000086633c30}: 'long java.lang.invoke.DirectMethodHandle$Holder.invokeInterface(java.lang.Object, java.lang.Object)'> (0x0000000086633c30) thrown at [./src/hotspot/share/interpreter/linkResolver.cpp, line 773]
Event: 3.318 Thread 0x0000018c63ae9800 Exception <a 'java/lang/NoSuchMethodError'{0x0000000086640cd0}: 'void java.lang.invoke.DelegatingMethodHandle$Holder.reinvoke_L(java.lang.Object, java.lang.Object, java.lang.Object, java.lang.Object, java.lang.Object, java.lang.Object, java.lang.Object)'> (0x0000000086640cd0) thrown at [./src/hotspot/share/interpreter/linkResolver.cpp, line 773]
Event: 3.642 Thread 0x0000018c63ae9800 Exception <a 'java/lang/NoSuchMethodError'{0x0000000084b772e8}: 'void java.lang.invoke.DirectMethodHandle$Holder.invokeStaticInit(java.lang.Object)'> (0x0000000084b772e8) thrown at [./src/hotspot/share/interpreter/linkResolver.cpp, line 773]
Event: 3.653 Thread 0x0000018c63ae9800 Exception <a 'java/lang/NoSuchMethodError'{0x0000000084a253d8}: 'java.lang.Object java.lang.invoke.DirectMethodHandle$Holder.invokeStatic(java.lang.Object, java.lang.Object, java.lang.Object, int)'> (0x0000000084a253d8) thrown at [./src/hotspot/share/interpreter/linkResolver.cpp, line 773]
Event: 3.653 Thread 0x0000018c63ae9800 Exception <a 'java/lang/NoSuchMethodError'{0x0000000084a29af0}: 'java.lang.Object java.lang.invoke.DirectMethodHandle$Holder.invokeSpecial(java.lang.Object, java.lang.Object, java.lang.Object, java.lang.Object, int)'> (0x0000000084a29af0) thrown at [./src/hotspot/share/interpreter/linkResolver.cpp, line 773]
Event: 3.653 Thread 0x0000018c63ae9800 Exception <a 'java/lang/NoSuchMethodError'{0x0000000084a2da28}: 'java.lang.Object java.lang.invoke.Invokers$Holder.linkToTargetMethod(java.lang.Object, java.lang.Object, int, java.lang.Object)'> (0x0000000084a2da28) thrown at [./src/hotspot/share/interpreter/linkResolver.cpp, line 773]
Event: 3.853 Thread 0x0000018c63ae9800 Exception <a 'java/lang/NoSuchMethodError'{0x0000000086bbaa60}: 'int java.lang.invoke.DirectMethodHandle$Holder.invokeSpecialIFC(java.lang.Object, java.lang.Object, java.lang.Object, java.lang.Object)'> (0x0000000086bbaa60) thrown at [./src/hotspot/share/interpreter/linkResolver.cpp, line 773]
Event: 3.856 Thread 0x0000018c63ae9800 Exception <a 'java/lang/NoSuchMethodError'{0x0000000086bc8a18}: 'java.lang.Object java.lang.invoke.DirectMethodHandle$Holder.invokeInterface(java.lang.Object, java.lang.Object, java.lang.Object)'> (0x0000000086bc8a18) thrown at [./src/hotspot/share/interpreter/linkResolver.cpp, line 773]
Event: 3.857 Thread 0x0000018c63ae9800 Exception <a 'java/lang/IncompatibleClassChangeError'{0x0000000086bcbef0}: Found class java.lang.Object, but interface was expected> (0x0000000086bcbef0) thrown at [./src/hotspot/share/interpreter/linkResolver.cpp, line 839]

Events (20 events):
Event: 4.015 loading class org/gradle/initialization/BuildLoader
Event: 4.015 loading class org/gradle/initialization/BuildLoader done
Event: 4.015 loading class org/gradle/internal/build/BuildWorkPreparer
Event: 4.015 loading class org/gradle/internal/build/BuildWorkPreparer done
Event: 4.015 loading class org/gradle/internal/actor/ActorFactory
Event: 4.015 loading class org/gradle/internal/actor/ActorFactory done
Event: 4.015 loading class org/gradle/api/internal/project/taskfactory/ITaskFactory
Event: 4.015 loading class org/gradle/api/internal/project/taskfactory/ITaskFactory done
Event: 4.016 loading class org/gradle/execution/TaskSelector
Event: 4.016 loading class org/gradle/execution/TaskSelector done
Event: 4.016 loading class org/gradle/execution/CompositeAwareTaskSelector
Event: 4.016 loading class org/gradle/execution/CompositeAwareTaskSelector done
Event: 4.017 loading class org/gradle/api/internal/properties/GradleProperties
Event: 4.017 loading class org/gradle/api/internal/properties/GradleProperties done
Event: 4.017 loading class org/gradle/configuration/DefaultScriptPluginFactory
Event: 4.017 loading class org/gradle/configuration/DefaultScriptPluginFactory done
Event: 4.018 loading class org/gradle/initialization/buildsrc/BuildSourceBuilder
Event: 4.018 loading class org/gradle/initialization/buildsrc/BuildSourceBuilder done
Event: 4.018 loading class org/gradle/initialization/SettingsLoaderFactory
Event: 4.018 loading class org/gradle/initialization/SettingsLoaderFactory done


Dynamic libraries:
0x00007ff6033d0000 - 0x00007ff6033da000 	D:\Android Studio\jre\bin\java.exe
0x00007ff80b500000 - 0x00007ff80b709000 	C:\WINDOWS\SYSTEM32\ntdll.dll
0x00007ff809630000 - 0x00007ff8096ed000 	C:\WINDOWS\System32\KERNEL32.DLL
0x00007ff808cb0000 - 0x00007ff809029000 	C:\WINDOWS\System32\KERNELBASE.dll
0x00007ff8089f0000 - 0x00007ff808b01000 	C:\WINDOWS\System32\ucrtbase.dll
0x00007fffe1320000 - 0x00007fffe1339000 	D:\Android Studio\jre\bin\jli.dll
0x00007fffe1340000 - 0x00007fffe1357000 	D:\Android Studio\jre\bin\VCRUNTIME140.dll
0x00007ff8098c0000 - 0x00007ff809a6c000 	C:\WINDOWS\System32\USER32.dll
0x00007ff808c80000 - 0x00007ff808ca6000 	C:\WINDOWS\System32\win32u.dll
0x00007ff809f90000 - 0x00007ff809fb9000 	C:\WINDOWS\System32\GDI32.dll
0x00007ff809200000 - 0x00007ff809312000 	C:\WINDOWS\System32\gdi32full.dll
0x00007ffff6680000 - 0x00007ffff6925000 	C:\WINDOWS\WinSxS\amd64_microsoft.windows.common-controls_6595b64144ccf1df_6.0.22000.120_none_9d947278b86cc467\COMCTL32.dll
0x00007ff809030000 - 0x00007ff8090cd000 	C:\WINDOWS\System32\msvcp_win.dll
0x00007ff80b1d0000 - 0x00007ff80b273000 	C:\WINDOWS\System32\msvcrt.dll
0x00007ff80aef0000 - 0x00007ff80af21000 	C:\WINDOWS\System32\IMM32.DLL
0x00007fffb9ee0000 - 0x00007fffb9f7d000 	D:\Android Studio\jre\bin\msvcp140.dll
0x00007fffba220000 - 0x00007fffbad05000 	D:\Android Studio\jre\bin\server\jvm.dll
0x00007ff80b2f0000 - 0x00007ff80b39e000 	C:\WINDOWS\System32\ADVAPI32.dll
0x00007ff80af30000 - 0x00007ff80afce000 	C:\WINDOWS\System32\sechost.dll
0x00007ff8097a0000 - 0x00007ff8098c0000 	C:\WINDOWS\System32\RPCRT4.dll
0x00007ff80b1a0000 - 0x00007ff80b1a8000 	C:\WINDOWS\System32\PSAPI.DLL
0x00007ffffe620000 - 0x00007ffffe62a000 	C:\WINDOWS\SYSTEM32\VERSION.dll
0x00007ff8008c0000 - 0x00007ff8008f3000 	C:\WINDOWS\SYSTEM32\WINMM.dll
0x00007fffec5c0000 - 0x00007fffec5c9000 	C:\WINDOWS\SYSTEM32\WSOCK32.dll
0x00007ff80b280000 - 0x00007ff80b2ef000 	C:\WINDOWS\System32\WS2_32.dll
0x00007ff807af0000 - 0x00007ff807b08000 	C:\WINDOWS\SYSTEM32\kernel.appcore.dll
0x00007ffff7370000 - 0x00007ffff7381000 	D:\Android Studio\jre\bin\verify.dll
0x00007ff8063d0000 - 0x00007ff8065f1000 	C:\WINDOWS\SYSTEM32\DBGHELP.DLL
0x00007fffedc10000 - 0x00007fffedc41000 	C:\WINDOWS\SYSTEM32\dbgcore.DLL
0x00007ff809320000 - 0x00007ff80939f000 	C:\WINDOWS\System32\bcryptPrimitives.dll
0x00007fffe4250000 - 0x00007fffe4279000 	D:\Android Studio\jre\bin\java.dll
0x00007ff801890000 - 0x00007ff80189b000 	D:\Android Studio\jre\bin\jimage.dll
0x00007ffff7350000 - 0x00007ffff7368000 	D:\Android Studio\jre\bin\zip.dll
0x00007ff80a650000 - 0x00007ff80adff000 	C:\WINDOWS\System32\SHELL32.dll
0x00007ff806b60000 - 0x00007ff8073c8000 	C:\WINDOWS\SYSTEM32\windows.storage.dll
0x00007ff809b80000 - 0x00007ff809ef8000 	C:\WINDOWS\System32\combase.dll
0x00007ff8069f0000 - 0x00007ff806b56000 	C:\WINDOWS\SYSTEM32\wintypes.dll
0x00007ff80b030000 - 0x00007ff80b11a000 	C:\WINDOWS\System32\SHCORE.dll
0x00007ff80afd0000 - 0x00007ff80b02d000 	C:\WINDOWS\System32\shlwapi.dll
0x00007ff808920000 - 0x00007ff808941000 	C:\WINDOWS\SYSTEM32\profapi.dll
0x00007fffe4230000 - 0x00007fffe424a000 	D:\Android Studio\jre\bin\net.dll
0x00007ff8000c0000 - 0x00007ff8001cc000 	C:\WINDOWS\SYSTEM32\WINHTTP.dll
0x00007ff807f20000 - 0x00007ff807f87000 	C:\WINDOWS\system32\mswsock.dll
0x00007fffe4210000 - 0x00007fffe4224000 	D:\Android Studio\jre\bin\nio.dll
0x00007fffe2680000 - 0x00007fffe26a7000 	C:\Users\Thinkpad E15\.gradle\native\e1d6ef7f7dcc3fd88c89a11ec53ec762bb8ba0a96d01ffa2cd45eb1d1d8dd5c5\windows-amd64\native-platform.dll
0x00007fff9e790000 - 0x00007fff9e8d4000 	C:\Users\Thinkpad E15\.gradle\native\5664cfc778a61ccfe75a443a1ab52a65af34e5dc3c78e0209fed803814484fcb\windows-amd64\native-platform-file-events.dll
0x00007ffff9570000 - 0x00007ffff957a000 	D:\Android Studio\jre\bin\management.dll
0x00007ffff8e20000 - 0x00007ffff8e2d000 	D:\Android Studio\jre\bin\management_ext.dll
0x00007ff808160000 - 0x00007ff808178000 	C:\WINDOWS\SYSTEM32\CRYPTSP.dll
0x00007ff807a50000 - 0x00007ff807a85000 	C:\WINDOWS\system32\rsaenh.dll
0x00007ff808010000 - 0x00007ff808039000 	C:\WINDOWS\SYSTEM32\USERENV.dll
0x00007ff8082d0000 - 0x00007ff8082f7000 	C:\WINDOWS\SYSTEM32\bcrypt.dll
0x00007ff8086b0000 - 0x00007ff8086bc000 	C:\WINDOWS\SYSTEM32\CRYPTBASE.dll
0x00007ff807620000 - 0x00007ff80764d000 	C:\WINDOWS\SYSTEM32\IPHLPAPI.DLL
0x00007ff80ae00000 - 0x00007ff80ae09000 	C:\WINDOWS\System32\NSI.dll
0x00007fffffbb0000 - 0x00007fffffbc9000 	C:\WINDOWS\SYSTEM32\dhcpcsvc6.DLL
0x00007ff800880000 - 0x00007ff80089e000 	C:\WINDOWS\SYSTEM32\dhcpcsvc.DLL
0x00007ff807690000 - 0x00007ff807778000 	C:\WINDOWS\SYSTEM32\DNSAPI.dll

dbghelp: loaded successfully - version: 4.0.5 - missing functions: none
symbol engine: initialized successfully - sym options: 0x614 - pdb path: .;D:\Android Studio\jre\bin;C:\WINDOWS\SYSTEM32;C:\WINDOWS\WinSxS\amd64_microsoft.windows.common-controls_6595b64144ccf1df_6.0.22000.120_none_9d947278b86cc467;D:\Android Studio\jre\bin\server;C:\Users\Thinkpad E15\.gradle\native\e1d6ef7f7dcc3fd88c89a11ec53ec762bb8ba0a96d01ffa2cd45eb1d1d8dd5c5\windows-amd64;C:\Users\Thinkpad E15\.gradle\native\5664cfc778a61ccfe75a443a1ab52a65af34e5dc3c78e0209fed803814484fcb\windows-amd64

VM Arguments:
jvm_args: --add-opens=java.base/java.util=ALL-UNNAMED --add-opens=java.base/java.lang=ALL-UNNAMED --add-opens=java.base/java.lang.invoke=ALL-UNNAMED --add-opens=java.base/java.util=ALL-UNNAMED --add-opens=java.prefs/java.util.prefs=ALL-UNNAMED --add-opens=java.prefs/java.util.prefs=ALL-UNNAMED --add-opens=java.base/java.nio.charset=ALL-UNNAMED --add-opens=java.base/java.net=ALL-UNNAMED --add-opens=java.base/java.util.concurrent.atomic=ALL-UNNAMED -Xmx2048m -Dfile.encoding=UTF-8 -Duser.country=US -Duser.language=en -Duser.variant 
java_command: org.gradle.launcher.daemon.bootstrap.GradleDaemon 7.3.3
java_class_path (initial): C:\Users\Thinkpad E15\.gradle\wrapper\dists\gradle-7.3.3-bin\6a41zxkdtcxs8rphpq6y0069z\gradle-7.3.3\lib\gradle-launcher-7.3.3.jar
Launcher Type: SUN_STANDARD

[Global flags]
     intx CICompilerCount                          = 12                                        {product} {ergonomic}
     uint ConcGCThreads                            = 3                                         {product} {ergonomic}
     uint G1ConcRefinementThreads                  = 13                                        {product} {ergonomic}
   size_t G1HeapRegionSize                         = 1048576                                   {product} {ergonomic}
    uintx GCDrainStackTargetSize                   = 64                                        {product} {ergonomic}
   size_t InitialHeapSize                          = 115343360                                 {product} {ergonomic}
   size_t MarkStackSize                            = 4194304                                   {product} {ergonomic}
   size_t MaxHeapSize                              = 2147483648                                {product} {command line}
   size_t MaxNewSize                               = 1287651328                                {product} {ergonomic}
   size_t MinHeapDeltaBytes                        = 1048576                                   {product} {ergonomic}
    uintx NonNMethodCodeHeapSize                   = 7594288                                {pd product} {ergonomic}
    uintx NonProfiledCodeHeapSize                  = 122031976                              {pd product} {ergonomic}
    uintx ProfiledCodeHeapSize                     = 122031976                              {pd product} {ergonomic}
    uintx ReservedCodeCacheSize                    = 251658240                              {pd product} {ergonomic}
     bool SegmentedCodeCache                       = true                                      {product} {ergonomic}
     bool UseCompressedClassPointers               = true                                 {lp64_product} {ergonomic}
     bool UseCompressedOops                        = true                                 {lp64_product} {ergonomic}
     bool UseG1GC                                  = true                                      {product} {ergonomic}
     bool UseLargePagesIndividualAllocation        = false                                  {pd product} {ergonomic}

Logging:
Log output configuration:
 #0: stdout all=warning uptime,level,tags
 #1: stderr all=off uptime,level,tags

Environment Variables:
CLASSPATH=%CLASSPATH%;%JUNIT_HOME%\junit-4.13.2.jar;.;;D:\Junit4\junit-4.13.2.jar;.;;D:\Junit4\junit-4.13.2.jar;.;
PATH=C:\Users\Thinkpad E15\AppData\Local\Programs\Python\Python310\Scripts\;C:\Users\Thinkpad E15\AppData\Local\Programs\Python\Python310\;D:\app\ThinkpadE15\product\12.1.0\dbhome_1\bin;C:\Program Files\Common Files\Oracle\Java\javapath;C:\Program Files (x86)\VMware\VMware Workstation\bin\;C:\WINDOWS\system32;C:\WINDOWS;C:\WINDOWS\System32\Wbem;C:\WINDOWS\System32\WindowsPowerShell\v1.0\;C:\WINDOWS\System32\OpenSSH\;C:\Program Files\Microsoft SQL Server\Client SDK\ODBC\170\Tools\Binn\;C:\Program Files (x86)\Microsoft SQL Server\150\Tools\Binn\;C:\Program Files\Microsoft SQL Server\150\Tools\Binn\;C:\Program Files\Microsoft SQL Server\150\DTS\Binn\;C:\Program Files\Bandizip\;C:\Program Files\MongoDB\Server\5.0\bin;C:\Program Files\Git\cmd;C:\ProgramData\chocolatey\bin;C:\Users\Thinkpad E15\AppData\Roaming\nvm;C:\Program Files\nodejs;C:\Program Files\MySQL\MySQL Shell 8.0\bin\;C:\Users\Thinkpad E15\AppData\Local\Microsoft\WindowsApps;D:\IntelliJ IDEA Community Edition 2021.2.1\bin;;C:\Users\Thinkpad E15\AppData\Local\Programs\Microsoft VS Code\bin;C:\Users\Thinkpad E15\AppData\Roaming\npm;C:\Program Files\heroku\bin;C:\Users\Thinkpad E15\AppData\Roaming\nvm;C:\Program Files\nodejs
USERNAME=Thinkpad E15
OS=Windows_NT
PROCESSOR_IDENTIFIER=AMD64 Family 23 Model 104 Stepping 1, AuthenticAMD



---------------  S Y S T E M  ---------------

OS: Windows 10 , 64 bit Build 22000 (10.0.22000.675)
OS uptime: 1 days 22:38 hours

CPU:total 16 (initial active 16) (16 cores per cpu, 2 threads per core) family 23 model 104 stepping 1 microcode 0x0, cmov, cx8, fxsr, mmx, sse, sse2, sse3, ssse3, sse4.1, sse4.2, popcnt, avx, avx2, aes, clmul, mmxext, 3dnowpref, lzcnt, sse4a, ht, tsc, tscinvbit, tscinv, bmi1, bmi2, adx, sha, fma

Memory: 4k page, system-wide physical 6986M (242M free)
TotalPageFile size 28490M (AvailPageFile size 4M)
current process WorkingSet (physical memory assigned to process): 184M, peak: 186M
current process commit charge ("private bytes"): 255M, peak: 256M

vm_info: OpenJDK 64-Bit Server VM (11.0.12+7-b1504.28-7817840) for windows-amd64 JRE (11.0.12+7-b1504.28-7817840), built on Oct 13 2021 22:12:33 by "builder" with MS VC++ 14.0 (VS2015)

END.
