#
# There is insufficient memory for the Java Runtime Environment to continue.
# Native memory allocation (malloc) failed to allocate 328576 bytes for Chunk::new
# Possible reasons:
#   The system is out of physical RAM or swap space
#   The process is running with CompressedOops enabled, and the Java Heap may be blocking the growth of the native heap
# Possible solutions:
#   Reduce memory load on the system
#   Increase physical memory or swap space
#   Check if swap backing store is full
#   Decrease Java heap size (-Xmx/-Xms)
#   Decrease number of Java threads
#   Decrease Java thread stack sizes (-Xss)
#   Set larger code cache with -XX:ReservedCodeCacheSize=
#   JVM is running with Unscaled Compressed Oops mode in which the Java heap is
#     placed in the first 4GB address space. The Java Heap base address is the
#     maximum limit for the native heap growth. Please use -XX:HeapBaseMinAddress
#     to set the Java Heap base and to place the Java Heap above 4GB virtual address.
# This output file may be truncated or incomplete.
#
#  Out of Memory Error (./src/hotspot/share/memory/arena.cpp:197), pid=6832, tid=19772
#
# JRE version: OpenJDK Runtime Environment (11.0.12+7) (build 11.0.12+7-b1504.28-7817840)
# Java VM: OpenJDK 64-Bit Server VM (11.0.12+7-b1504.28-7817840, mixed mode, tiered, compressed oops, g1 gc, windows-amd64)
# No core dump will be written. Minidumps are not enabled by default on client versions of Windows
#

---------------  S U M M A R Y ------------

Command Line: --add-opens=java.base/java.util=ALL-UNNAMED --add-opens=java.base/java.lang=ALL-UNNAMED --add-opens=java.base/java.lang.invoke=ALL-UNNAMED --add-opens=java.base/java.util=ALL-UNNAMED --add-opens=java.prefs/java.util.prefs=ALL-UNNAMED --add-opens=java.prefs/java.util.prefs=ALL-UNNAMED --add-opens=java.base/java.nio.charset=ALL-UNNAMED --add-opens=java.base/java.net=ALL-UNNAMED --add-opens=java.base/java.util.concurrent.atomic=ALL-UNNAMED -Xmx2048m -Dfile.encoding=UTF-8 -Duser.country=US -Duser.language=en -Duser.variant org.gradle.launcher.daemon.bootstrap.GradleDaemon 7.3.3

Host: AMD Ryzen 7 5700U with Radeon Graphics         , 16 cores, 6G,  Windows 10 , 64 bit Build 22000 (10.0.22000.675)
Time: Tue Jun 14 01:18:47 2022 Eastern Daylight Time elapsed time: 124.058594 seconds (0d 0h 2m 4s)

---------------  T H R E A D  ---------------

Current thread (0x0000017431e44800):  JavaThread "C2 CompilerThread0" daemon [_thread_in_native, id=19772, stack(0x00000058a4600000,0x00000058a4700000)]


Current CompileTask:
C2: 124058 22482       4       java.util.Properties::loadConvert (524 bytes)

Stack: [0x00000058a4600000,0x00000058a4700000]
Native frames: (J=compiled Java code, j=interpreted, Vv=VM code, C=native code)
V  [jvm.dll+0x5fbcea]
V  [jvm.dll+0x731905]
V  [jvm.dll+0x732f1d]
V  [jvm.dll+0x7335d3]
V  [jvm.dll+0x247bf8]
V  [jvm.dll+0xc018c]
V  [jvm.dll+0xc06cc]
V  [jvm.dll+0x2bcc04]
V  [jvm.dll+0x5113a8]
V  [jvm.dll+0x201d61]
V  [jvm.dll+0x1ff71f]
V  [jvm.dll+0x18868c]
V  [jvm.dll+0x20e0d7]
V  [jvm.dll+0x20c901]
V  [jvm.dll+0x6f9b7f]
V  [jvm.dll+0x6f26a5]
V  [jvm.dll+0x5fabf6]
C  [ucrtbase.dll+0x26c0c]
C  [KERNEL32.DLL+0x154e0]
C  [ntdll.dll+0x485b]


---------------  P R O C E S S  ---------------

Threads class SMR info:
_java_thread_list=0x000001743e1e93a0, length=64, elements={
0x00000174165a3800, 0x00000174314ca000, 0x00000174314cd000, 0x00000174314e7000,
0x00000174314e8000, 0x00000174314e9000, 0x0000017431e44800, 0x0000017431e48800,
0x00000174314fd000, 0x0000017431fa0000, 0x0000017433dfd000, 0x0000017433e01000,
0x0000017433dff000, 0x0000017433dfc000, 0x0000017433e00000, 0x0000017433e43800,
0x0000017433e44800, 0x0000017433e45000, 0x0000017433e47000, 0x0000017433e41000,
0x0000017433e49800, 0x0000017433e4c800, 0x0000017433e4b000, 0x0000017433e4d800,
0x0000017433e4b800, 0x00000174382bb000, 0x00000174382b5800, 0x00000174382bc000,
0x00000174382b8800, 0x00000174382b6800, 0x00000174382b9800, 0x00000174382bd000,
0x00000174382b7000, 0x00000174382bd800, 0x00000174382c3800, 0x00000174382c2800,
0x00000174382bf800, 0x00000174382c4000, 0x00000174382c0000, 0x000001743a177000,
0x0000017433190000, 0x0000017433193800, 0x000001743318e000, 0x0000017433195000,
0x0000017433196000, 0x0000017433192000, 0x0000017433194800, 0x000001743319a000,
0x0000017433199000, 0x000001743e8d5800, 0x000001743e8d9000, 0x000001743e8da800,
0x000001743e8db800, 0x0000017433192800, 0x000001743e90e800, 0x000001743e90d000,
0x000001743e90f800, 0x000001743e90d800, 0x000001743e911000, 0x000001743e910000,
0x000001743e90b800, 0x000001743e912000, 0x000001743e90c000, 0x000001743e916800
}

Java Threads: ( => current thread )
  0x00000174165a3800 JavaThread "main" [_thread_blocked, id=27724, stack(0x00000058a3a00000,0x00000058a3b00000)]
  0x00000174314ca000 JavaThread "Reference Handler" daemon [_thread_blocked, id=31428, stack(0x00000058a4100000,0x00000058a4200000)]
  0x00000174314cd000 JavaThread "Finalizer" daemon [_thread_blocked, id=11992, stack(0x00000058a4200000,0x00000058a4300000)]
  0x00000174314e7000 JavaThread "Signal Dispatcher" daemon [_thread_blocked, id=20736, stack(0x00000058a4300000,0x00000058a4400000)]
  0x00000174314e8000 JavaThread "Attach Listener" daemon [_thread_blocked, id=23384, stack(0x00000058a4400000,0x00000058a4500000)]
  0x00000174314e9000 JavaThread "Service Thread" daemon [_thread_blocked, id=2052, stack(0x00000058a4500000,0x00000058a4600000)]
=>0x0000017431e44800 JavaThread "C2 CompilerThread0" daemon [_thread_in_native, id=19772, stack(0x00000058a4600000,0x00000058a4700000)]
  0x0000017431e48800 JavaThread "C1 CompilerThread0" daemon [_thread_blocked, id=8072, stack(0x00000058a4700000,0x00000058a4800000)]
  0x00000174314fd000 JavaThread "Sweeper thread" daemon [_thread_blocked, id=592, stack(0x00000058a4800000,0x00000058a4900000)]
  0x0000017431fa0000 JavaThread "Common-Cleaner" daemon [_thread_blocked, id=10036, stack(0x00000058a4a00000,0x00000058a4b00000)]
  0x0000017433dfd000 JavaThread "Daemon health stats" [_thread_blocked, id=23828, stack(0x00000058a4d00000,0x00000058a4e00000)]
  0x0000017433e01000 JavaThread "Incoming local TCP Connector on port 59469" [_thread_in_native, id=8728, stack(0x00000058a4e00000,0x00000058a4f00000)]
  0x0000017433dff000 JavaThread "Daemon periodic checks" [_thread_blocked, id=22392, stack(0x00000058a5300000,0x00000058a5400000)]
  0x0000017433dfc000 JavaThread "Daemon" [_thread_blocked, id=30624, stack(0x00000058a5400000,0x00000058a5500000)]
  0x0000017433e00000 JavaThread "Daemon worker" [_thread_in_Java, id=4072, stack(0x00000058a5700000,0x00000058a5800000)]
  0x0000017433e43800 JavaThread "Cache worker for journal cache (C:\Users\Thinkpad E15\.gradle\caches\journal-1)" [_thread_blocked, id=33384, stack(0x00000058a5b00000,0x00000058a5c00000)]
  0x0000017433e44800 JavaThread "File lock request listener" [_thread_in_native, id=33596, stack(0x00000058a5c00000,0x00000058a5d00000)]
  0x0000017433e45000 JavaThread "Cache worker for file hash cache (C:\Users\Thinkpad E15\.gradle\caches\7.3.3\fileHashes)" [_thread_blocked, id=23656, stack(0x00000058a5d00000,0x00000058a5e00000)]
  0x0000017433e47000 JavaThread "File watcher server" daemon [_thread_in_native, id=31496, stack(0x00000058a6800000,0x00000058a6900000)]
  0x0000017433e41000 JavaThread "File watcher consumer" daemon [_thread_blocked, id=19408, stack(0x00000058a6900000,0x00000058a6a00000)]
  0x0000017433e49800 JavaThread "Cache worker for execution history cache (C:\Users\Thinkpad E15\.gradle\caches\7.3.3\executionHistory)" [_thread_blocked, id=25504, stack(0x00000058a6d00000,0x00000058a6e00000)]
  0x0000017433e4c800 JavaThread "jar transforms" [_thread_blocked, id=20496, stack(0x00000058a6e00000,0x00000058a6f00000)]
  0x0000017433e4b000 JavaThread "Cache worker for file content cache (C:\Users\Thinkpad E15\.gradle\caches\7.3.3\fileContent)" [_thread_blocked, id=17788, stack(0x00000058a6f00000,0x00000058a7000000)]
  0x0000017433e4d800 JavaThread "jar transforms Thread 2" [_thread_blocked, id=10292, stack(0x00000058a7000000,0x00000058a7100000)]
  0x0000017433e4b800 JavaThread "jar transforms Thread 3" [_thread_blocked, id=28172, stack(0x00000058a7200000,0x00000058a7300000)]
  0x00000174382bb000 JavaThread "jar transforms Thread 4" [_thread_blocked, id=24300, stack(0x00000058afb00000,0x00000058afc00000)]
  0x00000174382b5800 JavaThread "jar transforms Thread 5" [_thread_blocked, id=28216, stack(0x00000058afc00000,0x00000058afd00000)]
  0x00000174382bc000 JavaThread "jar transforms Thread 6" [_thread_blocked, id=30688, stack(0x00000058afd00000,0x00000058afe00000)]
  0x00000174382b8800 JavaThread "jar transforms Thread 7" [_thread_blocked, id=2124, stack(0x00000058afe00000,0x00000058aff00000)]
  0x00000174382b6800 JavaThread "jar transforms Thread 8" [_thread_blocked, id=18576, stack(0x00000058aff00000,0x00000058b0000000)]
  0x00000174382b9800 JavaThread "jar transforms Thread 9" [_thread_blocked, id=9536, stack(0x00000058b0000000,0x00000058b0100000)]
  0x00000174382bd000 JavaThread "jar transforms Thread 10" [_thread_blocked, id=19404, stack(0x00000058b0100000,0x00000058b0200000)]
  0x00000174382b7000 JavaThread "jar transforms Thread 11" [_thread_blocked, id=2844, stack(0x00000058b0200000,0x00000058b0300000)]
  0x00000174382bd800 JavaThread "jar transforms Thread 12" [_thread_blocked, id=29720, stack(0x00000058b0300000,0x00000058b0400000)]
  0x00000174382c3800 JavaThread "jar transforms Thread 13" [_thread_blocked, id=4704, stack(0x00000058b0400000,0x00000058b0500000)]
  0x00000174382c2800 JavaThread "jar transforms Thread 14" [_thread_blocked, id=31280, stack(0x00000058b0500000,0x00000058b0600000)]
  0x00000174382bf800 JavaThread "jar transforms Thread 15" [_thread_blocked, id=15628, stack(0x00000058b0600000,0x00000058b0700000)]
  0x00000174382c4000 JavaThread "jar transforms Thread 16" [_thread_blocked, id=30728, stack(0x00000058b0700000,0x00000058b0800000)]
  0x00000174382c0000 JavaThread "Memory manager" [_thread_blocked, id=600, stack(0x00000058b0800000,0x00000058b0900000)]
  0x000001743a177000 JavaThread "Cache worker for Java compile cache (C:\Users\Thinkpad E15\.gradle\caches\7.3.3\javaCompile)" [_thread_blocked, id=10420, stack(0x00000058b3400000,0x00000058b3500000)]
  0x0000017433190000 JavaThread "ForkJoinPool.commonPool-worker-19" daemon [_thread_blocked, id=2424, stack(0x00000058b5b00000,0x00000058b5c00000)]
  0x0000017433193800 JavaThread "ForkJoinPool.commonPool-worker-23" daemon [_thread_blocked, id=28616, stack(0x00000058b5d00000,0x00000058b5e00000)]
  0x000001743318e000 JavaThread "ForkJoinPool.commonPool-worker-9" daemon [_thread_blocked, id=29296, stack(0x00000058b5e00000,0x00000058b5f00000)]
  0x0000017433195000 JavaThread "ForkJoinPool.commonPool-worker-27" daemon [_thread_blocked, id=7536, stack(0x00000058b5f00000,0x00000058b6000000)]
  0x0000017433196000 JavaThread "ForkJoinPool.commonPool-worker-13" daemon [_thread_blocked, id=24812, stack(0x00000058b5a00000,0x00000058b5b00000)]
  0x0000017433192000 JavaThread "ForkJoinPool.commonPool-worker-31" daemon [_thread_blocked, id=18016, stack(0x00000058b6000000,0x00000058b6100000)]
  0x0000017433194800 JavaThread "ForkJoinPool.commonPool-worker-3" daemon [_thread_blocked, id=32956, stack(0x00000058b6100000,0x00000058b6200000)]
  0x000001743319a000 JavaThread "ForkJoinPool.commonPool-worker-17" daemon [_thread_blocked, id=3972, stack(0x00000058b6200000,0x00000058b6300000)]
  0x0000017433199000 JavaThread "ForkJoinPool.commonPool-worker-21" daemon [_thread_blocked, id=14836, stack(0x00000058b6300000,0x00000058b6400000)]
  0x000001743e8d5800 JavaThread "ForkJoinPool.commonPool-worker-7" daemon [_thread_blocked, id=20436, stack(0x00000058b3b00000,0x00000058b3c00000)]
  0x000001743e8d9000 JavaThread "ForkJoinPool.commonPool-worker-15" daemon [_thread_blocked, id=27360, stack(0x00000058b3c00000,0x00000058b3d00000)]
  0x000001743e8da800 JavaThread "ForkJoinPool.commonPool-worker-29" daemon [_thread_blocked, id=19756, stack(0x00000058b3d00000,0x00000058b3e00000)]
  0x000001743e8db800 JavaThread "ForkJoinPool.commonPool-worker-11" daemon [_thread_blocked, id=29896, stack(0x00000058b3e00000,0x00000058b3f00000)]
  0x0000017433192800 JavaThread "ForkJoinPool.commonPool-worker-25" daemon [_thread_blocked, id=4312, stack(0x00000058b3f00000,0x00000058b4000000)]
  0x000001743e90e800 JavaThread "Handler for socket connection from /127.0.0.1:59469 to /127.0.0.1:59689" [_thread_in_native, id=19856, stack(0x00000058a3700000,0x00000058a3800000)]
  0x000001743e90d000 JavaThread "Cancel handler" [_thread_blocked, id=10112, stack(0x00000058a3800000,0x00000058a3900000)]
  0x000001743e90f800 JavaThread "Asynchronous log dispatcher for DefaultDaemonConnection: socket connection from /127.0.0.1:59469 to /127.0.0.1:59689" [_thread_blocked, id=19932, stack(0x00000058a3900000,0x00000058a3a00000)]
  0x000001743e90d800 JavaThread "Stdin handler" [_thread_blocked, id=30108, stack(0x00000058a4900000,0x00000058a4a00000)]
  0x000001743e911000 JavaThread "Daemon client event forwarder" [_thread_blocked, id=10728, stack(0x00000058a5500000,0x00000058a5600000)]
  0x000001743e910000 JavaThread "Cache worker for file hash cache (C:\Users\Thinkpad E15\AndroidStudioProjects\AndroidLabs\.gradle\7.3.3\fileHashes)" [_thread_blocked, id=22664, stack(0x00000058a5600000,0x00000058a5700000)]
  0x000001743e90b800 JavaThread "Cache worker for checksums cache (C:\Users\Thinkpad E15\AndroidStudioProjects\AndroidLabs\.gradle\7.3.3\checksums)" [_thread_blocked, id=31536, stack(0x00000058a5800000,0x00000058a5900000)]
  0x000001743e912000 JavaThread "Cache worker for cache directory md-supplier (C:\Users\Thinkpad E15\.gradle\caches\7.3.3\md-supplier)" [_thread_blocked, id=26704, stack(0x00000058a5900000,0x00000058a5a00000)]
  0x000001743e90c000 JavaThread "Cache worker for cache directory md-rule (C:\Users\Thinkpad E15\.gradle\caches\7.3.3\md-rule)" [_thread_blocked, id=33004, stack(0x00000058a5a00000,0x00000058a5b00000)]
  0x000001743e916800 JavaThread "Cache worker for dependencies-accessors (C:\Users\Thinkpad E15\AndroidStudioProjects\AndroidLabs\.gradle\7.3.3\dependencies-accessors)" [_thread_blocked, id=21060, stack(0x00000058a6700000,0x00000058a6800000)]

Other Threads:
  0x00000174314c7800 VMThread "VM Thread" [stack: 0x00000058a4000000,0x00000058a4100000] [id=18764]
  0x0000017432080800 WatcherThread [stack: 0x00000058a4b00000,0x00000058a4c00000] [id=11868]
  0x00000174165bc000 GCTaskThread "GC Thread#0" [stack: 0x00000058a3b00000,0x00000058a3c00000] [id=6772]
  0x0000017432dc0800 GCTaskThread "GC Thread#1" [stack: 0x00000058a4c00000,0x00000058a4d00000] [id=25636]
  0x0000017433cd3800 GCTaskThread "GC Thread#2" [stack: 0x00000058a4f00000,0x00000058a5000000] [id=28424]
  0x000001743306c800 GCTaskThread "GC Thread#3" [stack: 0x00000058a5000000,0x00000058a5100000] [id=10932]
  0x00000174336a2000 GCTaskThread "GC Thread#4" [stack: 0x00000058a5100000,0x00000058a5200000] [id=33608]
  0x00000174338f5000 GCTaskThread "GC Thread#5" [stack: 0x00000058a5200000,0x00000058a5300000] [id=26600]
  0x0000017433f21800 GCTaskThread "GC Thread#6" [stack: 0x00000058a5e00000,0x00000058a5f00000] [id=15144]
  0x0000017433f24000 GCTaskThread "GC Thread#7" [stack: 0x00000058a5f00000,0x00000058a6000000] [id=20572]
  0x0000017433f25800 GCTaskThread "GC Thread#8" [stack: 0x00000058a6000000,0x00000058a6100000] [id=33524]
  0x0000017433f24800 GCTaskThread "GC Thread#9" [stack: 0x00000058a6100000,0x00000058a6200000] [id=30200]
  0x0000017433f26000 GCTaskThread "GC Thread#10" [stack: 0x00000058a6200000,0x00000058a6300000] [id=26140]
  0x0000017433f22800 GCTaskThread "GC Thread#11" [stack: 0x00000058a6300000,0x00000058a6400000] [id=31612]
  0x0000017433f21000 GCTaskThread "GC Thread#12" [stack: 0x00000058a6400000,0x00000058a6500000] [id=31256]
  0x00000174165f1000 ConcurrentGCThread "G1 Main Marker" [stack: 0x00000058a3c00000,0x00000058a3d00000] [id=26588]
  0x00000174165f2000 ConcurrentGCThread "G1 Conc#0" [stack: 0x00000058a3d00000,0x00000058a3e00000] [id=29040]
  0x0000017433f27000 ConcurrentGCThread "G1 Conc#1" [stack: 0x00000058a6500000,0x00000058a6600000] [id=8232]
  0x0000017433f23000 ConcurrentGCThread "G1 Conc#2" [stack: 0x00000058a6600000,0x00000058a6700000] [id=33068]
  0x0000017431318800 ConcurrentGCThread "G1 Refine#0" [stack: 0x00000058a3e00000,0x00000058a3f00000] [id=32436]
  0x000001743131a000 ConcurrentGCThread "G1 Young RemSet Sampling" [stack: 0x00000058a3f00000,0x00000058a4000000] [id=7508]

Threads with active compile tasks:
C2 CompilerThread0 124115 22482       4       java.util.Properties::loadConvert (524 bytes)

VM state:not at safepoint (normal execution)

VM Mutex/Monitor currently owned by a thread: None

Heap address: 0x0000000080000000, size: 2048 MB, Compressed Oops mode: 32-bit
Narrow klass base: 0x0000000000000000, Narrow klass shift: 3
Compressed class space size: 1073741824 Address: 0x0000000100000000

Heap:
 garbage-first heap   total 195584K, used 146350K [0x0000000080000000, 0x0000000100000000)
  region size 1024K, 7 young (7168K), 3 survivors (3072K)
 Metaspace       used 134472K, capacity 138517K, committed 140540K, reserved 1171456K
  class space    used 16936K, capacity 18438K, committed 19584K, reserved 1048576K
Heap Regions: E=young(eden), S=young(survivor), O=old, HS=humongous(starts), HC=humongous(continues), CS=collection set, F=free, A=archive, TAMS=top-at-mark-start (previous, next)
|   0|0x0000000080000000, 0x0000000080100000, 0x0000000080100000|100%| O|  |TAMS 0x0000000080100000, 0x0000000080000000| Untracked 
|   1|0x0000000080100000, 0x0000000080200000, 0x0000000080200000|100%| O|  |TAMS 0x0000000080200000, 0x0000000080100000| Untracked 
|   2|0x0000000080200000, 0x0000000080300000, 0x0000000080300000|100%| O|  |TAMS 0x0000000080300000, 0x0000000080200000| Untracked 
|   3|0x0000000080300000, 0x0000000080400000, 0x0000000080400000|100%|HS|  |TAMS 0x0000000080400000, 0x0000000080300000| Complete 
|   4|0x0000000080400000, 0x0000000080500000, 0x0000000080500000|100%|HC|  |TAMS 0x0000000080500000, 0x0000000080400000| Complete 
|   5|0x0000000080500000, 0x0000000080600000, 0x0000000080600000|100%|HC|  |TAMS 0x0000000080600000, 0x0000000080500000| Complete 
|   6|0x0000000080600000, 0x0000000080700000, 0x0000000080700000|100%| O|  |TAMS 0x0000000080700000, 0x0000000080600000| Untracked 
|   7|0x0000000080700000, 0x0000000080800000, 0x0000000080800000|100%| O|  |TAMS 0x0000000080800000, 0x0000000080700000| Untracked 
|   8|0x0000000080800000, 0x0000000080900000, 0x0000000080900000|100%| O|  |TAMS 0x0000000080900000, 0x0000000080800000| Untracked 
|   9|0x0000000080900000, 0x0000000080a00000, 0x0000000080a00000|100%| O|  |TAMS 0x0000000080a00000, 0x0000000080900000| Untracked 
|  10|0x0000000080a00000, 0x0000000080b00000, 0x0000000080b00000|100%| O|  |TAMS 0x0000000080b00000, 0x0000000080a00000| Untracked 
|  11|0x0000000080b00000, 0x0000000080c00000, 0x0000000080c00000|100%| O|  |TAMS 0x0000000080c00000, 0x0000000080b00000| Untracked 
|  12|0x0000000080c00000, 0x0000000080d00000, 0x0000000080d00000|100%| O|  |TAMS 0x0000000080d00000, 0x0000000080c00000| Untracked 
|  13|0x0000000080d00000, 0x0000000080e00000, 0x0000000080e00000|100%| O|  |TAMS 0x0000000080e00000, 0x0000000080d00000| Untracked 
|  14|0x0000000080e00000, 0x0000000080f00000, 0x0000000080f00000|100%| O|  |TAMS 0x0000000080f00000, 0x0000000080e00000| Untracked 
|  15|0x0000000080f00000, 0x0000000081000000, 0x0000000081000000|100%| O|  |TAMS 0x0000000081000000, 0x0000000080f00000| Untracked 
|  16|0x0000000081000000, 0x0000000081100000, 0x0000000081100000|100%| O|  |TAMS 0x0000000081100000, 0x0000000081000000| Untracked 
|  17|0x0000000081100000, 0x0000000081200000, 0x0000000081200000|100%| O|  |TAMS 0x0000000081200000, 0x0000000081100000| Untracked 
|  18|0x0000000081200000, 0x0000000081300000, 0x0000000081300000|100%| O|  |TAMS 0x0000000081300000, 0x0000000081200000| Untracked 
|  19|0x0000000081300000, 0x0000000081400000, 0x0000000081400000|100%| O|  |TAMS 0x0000000081400000, 0x0000000081300000| Untracked 
|  20|0x0000000081400000, 0x0000000081500000, 0x0000000081500000|100%| O|  |TAMS 0x0000000081500000, 0x0000000081400000| Untracked 
|  21|0x0000000081500000, 0x0000000081600000, 0x0000000081600000|100%| O|  |TAMS 0x0000000081600000, 0x0000000081500000| Untracked 
|  22|0x0000000081600000, 0x0000000081700000, 0x0000000081700000|100%| O|  |TAMS 0x0000000081700000, 0x0000000081600000| Complete 
|  23|0x0000000081700000, 0x0000000081800000, 0x0000000081800000|100%| O|  |TAMS 0x0000000081800000, 0x0000000081700000| Untracked 
|  24|0x0000000081800000, 0x0000000081900000, 0x0000000081900000|100%| O|  |TAMS 0x0000000081900000, 0x0000000081800000| Complete 
|  25|0x0000000081900000, 0x0000000081a00000, 0x0000000081a00000|100%|HS|  |TAMS 0x0000000081a00000, 0x0000000081900000| Complete 
|  26|0x0000000081a00000, 0x0000000081b00000, 0x0000000081b00000|100%|HS|  |TAMS 0x0000000081b00000, 0x0000000081a00000| Complete 
|  27|0x0000000081b00000, 0x0000000081c00000, 0x0000000081c00000|100%|HS|  |TAMS 0x0000000081c00000, 0x0000000081b00000| Complete 
|  28|0x0000000081c00000, 0x0000000081d00000, 0x0000000081d00000|100%|HC|  |TAMS 0x0000000081d00000, 0x0000000081c00000| Complete 
|  29|0x0000000081d00000, 0x0000000081e00000, 0x0000000081e00000|100%| O|  |TAMS 0x0000000081e00000, 0x0000000081d00000| Untracked 
|  30|0x0000000081e00000, 0x0000000081f00000, 0x0000000081f00000|100%| O|  |TAMS 0x0000000081f00000, 0x0000000081e00000| Untracked 
|  31|0x0000000081f00000, 0x0000000082000000, 0x0000000082000000|100%| O|  |TAMS 0x0000000082000000, 0x0000000081f00000| Untracked 
|  32|0x0000000082000000, 0x0000000082100000, 0x0000000082100000|100%| O|  |TAMS 0x0000000082100000, 0x0000000082000000| Complete 
|  33|0x0000000082100000, 0x0000000082200000, 0x0000000082200000|100%| O|  |TAMS 0x0000000082200000, 0x0000000082100000| Untracked 
|  34|0x0000000082200000, 0x0000000082300000, 0x0000000082300000|100%| O|  |TAMS 0x0000000082300000, 0x0000000082200000| Untracked 
|  35|0x0000000082300000, 0x0000000082400000, 0x0000000082400000|100%| O|  |TAMS 0x0000000082400000, 0x0000000082300000| Untracked 
|  36|0x0000000082400000, 0x0000000082500000, 0x0000000082500000|100%| O|  |TAMS 0x0000000082500000, 0x0000000082400000| Untracked 
|  37|0x0000000082500000, 0x0000000082600000, 0x0000000082600000|100%| O|  |TAMS 0x0000000082600000, 0x0000000082500000| Untracked 
|  38|0x0000000082600000, 0x0000000082700000, 0x0000000082700000|100%| O|  |TAMS 0x0000000082700000, 0x0000000082600000| Complete 
|  39|0x0000000082700000, 0x0000000082800000, 0x0000000082800000|100%| O|  |TAMS 0x0000000082800000, 0x0000000082700000| Complete 
|  40|0x0000000082800000, 0x0000000082900000, 0x0000000082900000|100%| O|  |TAMS 0x0000000082900000, 0x0000000082800000| Complete 
|  41|0x0000000082900000, 0x0000000082a00000, 0x0000000082a00000|100%| O|  |TAMS 0x0000000082a00000, 0x0000000082900000| Untracked 
|  42|0x0000000082a00000, 0x0000000082b00000, 0x0000000082b00000|100%| O|  |TAMS 0x0000000082b00000, 0x0000000082a00000| Untracked 
|  43|0x0000000082b00000, 0x0000000082c00000, 0x0000000082c00000|100%| O|  |TAMS 0x0000000082c00000, 0x0000000082b00000| Untracked 
|  44|0x0000000082c00000, 0x0000000082d00000, 0x0000000082d00000|100%| O|  |TAMS 0x0000000082d00000, 0x0000000082c00000| Untracked 
|  45|0x0000000082d00000, 0x0000000082e00000, 0x0000000082e00000|100%| O|  |TAMS 0x0000000082e00000, 0x0000000082d00000| Untracked 
|  46|0x0000000082e00000, 0x0000000082f00000, 0x0000000082f00000|100%| O|  |TAMS 0x0000000082f00000, 0x0000000082e00000| Untracked 
|  47|0x0000000082f00000, 0x0000000083000000, 0x0000000083000000|100%| O|  |TAMS 0x0000000083000000, 0x0000000082f00000| Untracked 
|  48|0x0000000083000000, 0x0000000083100000, 0x0000000083100000|100%| O|  |TAMS 0x0000000083100000, 0x0000000083000000| Untracked 
|  49|0x0000000083100000, 0x0000000083200000, 0x0000000083200000|100%| O|  |TAMS 0x0000000083200000, 0x0000000083100000| Complete 
|  50|0x0000000083200000, 0x0000000083300000, 0x0000000083300000|100%| O|  |TAMS 0x0000000083300000, 0x0000000083200000| Complete 
|  51|0x0000000083300000, 0x0000000083400000, 0x0000000083400000|100%| O|  |TAMS 0x0000000083400000, 0x0000000083300000| Complete 
|  52|0x0000000083400000, 0x0000000083500000, 0x0000000083500000|100%| O|  |TAMS 0x0000000083500000, 0x0000000083400000| Complete 
|  53|0x0000000083500000, 0x0000000083600000, 0x0000000083600000|100%| O|  |TAMS 0x00000000835c7800, 0x0000000083500000| Untracked 
|  54|0x0000000083600000, 0x0000000083700000, 0x0000000083700000|100%| O|  |TAMS 0x0000000083700000, 0x0000000083600000| Complete 
|  55|0x0000000083700000, 0x0000000083800000, 0x0000000083800000|100%| O|  |TAMS 0x0000000083800000, 0x0000000083700000| Complete 
|  56|0x0000000083800000, 0x0000000083900000, 0x0000000083900000|100%| O|  |TAMS 0x0000000083900000, 0x0000000083800000| Untracked 
|  57|0x0000000083900000, 0x0000000083a00000, 0x0000000083a00000|100%| O|  |TAMS 0x0000000083a00000, 0x0000000083900000| Complete 
|  58|0x0000000083a00000, 0x0000000083b00000, 0x0000000083b00000|100%|HS|  |TAMS 0x0000000083b00000, 0x0000000083a00000| Complete 
|  59|0x0000000083b00000, 0x0000000083c00000, 0x0000000083c00000|100%| O|  |TAMS 0x0000000083c00000, 0x0000000083b00000| Complete 
|  60|0x0000000083c00000, 0x0000000083d00000, 0x0000000083d00000|100%| O|  |TAMS 0x0000000083d00000, 0x0000000083c00000| Untracked 
|  61|0x0000000083d00000, 0x0000000083e00000, 0x0000000083e00000|100%| O|  |TAMS 0x0000000083e00000, 0x0000000083d00000| Complete 
|  62|0x0000000083e00000, 0x0000000083f00000, 0x0000000083f00000|100%|HS|  |TAMS 0x0000000083f00000, 0x0000000083e00000| Complete 
|  63|0x0000000083f00000, 0x0000000084000000, 0x0000000084000000|100%| O|  |TAMS 0x0000000084000000, 0x0000000083f00000| Complete 
|  64|0x0000000084000000, 0x0000000084100000, 0x0000000084100000|100%| O|  |TAMS 0x0000000084100000, 0x0000000084000000| Complete 
|  65|0x0000000084100000, 0x0000000084200000, 0x0000000084200000|100%| O|  |TAMS 0x0000000084200000, 0x0000000084100000| Complete 
|  66|0x0000000084200000, 0x0000000084300000, 0x0000000084300000|100%|HS|  |TAMS 0x0000000084300000, 0x0000000084200000| Complete 
|  67|0x0000000084300000, 0x0000000084400000, 0x0000000084400000|100%|HC|  |TAMS 0x0000000084400000, 0x0000000084300000| Complete 
|  68|0x0000000084400000, 0x0000000084500000, 0x0000000084500000|100%| O|  |TAMS 0x0000000084500000, 0x0000000084400000| Complete 
|  69|0x0000000084500000, 0x0000000084600000, 0x0000000084600000|100%| O|  |TAMS 0x0000000084600000, 0x0000000084500000| Untracked 
|  70|0x0000000084600000, 0x0000000084700000, 0x0000000084700000|100%| O|  |TAMS 0x0000000084600000, 0x0000000084600000| Untracked 
|  71|0x0000000084700000, 0x0000000084800000, 0x0000000084800000|100%| O|  |TAMS 0x0000000084800000, 0x0000000084700000| Complete 
|  72|0x0000000084800000, 0x0000000084900000, 0x0000000084900000|100%| O|  |TAMS 0x0000000084900000, 0x0000000084800000| Untracked 
|  73|0x0000000084900000, 0x0000000084a00000, 0x0000000084a00000|100%| O|  |TAMS 0x0000000084a00000, 0x0000000084900000| Complete 
|  74|0x0000000084a00000, 0x0000000084b00000, 0x0000000084b00000|100%| O|  |TAMS 0x0000000084a00000, 0x0000000084a00000| Untracked 
|  75|0x0000000084b00000, 0x0000000084c00000, 0x0000000084c00000|100%| O|  |TAMS 0x0000000084b00000, 0x0000000084b00000| Untracked 
|  76|0x0000000084c00000, 0x0000000084d00000, 0x0000000084d00000|100%|HS|  |TAMS 0x0000000084d00000, 0x0000000084c00000| Complete 
|  77|0x0000000084d00000, 0x0000000084e00000, 0x0000000084e00000|100%|HC|  |TAMS 0x0000000084e00000, 0x0000000084d00000| Complete 
|  78|0x0000000084e00000, 0x0000000084f00000, 0x0000000084f00000|100%| O|  |TAMS 0x0000000084f00000, 0x0000000084e00000| Untracked 
|  79|0x0000000084f00000, 0x0000000085000000, 0x0000000085000000|100%|HS|  |TAMS 0x0000000085000000, 0x0000000084f00000| Complete 
|  80|0x0000000085000000, 0x0000000085100000, 0x0000000085100000|100%|HC|  |TAMS 0x0000000085100000, 0x0000000085000000| Complete 
|  81|0x0000000085100000, 0x0000000085200000, 0x0000000085200000|100%|HC|  |TAMS 0x0000000085200000, 0x0000000085100000| Complete 
|  82|0x0000000085200000, 0x0000000085300000, 0x0000000085300000|100%| O|  |TAMS 0x0000000085300000, 0x0000000085200000| Complete 
|  83|0x0000000085300000, 0x0000000085400000, 0x0000000085400000|100%| O|  |TAMS 0x0000000085400000, 0x0000000085300000| Complete 
|  84|0x0000000085400000, 0x0000000085500000, 0x0000000085500000|100%| O|  |TAMS 0x0000000085500000, 0x0000000085400000| Complete 
|  85|0x0000000085500000, 0x00000000855c7000, 0x0000000085600000| 77%| O|  |TAMS 0x0000000085500000, 0x0000000085500000| Untracked 
|  86|0x0000000085600000, 0x0000000085700000, 0x0000000085700000|100%| O|  |TAMS 0x0000000085700000, 0x0000000085600000| Untracked 
|  87|0x0000000085700000, 0x0000000085800000, 0x0000000085800000|100%| O|  |TAMS 0x0000000085800000, 0x0000000085700000| Complete 
|  88|0x0000000085800000, 0x0000000085900000, 0x0000000085900000|100%| O|  |TAMS 0x0000000085900000, 0x0000000085800000| Complete 
|  89|0x0000000085900000, 0x0000000085900000, 0x0000000085a00000|  0%| F|  |TAMS 0x0000000085900000, 0x0000000085900000| Untracked 
|  90|0x0000000085a00000, 0x0000000085b00000, 0x0000000085b00000|100%| O|  |TAMS 0x0000000085b00000, 0x0000000085a00000| Complete 
|  91|0x0000000085b00000, 0x0000000085c00000, 0x0000000085c00000|100%| O|  |TAMS 0x0000000085c00000, 0x0000000085b00000| Untracked 
|  92|0x0000000085c00000, 0x0000000085d00000, 0x0000000085d00000|100%| O|  |TAMS 0x0000000085d00000, 0x0000000085c00000| Complete 
|  93|0x0000000085d00000, 0x0000000085e00000, 0x0000000085e00000|100%| O|  |TAMS 0x0000000085e00000, 0x0000000085d00000| Complete 
|  94|0x0000000085e00000, 0x0000000085f00000, 0x0000000085f00000|100%|HS|  |TAMS 0x0000000085f00000, 0x0000000085e00000| Complete 
|  95|0x0000000085f00000, 0x0000000085f00000, 0x0000000086000000|  0%| F|  |TAMS 0x0000000085f00000, 0x0000000085f00000| Untracked 
|  96|0x0000000086000000, 0x0000000086000000, 0x0000000086100000|  0%| F|  |TAMS 0x0000000086000000, 0x0000000086000000| Untracked 
|  97|0x0000000086100000, 0x0000000086100000, 0x0000000086200000|  0%| F|  |TAMS 0x0000000086100000, 0x0000000086100000| Untracked 
|  98|0x0000000086200000, 0x0000000086300000, 0x0000000086300000|100%| O|  |TAMS 0x0000000086300000, 0x0000000086200000| Complete 
|  99|0x0000000086300000, 0x0000000086400000, 0x0000000086400000|100%|HS|  |TAMS 0x0000000086400000, 0x0000000086300000| Complete 
| 100|0x0000000086400000, 0x0000000086500000, 0x0000000086500000|100%|HC|  |TAMS 0x0000000086500000, 0x0000000086400000| Complete 
| 101|0x0000000086500000, 0x0000000086600000, 0x0000000086600000|100%|HC|  |TAMS 0x0000000086600000, 0x0000000086500000| Complete 
| 102|0x0000000086600000, 0x0000000086700000, 0x0000000086700000|100%|HC|  |TAMS 0x0000000086700000, 0x0000000086600000| Complete 
| 103|0x0000000086700000, 0x0000000086800000, 0x0000000086800000|100%| O|  |TAMS 0x0000000086800000, 0x0000000086700000| Untracked 
| 104|0x0000000086800000, 0x0000000086900000, 0x0000000086900000|100%| O|  |TAMS 0x0000000086900000, 0x0000000086800000| Complete 
| 105|0x0000000086900000, 0x0000000086a00000, 0x0000000086a00000|100%| O|  |TAMS 0x0000000086a00000, 0x0000000086900000| Complete 
| 106|0x0000000086a00000, 0x0000000086b00000, 0x0000000086b00000|100%| O|  |TAMS 0x0000000086b00000, 0x0000000086a00000| Complete 
| 107|0x0000000086b00000, 0x0000000086c00000, 0x0000000086c00000|100%| O|  |TAMS 0x0000000086c00000, 0x0000000086b00000| Complete 
| 108|0x0000000086c00000, 0x0000000086d00000, 0x0000000086d00000|100%|HS|  |TAMS 0x0000000086d00000, 0x0000000086c00000| Complete 
| 109|0x0000000086d00000, 0x0000000086e00000, 0x0000000086e00000|100%|HC|  |TAMS 0x0000000086e00000, 0x0000000086d00000| Complete 
| 110|0x0000000086e00000, 0x0000000086f00000, 0x0000000086f00000|100%|HC|  |TAMS 0x0000000086f00000, 0x0000000086e00000| Complete 
| 111|0x0000000086f00000, 0x0000000087000000, 0x0000000087000000|100%|HS|  |TAMS 0x0000000087000000, 0x0000000086f00000| Complete 
| 112|0x0000000087000000, 0x0000000087100000, 0x0000000087100000|100%|HC|  |TAMS 0x0000000087100000, 0x0000000087000000| Complete 
| 113|0x0000000087100000, 0x0000000087200000, 0x0000000087200000|100%|HC|  |TAMS 0x0000000087200000, 0x0000000087100000| Complete 
| 114|0x0000000087200000, 0x0000000087300000, 0x0000000087300000|100%|HC|  |TAMS 0x0000000087300000, 0x0000000087200000| Complete 
| 115|0x0000000087300000, 0x0000000087300000, 0x0000000087400000|  0%| F|  |TAMS 0x0000000087300000, 0x0000000087300000| Untracked 
| 116|0x0000000087400000, 0x0000000087500000, 0x0000000087500000|100%| O|  |TAMS 0x0000000087500000, 0x0000000087400000| Complete 
| 117|0x0000000087500000, 0x0000000087500000, 0x0000000087600000|  0%| F|  |TAMS 0x0000000087500000, 0x0000000087500000| Untracked 
| 118|0x0000000087600000, 0x0000000087700000, 0x0000000087700000|100%|HS|  |TAMS 0x0000000087700000, 0x0000000087600000| Complete 
| 119|0x0000000087700000, 0x0000000087800000, 0x0000000087800000|100%|HC|  |TAMS 0x0000000087800000, 0x0000000087700000| Complete 
| 120|0x0000000087800000, 0x0000000087900000, 0x0000000087900000|100%|HC|  |TAMS 0x0000000087900000, 0x0000000087800000| Complete 
| 121|0x0000000087900000, 0x0000000087a00000, 0x0000000087a00000|100%|HS|  |TAMS 0x0000000087a00000, 0x0000000087900000| Complete 
| 122|0x0000000087a00000, 0x0000000087b00000, 0x0000000087b00000|100%|HC|  |TAMS 0x0000000087b00000, 0x0000000087a00000| Complete 
| 123|0x0000000087b00000, 0x0000000087c00000, 0x0000000087c00000|100%|HC|  |TAMS 0x0000000087c00000, 0x0000000087b00000| Complete 
| 124|0x0000000087c00000, 0x0000000087d00000, 0x0000000087d00000|100%|HC|  |TAMS 0x0000000087d00000, 0x0000000087c00000| Complete 
| 125|0x0000000087d00000, 0x0000000087d00000, 0x0000000087e00000|  0%| F|  |TAMS 0x0000000087d00000, 0x0000000087d00000| Untracked 
| 126|0x0000000087e00000, 0x0000000087f00000, 0x0000000087f00000|100%| O|  |TAMS 0x0000000087f00000, 0x0000000087e00000| Complete 
| 127|0x0000000087f00000, 0x0000000087f00000, 0x0000000088000000|  0%| F|  |TAMS 0x0000000087f00000, 0x0000000087f00000| Untracked 
| 128|0x0000000088000000, 0x0000000088000000, 0x0000000088100000|  0%| F|  |TAMS 0x0000000088000000, 0x0000000088000000| Untracked 
| 129|0x0000000088100000, 0x0000000088100000, 0x0000000088200000|  0%| F|  |TAMS 0x0000000088100000, 0x0000000088100000| Untracked 
| 130|0x0000000088200000, 0x0000000088200000, 0x0000000088300000|  0%| F|  |TAMS 0x0000000088200000, 0x0000000088200000| Untracked 
| 131|0x0000000088300000, 0x0000000088400000, 0x0000000088400000|100%| O|  |TAMS 0x0000000088400000, 0x0000000088300000| Complete 
| 132|0x0000000088400000, 0x0000000088500000, 0x0000000088500000|100%| O|  |TAMS 0x0000000088500000, 0x0000000088400000| Complete 
| 133|0x0000000088500000, 0x0000000088500000, 0x0000000088600000|  0%| F|  |TAMS 0x0000000088500000, 0x0000000088500000| Untracked 
| 134|0x0000000088600000, 0x0000000088700000, 0x0000000088700000|100%| O|  |TAMS 0x0000000088700000, 0x0000000088600000| Complete 
| 135|0x0000000088700000, 0x0000000088800000, 0x0000000088800000|100%| O|  |TAMS 0x0000000088800000, 0x0000000088700000| Untracked 
| 136|0x0000000088800000, 0x0000000088900000, 0x0000000088900000|100%| O|  |TAMS 0x0000000088900000, 0x0000000088800000| Untracked 
| 137|0x0000000088900000, 0x0000000088a00000, 0x0000000088a00000|100%| O|  |TAMS 0x0000000088a00000, 0x0000000088900000| Complete 
| 138|0x0000000088a00000, 0x0000000088a00000, 0x0000000088b00000|  0%| F|  |TAMS 0x0000000088a00000, 0x0000000088a00000| Untracked 
| 139|0x0000000088b00000, 0x0000000088c00000, 0x0000000088c00000|100%| O|  |TAMS 0x0000000088c00000, 0x0000000088b00000| Complete 
| 140|0x0000000088c00000, 0x0000000088d00000, 0x0000000088d00000|100%| O|  |TAMS 0x0000000088d00000, 0x0000000088c00000| Complete 
| 141|0x0000000088d00000, 0x0000000088e00000, 0x0000000088e00000|100%| O|  |TAMS 0x0000000088e00000, 0x0000000088d00000| Complete 
| 142|0x0000000088e00000, 0x0000000088e00000, 0x0000000088f00000|  0%| F|  |TAMS 0x0000000088e00000, 0x0000000088e00000| Untracked 
| 143|0x0000000088f00000, 0x0000000088f00000, 0x0000000089000000|  0%| F|  |TAMS 0x0000000088f00000, 0x0000000088f00000| Untracked 
| 144|0x0000000089000000, 0x0000000089000000, 0x0000000089100000|  0%| F|  |TAMS 0x0000000089000000, 0x0000000089000000| Untracked 
| 145|0x0000000089100000, 0x0000000089100000, 0x0000000089200000|  0%| F|  |TAMS 0x0000000089100000, 0x0000000089100000| Untracked 
| 146|0x0000000089200000, 0x0000000089200000, 0x0000000089300000|  0%| F|  |TAMS 0x0000000089200000, 0x0000000089200000| Untracked 
| 147|0x0000000089300000, 0x0000000089300000, 0x0000000089400000|  0%| F|  |TAMS 0x0000000089300000, 0x0000000089300000| Untracked 
| 148|0x0000000089400000, 0x0000000089400000, 0x0000000089500000|  0%| F|  |TAMS 0x0000000089400000, 0x0000000089400000| Untracked 
| 149|0x0000000089500000, 0x0000000089500000, 0x0000000089600000|  0%| F|  |TAMS 0x0000000089500000, 0x0000000089500000| Untracked 
| 150|0x0000000089600000, 0x0000000089600000, 0x0000000089700000|  0%| F|  |TAMS 0x0000000089600000, 0x0000000089600000| Untracked 
| 151|0x0000000089700000, 0x0000000089700000, 0x0000000089800000|  0%| F|  |TAMS 0x0000000089700000, 0x0000000089700000| Untracked 
| 152|0x0000000089800000, 0x0000000089800000, 0x0000000089900000|  0%| F|  |TAMS 0x0000000089800000, 0x0000000089800000| Untracked 
| 153|0x0000000089900000, 0x0000000089900000, 0x0000000089a00000|  0%| F|  |TAMS 0x0000000089900000, 0x0000000089900000| Untracked 
| 154|0x0000000089a00000, 0x0000000089a24948, 0x0000000089b00000| 14%| S|CS|TAMS 0x0000000089a00000, 0x0000000089a00000| Complete 
| 155|0x0000000089b00000, 0x0000000089c00000, 0x0000000089c00000|100%| S|CS|TAMS 0x0000000089b00000, 0x0000000089b00000| Complete 
| 156|0x0000000089c00000, 0x0000000089d00000, 0x0000000089d00000|100%| S|CS|TAMS 0x0000000089c00000, 0x0000000089c00000| Complete 
| 157|0x0000000089d00000, 0x0000000089e00000, 0x0000000089e00000|100%| O|  |TAMS 0x0000000089e00000, 0x0000000089d00000| Untracked 
| 158|0x0000000089e00000, 0x0000000089f00000, 0x0000000089f00000|100%| O|  |TAMS 0x0000000089f00000, 0x0000000089e00000| Untracked 
| 159|0x0000000089f00000, 0x000000008a000000, 0x000000008a000000|100%| O|  |TAMS 0x000000008a000000, 0x0000000089f00000| Complete 
| 160|0x000000008a000000, 0x000000008a100000, 0x000000008a100000|100%| O|  |TAMS 0x000000008a100000, 0x000000008a000000| Untracked 
| 161|0x000000008a100000, 0x000000008a200000, 0x000000008a200000|100%| O|  |TAMS 0x000000008a200000, 0x000000008a100000| Untracked 
| 162|0x000000008a200000, 0x000000008a300000, 0x000000008a300000|100%| O|  |TAMS 0x000000008a300000, 0x000000008a200000| Untracked 
| 163|0x000000008a300000, 0x000000008a400000, 0x000000008a400000|100%| O|  |TAMS 0x000000008a400000, 0x000000008a300000| Untracked 
| 164|0x000000008a400000, 0x000000008a500000, 0x000000008a500000|100%| O|  |TAMS 0x000000008a500000, 0x000000008a400000| Untracked 
| 165|0x000000008a500000, 0x000000008a600000, 0x000000008a600000|100%| O|  |TAMS 0x000000008a600000, 0x000000008a500000| Untracked 
| 166|0x000000008a600000, 0x000000008a700000, 0x000000008a700000|100%| O|  |TAMS 0x000000008a700000, 0x000000008a600000| Complete 
| 167|0x000000008a700000, 0x000000008a700000, 0x000000008a800000|  0%| F|  |TAMS 0x000000008a700000, 0x000000008a700000| Untracked 
| 168|0x000000008a800000, 0x000000008a800000, 0x000000008a900000|  0%| F|  |TAMS 0x000000008a800000, 0x000000008a800000| Untracked 
| 169|0x000000008a900000, 0x000000008a900000, 0x000000008aa00000|  0%| F|  |TAMS 0x000000008a900000, 0x000000008a900000| Untracked 
| 170|0x000000008aa00000, 0x000000008aa00000, 0x000000008ab00000|  0%| F|  |TAMS 0x000000008aa00000, 0x000000008aa00000| Untracked 
| 171|0x000000008ab00000, 0x000000008ab00000, 0x000000008ac00000|  0%| F|  |TAMS 0x000000008ab00000, 0x000000008ab00000| Untracked 
| 172|0x000000008ac00000, 0x000000008ac00000, 0x000000008ad00000|  0%| F|  |TAMS 0x000000008ac00000, 0x000000008ac00000| Untracked 
| 173|0x000000008ad00000, 0x000000008ad00000, 0x000000008ae00000|  0%| F|  |TAMS 0x000000008ad00000, 0x000000008ad00000| Untracked 
| 174|0x000000008ae00000, 0x000000008ae00000, 0x000000008af00000|  0%| F|  |TAMS 0x000000008ae00000, 0x000000008ae00000| Untracked 
| 175|0x000000008af00000, 0x000000008af00000, 0x000000008b000000|  0%| F|  |TAMS 0x000000008af00000, 0x000000008af00000| Untracked 
| 176|0x000000008b000000, 0x000000008b000000, 0x000000008b100000|  0%| F|  |TAMS 0x000000008b000000, 0x000000008b000000| Untracked 
| 177|0x000000008b100000, 0x000000008b100000, 0x000000008b200000|  0%| F|  |TAMS 0x000000008b100000, 0x000000008b100000| Untracked 
| 178|0x000000008b200000, 0x000000008b200000, 0x000000008b300000|  0%| F|  |TAMS 0x000000008b200000, 0x000000008b200000| Untracked 
| 179|0x000000008b300000, 0x000000008b300000, 0x000000008b400000|  0%| F|  |TAMS 0x000000008b300000, 0x000000008b300000| Untracked 
| 180|0x000000008b400000, 0x000000008b400000, 0x000000008b500000|  0%| F|  |TAMS 0x000000008b400000, 0x000000008b400000| Untracked 
| 181|0x000000008b500000, 0x000000008b500000, 0x000000008b600000|  0%| F|  |TAMS 0x000000008b500000, 0x000000008b500000| Untracked 
| 182|0x000000008b600000, 0x000000008b600000, 0x000000008b700000|  0%| F|  |TAMS 0x000000008b600000, 0x000000008b600000| Untracked 
| 183|0x000000008b700000, 0x000000008b700000, 0x000000008b800000|  0%| F|  |TAMS 0x000000008b700000, 0x000000008b700000| Untracked 
| 184|0x000000008b800000, 0x000000008b800000, 0x000000008b900000|  0%| F|  |TAMS 0x000000008b800000, 0x000000008b800000| Untracked 
| 185|0x000000008b900000, 0x000000008b900000, 0x000000008ba00000|  0%| F|  |TAMS 0x000000008b900000, 0x000000008b900000| Untracked 
| 186|0x000000008ba00000, 0x000000008ba00000, 0x000000008bb00000|  0%| F|  |TAMS 0x000000008ba00000, 0x000000008ba00000| Untracked 
| 187|0x000000008bb00000, 0x000000008bbe9920, 0x000000008bc00000| 91%| E|  |TAMS 0x000000008bb00000, 0x000000008bb00000| Complete 
| 188|0x000000008bc00000, 0x000000008bd00000, 0x000000008bd00000|100%| E|CS|TAMS 0x000000008bc00000, 0x000000008bc00000| Complete 
| 189|0x000000008bd00000, 0x000000008be00000, 0x000000008be00000|100%| E|  |TAMS 0x000000008bd00000, 0x000000008bd00000| Complete 
| 190|0x000000008be00000, 0x000000008bf00000, 0x000000008bf00000|100%| E|CS|TAMS 0x000000008be00000, 0x000000008be00000| Complete 

Card table byte_map: [0x0000017429d30000,0x000001742a130000] _byte_map_base: 0x0000017429930000

Marking Bits (Prev, Next): (CMBitMap*) 0x00000174165e80c8, (CMBitMap*) 0x00000174165e8100
 Prev Bits: [0x000001742a530000, 0x000001742c530000)
 Next Bits: [0x000001742c530000, 0x000001742e530000)

Polling page: 0x0000017414500000

Metaspace:

Usage:
  Non-class:    117.26 MB capacity,   114.78 MB ( 98%) used,     2.03 MB (  2%) free+waste,   463.75 KB ( <1%) overhead. 
      Class:     18.01 MB capacity,    16.54 MB ( 92%) used,     1.27 MB (  7%) free+waste,   204.00 KB (  1%) overhead. 
       Both:    135.27 MB capacity,   131.32 MB ( 97%) used,     3.30 MB (  2%) free+waste,   667.75 KB ( <1%) overhead. 

Virtual space:
  Non-class space:      120.00 MB reserved,     118.12 MB ( 98%) committed 
      Class space:        1.00 GB reserved,      19.13 MB (  2%) committed 
             Both:        1.12 GB reserved,     137.25 MB ( 12%) committed 

Chunk freelists:
   Non-Class:  877.00 KB
       Class:  1.09 MB
        Both:  1.94 MB

MaxMetaspaceSize: 17179869184.00 GB
CompressedClassSpaceSize: 1.00 GB
Initial GC threshold: 20.80 MB
Current GC threshold: 228.75 MB
CDS: off

CodeHeap 'non-profiled nmethods': size=119168Kb used=9825Kb max_used=9825Kb free=109342Kb
 bounds [0x0000017421c50000, 0x00000174225f0000, 0x00000174290b0000]
CodeHeap 'profiled nmethods': size=119168Kb used=45516Kb max_used=45516Kb free=73651Kb
 bounds [0x000001741a7f0000, 0x000001741d470000, 0x0000017421c50000]
CodeHeap 'non-nmethods': size=7424Kb used=2495Kb max_used=4258Kb free=4928Kb
 bounds [0x000001741a0b0000, 0x000001741a4e0000, 0x000001741a7f0000]
 total_blobs=21838 nmethods=20814 adapters=934
 compilation: enabled
              stopped_count=0, restarted_count=0
 full_count=0

Compilation events (20 events):
Event: 123.897 Thread 0x0000017431e44800 nmethod 22472 0x00000174225e6e90 code [0x00000174225e7040, 0x00000174225e71f8]
Event: 123.901 Thread 0x0000017431e44800 22473       4       org.gradle.api.internal.DefaultDomainObjectCollection::assertMutableCollectionContents (1 bytes)
Event: 123.902 Thread 0x0000017431e44800 nmethod 22473 0x00000174225e7310 code [0x00000174225e74a0, 0x00000174225e74f8]
Event: 123.917 Thread 0x0000017431e48800 22474       1       org.gradle.initialization.DefaultProjectDescriptor::getName (5 bytes)
Event: 123.917 Thread 0x0000017431e48800 nmethod 22474 0x00000174225e7610 code [0x00000174225e77c0, 0x00000174225e7878]
Event: 123.979 Thread 0x0000017431e48800 22475       3       org.gradle.api.internal.project.DefaultProject::getExtensions (8 bytes)
Event: 123.982 Thread 0x0000017431e48800 nmethod 22475 0x000001741d45e790 code [0x000001741d45e960, 0x000001741d45ecd8]
Event: 123.982 Thread 0x0000017431e48800 22477       3       java.util.Properties::<init> (32 bytes)
Event: 123.983 Thread 0x0000017431e48800 nmethod 22477 0x000001741d45ee10 code [0x000001741d45f020, 0x000001741d45f468]
Event: 123.983 Thread 0x0000017431e48800 22476       3       java.util.Properties::<init> (8 bytes)
Event: 123.983 Thread 0x0000017431e48800 nmethod 22476 0x000001741d45f610 code [0x000001741d45f820, 0x000001741d45fcc8]
Event: 123.983 Thread 0x0000017431e48800 22478       3       org.gradle.internal.Pair::hashCode (45 bytes)
Event: 123.984 Thread 0x0000017431e48800 nmethod 22478 0x000001741d45fe90 code [0x000001741d460060, 0x000001741d460398]
Event: 124.007 Thread 0x0000017431e48800 22479       3       org.gradle.internal.logging.slf4j.OutputEventListenerBackedLogger::debug (7 bytes)
Event: 124.009 Thread 0x0000017431e48800 nmethod 22479 0x000001741d460490 code [0x000001741d4606a0, 0x000001741d460bd8]
Event: 124.009 Thread 0x0000017431e48800 22480       3       org.gradle.internal.logging.slf4j.BuildOperationAwareLogger::debug (18 bytes)
Event: 124.012 Thread 0x0000017431e48800 nmethod 22480 0x000001741d460e10 code [0x000001741d460fe0, 0x000001741d461238]
Event: 124.012 Thread 0x0000017431e44800 22481       4       org.gradle.internal.operations.DefaultBuildOperationListenerManager$1::finished (48 bytes)
Event: 124.019 Thread 0x0000017431e44800 nmethod 22481 0x00000174225e7910 code [0x00000174225e7ae0, 0x00000174225e7de8]
Event: 124.019 Thread 0x0000017431e44800 22482       4       java.util.Properties::loadConvert (524 bytes)

GC Heap History (20 events):
Event: 80.108 GC heap before
{Heap before GC invocations=54 (full 0):
 garbage-first heap   total 195584K, used 161049K [0x0000000080000000, 0x0000000100000000)
  region size 1024K, 31 young (31744K), 1 survivors (1024K)
 Metaspace       used 132385K, capacity 136065K, committed 139132K, reserved 1169408K
  class space    used 16721K, capacity 18107K, committed 19456K, reserved 1048576K
}
Event: 80.116 GC heap after
{Heap after GC invocations=55 (full 0):
 garbage-first heap   total 195584K, used 133604K [0x0000000080000000, 0x0000000100000000)
  region size 1024K, 3 young (3072K), 3 survivors (3072K)
 Metaspace       used 132385K, capacity 136065K, committed 139132K, reserved 1169408K
  class space    used 16721K, capacity 18107K, committed 19456K, reserved 1048576K
}
Event: 80.633 GC heap before
{Heap before GC invocations=56 (full 0):
 garbage-first heap   total 195584K, used 162276K [0x0000000080000000, 0x0000000100000000)
  region size 1024K, 32 young (32768K), 3 survivors (3072K)
 Metaspace       used 133090K, capacity 136906K, committed 139772K, reserved 1169408K
  class space    used 16809K, capacity 18272K, committed 19584K, reserved 1048576K
}
Event: 80.638 GC heap after
{Heap after GC invocations=57 (full 0):
 garbage-first heap   total 195584K, used 135229K [0x0000000080000000, 0x0000000100000000)
  region size 1024K, 2 young (2048K), 2 survivors (2048K)
 Metaspace       used 133090K, capacity 136906K, committed 139772K, reserved 1169408K
  class space    used 16809K, capacity 18272K, committed 19584K, reserved 1048576K
}
Event: 87.983 GC heap before
{Heap before GC invocations=57 (full 0):
 garbage-first heap   total 195584K, used 163901K [0x0000000080000000, 0x0000000100000000)
  region size 1024K, 31 young (31744K), 2 survivors (2048K)
 Metaspace       used 133660K, capacity 137539K, committed 140028K, reserved 1169408K
  class space    used 16881K, capacity 18349K, committed 19584K, reserved 1048576K
}
Event: 88.001 GC heap after
{Heap after GC invocations=58 (full 0):
 garbage-first heap   total 195584K, used 137962K [0x0000000080000000, 0x0000000100000000)
  region size 1024K, 4 young (4096K), 4 survivors (4096K)
 Metaspace       used 133660K, capacity 137539K, committed 140028K, reserved 1169408K
  class space    used 16881K, capacity 18349K, committed 19584K, reserved 1048576K
}
Event: 89.467 GC heap before
{Heap before GC invocations=59 (full 0):
 garbage-first heap   total 195584K, used 165610K [0x0000000080000000, 0x0000000100000000)
  region size 1024K, 32 young (32768K), 4 survivors (4096K)
 Metaspace       used 133972K, capacity 137914K, committed 140284K, reserved 1169408K
  class space    used 16900K, capacity 18378K, committed 19584K, reserved 1048576K
}
Event: 89.498 GC heap after
{Heap after GC invocations=60 (full 0):
 garbage-first heap   total 195584K, used 141486K [0x0000000080000000, 0x0000000100000000)
  region size 1024K, 4 young (4096K), 4 survivors (4096K)
 Metaspace       used 133972K, capacity 137914K, committed 140284K, reserved 1169408K
  class space    used 16900K, capacity 18378K, committed 19584K, reserved 1048576K
}
Event: 89.701 GC heap before
{Heap before GC invocations=60 (full 0):
 garbage-first heap   total 195584K, used 146606K [0x0000000080000000, 0x0000000100000000)
  region size 1024K, 9 young (9216K), 4 survivors (4096K)
 Metaspace       used 134051K, capacity 138035K, committed 140284K, reserved 1169408K
  class space    used 16910K, capacity 18395K, committed 19584K, reserved 1048576K
}
Event: 89.717 GC heap after
{Heap after GC invocations=61 (full 0):
 garbage-first heap   total 195584K, used 141673K [0x0000000080000000, 0x0000000100000000)
  region size 1024K, 1 young (1024K), 1 survivors (1024K)
 Metaspace       used 134051K, capacity 138035K, committed 140284K, reserved 1169408K
  class space    used 16910K, capacity 18395K, committed 19584K, reserved 1048576K
}
Event: 94.384 GC heap before
{Heap before GC invocations=61 (full 0):
 garbage-first heap   total 195584K, used 165225K [0x0000000080000000, 0x0000000100000000)
  region size 1024K, 25 young (25600K), 1 survivors (1024K)
 Metaspace       used 134105K, capacity 138044K, committed 140284K, reserved 1169408K
  class space    used 16913K, capacity 18398K, committed 19584K, reserved 1048576K
}
Event: 94.408 GC heap after
{Heap after GC invocations=62 (full 0):
 garbage-first heap   total 195584K, used 145783K [0x0000000080000000, 0x0000000100000000)
  region size 1024K, 4 young (4096K), 4 survivors (4096K)
 Metaspace       used 134105K, capacity 138044K, committed 140284K, reserved 1169408K
  class space    used 16913K, capacity 18398K, committed 19584K, reserved 1048576K
}
Event: 95.046 GC heap before
{Heap before GC invocations=63 (full 0):
 garbage-first heap   total 195584K, used 166263K [0x0000000080000000, 0x0000000100000000)
  region size 1024K, 25 young (25600K), 4 survivors (4096K)
 Metaspace       used 134183K, capacity 138140K, committed 140284K, reserved 1169408K
  class space    used 16919K, capacity 18407K, committed 19584K, reserved 1048576K
}
Event: 95.060 GC heap after
{Heap after GC invocations=64 (full 0):
 garbage-first heap   total 195584K, used 145990K [0x0000000080000000, 0x0000000100000000)
  region size 1024K, 1 young (1024K), 1 survivors (1024K)
 Metaspace       used 134183K, capacity 138140K, committed 140284K, reserved 1169408K
  class space    used 16919K, capacity 18407K, committed 19584K, reserved 1048576K
}
Event: 102.973 GC heap before
{Heap before GC invocations=64 (full 0):
 garbage-first heap   total 195584K, used 168518K [0x0000000080000000, 0x0000000100000000)
  region size 1024K, 9 young (9216K), 1 survivors (1024K)
 Metaspace       used 134239K, capacity 138215K, committed 140540K, reserved 1171456K
  class space    used 16920K, capacity 18408K, committed 19584K, reserved 1048576K
}
Event: 103.001 GC heap after
{Heap after GC invocations=65 (full 0):
 garbage-first heap   total 195584K, used 137910K [0x0000000080000000, 0x0000000100000000)
  region size 1024K, 1 young (1024K), 1 survivors (1024K)
 Metaspace       used 134239K, capacity 138215K, committed 140540K, reserved 1171456K
  class space    used 16920K, capacity 18408K, committed 19584K, reserved 1048576K
}
Event: 103.687 GC heap before
{Heap before GC invocations=65 (full 0):
 garbage-first heap   total 195584K, used 164534K [0x0000000080000000, 0x0000000100000000)
  region size 1024K, 28 young (28672K), 1 survivors (1024K)
 Metaspace       used 134313K, capacity 138286K, committed 140540K, reserved 1171456K
  class space    used 16921K, capacity 18409K, committed 19584K, reserved 1048576K
}
Event: 103.711 GC heap after
{Heap after GC invocations=66 (full 0):
 garbage-first heap   total 195584K, used 142110K [0x0000000080000000, 0x0000000100000000)
  region size 1024K, 4 young (4096K), 4 survivors (4096K)
 Metaspace       used 134313K, capacity 138286K, committed 140540K, reserved 1171456K
  class space    used 16921K, capacity 18409K, committed 19584K, reserved 1048576K
}
Event: 104.251 GC heap before
{Heap before GC invocations=67 (full 0):
 garbage-first heap   total 195584K, used 165662K [0x0000000080000000, 0x0000000100000000)
  region size 1024K, 28 young (28672K), 4 survivors (4096K)
 Metaspace       used 134447K, capacity 138504K, committed 140540K, reserved 1171456K
  class space    used 16935K, capacity 18436K, committed 19584K, reserved 1048576K
}
Event: 104.263 GC heap after
{Heap after GC invocations=68 (full 0):
 garbage-first heap   total 195584K, used 144302K [0x0000000080000000, 0x0000000100000000)
  region size 1024K, 3 young (3072K), 3 survivors (3072K)
 Metaspace       used 134447K, capacity 138504K, committed 140540K, reserved 1171456K
  class space    used 16935K, capacity 18436K, committed 19584K, reserved 1048576K
}

Deoptimization events (20 events):
Event: 103.638 Thread 0x0000017433e00000 DEOPT PACKING pc=0x000001741cba3130 sp=0x00000058a57f9290
Event: 103.638 Thread 0x0000017433e00000 DEOPT UNPACKING pc=0x000001741a0fa95e sp=0x00000058a57f87b0 mode 0
Event: 103.638 Thread 0x0000017433e00000 DEOPT PACKING pc=0x000001741b8ad529 sp=0x00000058a57f9400
Event: 103.638 Thread 0x0000017433e00000 DEOPT UNPACKING pc=0x000001741a0fa95e sp=0x00000058a57f88b8 mode 0
Event: 103.829 Thread 0x0000017431fa0000 Uncommon trap: trap_request=0xffffffde fr.pc=0x0000017421e10e6c relative=0x000000000000052c
Event: 103.829 Thread 0x0000017431fa0000 Uncommon trap: reason=class_check action=maybe_recompile pc=0x0000017421e10e6c method=jdk.internal.ref.PhantomCleanable.clean()V @ 12 c2
Event: 103.829 Thread 0x0000017431fa0000 DEOPT PACKING pc=0x0000017421e10e6c sp=0x00000058a4afed00
Event: 103.830 Thread 0x0000017431fa0000 DEOPT UNPACKING pc=0x000001741a0fa1af sp=0x00000058a4afece0 mode 2
Event: 104.054 Thread 0x00000174382cf800 DEOPT PACKING pc=0x000001741bf84eb0 sp=0x00000058b16fa290
Event: 104.054 Thread 0x00000174382cf800 DEOPT UNPACKING pc=0x000001741a0fa95e sp=0x00000058b16f97c8 mode 0
Event: 104.184 Thread 0x00000174382c8000 DEOPT PACKING pc=0x000001741b0a8ff1 sp=0x00000058b0efdef0
Event: 104.185 Thread 0x00000174382c8000 DEOPT UNPACKING pc=0x000001741a0fa95e sp=0x00000058b0efd3e8 mode 0
Event: 104.213 Thread 0x00000174382cc800 DEOPT PACKING pc=0x000001741c9e6f1a sp=0x00000058b09ff350
Event: 104.213 Thread 0x00000174382cc800 DEOPT UNPACKING pc=0x000001741a0fa95e sp=0x00000058b09fe7f0 mode 0
Event: 104.306 Thread 0x000001743e91f800 DEOPT PACKING pc=0x000001741c9e6f1a sp=0x00000058a86ff5f0
Event: 104.310 Thread 0x000001743e91f800 DEOPT UNPACKING pc=0x000001741a0fa95e sp=0x00000058a86fea90 mode 0
Event: 104.311 Thread 0x000001743e8c6000 DEOPT PACKING pc=0x000001741c9e6f1a sp=0x00000058ac4fefd0
Event: 104.311 Thread 0x000001743e8c6000 DEOPT UNPACKING pc=0x000001741a0fa95e sp=0x00000058ac4fe470 mode 0
Event: 124.019 Thread 0x0000017433e00000 DEOPT PACKING pc=0x000001741ae65996 sp=0x00000058a57fa2a0
Event: 124.019 Thread 0x0000017433e00000 DEOPT UNPACKING pc=0x000001741a0fa95e sp=0x00000058a57f97b8 mode 0

Classes redefined (0 events):
No events

Internal exceptions (20 events):
Event: 88.289 Thread 0x0000017433e00000 Exception <a 'sun/nio/fs/WindowsException'{0x000000008b8ec490}> (0x000000008b8ec490) thrown at [./src/hotspot/share/prims/jni.cpp, line 615]
Event: 94.421 Thread 0x000001743e8d6800 Exception <a 'sun/nio/fs/WindowsException'{0x000000008be8f460}> (0x000000008be8f460) thrown at [./src/hotspot/share/prims/jni.cpp, line 615]
Event: 94.422 Thread 0x000001743e8d6800 Exception <a 'sun/nio/fs/WindowsException'{0x000000008be8f500}> (0x000000008be8f500) thrown at [./src/hotspot/share/prims/jni.cpp, line 615]
Event: 94.424 Thread 0x000001743e8d6800 Exception <a 'sun/nio/fs/WindowsException'{0x000000008be8f5e8}> (0x000000008be8f5e8) thrown at [./src/hotspot/share/prims/jni.cpp, line 615]
Event: 95.105 Thread 0x000001743e8d0800 Exception <a 'sun/nio/fs/WindowsException'{0x000000008bd00cd0}> (0x000000008bd00cd0) thrown at [./src/hotspot/share/prims/jni.cpp, line 615]
Event: 95.105 Thread 0x000001743e8d0800 Exception <a 'sun/nio/fs/WindowsException'{0x000000008bd00dd8}> (0x000000008bd00dd8) thrown at [./src/hotspot/share/prims/jni.cpp, line 615]
Event: 95.520 Thread 0x0000017433e00000 Exception <a 'sun/nio/fs/WindowsException'{0x000000008ba238b0}> (0x000000008ba238b0) thrown at [./src/hotspot/share/prims/jni.cpp, line 615]
Event: 95.520 Thread 0x0000017433e00000 Exception <a 'sun/nio/fs/WindowsException'{0x000000008ba23a38}> (0x000000008ba23a38) thrown at [./src/hotspot/share/prims/jni.cpp, line 615]
Event: 95.520 Thread 0x0000017433e00000 Exception <a 'sun/nio/fs/WindowsException'{0x000000008ba253d8}> (0x000000008ba253d8) thrown at [./src/hotspot/share/prims/jni.cpp, line 615]
Event: 102.868 Thread 0x0000017433dfc000 Implicit null exception at 0x0000017421f891ff to 0x0000017421f89a32
Event: 103.501 Thread 0x0000017433e00000 Exception <a 'sun/nio/fs/WindowsException'{0x000000008aa89440}> (0x000000008aa89440) thrown at [./src/hotspot/share/prims/jni.cpp, line 615]
Event: 103.583 Thread 0x0000017433e00000 Exception <a 'java/lang/NoClassDefFoundError'{0x000000008a7d1648}: org/jetbrains/kotlin/gradle/plugin/KotlinBasePluginWrapper> (0x000000008a7d1648) thrown at [./src/hotspot/share/oops/constantPool.cpp, line 775]
Event: 103.613 Thread 0x0000017433e00000 Exception <a 'sun/nio/fs/WindowsException'{0x0000000089b1b070}> (0x0000000089b1b070) thrown at [./src/hotspot/share/prims/jni.cpp, line 615]
Event: 103.633 Thread 0x0000017433e00000 Exception <a 'sun/nio/fs/WindowsException'{0x0000000089bb87f0}> (0x0000000089bb87f0) thrown at [./src/hotspot/share/prims/jni.cpp, line 615]
Event: 103.634 Thread 0x0000017433e00000 Exception <a 'sun/nio/fs/WindowsException'{0x0000000089bb9b98}> (0x0000000089bb9b98) thrown at [./src/hotspot/share/prims/jni.cpp, line 615]
Event: 103.634 Thread 0x0000017433e00000 Exception <a 'sun/nio/fs/WindowsException'{0x0000000089bbaf90}> (0x0000000089bbaf90) thrown at [./src/hotspot/share/prims/jni.cpp, line 615]
Event: 103.634 Thread 0x0000017433e00000 Exception <a 'sun/nio/fs/WindowsException'{0x0000000089bbc388}> (0x0000000089bbc388) thrown at [./src/hotspot/share/prims/jni.cpp, line 615]
Event: 104.219 Thread 0x0000017433e00000 Exception <a 'sun/nio/fs/WindowsException'{0x000000008bd858b0}> (0x000000008bd858b0) thrown at [./src/hotspot/share/prims/jni.cpp, line 615]
Event: 104.219 Thread 0x0000017433e00000 Exception <a 'sun/nio/fs/WindowsException'{0x000000008bd85a38}> (0x000000008bd85a38) thrown at [./src/hotspot/share/prims/jni.cpp, line 615]
Event: 104.219 Thread 0x0000017433e00000 Exception <a 'sun/nio/fs/WindowsException'{0x000000008bd873d8}> (0x000000008bd873d8) thrown at [./src/hotspot/share/prims/jni.cpp, line 615]

Events (20 events):
Event: 104.346 Thread 0x000001743a184800 Thread exited: 0x000001743a184800
Event: 104.346 Thread 0x000001743e8d3000 Thread exited: 0x000001743e8d3000
Event: 104.346 Thread 0x000001743a17d800 Thread exited: 0x000001743a17d800
Event: 104.346 Thread 0x000001743e910000 Thread exited: 0x000001743e910000
Event: 104.346 Thread 0x000001743e90c000 Thread exited: 0x000001743e90c000
Event: 104.484 Executing VM operation: RevokeBias
Event: 104.484 Executing VM operation: RevokeBias done
Event: 104.484 Executing VM operation: RevokeBias
Event: 104.484 Executing VM operation: RevokeBias done
Event: 104.484 Thread 0x000001743e90b800 Thread exited: 0x000001743e90b800
Event: 123.129 Thread 0x000001743e90e800 Thread added: 0x000001743e90e800
Event: 123.161 Thread 0x000001743e90d000 Thread added: 0x000001743e90d000
Event: 123.213 Thread 0x000001743e90f800 Thread added: 0x000001743e90f800
Event: 123.232 Thread 0x000001743e90d800 Thread added: 0x000001743e90d800
Event: 123.243 Thread 0x000001743e911000 Thread added: 0x000001743e911000
Event: 123.327 Thread 0x000001743e910000 Thread added: 0x000001743e910000
Event: 123.612 Thread 0x000001743e90b800 Thread added: 0x000001743e90b800
Event: 123.699 Thread 0x000001743e912000 Thread added: 0x000001743e912000
Event: 123.785 Thread 0x000001743e90c000 Thread added: 0x000001743e90c000
Event: 123.920 Thread 0x000001743e916800 Thread added: 0x000001743e916800


Dynamic libraries:
0x00007ff6582d0000 - 0x00007ff6582da000 	D:\Android Studio\jre\bin\java.exe
0x00007ffd6a160000 - 0x00007ffd6a369000 	C:\WINDOWS\SYSTEM32\ntdll.dll
0x00007ffd68970000 - 0x00007ffd68a2d000 	C:\WINDOWS\System32\KERNEL32.DLL
0x00007ffd676f0000 - 0x00007ffd67a69000 	C:\WINDOWS\System32\KERNELBASE.dll
0x00007ffd67a70000 - 0x00007ffd67b81000 	C:\WINDOWS\System32\ucrtbase.dll
0x00007ffd49d90000 - 0x00007ffd49da7000 	D:\Android Studio\jre\bin\VCRUNTIME140.dll
0x00007ffd498d0000 - 0x00007ffd498e9000 	D:\Android Studio\jre\bin\jli.dll
0x00007ffd69a70000 - 0x00007ffd69c1c000 	C:\WINDOWS\System32\USER32.dll
0x00007ffd67d30000 - 0x00007ffd67d56000 	C:\WINDOWS\System32\win32u.dll
0x00007ffd68a40000 - 0x00007ffd68a69000 	C:\WINDOWS\System32\GDI32.dll
0x00007ffd39cf0000 - 0x00007ffd39f95000 	C:\WINDOWS\WinSxS\amd64_microsoft.windows.common-controls_6595b64144ccf1df_6.0.22000.120_none_9d947278b86cc467\COMCTL32.dll
0x00007ffd67b90000 - 0x00007ffd67ca2000 	C:\WINDOWS\System32\gdi32full.dll
0x00007ffd68530000 - 0x00007ffd685d3000 	C:\WINDOWS\System32\msvcrt.dll
0x00007ffd67650000 - 0x00007ffd676ed000 	C:\WINDOWS\System32\msvcp_win.dll
0x00007ffd69a30000 - 0x00007ffd69a61000 	C:\WINDOWS\System32\IMM32.DLL
0x00007ffd48ef0000 - 0x00007ffd48f8d000 	D:\Android Studio\jre\bin\msvcp140.dll
0x00007ffcdd8b0000 - 0x00007ffcde395000 	D:\Android Studio\jre\bin\server\jvm.dll
0x00007ffd69690000 - 0x00007ffd6973e000 	C:\WINDOWS\System32\ADVAPI32.dll
0x00007ffd68470000 - 0x00007ffd6850e000 	C:\WINDOWS\System32\sechost.dll
0x00007ffd69740000 - 0x00007ffd69860000 	C:\WINDOWS\System32\RPCRT4.dll
0x00007ffd68680000 - 0x00007ffd68688000 	C:\WINDOWS\System32\PSAPI.DLL
0x00007ffd60d70000 - 0x00007ffd60da3000 	C:\WINDOWS\SYSTEM32\WINMM.dll
0x00007ffd5c920000 - 0x00007ffd5c92a000 	C:\WINDOWS\SYSTEM32\VERSION.dll
0x00007ffd535c0000 - 0x00007ffd535c9000 	C:\WINDOWS\SYSTEM32\WSOCK32.dll
0x00007ffd688a0000 - 0x00007ffd6890f000 	C:\WINDOWS\System32\WS2_32.dll
0x00007ffd66750000 - 0x00007ffd66768000 	C:\WINDOWS\SYSTEM32\kernel.appcore.dll
0x00007ffd49cc0000 - 0x00007ffd49cd1000 	D:\Android Studio\jre\bin\verify.dll
0x00007ffd65030000 - 0x00007ffd65251000 	C:\WINDOWS\SYSTEM32\DBGHELP.DLL
0x00007ffd53d20000 - 0x00007ffd53d51000 	C:\WINDOWS\SYSTEM32\dbgcore.DLL
0x00007ffd67cb0000 - 0x00007ffd67d2f000 	C:\WINDOWS\System32\bcryptPrimitives.dll
0x00007ffd496a0000 - 0x00007ffd496c9000 	D:\Android Studio\jre\bin\java.dll
0x00007ffd58fc0000 - 0x00007ffd58fcb000 	D:\Android Studio\jre\bin\jimage.dll
0x00007ffd48f90000 - 0x00007ffd48fa8000 	D:\Android Studio\jre\bin\zip.dll
0x00007ffd68ee0000 - 0x00007ffd6968f000 	C:\WINDOWS\System32\SHELL32.dll
0x00007ffd657c0000 - 0x00007ffd66028000 	C:\WINDOWS\SYSTEM32\windows.storage.dll
0x00007ffd69c20000 - 0x00007ffd69f98000 	C:\WINDOWS\System32\combase.dll
0x00007ffd65650000 - 0x00007ffd657b6000 	C:\WINDOWS\SYSTEM32\wintypes.dll
0x00007ffd69860000 - 0x00007ffd6994a000 	C:\WINDOWS\System32\SHCORE.dll
0x00007ffd68690000 - 0x00007ffd686ed000 	C:\WINDOWS\System32\shlwapi.dll
0x00007ffd67580000 - 0x00007ffd675a1000 	C:\WINDOWS\SYSTEM32\profapi.dll
0x00007ffd45fd0000 - 0x00007ffd45fea000 	D:\Android Studio\jre\bin\net.dll
0x00007ffd61350000 - 0x00007ffd6145c000 	C:\WINDOWS\SYSTEM32\WINHTTP.dll
0x00007ffd66b80000 - 0x00007ffd66be7000 	C:\WINDOWS\system32\mswsock.dll
0x00007ffd45fb0000 - 0x00007ffd45fc4000 	D:\Android Studio\jre\bin\nio.dll
0x00007ffd57660000 - 0x00007ffd57687000 	C:\Users\Thinkpad E15\.gradle\native\e1d6ef7f7dcc3fd88c89a11ec53ec762bb8ba0a96d01ffa2cd45eb1d1d8dd5c5\windows-amd64\native-platform.dll
0x00007ffd43e80000 - 0x00007ffd43fc4000 	C:\Users\Thinkpad E15\.gradle\native\5664cfc778a61ccfe75a443a1ab52a65af34e5dc3c78e0209fed803814484fcb\windows-amd64\native-platform-file-events.dll
0x00007ffd578c0000 - 0x00007ffd578ca000 	D:\Android Studio\jre\bin\management.dll
0x00007ffd57840000 - 0x00007ffd5784d000 	D:\Android Studio\jre\bin\management_ext.dll
0x00007ffd66dc0000 - 0x00007ffd66dd8000 	C:\WINDOWS\SYSTEM32\CRYPTSP.dll
0x00007ffd666b0000 - 0x00007ffd666e5000 	C:\WINDOWS\system32\rsaenh.dll
0x00007ffd66c70000 - 0x00007ffd66c99000 	C:\WINDOWS\SYSTEM32\USERENV.dll
0x00007ffd66f40000 - 0x00007ffd66f67000 	C:\WINDOWS\SYSTEM32\bcrypt.dll
0x00007ffd66de0000 - 0x00007ffd66dec000 	C:\WINDOWS\SYSTEM32\CRYPTBASE.dll
0x00007ffd66280000 - 0x00007ffd662ad000 	C:\WINDOWS\SYSTEM32\IPHLPAPI.DLL
0x00007ffd68a30000 - 0x00007ffd68a39000 	C:\WINDOWS\System32\NSI.dll
0x00007ffd612f0000 - 0x00007ffd61309000 	C:\WINDOWS\SYSTEM32\dhcpcsvc6.DLL
0x00007ffd61a00000 - 0x00007ffd61a1e000 	C:\WINDOWS\SYSTEM32\dhcpcsvc.DLL
0x00007ffd662f0000 - 0x00007ffd663d8000 	C:\WINDOWS\SYSTEM32\DNSAPI.dll
0x00007ffd64ad0000 - 0x00007ffd64b04000 	C:\WINDOWS\SYSTEM32\ntmarta.dll
0x00007ffd44760000 - 0x00007ffd44787000 	D:\Android Studio\jre\bin\sunec.dll

dbghelp: loaded successfully - version: 4.0.5 - missing functions: none
symbol engine: initialized successfully - sym options: 0x614 - pdb path: .;D:\Android Studio\jre\bin;C:\WINDOWS\SYSTEM32;C:\WINDOWS\WinSxS\amd64_microsoft.windows.common-controls_6595b64144ccf1df_6.0.22000.120_none_9d947278b86cc467;D:\Android Studio\jre\bin\server;C:\Users\Thinkpad E15\.gradle\native\e1d6ef7f7dcc3fd88c89a11ec53ec762bb8ba0a96d01ffa2cd45eb1d1d8dd5c5\windows-amd64;C:\Users\Thinkpad E15\.gradle\native\5664cfc778a61ccfe75a443a1ab52a65af34e5dc3c78e0209fed803814484fcb\windows-amd64

VM Arguments:
jvm_args: --add-opens=java.base/java.util=ALL-UNNAMED --add-opens=java.base/java.lang=ALL-UNNAMED --add-opens=java.base/java.lang.invoke=ALL-UNNAMED --add-opens=java.base/java.util=ALL-UNNAMED --add-opens=java.prefs/java.util.prefs=ALL-UNNAMED --add-opens=java.prefs/java.util.prefs=ALL-UNNAMED --add-opens=java.base/java.nio.charset=ALL-UNNAMED --add-opens=java.base/java.net=ALL-UNNAMED --add-opens=java.base/java.util.concurrent.atomic=ALL-UNNAMED -Xmx2048m -Dfile.encoding=UTF-8 -Duser.country=US -Duser.language=en -Duser.variant 
java_command: org.gradle.launcher.daemon.bootstrap.GradleDaemon 7.3.3
java_class_path (initial): C:\Users\Thinkpad E15\.gradle\wrapper\dists\gradle-7.3.3-bin\6a41zxkdtcxs8rphpq6y0069z\gradle-7.3.3\lib\gradle-launcher-7.3.3.jar
Launcher Type: SUN_STANDARD

[Global flags]
     intx CICompilerCount                          = 12                                        {product} {ergonomic}
     uint ConcGCThreads                            = 3                                         {product} {ergonomic}
     uint G1ConcRefinementThreads                  = 13                                        {product} {ergonomic}
   size_t G1HeapRegionSize                         = 1048576                                   {product} {ergonomic}
    uintx GCDrainStackTargetSize                   = 64                                        {product} {ergonomic}
   size_t InitialHeapSize                          = 115343360                                 {product} {ergonomic}
   size_t MarkStackSize                            = 4194304                                   {product} {ergonomic}
   size_t MaxHeapSize                              = 2147483648                                {product} {command line}
   size_t MaxNewSize                               = 1287651328                                {product} {ergonomic}
   size_t MinHeapDeltaBytes                        = 1048576                                   {product} {ergonomic}
    uintx NonNMethodCodeHeapSize                   = 7594288                                {pd product} {ergonomic}
    uintx NonProfiledCodeHeapSize                  = 122031976                              {pd product} {ergonomic}
    uintx ProfiledCodeHeapSize                     = 122031976                              {pd product} {ergonomic}
    uintx ReservedCodeCacheSize                    = 251658240                              {pd product} {ergonomic}
     bool SegmentedCodeCache                       = true                                      {product} {ergonomic}
     bool UseCompressedClassPointers               = true                                 {lp64_product} {ergonomic}
     bool UseCompressedOops                        = true                                 {lp64_product} {ergonomic}
     bool UseG1GC                                  = true                                      {product} {ergonomic}
     bool UseLargePagesIndividualAllocation        = false                                  {pd product} {ergonomic}

Logging:
Log output configuration:
 #0: stdout all=warning uptime,level,tags
 #1: stderr all=off uptime,level,tags

Environment Variables:
CLASSPATH=%CLASSPATH%;%JUNIT_HOME%\junit-4.13.2.jar;.;;D:\Junit4\junit-4.13.2.jar;.;;D:\Junit4\junit-4.13.2.jar;.;
PATH=C:\Users\Thinkpad E15\AppData\Local\Programs\Python\Python310\Scripts\;C:\Users\Thinkpad E15\AppData\Local\Programs\Python\Python310\;D:\app\ThinkpadE15\product\12.1.0\dbhome_1\bin;C:\Program Files\Common Files\Oracle\Java\javapath;C:\Program Files (x86)\VMware\VMware Workstation\bin\;C:\WINDOWS\system32;C:\WINDOWS;C:\WINDOWS\System32\Wbem;C:\WINDOWS\System32\WindowsPowerShell\v1.0\;C:\WINDOWS\System32\OpenSSH\;C:\Program Files\Microsoft SQL Server\Client SDK\ODBC\170\Tools\Binn\;C:\Program Files (x86)\Microsoft SQL Server\150\Tools\Binn\;C:\Program Files\Microsoft SQL Server\150\Tools\Binn\;C:\Program Files\Microsoft SQL Server\150\DTS\Binn\;C:\Program Files\Bandizip\;C:\Program Files\MongoDB\Server\5.0\bin;C:\Program Files\Git\cmd;C:\ProgramData\chocolatey\bin;C:\Users\Thinkpad E15\AppData\Roaming\nvm;C:\Program Files\nodejs;C:\Program Files\MySQL\MySQL Shell 8.0\bin\;C:\Users\Thinkpad E15\AppData\Local\Microsoft\WindowsApps;D:\IntelliJ IDEA Community Edition 2021.2.1\bin;;C:\Users\Thinkpad E15\AppData\Local\Programs\Microsoft VS Code\bin;C:\Users\Thinkpad E15\AppData\Roaming\npm;C:\Program Files\heroku\bin;C:\Users\Thinkpad E15\AppData\Roaming\nvm;C:\Program Files\nodejs
USERNAME=Thinkpad E15
OS=Windows_NT
PROCESSOR_IDENTIFIER=AMD64 Family 23 Model 104 Stepping 1, AuthenticAMD



---------------  S Y S T E M  ---------------

OS: Windows 10 , 64 bit Build 22000 (10.0.22000.675)
OS uptime: 6 days 8:36 hours

CPU:total 16 (initial active 16) (16 cores per cpu, 2 threads per core) family 23 model 104 stepping 1 microcode 0x0, cmov, cx8, fxsr, mmx, sse, sse2, sse3, ssse3, sse4.1, sse4.2, popcnt, avx, avx2, aes, clmul, mmxext, 3dnowpref, lzcnt, sse4a, ht, tsc, tscinvbit, tscinv, bmi1, bmi2, adx, sha, fma

Memory: 4k page, system-wide physical 6986M (138M free)
TotalPageFile size 28490M (AvailPageFile size 0M)
current process WorkingSet (physical memory assigned to process): 127M, peak: 534M
current process commit charge ("private bytes"): 585M, peak: 635M

vm_info: OpenJDK 64-Bit Server VM (11.0.12+7-b1504.28-7817840) for windows-amd64 JRE (11.0.12+7-b1504.28-7817840), built on Oct 13 2021 22:12:33 by "builder" with MS VC++ 14.0 (VS2015)

END.
