#
# There is insufficient memory for the Java Runtime Environment to continue.
# Native memory allocation (malloc) failed to allocate 1140976 bytes for Chunk::new
# Possible reasons:
#   The system is out of physical RAM or swap space
#   The process is running with CompressedOops enabled, and the Java Heap may be blocking the growth of the native heap
# Possible solutions:
#   Reduce memory load on the system
#   Increase physical memory or swap space
#   Check if swap backing store is full
#   Decrease Java heap size (-Xmx/-Xms)
#   Decrease number of Java threads
#   Decrease Java thread stack sizes (-Xss)
#   Set larger code cache with -XX:ReservedCodeCacheSize=
#   JVM is running with Unscaled Compressed Oops mode in which the Java heap is
#     placed in the first 4GB address space. The Java Heap base address is the
#     maximum limit for the native heap growth. Please use -XX:HeapBaseMinAddress
#     to set the Java Heap base and to place the Java Heap above 4GB virtual address.
# This output file may be truncated or incomplete.
#
#  Out of Memory Error (./src/hotspot/share/memory/arena.cpp:197), pid=26036, tid=24452
#
# JRE version: OpenJDK Runtime Environment (11.0.12+7) (build 11.0.12+7-b1504.28-7817840)
# Java VM: OpenJDK 64-Bit Server VM (11.0.12+7-b1504.28-7817840, mixed mode, tiered, compressed oops, g1 gc, windows-amd64)
# No core dump will be written. Minidumps are not enabled by default on client versions of Windows
#

---------------  S U M M A R Y ------------

Command Line: --add-opens=java.base/java.util=ALL-UNNAMED --add-opens=java.base/java.lang=ALL-UNNAMED --add-opens=java.base/java.lang.invoke=ALL-UNNAMED --add-opens=java.base/java.util=ALL-UNNAMED --add-opens=java.prefs/java.util.prefs=ALL-UNNAMED --add-opens=java.prefs/java.util.prefs=ALL-UNNAMED --add-opens=java.base/java.nio.charset=ALL-UNNAMED --add-opens=java.base/java.net=ALL-UNNAMED --add-opens=java.base/java.util.concurrent.atomic=ALL-UNNAMED -Xmx2048m -Dfile.encoding=UTF-8 -Duser.country=US -Duser.language=en -Duser.variant org.gradle.launcher.daemon.bootstrap.GradleDaemon 7.3.3

Host: AMD Ryzen 7 5700U with Radeon Graphics         , 16 cores, 6G,  Windows 10 , 64 bit Build 22000 (10.0.22000.675)
Time: Thu Jun  2 15:21:18 2022 Eastern Daylight Time elapsed time: 10.053542 seconds (0d 0h 0m 10s)

---------------  T H R E A D  ---------------

Current thread (0x0000022441f44000):  JavaThread "C2 CompilerThread1" daemon [_thread_in_native, id=24452, stack(0x000000c2a4500000,0x000000c2a4600000)]


Current CompileTask:
C2:  10053 5949       4       java.security.SecureClassLoader::defineClass (16 bytes)

Stack: [0x000000c2a4500000,0x000000c2a4600000]
Native frames: (J=compiled Java code, j=interpreted, Vv=VM code, C=native code)
V  [jvm.dll+0x5fbcea]
V  [jvm.dll+0x731905]
V  [jvm.dll+0x732f1d]
V  [jvm.dll+0x7335d3]
V  [jvm.dll+0x247bf8]
V  [jvm.dll+0xc018c]
V  [jvm.dll+0xc06cc]
V  [jvm.dll+0x35b2db]
V  [jvm.dll+0x328803]
V  [jvm.dll+0x327cfa]
V  [jvm.dll+0x200602]
V  [jvm.dll+0x1ff794]
V  [jvm.dll+0x18868c]
V  [jvm.dll+0x20e0d7]
V  [jvm.dll+0x20c901]
V  [jvm.dll+0x6f9b7f]
V  [jvm.dll+0x6f26a5]
V  [jvm.dll+0x5fabf6]
C  [ucrtbase.dll+0x26c0c]
C  [KERNEL32.DLL+0x154e0]
C  [ntdll.dll+0x485b]


---------------  P R O C E S S  ---------------

Threads class SMR info:
_java_thread_list=0x00000224458e47f0, length=187, elements={
0x00000224221d7000, 0x000002243d1d8800, 0x000002243d1e2000, 0x000002243db56800,
0x000002243db58000, 0x000002243db59800, 0x000002243db60800, 0x000002243d1fa000,
0x000002243d1fc800, 0x000002243dcc7000, 0x000002243dcd4800, 0x000002243ebcf000,
0x000002243dcc4800, 0x000002243dcc6800, 0x000002243dcc9000, 0x000002243dcc9800,
0x000002243dcc4000, 0x000002243dcc8000, 0x000002243dcca800, 0x000002243dcc5800,
0x000002243ff45000, 0x000002243ff46000, 0x000002243ff43800, 0x000002243ff43000,
0x000002243ff48800, 0x000002243ff44800, 0x000002243ff47000, 0x000002243ff49800,
0x000002243ff4b000, 0x000002243ff4a000, 0x000002243ff4b800, 0x000002243ff4d800,
0x000002243ff47800, 0x000002243ff4e000, 0x000002243ff50800, 0x000002243ff50000,
0x000002243ff51800, 0x0000022443770800, 0x0000022441f44000, 0x0000022443773000,
0x000002244376e000, 0x000002244376f000, 0x000002244376d000, 0x000002244376f800,
0x0000022443771800, 0x0000022443772000, 0x0000022443773800, 0x00000224438c0000,
0x00000224438bf000, 0x00000224438ba000, 0x00000224438be000, 0x00000224438c0800,
0x00000224438bc800, 0x00000224438bd800, 0x00000224438bb000, 0x00000224438c1800,
0x00000224438bb800, 0x00000224438c5800, 0x00000224438c7000, 0x00000224438c4000,
0x00000224438c3000, 0x00000224438c4800, 0x00000224438c6800, 0x00000224438c8000,
0x00000224438c2800, 0x00000224438c9000, 0x00000224438cd800, 0x00000224438ca000,
0x00000224438ce000, 0x00000224438cc800, 0x00000224438cf000, 0x00000224438d0000,
0x00000224438d0800, 0x00000224438cb800, 0x00000224438cb000, 0x00000224438d7000,
0x00000224438d1800, 0x00000224438d4800, 0x00000224438d8000, 0x00000224438d2800,
0x00000224438d9000, 0x00000224438d6800, 0x00000224438d5800, 0x00000224438d3000,
0x00000224438d4000, 0x0000022443cc0000, 0x0000022443cc1800, 0x0000022443cc3800,
0x0000022443cc1000, 0x0000022443cc2800, 0x0000022443cc4000, 0x0000022443cbe800,
0x0000022443cc5000, 0x0000022443cbf000, 0x0000022443cc6800, 0x0000022443cc7000,
0x0000022443cca800, 0x0000022443ccd000, 0x0000022443cc8000, 0x0000022443ccb800,
0x0000022443cc9000, 0x0000022443cce800, 0x0000022443ccf800, 0x0000022443cc9800,
0x0000022443cd2000, 0x0000022443cd0000, 0x0000022443ccc000, 0x0000022443cd2800,
0x0000022443cd1000, 0x0000022443cd3800, 0x0000022443ccd800, 0x0000022443cd5000,
0x0000022443cd4000, 0x000002244171a000, 0x0000022441718800, 0x0000022441719800,
0x0000022441714800, 0x0000022441715000, 0x000002244171b000, 0x000002244171c000,
0x0000022441717000, 0x0000022441716000, 0x000002244171c800, 0x000002244171d800,
0x0000022441717800, 0x000002244171e000, 0x0000022441722800, 0x000002244171f000,
0x0000022441723000, 0x0000022441720000, 0x0000022441720800, 0x0000022441721800,
0x0000022443785000, 0x000002244378a800, 0x0000022443788800, 0x0000022443786000,
0x000002244378c800, 0x0000022443786800, 0x0000022443789000, 0x000002244378b800,
0x000002244378d000, 0x0000022443787800, 0x000002244378f800, 0x000002244378e000,
0x000002244378f000, 0x000002244378a000, 0x0000022443791000, 0x0000022443793800,
0x0000022443792000, 0x0000022443790800, 0x0000022443793000, 0x0000022442226000,
0x0000022442222000, 0x0000022442225800, 0x0000022442221800, 0x0000022442223800,
0x0000022442224800, 0x0000022442227000, 0x0000022442223000, 0x0000022442228000,
0x0000022445904000, 0x00000224458fe000, 0x0000022445904800, 0x00000224458ff000,
0x0000022445900800, 0x0000022445905800, 0x0000022445900000, 0x0000022445906800,
0x0000022445907000, 0x0000022445901800, 0x0000022445908000, 0x0000022445902800,
0x0000022445909000, 0x0000022445903000, 0x000002244590d000, 0x000002244590c000,
0x000002244590a800, 0x000002244590b800, 0x0000022445909800, 0x000002244226e000,
0x000002244226e800, 0x000002244226a800, 0x000002244226b800, 0x0000022442269000,
0x000002244226d000, 0x000002244226f800, 0x0000022442269800
}

Java Threads: ( => current thread )
  0x00000224221d7000 JavaThread "main" [_thread_blocked, id=6784, stack(0x000000c2a0a00000,0x000000c2a0b00000)]
  0x000002243d1d8800 JavaThread "Reference Handler" daemon [_thread_blocked, id=30308, stack(0x000000c2a1100000,0x000000c2a1200000)]
  0x000002243d1e2000 JavaThread "Finalizer" daemon [_thread_blocked, id=32360, stack(0x000000c2a1200000,0x000000c2a1300000)]
  0x000002243db56800 JavaThread "Signal Dispatcher" daemon [_thread_blocked, id=23124, stack(0x000000c2a1300000,0x000000c2a1400000)]
  0x000002243db58000 JavaThread "Attach Listener" daemon [_thread_blocked, id=8380, stack(0x000000c2a1400000,0x000000c2a1500000)]
  0x000002243db59800 JavaThread "Service Thread" daemon [_thread_blocked, id=31756, stack(0x000000c2a1500000,0x000000c2a1600000)]
  0x000002243db60800 JavaThread "C2 CompilerThread0" daemon [_thread_in_native, id=14192, stack(0x000000c2a1600000,0x000000c2a1700000)]
  0x000002243d1fa000 JavaThread "C1 CompilerThread0" daemon [_thread_blocked, id=24684, stack(0x000000c2a1700000,0x000000c2a1800000)]
  0x000002243d1fc800 JavaThread "Sweeper thread" daemon [_thread_blocked, id=20284, stack(0x000000c2a1800000,0x000000c2a1900000)]
  0x000002243dcc7000 JavaThread "Common-Cleaner" daemon [_thread_blocked, id=4376, stack(0x000000c2a1900000,0x000000c2a1a00000)]
  0x000002243dcd4800 JavaThread "C1 CompilerThread1" daemon [_thread_in_native, id=24756, stack(0x000000c2a1a00000,0x000000c2a1b00000)]
  0x000002243ebcf000 JavaThread "C1 CompilerThread2" daemon [_thread_blocked, id=20764, stack(0x000000c2a1d00000,0x000000c2a1e00000)]
  0x000002243dcc4800 JavaThread "Daemon health stats" [_thread_blocked, id=25216, stack(0x000000c2a1f00000,0x000000c2a2000000)]
  0x000002243dcc6800 JavaThread "Incoming local TCP Connector on port 58778" [_thread_in_native, id=32416, stack(0x000000c2a1c00000,0x000000c2a1d00000)]
  0x000002243dcc9000 JavaThread "Daemon periodic checks" [_thread_blocked, id=1916, stack(0x000000c2a2400000,0x000000c2a2500000)]
  0x000002243dcc9800 JavaThread "Daemon" [_thread_blocked, id=8964, stack(0x000000c2a2500000,0x000000c2a2600000)]
  0x000002243dcc4000 JavaThread "Handler for socket connection from /127.0.0.1:58778 to /127.0.0.1:58780" [_thread_in_native, id=24468, stack(0x000000c2a2600000,0x000000c2a2700000)]
  0x000002243dcc8000 JavaThread "Cancel handler" [_thread_blocked, id=25992, stack(0x000000c2a2700000,0x000000c2a2800000)]
  0x000002243dcca800 JavaThread "Daemon worker" [_thread_in_Java, id=29440, stack(0x000000c2a2800000,0x000000c2a2900000)]
  0x000002243dcc5800 JavaThread "Asynchronous log dispatcher for DefaultDaemonConnection: socket connection from /127.0.0.1:58778 to /127.0.0.1:58780" [_thread_blocked, id=18900, stack(0x000000c2a2900000,0x000000c2a2a00000)]
  0x000002243ff45000 JavaThread "Stdin handler" [_thread_blocked, id=10516, stack(0x000000c2a2a00000,0x000000c2a2b00000)]
  0x000002243ff46000 JavaThread "Daemon client event forwarder" [_thread_blocked, id=15436, stack(0x000000c2a2b00000,0x000000c2a2c00000)]
  0x000002243ff43800 JavaThread "Cache worker for journal cache (C:\Users\Thinkpad E15\.gradle\caches\journal-1)" [_thread_blocked, id=26868, stack(0x000000c2a2c00000,0x000000c2a2d00000)]
  0x000002243ff43000 JavaThread "File lock request listener" [_thread_in_native, id=21884, stack(0x000000c2a2d00000,0x000000c2a2e00000)]
  0x000002243ff48800 JavaThread "Cache worker for file hash cache (C:\Users\Thinkpad E15\.gradle\caches\7.3.3\fileHashes)" [_thread_blocked, id=25172, stack(0x000000c2a2e00000,0x000000c2a2f00000)]
  0x000002243ff44800 JavaThread "Cache worker for file hash cache (C:\Users\Thinkpad E15\AndroidStudioProjects\AndroidLabs\.gradle\7.3.3\fileHashes)" [_thread_blocked, id=1524, stack(0x000000c2a3800000,0x000000c2a3900000)]
  0x000002243ff47000 JavaThread "File watcher server" daemon [_thread_in_native, id=31320, stack(0x000000c2a3900000,0x000000c2a3a00000)]
  0x000002243ff49800 JavaThread "File watcher consumer" daemon [_thread_blocked, id=31716, stack(0x000000c2a3a00000,0x000000c2a3b00000)]
  0x000002243ff4b000 JavaThread "Cache worker for checksums cache (C:\Users\Thinkpad E15\AndroidStudioProjects\AndroidLabs\.gradle\7.3.3\checksums)" [_thread_blocked, id=5696, stack(0x000000c2a3b00000,0x000000c2a3c00000)]
  0x000002243ff4a000 JavaThread "Cache worker for cache directory md-supplier (C:\Users\Thinkpad E15\.gradle\caches\7.3.3\md-supplier)" [_thread_blocked, id=29356, stack(0x000000c2a3c00000,0x000000c2a3d00000)]
  0x000002243ff4b800 JavaThread "Cache worker for cache directory md-rule (C:\Users\Thinkpad E15\.gradle\caches\7.3.3\md-rule)" [_thread_blocked, id=23648, stack(0x000000c2a3d00000,0x000000c2a3e00000)]
  0x000002243ff4d800 JavaThread "Cache worker for execution history cache (C:\Users\Thinkpad E15\.gradle\caches\7.3.3\executionHistory)" [_thread_blocked, id=10872, stack(0x000000c2a3e00000,0x000000c2a3f00000)]
  0x000002243ff47800 JavaThread "jar transforms" [_thread_blocked, id=19536, stack(0x000000c2a3f00000,0x000000c2a4000000)]
  0x000002243ff4e000 JavaThread "Cache worker for file content cache (C:\Users\Thinkpad E15\.gradle\caches\7.3.3\fileContent)" [_thread_blocked, id=22824, stack(0x000000c2a4000000,0x000000c2a4100000)]
  0x000002243ff50800 JavaThread "jar transforms Thread 2" [_thread_blocked, id=28852, stack(0x000000c2a4100000,0x000000c2a4200000)]
  0x000002243ff50000 JavaThread "Cache worker for dependencies-accessors (C:\Users\Thinkpad E15\AndroidStudioProjects\AndroidLabs\.gradle\7.3.3\dependencies-accessors)" [_thread_blocked, id=15932, stack(0x000000c2a4200000,0x000000c2a4300000)]
  0x000002243ff51800 JavaThread "jar transforms Thread 3" [_thread_blocked, id=8040, stack(0x000000c2a4300000,0x000000c2a4400000)]
  0x0000022443770800 JavaThread "Cache worker for Build Output Cleanup Cache (C:\Users\Thinkpad E15\AndroidStudioProjects\AndroidLabs\.gradle\buildOutputCleanup)" [_thread_blocked, id=13372, stack(0x000000c2a4400000,0x000000c2a4500000)]
=>0x0000022441f44000 JavaThread "C2 CompilerThread1" daemon [_thread_in_native, id=24452, stack(0x000000c2a4500000,0x000000c2a4600000)]
  0x0000022443773000 JavaThread "Unconstrained build operations" [_thread_blocked, id=11092, stack(0x000000c2a4600000,0x000000c2a4700000)]
  0x000002244376e000 JavaThread "Unconstrained build operations Thread 2" [_thread_blocked, id=32004, stack(0x000000c2a4700000,0x000000c2a4800000)]
  0x000002244376f000 JavaThread "Unconstrained build operations Thread 3" [_thread_blocked, id=32748, stack(0x000000c2a4800000,0x000000c2a4900000)]
  0x000002244376d000 JavaThread "Unconstrained build operations Thread 4" [_thread_blocked, id=2696, stack(0x000000c2a4900000,0x000000c2a4a00000)]
  0x000002244376f800 JavaThread "Unconstrained build operations Thread 5" [_thread_blocked, id=4852, stack(0x000000c2a4a00000,0x000000c2a4b00000)]
  0x0000022443771800 JavaThread "Unconstrained build operations Thread 6" [_thread_blocked, id=28700, stack(0x000000c2a4b00000,0x000000c2a4c00000)]
  0x0000022443772000 JavaThread "Unconstrained build operations Thread 7" [_thread_blocked, id=32396, stack(0x000000c2a4c00000,0x000000c2a4d00000)]
  0x0000022443773800 JavaThread "Unconstrained build operations Thread 8" [_thread_blocked, id=24604, stack(0x000000c2a4d00000,0x000000c2a4e00000)]
  0x00000224438c0000 JavaThread "Unconstrained build operations Thread 9" [_thread_blocked, id=8212, stack(0x000000c2a4e00000,0x000000c2a4f00000)]
  0x00000224438bf000 JavaThread "Unconstrained build operations Thread 10" [_thread_blocked, id=16948, stack(0x000000c2a4f00000,0x000000c2a5000000)]
  0x00000224438ba000 JavaThread "Unconstrained build operations Thread 11" [_thread_blocked, id=30864, stack(0x000000c2a5000000,0x000000c2a5100000)]
  0x00000224438be000 JavaThread "Unconstrained build operations Thread 12" [_thread_blocked, id=22372, stack(0x000000c2a5100000,0x000000c2a5200000)]
  0x00000224438c0800 JavaThread "Unconstrained build operations Thread 13" [_thread_blocked, id=28468, stack(0x000000c2a5200000,0x000000c2a5300000)]
  0x00000224438bc800 JavaThread "Unconstrained build operations Thread 14" [_thread_blocked, id=31188, stack(0x000000c2a5300000,0x000000c2a5400000)]
  0x00000224438bd800 JavaThread "Unconstrained build operations Thread 15" [_thread_blocked, id=4508, stack(0x000000c2a5400000,0x000000c2a5500000)]
  0x00000224438bb000 JavaThread "Unconstrained build operations Thread 16" [_thread_blocked, id=6056, stack(0x000000c2a5500000,0x000000c2a5600000)]
  0x00000224438c1800 JavaThread "Unconstrained build operations Thread 17" [_thread_blocked, id=28560, stack(0x000000c2a5600000,0x000000c2a5700000)]
  0x00000224438bb800 JavaThread "Unconstrained build operations Thread 18" [_thread_blocked, id=11704, stack(0x000000c2a5700000,0x000000c2a5800000)]
  0x00000224438c5800 JavaThread "Unconstrained build operations Thread 19" [_thread_blocked, id=3244, stack(0x000000c2a5800000,0x000000c2a5900000)]
  0x00000224438c7000 JavaThread "Unconstrained build operations Thread 20" [_thread_blocked, id=30836, stack(0x000000c2a5900000,0x000000c2a5a00000)]
  0x00000224438c4000 JavaThread "Unconstrained build operations Thread 21" [_thread_blocked, id=18524, stack(0x000000c2a5a00000,0x000000c2a5b00000)]
  0x00000224438c3000 JavaThread "Unconstrained build operations Thread 22" [_thread_blocked, id=28908, stack(0x000000c2a5b00000,0x000000c2a5c00000)]
  0x00000224438c4800 JavaThread "Unconstrained build operations Thread 23" [_thread_blocked, id=27268, stack(0x000000c2a5c00000,0x000000c2a5d00000)]
  0x00000224438c6800 JavaThread "Unconstrained build operations Thread 24" [_thread_blocked, id=31244, stack(0x000000c2a5d00000,0x000000c2a5e00000)]
  0x00000224438c8000 JavaThread "Unconstrained build operations Thread 25" [_thread_blocked, id=28768, stack(0x000000c2a5e00000,0x000000c2a5f00000)]
  0x00000224438c2800 JavaThread "Unconstrained build operations Thread 26" [_thread_blocked, id=30920, stack(0x000000c2a5f00000,0x000000c2a6000000)]
  0x00000224438c9000 JavaThread "Unconstrained build operations Thread 27" [_thread_blocked, id=32708, stack(0x000000c2a6000000,0x000000c2a6100000)]
  0x00000224438cd800 JavaThread "Unconstrained build operations Thread 28" [_thread_blocked, id=27464, stack(0x000000c2a6100000,0x000000c2a6200000)]
  0x00000224438ca000 JavaThread "Unconstrained build operations Thread 29" [_thread_blocked, id=30248, stack(0x000000c2a6200000,0x000000c2a6300000)]
  0x00000224438ce000 JavaThread "Unconstrained build operations Thread 30" [_thread_blocked, id=9576, stack(0x000000c2a6300000,0x000000c2a6400000)]
  0x00000224438cc800 JavaThread "Unconstrained build operations Thread 31" [_thread_blocked, id=30772, stack(0x000000c2a6400000,0x000000c2a6500000)]
  0x00000224438cf000 JavaThread "Unconstrained build operations Thread 32" [_thread_blocked, id=4828, stack(0x000000c2a6500000,0x000000c2a6600000)]
  0x00000224438d0000 JavaThread "Unconstrained build operations Thread 33" [_thread_blocked, id=7712, stack(0x000000c2a6600000,0x000000c2a6700000)]
  0x00000224438d0800 JavaThread "Unconstrained build operations Thread 34" [_thread_blocked, id=28228, stack(0x000000c2a6700000,0x000000c2a6800000)]
  0x00000224438cb800 JavaThread "Unconstrained build operations Thread 35" [_thread_blocked, id=23184, stack(0x000000c2a6800000,0x000000c2a6900000)]
  0x00000224438cb000 JavaThread "Unconstrained build operations Thread 36" [_thread_blocked, id=23736, stack(0x000000c2a6900000,0x000000c2a6a00000)]
  0x00000224438d7000 JavaThread "Unconstrained build operations Thread 37" [_thread_blocked, id=21228, stack(0x000000c2a6a00000,0x000000c2a6b00000)]
  0x00000224438d1800 JavaThread "Unconstrained build operations Thread 38" [_thread_blocked, id=30804, stack(0x000000c2a6b00000,0x000000c2a6c00000)]
  0x00000224438d4800 JavaThread "Unconstrained build operations Thread 39" [_thread_blocked, id=32724, stack(0x000000c2a6c00000,0x000000c2a6d00000)]
  0x00000224438d8000 JavaThread "Unconstrained build operations Thread 40" [_thread_blocked, id=19532, stack(0x000000c2a6d00000,0x000000c2a6e00000)]
  0x00000224438d2800 JavaThread "Unconstrained build operations Thread 41" [_thread_blocked, id=25756, stack(0x000000c2a6e00000,0x000000c2a6f00000)]
  0x00000224438d9000 JavaThread "Unconstrained build operations Thread 42" [_thread_blocked, id=3020, stack(0x000000c2a6f00000,0x000000c2a7000000)]
  0x00000224438d6800 JavaThread "Unconstrained build operations Thread 43" [_thread_blocked, id=25828, stack(0x000000c2a7000000,0x000000c2a7100000)]
  0x00000224438d5800 JavaThread "Unconstrained build operations Thread 44" [_thread_blocked, id=29192, stack(0x000000c2a7100000,0x000000c2a7200000)]
  0x00000224438d3000 JavaThread "Unconstrained build operations Thread 45" [_thread_blocked, id=31196, stack(0x000000c2a7200000,0x000000c2a7300000)]
  0x00000224438d4000 JavaThread "Unconstrained build operations Thread 46" [_thread_blocked, id=22352, stack(0x000000c2a7300000,0x000000c2a7400000)]
  0x0000022443cc0000 JavaThread "Unconstrained build operations Thread 47" [_thread_blocked, id=6244, stack(0x000000c2a7400000,0x000000c2a7500000)]
  0x0000022443cc1800 JavaThread "Unconstrained build operations Thread 48" [_thread_blocked, id=18576, stack(0x000000c2a7500000,0x000000c2a7600000)]
  0x0000022443cc3800 JavaThread "Unconstrained build operations Thread 49" [_thread_blocked, id=21832, stack(0x000000c2a7600000,0x000000c2a7700000)]
  0x0000022443cc1000 JavaThread "Unconstrained build operations Thread 50" [_thread_blocked, id=14388, stack(0x000000c2a7700000,0x000000c2a7800000)]
  0x0000022443cc2800 JavaThread "Unconstrained build operations Thread 51" [_thread_blocked, id=25380, stack(0x000000c2a7800000,0x000000c2a7900000)]
  0x0000022443cc4000 JavaThread "Unconstrained build operations Thread 52" [_thread_blocked, id=23260, stack(0x000000c2a7900000,0x000000c2a7a00000)]
  0x0000022443cbe800 JavaThread "Unconstrained build operations Thread 53" [_thread_blocked, id=25376, stack(0x000000c2a7a00000,0x000000c2a7b00000)]
  0x0000022443cc5000 JavaThread "Unconstrained build operations Thread 54" [_thread_blocked, id=20712, stack(0x000000c2a7b00000,0x000000c2a7c00000)]
  0x0000022443cbf000 JavaThread "Unconstrained build operations Thread 55" [_thread_blocked, id=17344, stack(0x000000c2a7c00000,0x000000c2a7d00000)]
  0x0000022443cc6800 JavaThread "Unconstrained build operations Thread 56" [_thread_blocked, id=13396, stack(0x000000c2a7d00000,0x000000c2a7e00000)]
  0x0000022443cc7000 JavaThread "Unconstrained build operations Thread 57" [_thread_blocked, id=6380, stack(0x000000c2a7e00000,0x000000c2a7f00000)]
  0x0000022443cca800 JavaThread "Unconstrained build operations Thread 58" [_thread_blocked, id=18972, stack(0x000000c2a7f00000,0x000000c2a8000000)]
  0x0000022443ccd000 JavaThread "Unconstrained build operations Thread 59" [_thread_blocked, id=25364, stack(0x000000c2a8000000,0x000000c2a8100000)]
  0x0000022443cc8000 JavaThread "Unconstrained build operations Thread 60" [_thread_blocked, id=28404, stack(0x000000c2a8100000,0x000000c2a8200000)]
  0x0000022443ccb800 JavaThread "Unconstrained build operations Thread 61" [_thread_blocked, id=12468, stack(0x000000c2a8200000,0x000000c2a8300000)]
  0x0000022443cc9000 JavaThread "Unconstrained build operations Thread 62" [_thread_blocked, id=21400, stack(0x000000c2a8300000,0x000000c2a8400000)]
  0x0000022443cce800 JavaThread "Unconstrained build operations Thread 63" [_thread_blocked, id=4540, stack(0x000000c2a8400000,0x000000c2a8500000)]
  0x0000022443ccf800 JavaThread "Unconstrained build operations Thread 64" [_thread_blocked, id=32040, stack(0x000000c2a8500000,0x000000c2a8600000)]
  0x0000022443cc9800 JavaThread "Unconstrained build operations Thread 65" [_thread_blocked, id=32152, stack(0x000000c2a8600000,0x000000c2a8700000)]
  0x0000022443cd2000 JavaThread "Unconstrained build operations Thread 66" [_thread_blocked, id=592, stack(0x000000c2a8700000,0x000000c2a8800000)]
  0x0000022443cd0000 JavaThread "Unconstrained build operations Thread 67" [_thread_blocked, id=14760, stack(0x000000c2a8800000,0x000000c2a8900000)]
  0x0000022443ccc000 JavaThread "Unconstrained build operations Thread 68" [_thread_blocked, id=26160, stack(0x000000c2a8900000,0x000000c2a8a00000)]
  0x0000022443cd2800 JavaThread "Unconstrained build operations Thread 69" [_thread_blocked, id=24196, stack(0x000000c2a8a00000,0x000000c2a8b00000)]
  0x0000022443cd1000 JavaThread "Unconstrained build operations Thread 70" [_thread_blocked, id=22680, stack(0x000000c2a8b00000,0x000000c2a8c00000)]
  0x0000022443cd3800 JavaThread "Unconstrained build operations Thread 71" [_thread_blocked, id=6744, stack(0x000000c2a8c00000,0x000000c2a8d00000)]
  0x0000022443ccd800 JavaThread "Unconstrained build operations Thread 72" [_thread_blocked, id=21604, stack(0x000000c2a8d00000,0x000000c2a8e00000)]
  0x0000022443cd5000 JavaThread "Unconstrained build operations Thread 73" [_thread_blocked, id=27928, stack(0x000000c2a8e00000,0x000000c2a8f00000)]
  0x0000022443cd4000 JavaThread "Unconstrained build operations Thread 74" [_thread_blocked, id=25092, stack(0x000000c2a8f00000,0x000000c2a9000000)]
  0x000002244171a000 JavaThread "Unconstrained build operations Thread 75" [_thread_blocked, id=3772, stack(0x000000c2a9000000,0x000000c2a9100000)]
  0x0000022441718800 JavaThread "Unconstrained build operations Thread 76" [_thread_blocked, id=12700, stack(0x000000c2a9100000,0x000000c2a9200000)]
  0x0000022441719800 JavaThread "Unconstrained build operations Thread 77" [_thread_blocked, id=29496, stack(0x000000c2a9200000,0x000000c2a9300000)]
  0x0000022441714800 JavaThread "Unconstrained build operations Thread 78" [_thread_blocked, id=26308, stack(0x000000c2a9300000,0x000000c2a9400000)]
  0x0000022441715000 JavaThread "Unconstrained build operations Thread 79" [_thread_blocked, id=31372, stack(0x000000c2a9400000,0x000000c2a9500000)]
  0x000002244171b000 JavaThread "Unconstrained build operations Thread 80" [_thread_blocked, id=28208, stack(0x000000c2a9500000,0x000000c2a9600000)]
  0x000002244171c000 JavaThread "Unconstrained build operations Thread 81" [_thread_blocked, id=26440, stack(0x000000c2a9600000,0x000000c2a9700000)]
  0x0000022441717000 JavaThread "Unconstrained build operations Thread 82" [_thread_blocked, id=18572, stack(0x000000c2a9700000,0x000000c2a9800000)]
  0x0000022441716000 JavaThread "Unconstrained build operations Thread 83" [_thread_blocked, id=25676, stack(0x000000c2a9800000,0x000000c2a9900000)]
  0x000002244171c800 JavaThread "Unconstrained build operations Thread 84" [_thread_blocked, id=31000, stack(0x000000c2a9900000,0x000000c2a9a00000)]
  0x000002244171d800 JavaThread "Unconstrained build operations Thread 85" [_thread_blocked, id=5004, stack(0x000000c2a9a00000,0x000000c2a9b00000)]
  0x0000022441717800 JavaThread "Unconstrained build operations Thread 86" [_thread_blocked, id=29240, stack(0x000000c2a9b00000,0x000000c2a9c00000)]
  0x000002244171e000 JavaThread "Unconstrained build operations Thread 87" [_thread_blocked, id=2596, stack(0x000000c2a9c00000,0x000000c2a9d00000)]
  0x0000022441722800 JavaThread "Unconstrained build operations Thread 88" [_thread_blocked, id=11404, stack(0x000000c2a9d00000,0x000000c2a9e00000)]
  0x000002244171f000 JavaThread "Unconstrained build operations Thread 89" [_thread_blocked, id=24012, stack(0x000000c2a9e00000,0x000000c2a9f00000)]
  0x0000022441723000 JavaThread "Unconstrained build operations Thread 90" [_thread_blocked, id=27020, stack(0x000000c2a9f00000,0x000000c2aa000000)]
  0x0000022441720000 JavaThread "Unconstrained build operations Thread 91" [_thread_blocked, id=23356, stack(0x000000c2aa000000,0x000000c2aa100000)]
  0x0000022441720800 JavaThread "Unconstrained build operations Thread 92" [_thread_blocked, id=23412, stack(0x000000c2aa100000,0x000000c2aa200000)]
  0x0000022441721800 JavaThread "Unconstrained build operations Thread 93" [_thread_blocked, id=27836, stack(0x000000c2aa200000,0x000000c2aa300000)]
  0x0000022443785000 JavaThread "Unconstrained build operations Thread 94" [_thread_blocked, id=9384, stack(0x000000c2aa300000,0x000000c2aa400000)]
  0x000002244378a800 JavaThread "Unconstrained build operations Thread 95" [_thread_blocked, id=636, stack(0x000000c2aa400000,0x000000c2aa500000)]
  0x0000022443788800 JavaThread "Unconstrained build operations Thread 96" [_thread_blocked, id=17572, stack(0x000000c2aa500000,0x000000c2aa600000)]
  0x0000022443786000 JavaThread "Unconstrained build operations Thread 97" [_thread_blocked, id=21892, stack(0x000000c2aa600000,0x000000c2aa700000)]
  0x000002244378c800 JavaThread "Unconstrained build operations Thread 98" [_thread_blocked, id=14660, stack(0x000000c2aa700000,0x000000c2aa800000)]
  0x0000022443786800 JavaThread "Unconstrained build operations Thread 99" [_thread_blocked, id=31016, stack(0x000000c2aa800000,0x000000c2aa900000)]
  0x0000022443789000 JavaThread "Unconstrained build operations Thread 100" [_thread_blocked, id=30072, stack(0x000000c2aa900000,0x000000c2aaa00000)]
  0x000002244378b800 JavaThread "Unconstrained build operations Thread 101" [_thread_blocked, id=31364, stack(0x000000c2aaa00000,0x000000c2aab00000)]
  0x000002244378d000 JavaThread "Unconstrained build operations Thread 102" [_thread_blocked, id=21864, stack(0x000000c2aab00000,0x000000c2aac00000)]
  0x0000022443787800 JavaThread "Unconstrained build operations Thread 103" [_thread_blocked, id=25956, stack(0x000000c2aac00000,0x000000c2aad00000)]
  0x000002244378f800 JavaThread "Unconstrained build operations Thread 104" [_thread_blocked, id=1840, stack(0x000000c2aad00000,0x000000c2aae00000)]
  0x000002244378e000 JavaThread "Unconstrained build operations Thread 105" [_thread_blocked, id=13336, stack(0x000000c2aae00000,0x000000c2aaf00000)]
  0x000002244378f000 JavaThread "Unconstrained build operations Thread 106" [_thread_blocked, id=11728, stack(0x000000c2aaf00000,0x000000c2ab000000)]
  0x000002244378a000 JavaThread "Unconstrained build operations Thread 107" [_thread_blocked, id=21644, stack(0x000000c2ab000000,0x000000c2ab100000)]
  0x0000022443791000 JavaThread "Unconstrained build operations Thread 108" [_thread_blocked, id=32484, stack(0x000000c2ab100000,0x000000c2ab200000)]
  0x0000022443793800 JavaThread "Unconstrained build operations Thread 109" [_thread_blocked, id=5324, stack(0x000000c2ab200000,0x000000c2ab300000)]
  0x0000022443792000 JavaThread "Unconstrained build operations Thread 110" [_thread_blocked, id=17836, stack(0x000000c2ab300000,0x000000c2ab400000)]
  0x0000022443790800 JavaThread "Unconstrained build operations Thread 111" [_thread_blocked, id=18688, stack(0x000000c2ab400000,0x000000c2ab500000)]
  0x0000022443793000 JavaThread "Unconstrained build operations Thread 112" [_thread_blocked, id=19040, stack(0x000000c2ab500000,0x000000c2ab600000)]
  0x0000022442226000 JavaThread "Unconstrained build operations Thread 113" [_thread_blocked, id=28648, stack(0x000000c2ab600000,0x000000c2ab700000)]
  0x0000022442222000 JavaThread "Unconstrained build operations Thread 114" [_thread_blocked, id=25280, stack(0x000000c2ab700000,0x000000c2ab800000)]
  0x0000022442225800 JavaThread "Unconstrained build operations Thread 115" [_thread_blocked, id=14052, stack(0x000000c2ab800000,0x000000c2ab900000)]
  0x0000022442221800 JavaThread "Unconstrained build operations Thread 116" [_thread_blocked, id=14140, stack(0x000000c2ab900000,0x000000c2aba00000)]
  0x0000022442223800 JavaThread "Unconstrained build operations Thread 117" [_thread_blocked, id=26824, stack(0x000000c2aba00000,0x000000c2abb00000)]
  0x0000022442224800 JavaThread "Unconstrained build operations Thread 118" [_thread_blocked, id=25044, stack(0x000000c2abb00000,0x000000c2abc00000)]
  0x0000022442227000 JavaThread "Unconstrained build operations Thread 119" [_thread_blocked, id=12016, stack(0x000000c2abc00000,0x000000c2abd00000)]
  0x0000022442223000 JavaThread "Unconstrained build operations Thread 120" [_thread_blocked, id=21508, stack(0x000000c2abd00000,0x000000c2abe00000)]
  0x0000022442228000 JavaThread "Unconstrained build operations Thread 121" [_thread_blocked, id=28032, stack(0x000000c2abe00000,0x000000c2abf00000)]
  0x0000022445904000 JavaThread "Unconstrained build operations Thread 122" [_thread_blocked, id=18264, stack(0x000000c2abf00000,0x000000c2ac000000)]
  0x00000224458fe000 JavaThread "Unconstrained build operations Thread 123" [_thread_blocked, id=27644, stack(0x000000c2ac000000,0x000000c2ac100000)]
  0x0000022445904800 JavaThread "Unconstrained build operations Thread 124" [_thread_blocked, id=1488, stack(0x000000c2ac100000,0x000000c2ac200000)]
  0x00000224458ff000 JavaThread "Unconstrained build operations Thread 125" [_thread_blocked, id=1972, stack(0x000000c2ac200000,0x000000c2ac300000)]
  0x0000022445900800 JavaThread "Unconstrained build operations Thread 126" [_thread_blocked, id=27708, stack(0x000000c2ac300000,0x000000c2ac400000)]
  0x0000022445905800 JavaThread "Unconstrained build operations Thread 127" [_thread_blocked, id=12904, stack(0x000000c2ac400000,0x000000c2ac500000)]
  0x0000022445900000 JavaThread "Unconstrained build operations Thread 128" [_thread_blocked, id=22648, stack(0x000000c2ac500000,0x000000c2ac600000)]
  0x0000022445906800 JavaThread "Unconstrained build operations Thread 129" [_thread_blocked, id=552, stack(0x000000c2ac600000,0x000000c2ac700000)]
  0x0000022445907000 JavaThread "Unconstrained build operations Thread 130" [_thread_blocked, id=8660, stack(0x000000c2ac700000,0x000000c2ac800000)]
  0x0000022445901800 JavaThread "Unconstrained build operations Thread 131" [_thread_blocked, id=26812, stack(0x000000c2ac800000,0x000000c2ac900000)]
  0x0000022445908000 JavaThread "Unconstrained build operations Thread 132" [_thread_blocked, id=24280, stack(0x000000c2ac900000,0x000000c2aca00000)]
  0x0000022445902800 JavaThread "Unconstrained build operations Thread 133" [_thread_blocked, id=30192, stack(0x000000c2aca00000,0x000000c2acb00000)]
  0x0000022445909000 JavaThread "Unconstrained build operations Thread 134" [_thread_blocked, id=20800, stack(0x000000c2acb00000,0x000000c2acc00000)]
  0x0000022445903000 JavaThread "Unconstrained build operations Thread 135" [_thread_blocked, id=3104, stack(0x000000c2acc00000,0x000000c2acd00000)]
  0x000002244590d000 JavaThread "jar transforms Thread 4" [_thread_blocked, id=29672, stack(0x000000c2acd00000,0x000000c2ace00000)]
  0x000002244590c000 JavaThread "jar transforms Thread 5" [_thread_blocked, id=15548, stack(0x000000c2ace00000,0x000000c2acf00000)]
  0x000002244590a800 JavaThread "jar transforms Thread 6" [_thread_blocked, id=30988, stack(0x000000c2acf00000,0x000000c2ad000000)]
  0x000002244590b800 JavaThread "jar transforms Thread 7" [_thread_blocked, id=2444, stack(0x000000c2ad000000,0x000000c2ad100000)]
  0x0000022445909800 JavaThread "jar transforms Thread 8" [_thread_blocked, id=19008, stack(0x000000c2ad100000,0x000000c2ad200000)]
  0x000002244226e000 JavaThread "jar transforms Thread 9" [_thread_blocked, id=14120, stack(0x000000c2ad200000,0x000000c2ad300000)]
  0x000002244226e800 JavaThread "jar transforms Thread 10" [_thread_blocked, id=14132, stack(0x000000c2ad300000,0x000000c2ad400000)]
  0x000002244226a800 JavaThread "jar transforms Thread 11" [_thread_blocked, id=25908, stack(0x000000c2ad400000,0x000000c2ad500000)]
  0x000002244226b800 JavaThread "jar transforms Thread 12" [_thread_blocked, id=5516, stack(0x000000c2ad500000,0x000000c2ad600000)]
  0x0000022442269000 JavaThread "jar transforms Thread 13" [_thread_blocked, id=30136, stack(0x000000c2ad600000,0x000000c2ad700000)]
  0x000002244226d000 JavaThread "jar transforms Thread 14" [_thread_blocked, id=29936, stack(0x000000c2ad700000,0x000000c2ad800000)]
  0x000002244226f800 JavaThread "jar transforms Thread 15" [_thread_blocked, id=30112, stack(0x000000c2ad800000,0x000000c2ad900000)]
  0x0000022442269800 JavaThread "jar transforms Thread 16" [_thread_blocked, id=20676, stack(0x000000c2ad900000,0x000000c2ada00000)]

Other Threads:
  0x000002243d1d4000 VMThread "VM Thread" [stack: 0x000000c2a1000000,0x000000c2a1100000] [id=12208]
  0x000002243dcde800 WatcherThread [stack: 0x000000c2a1b00000,0x000000c2a1c00000] [id=12960]
  0x00000224221eb000 GCTaskThread "GC Thread#0" [stack: 0x000000c2a0b00000,0x000000c2a0c00000] [id=28220]
  0x000002243ec9c800 GCTaskThread "GC Thread#1" [stack: 0x000000c2a1e00000,0x000000c2a1f00000] [id=2460]
  0x000002243e9fd000 GCTaskThread "GC Thread#2" [stack: 0x000000c2a2000000,0x000000c2a2100000] [id=10936]
  0x000002243f45d000 GCTaskThread "GC Thread#3" [stack: 0x000000c2a2100000,0x000000c2a2200000] [id=29884]
  0x000002243eb8d800 GCTaskThread "GC Thread#4" [stack: 0x000000c2a2200000,0x000000c2a2300000] [id=21184]
  0x000002243df08800 GCTaskThread "GC Thread#5" [stack: 0x000000c2a2300000,0x000000c2a2400000] [id=32368]
  0x000002243f9e0000 GCTaskThread "GC Thread#6" [stack: 0x000000c2a2f00000,0x000000c2a3000000] [id=13280]
  0x000002243f1e8000 GCTaskThread "GC Thread#7" [stack: 0x000000c2a3000000,0x000000c2a3100000] [id=10448]
  0x000002243ee50000 GCTaskThread "GC Thread#8" [stack: 0x000000c2a3100000,0x000000c2a3200000] [id=31280]
  0x000002243f96e000 GCTaskThread "GC Thread#9" [stack: 0x000000c2a3200000,0x000000c2a3300000] [id=19324]
  0x000002243e80f800 GCTaskThread "GC Thread#10" [stack: 0x000000c2a3300000,0x000000c2a3400000] [id=15408]
  0x000002243fb3c800 GCTaskThread "GC Thread#11" [stack: 0x000000c2a3400000,0x000000c2a3500000] [id=22816]
  0x000002243f9f1000 GCTaskThread "GC Thread#12" [stack: 0x000000c2a3500000,0x000000c2a3600000] [id=13540]
  0x000002242221d800 ConcurrentGCThread "G1 Main Marker" [stack: 0x000000c2a0c00000,0x000000c2a0d00000] [id=30788]
  0x000002242221f000 ConcurrentGCThread "G1 Conc#0" [stack: 0x000000c2a0d00000,0x000000c2a0e00000] [id=27984]
  0x000002243fe3d800 ConcurrentGCThread "G1 Conc#1" [stack: 0x000000c2a3600000,0x000000c2a3700000] [id=29816]
  0x000002243fa9d800 ConcurrentGCThread "G1 Conc#2" [stack: 0x000000c2a3700000,0x000000c2a3800000] [id=19820]
  0x000002243d023800 ConcurrentGCThread "G1 Refine#0" [stack: 0x000000c2a0e00000,0x000000c2a0f00000] [id=24784]
  0x000002243d025000 ConcurrentGCThread "G1 Young RemSet Sampling" [stack: 0x000000c2a0f00000,0x000000c2a1000000] [id=22208]

Threads with active compile tasks:
C2 CompilerThread0  10093 5992       4       java.net.URLStreamHandler::toExternalForm (156 bytes)
C2 CompilerThread1  10093 5949       4       java.security.SecureClassLoader::defineClass (16 bytes)

VM state:not at safepoint (normal execution)

VM Mutex/Monitor currently owned by a thread: None

Heap address: 0x0000000080000000, size: 2048 MB, Compressed Oops mode: 32-bit
Narrow klass base: 0x0000000000000000, Narrow klass shift: 3
Compressed class space size: 1073741824 Address: 0x0000000100000000

Heap:
 garbage-first heap   total 112640K, used 70720K [0x0000000080000000, 0x0000000100000000)
  region size 1024K, 40 young (40960K), 4 survivors (4096K)
 Metaspace       used 51077K, capacity 52408K, committed 52684K, reserved 1095680K
  class space    used 6546K, capacity 7064K, committed 7168K, reserved 1048576K
Heap Regions: E=young(eden), S=young(survivor), O=old, HS=humongous(starts), HC=humongous(continues), CS=collection set, F=free, A=archive, TAMS=top-at-mark-start (previous, next)
|   0|0x0000000080000000, 0x0000000080100000, 0x0000000080100000|100%| O|  |TAMS 0x0000000080100000, 0x0000000080000000| Untracked 
|   1|0x0000000080100000, 0x0000000080200000, 0x0000000080200000|100%| O|  |TAMS 0x0000000080200000, 0x0000000080100000| Untracked 
|   2|0x0000000080200000, 0x0000000080300000, 0x0000000080300000|100%| O|  |TAMS 0x0000000080300000, 0x0000000080200000| Untracked 
|   3|0x0000000080300000, 0x0000000080400000, 0x0000000080400000|100%|HS|  |TAMS 0x0000000080400000, 0x0000000080300000| Complete 
|   4|0x0000000080400000, 0x0000000080500000, 0x0000000080500000|100%|HC|  |TAMS 0x0000000080500000, 0x0000000080400000| Complete 
|   5|0x0000000080500000, 0x0000000080600000, 0x0000000080600000|100%|HC|  |TAMS 0x0000000080600000, 0x0000000080500000| Complete 
|   6|0x0000000080600000, 0x0000000080700000, 0x0000000080700000|100%| O|  |TAMS 0x0000000080700000, 0x0000000080600000| Untracked 
|   7|0x0000000080700000, 0x0000000080800000, 0x0000000080800000|100%| O|  |TAMS 0x0000000080800000, 0x0000000080700000| Untracked 
|   8|0x0000000080800000, 0x0000000080900000, 0x0000000080900000|100%| O|  |TAMS 0x0000000080900000, 0x0000000080800000| Untracked 
|   9|0x0000000080900000, 0x0000000080a00000, 0x0000000080a00000|100%| O|  |TAMS 0x0000000080a00000, 0x0000000080900000| Untracked 
|  10|0x0000000080a00000, 0x0000000080b00000, 0x0000000080b00000|100%| O|  |TAMS 0x0000000080b00000, 0x0000000080a00000| Untracked 
|  11|0x0000000080b00000, 0x0000000080c00000, 0x0000000080c00000|100%| O|  |TAMS 0x0000000080c00000, 0x0000000080b00000| Untracked 
|  12|0x0000000080c00000, 0x0000000080d00000, 0x0000000080d00000|100%| O|  |TAMS 0x0000000080d00000, 0x0000000080c00000| Untracked 
|  13|0x0000000080d00000, 0x0000000080e00000, 0x0000000080e00000|100%| O|  |TAMS 0x0000000080e00000, 0x0000000080d00000| Untracked 
|  14|0x0000000080e00000, 0x0000000080f00000, 0x0000000080f00000|100%| O|  |TAMS 0x0000000080f00000, 0x0000000080e00000| Untracked 
|  15|0x0000000080f00000, 0x0000000081000000, 0x0000000081000000|100%| O|  |TAMS 0x0000000081000000, 0x0000000080f00000| Untracked 
|  16|0x0000000081000000, 0x0000000081100000, 0x0000000081100000|100%| O|  |TAMS 0x00000000810aae00, 0x0000000081000000| Untracked 
|  17|0x0000000081100000, 0x0000000081200000, 0x0000000081200000|100%| O|  |TAMS 0x0000000081100000, 0x0000000081100000| Untracked 
|  18|0x0000000081200000, 0x0000000081300000, 0x0000000081300000|100%| O|  |TAMS 0x0000000081200000, 0x0000000081200000| Untracked 
|  19|0x0000000081300000, 0x0000000081400000, 0x0000000081400000|100%| O|  |TAMS 0x0000000081300000, 0x0000000081300000| Untracked 
|  20|0x0000000081400000, 0x0000000081500000, 0x0000000081500000|100%| O|  |TAMS 0x0000000081400000, 0x0000000081400000| Untracked 
|  21|0x0000000081500000, 0x0000000081600000, 0x0000000081600000|100%| O|  |TAMS 0x0000000081500000, 0x0000000081500000| Untracked 
|  22|0x0000000081600000, 0x0000000081700000, 0x0000000081700000|100%| O|  |TAMS 0x0000000081600000, 0x0000000081600000| Untracked 
|  23|0x0000000081700000, 0x0000000081800000, 0x0000000081800000|100%| O|  |TAMS 0x0000000081700000, 0x0000000081700000| Untracked 
|  24|0x0000000081800000, 0x0000000081900000, 0x0000000081900000|100%| O|  |TAMS 0x0000000081800000, 0x0000000081800000| Untracked 
|  25|0x0000000081900000, 0x0000000081a00000, 0x0000000081a00000|100%| O|  |TAMS 0x0000000081900000, 0x0000000081900000| Untracked 
|  26|0x0000000081a00000, 0x0000000081b00000, 0x0000000081b00000|100%| O|  |TAMS 0x0000000081a00000, 0x0000000081a00000| Untracked 
|  27|0x0000000081b00000, 0x0000000081b7f400, 0x0000000081c00000| 49%| O|  |TAMS 0x0000000081b00000, 0x0000000081b00000| Untracked 
|  28|0x0000000081c00000, 0x0000000081d00000, 0x0000000081d00000|100%|HS|  |TAMS 0x0000000081c00000, 0x0000000081c00000| Complete 
|  29|0x0000000081d00000, 0x0000000081e00000, 0x0000000081e00000|100%|HS|  |TAMS 0x0000000081d00000, 0x0000000081d00000| Complete 
|  30|0x0000000081e00000, 0x0000000081f00000, 0x0000000081f00000|100%|HS|  |TAMS 0x0000000081e00000, 0x0000000081e00000| Complete 
|  31|0x0000000081f00000, 0x0000000082000000, 0x0000000082000000|100%|HC|  |TAMS 0x0000000081f00000, 0x0000000081f00000| Complete 
|  32|0x0000000082000000, 0x0000000082000000, 0x0000000082100000|  0%| F|  |TAMS 0x0000000082000000, 0x0000000082000000| Untracked 
|  33|0x0000000082100000, 0x0000000082100000, 0x0000000082200000|  0%| F|  |TAMS 0x0000000082100000, 0x0000000082100000| Untracked 
|  34|0x0000000082200000, 0x0000000082200000, 0x0000000082300000|  0%| F|  |TAMS 0x0000000082200000, 0x0000000082200000| Untracked 
|  35|0x0000000082300000, 0x0000000082300000, 0x0000000082400000|  0%| F|  |TAMS 0x0000000082300000, 0x0000000082300000| Untracked 
|  36|0x0000000082400000, 0x0000000082400000, 0x0000000082500000|  0%| F|  |TAMS 0x0000000082400000, 0x0000000082400000| Untracked 
|  37|0x0000000082500000, 0x0000000082500000, 0x0000000082600000|  0%| F|  |TAMS 0x0000000082500000, 0x0000000082500000| Untracked 
|  38|0x0000000082600000, 0x0000000082600000, 0x0000000082700000|  0%| F|  |TAMS 0x0000000082600000, 0x0000000082600000| Untracked 
|  39|0x0000000082700000, 0x0000000082700000, 0x0000000082800000|  0%| F|  |TAMS 0x0000000082700000, 0x0000000082700000| Untracked 
|  40|0x0000000082800000, 0x0000000082800000, 0x0000000082900000|  0%| F|  |TAMS 0x0000000082800000, 0x0000000082800000| Untracked 
|  41|0x0000000082900000, 0x0000000082900000, 0x0000000082a00000|  0%| F|  |TAMS 0x0000000082900000, 0x0000000082900000| Untracked 
|  42|0x0000000082a00000, 0x0000000082a00000, 0x0000000082b00000|  0%| F|  |TAMS 0x0000000082a00000, 0x0000000082a00000| Untracked 
|  43|0x0000000082b00000, 0x0000000082b00000, 0x0000000082c00000|  0%| F|  |TAMS 0x0000000082b00000, 0x0000000082b00000| Untracked 
|  44|0x0000000082c00000, 0x0000000082c00000, 0x0000000082d00000|  0%| F|  |TAMS 0x0000000082c00000, 0x0000000082c00000| Untracked 
|  45|0x0000000082d00000, 0x0000000082d00000, 0x0000000082e00000|  0%| F|  |TAMS 0x0000000082d00000, 0x0000000082d00000| Untracked 
|  46|0x0000000082e00000, 0x0000000082e00000, 0x0000000082f00000|  0%| F|  |TAMS 0x0000000082e00000, 0x0000000082e00000| Untracked 
|  47|0x0000000082f00000, 0x0000000082f00000, 0x0000000083000000|  0%| F|  |TAMS 0x0000000082f00000, 0x0000000082f00000| Untracked 
|  48|0x0000000083000000, 0x0000000083000000, 0x0000000083100000|  0%| F|  |TAMS 0x0000000083000000, 0x0000000083000000| Untracked 
|  49|0x0000000083100000, 0x0000000083100000, 0x0000000083200000|  0%| F|  |TAMS 0x0000000083100000, 0x0000000083100000| Untracked 
|  50|0x0000000083200000, 0x0000000083200000, 0x0000000083300000|  0%| F|  |TAMS 0x0000000083200000, 0x0000000083200000| Untracked 
|  51|0x0000000083300000, 0x0000000083300000, 0x0000000083400000|  0%| F|  |TAMS 0x0000000083300000, 0x0000000083300000| Untracked 
|  52|0x0000000083400000, 0x0000000083400000, 0x0000000083500000|  0%| F|  |TAMS 0x0000000083400000, 0x0000000083400000| Untracked 
|  53|0x0000000083500000, 0x0000000083500000, 0x0000000083600000|  0%| F|  |TAMS 0x0000000083500000, 0x0000000083500000| Untracked 
|  54|0x0000000083600000, 0x0000000083600000, 0x0000000083700000|  0%| F|  |TAMS 0x0000000083600000, 0x0000000083600000| Untracked 
|  55|0x0000000083700000, 0x0000000083790ce0, 0x0000000083800000| 56%| S|CS|TAMS 0x0000000083700000, 0x0000000083700000| Complete 
|  56|0x0000000083800000, 0x0000000083900000, 0x0000000083900000|100%| S|CS|TAMS 0x0000000083800000, 0x0000000083800000| Complete 
|  57|0x0000000083900000, 0x0000000083a00000, 0x0000000083a00000|100%| S|CS|TAMS 0x0000000083900000, 0x0000000083900000| Complete 
|  58|0x0000000083a00000, 0x0000000083a00000, 0x0000000083b00000|  0%| F|  |TAMS 0x0000000083a00000, 0x0000000083a00000| Untracked 
|  59|0x0000000083b00000, 0x0000000083b00000, 0x0000000083c00000|  0%| F|  |TAMS 0x0000000083b00000, 0x0000000083b00000| Untracked 
|  60|0x0000000083c00000, 0x0000000083c00000, 0x0000000083d00000|  0%| F|  |TAMS 0x0000000083c00000, 0x0000000083c00000| Untracked 
|  61|0x0000000083d00000, 0x0000000083d00000, 0x0000000083e00000|  0%| F|  |TAMS 0x0000000083d00000, 0x0000000083d00000| Untracked 
|  62|0x0000000083e00000, 0x0000000083f00000, 0x0000000083f00000|100%| S|CS|TAMS 0x0000000083e00000, 0x0000000083e00000| Complete 
|  63|0x0000000083f00000, 0x0000000083f00000, 0x0000000084000000|  0%| F|  |TAMS 0x0000000083f00000, 0x0000000083f00000| Untracked 
|  64|0x0000000084000000, 0x0000000084000000, 0x0000000084100000|  0%| F|  |TAMS 0x0000000084000000, 0x0000000084000000| Untracked 
|  65|0x0000000084100000, 0x0000000084100000, 0x0000000084200000|  0%| F|  |TAMS 0x0000000084100000, 0x0000000084100000| Untracked 
|  66|0x0000000084200000, 0x0000000084200000, 0x0000000084300000|  0%| F|  |TAMS 0x0000000084200000, 0x0000000084200000| Untracked 
|  67|0x0000000084300000, 0x0000000084300000, 0x0000000084400000|  0%| F|  |TAMS 0x0000000084300000, 0x0000000084300000| Untracked 
|  68|0x0000000084400000, 0x0000000084400000, 0x0000000084500000|  0%| F|  |TAMS 0x0000000084400000, 0x0000000084400000| Untracked 
|  69|0x0000000084500000, 0x0000000084500000, 0x0000000084600000|  0%| F|  |TAMS 0x0000000084500000, 0x0000000084500000| Untracked 
|  70|0x0000000084600000, 0x0000000084600000, 0x0000000084700000|  0%| F|  |TAMS 0x0000000084600000, 0x0000000084600000| Untracked 
|  71|0x0000000084700000, 0x0000000084700000, 0x0000000084800000|  0%| F|  |TAMS 0x0000000084700000, 0x0000000084700000| Untracked 
|  72|0x0000000084800000, 0x0000000084800000, 0x0000000084900000|  0%| F|  |TAMS 0x0000000084800000, 0x0000000084800000| Untracked 
|  73|0x0000000084900000, 0x0000000084900000, 0x0000000084a00000|  0%| F|  |TAMS 0x0000000084900000, 0x0000000084900000| Untracked 
|  74|0x0000000084a00000, 0x0000000084b00000, 0x0000000084b00000|100%| E|  |TAMS 0x0000000084a00000, 0x0000000084a00000| Complete 
|  75|0x0000000084b00000, 0x0000000084c00000, 0x0000000084c00000|100%| E|CS|TAMS 0x0000000084b00000, 0x0000000084b00000| Complete 
|  76|0x0000000084c00000, 0x0000000084d00000, 0x0000000084d00000|100%| E|CS|TAMS 0x0000000084c00000, 0x0000000084c00000| Complete 
|  77|0x0000000084d00000, 0x0000000084e00000, 0x0000000084e00000|100%| E|CS|TAMS 0x0000000084d00000, 0x0000000084d00000| Complete 
|  78|0x0000000084e00000, 0x0000000084f00000, 0x0000000084f00000|100%| E|CS|TAMS 0x0000000084e00000, 0x0000000084e00000| Complete 
|  79|0x0000000084f00000, 0x0000000085000000, 0x0000000085000000|100%| E|CS|TAMS 0x0000000084f00000, 0x0000000084f00000| Complete 
|  80|0x0000000085000000, 0x0000000085100000, 0x0000000085100000|100%| E|CS|TAMS 0x0000000085000000, 0x0000000085000000| Complete 
|  81|0x0000000085100000, 0x0000000085200000, 0x0000000085200000|100%| E|CS|TAMS 0x0000000085100000, 0x0000000085100000| Complete 
|  82|0x0000000085200000, 0x0000000085300000, 0x0000000085300000|100%| E|CS|TAMS 0x0000000085200000, 0x0000000085200000| Complete 
|  83|0x0000000085300000, 0x0000000085400000, 0x0000000085400000|100%| E|CS|TAMS 0x0000000085300000, 0x0000000085300000| Complete 
|  84|0x0000000085400000, 0x0000000085500000, 0x0000000085500000|100%| E|CS|TAMS 0x0000000085400000, 0x0000000085400000| Complete 
|  85|0x0000000085500000, 0x0000000085600000, 0x0000000085600000|100%| E|CS|TAMS 0x0000000085500000, 0x0000000085500000| Complete 
|  86|0x0000000085600000, 0x0000000085700000, 0x0000000085700000|100%| E|CS|TAMS 0x0000000085600000, 0x0000000085600000| Complete 
|  87|0x0000000085700000, 0x0000000085800000, 0x0000000085800000|100%| E|CS|TAMS 0x0000000085700000, 0x0000000085700000| Complete 
|  88|0x0000000085800000, 0x0000000085900000, 0x0000000085900000|100%| E|CS|TAMS 0x0000000085800000, 0x0000000085800000| Complete 
|  89|0x0000000085900000, 0x0000000085a00000, 0x0000000085a00000|100%| E|CS|TAMS 0x0000000085900000, 0x0000000085900000| Complete 
|  90|0x0000000085a00000, 0x0000000085b00000, 0x0000000085b00000|100%| E|CS|TAMS 0x0000000085a00000, 0x0000000085a00000| Complete 
|  91|0x0000000085b00000, 0x0000000085c00000, 0x0000000085c00000|100%| E|CS|TAMS 0x0000000085b00000, 0x0000000085b00000| Complete 
|  92|0x0000000085c00000, 0x0000000085d00000, 0x0000000085d00000|100%| E|CS|TAMS 0x0000000085c00000, 0x0000000085c00000| Complete 
|  93|0x0000000085d00000, 0x0000000085e00000, 0x0000000085e00000|100%| E|CS|TAMS 0x0000000085d00000, 0x0000000085d00000| Complete 
|  94|0x0000000085e00000, 0x0000000085f00000, 0x0000000085f00000|100%| E|CS|TAMS 0x0000000085e00000, 0x0000000085e00000| Complete 
|  95|0x0000000085f00000, 0x0000000086000000, 0x0000000086000000|100%| E|CS|TAMS 0x0000000085f00000, 0x0000000085f00000| Complete 
|  96|0x0000000086000000, 0x0000000086100000, 0x0000000086100000|100%| E|CS|TAMS 0x0000000086000000, 0x0000000086000000| Complete 
|  97|0x0000000086100000, 0x0000000086200000, 0x0000000086200000|100%| E|CS|TAMS 0x0000000086100000, 0x0000000086100000| Complete 
|  98|0x0000000086200000, 0x0000000086300000, 0x0000000086300000|100%| E|CS|TAMS 0x0000000086200000, 0x0000000086200000| Complete 
|  99|0x0000000086300000, 0x0000000086400000, 0x0000000086400000|100%| E|CS|TAMS 0x0000000086300000, 0x0000000086300000| Complete 
| 100|0x0000000086400000, 0x0000000086500000, 0x0000000086500000|100%| E|  |TAMS 0x0000000086400000, 0x0000000086400000| Complete 
| 101|0x0000000086500000, 0x0000000086600000, 0x0000000086600000|100%| E|CS|TAMS 0x0000000086500000, 0x0000000086500000| Complete 
| 102|0x0000000086600000, 0x0000000086700000, 0x0000000086700000|100%| E|CS|TAMS 0x0000000086600000, 0x0000000086600000| Complete 
| 103|0x0000000086700000, 0x0000000086800000, 0x0000000086800000|100%| E|CS|TAMS 0x0000000086700000, 0x0000000086700000| Complete 
| 104|0x0000000086800000, 0x0000000086900000, 0x0000000086900000|100%| E|CS|TAMS 0x0000000086800000, 0x0000000086800000| Complete 
| 105|0x0000000086900000, 0x0000000086a00000, 0x0000000086a00000|100%| E|CS|TAMS 0x0000000086900000, 0x0000000086900000| Complete 
| 106|0x0000000086a00000, 0x0000000086b00000, 0x0000000086b00000|100%| E|CS|TAMS 0x0000000086a00000, 0x0000000086a00000| Complete 
| 107|0x0000000086b00000, 0x0000000086c00000, 0x0000000086c00000|100%| E|CS|TAMS 0x0000000086b00000, 0x0000000086b00000| Complete 
| 108|0x0000000086c00000, 0x0000000086d00000, 0x0000000086d00000|100%| E|CS|TAMS 0x0000000086c00000, 0x0000000086c00000| Complete 
| 109|0x0000000086d00000, 0x0000000086e00000, 0x0000000086e00000|100%| E|CS|TAMS 0x0000000086d00000, 0x0000000086d00000| Complete 

Card table byte_map: [0x0000022435970000,0x0000022435d70000] _byte_map_base: 0x0000022435570000

Marking Bits (Prev, Next): (CMBitMap*) 0x0000022422214cd8, (CMBitMap*) 0x0000022422214d10
 Prev Bits: [0x0000022436170000, 0x0000022438170000)
 Next Bits: [0x0000022438170000, 0x000002243a170000)

Polling page: 0x000002241ff10000

Metaspace:

Usage:
  Non-class:     44.34 MB capacity,    43.56 MB ( 98%) used,   658.50 KB (  1%) free+waste,   142.88 KB ( <1%) overhead. 
      Class:      6.90 MB capacity,     6.39 MB ( 93%) used,   449.71 KB (  6%) free+waste,    68.00 KB ( <1%) overhead. 
       Both:     51.24 MB capacity,    49.95 MB ( 97%) used,     1.08 MB (  2%) free+waste,   210.88 KB ( <1%) overhead. 

Virtual space:
  Non-class space:       46.00 MB reserved,      44.45 MB ( 97%) committed 
      Class space:        1.00 GB reserved,       7.00 MB ( <1%) committed 
             Both:        1.04 GB reserved,      51.45 MB (  5%) committed 

Chunk freelists:
   Non-Class:  44.00 KB
       Class:  8.00 KB
        Both:  52.00 KB

MaxMetaspaceSize: 17179869184.00 GB
CompressedClassSpaceSize: 1.00 GB
Initial GC threshold: 20.80 MB
Current GC threshold: 58.88 MB
CDS: off

CodeHeap 'non-profiled nmethods': size=119168Kb used=2743Kb max_used=2743Kb free=116424Kb
 bounds [0x000002242d880000, 0x000002242db30000, 0x0000022434ce0000]
CodeHeap 'profiled nmethods': size=119168Kb used=12512Kb max_used=12512Kb free=106655Kb
 bounds [0x0000022426420000, 0x0000022427060000, 0x000002242d880000]
CodeHeap 'non-nmethods': size=7424Kb used=3424Kb max_used=3494Kb free=3999Kb
 bounds [0x0000022425ce0000, 0x0000022426050000, 0x0000022426420000]
 total_blobs=6692 nmethods=5898 adapters=704
 compilation: enabled
              stopped_count=0, restarted_count=0
 full_count=0

Compilation events (20 events):
Event: 9.999 Thread 0x000002243d1fa000 5984       3       com.google.common.collect.MapMakerInternalMap$StrongKeyWeakValueEntry$Helper::setValue (10 bytes)
Event: 9.999 Thread 0x000002243ebcf000 nmethod 5983 0x000002242704be10 code [0x000002242704c020, 0x000002242704c6d8]
Event: 9.999 Thread 0x000002243ebcf000 5985       3       com.google.common.collect.MapMakerInternalMap$StrongKeyWeakValueEntry::setValue (26 bytes)
Event: 9.999 Thread 0x000002243dcd4800 nmethod 5980 0x000002242704c990 code [0x000002242704cbe0, 0x000002242704d668]
Event: 9.999 Thread 0x000002243d1fa000 nmethod 5984 0x000002242704da10 code [0x000002242704dc00, 0x000002242704e098]
Event: 9.999 Thread 0x000002243dcd4800 5986       3       com.google.common.collect.MapMakerInternalMap$1::clear (1 bytes)
Event: 9.999 Thread 0x000002243dcd4800 nmethod 5986 0x000002242704e310 code [0x000002242704e4c0, 0x000002242704e5b8]
Event: 9.999 Thread 0x000002243ebcf000 nmethod 5985 0x000002242704e690 code [0x000002242704e880, 0x000002242704ede8]
Event: 10.001 Thread 0x000002243d1fa000 5987       3       java.lang.ClassLoader::findClass (9 bytes)
Event: 10.001 Thread 0x000002243d1fa000 nmethod 5987 0x000002242704ef90 code [0x000002242704f140, 0x000002242704f2c8]
Event: 10.002 Thread 0x000002243dcd4800 5988   !   3       org.gradle.internal.classloader.FilteringClassLoader::loadClass (62 bytes)
Event: 10.003 Thread 0x000002243dcd4800 nmethod 5988 0x000002242704f390 code [0x000002242704f660, 0x0000022427050468]
Event: 10.028 Thread 0x000002243db60800 nmethod 5950 0x000002242db25990 code [0x000002242db25c40, 0x000002242db282d0]
Event: 10.028 Thread 0x000002243db60800 5976       4       jdk.internal.loader.URLClassPath$JarLoader$2::getCodeSigners (8 bytes)
Event: 10.038 Thread 0x000002243ebcf000 5990   !   3       com.google.common.collect.MapMakerInternalMap$Segment::runLockedCleanup (34 bytes)
Event: 10.039 Thread 0x000002243ebcf000 nmethod 5990 0x0000022427050990 code [0x0000022427050ba0, 0x0000022427051178]
Event: 10.040 Thread 0x000002243db60800 nmethod 5976 0x000002242db29890 code [0x000002242db29a80, 0x000002242db2a008]
Event: 10.040 Thread 0x000002243db60800 5989       4       java.util.jar.JarFile$1::apply (9 bytes)
Event: 10.043 Thread 0x000002243db60800 nmethod 5989 0x000002242db2a510 code [0x000002242db2a6c0, 0x000002242db2a998]
Event: 10.043 Thread 0x000002243db60800 5977   !   4       java.util.jar.JarFile$JarFileEntry::getCodeSigners (81 bytes)

GC Heap History (20 events):
Event: 1.189 GC heap before
{Heap before GC invocations=0 (full 0):
 garbage-first heap   total 112640K, used 29696K [0x0000000080000000, 0x0000000100000000)
  region size 1024K, 24 young (24576K), 0 survivors (0K)
 Metaspace       used 9814K, capacity 10024K, committed 10112K, reserved 1058816K
  class space    used 1009K, capacity 1069K, committed 1152K, reserved 1048576K
}
Event: 1.199 GC heap after
{Heap after GC invocations=1 (full 0):
 garbage-first heap   total 112640K, used 8959K [0x0000000080000000, 0x0000000100000000)
  region size 1024K, 3 young (3072K), 3 survivors (3072K)
 Metaspace       used 9814K, capacity 10024K, committed 10112K, reserved 1058816K
  class space    used 1009K, capacity 1069K, committed 1152K, reserved 1048576K
}
Event: 3.614 GC heap before
{Heap before GC invocations=1 (full 0):
 garbage-first heap   total 112640K, used 73471K [0x0000000080000000, 0x0000000100000000)
  region size 1024K, 66 young (67584K), 3 survivors (3072K)
 Metaspace       used 15866K, capacity 16189K, committed 16384K, reserved 1062912K
  class space    used 1800K, capacity 1931K, committed 2048K, reserved 1048576K
}
Event: 3.625 GC heap after
{Heap after GC invocations=2 (full 0):
 garbage-first heap   total 112640K, used 16364K [0x0000000080000000, 0x0000000100000000)
  region size 1024K, 9 young (9216K), 9 survivors (9216K)
 Metaspace       used 15866K, capacity 16189K, committed 16384K, reserved 1062912K
  class space    used 1800K, capacity 1931K, committed 2048K, reserved 1048576K
}
Event: 4.310 GC heap before
{Heap before GC invocations=2 (full 0):
 garbage-first heap   total 112640K, used 56300K [0x0000000080000000, 0x0000000100000000)
  region size 1024K, 49 young (50176K), 9 survivors (9216K)
 Metaspace       used 20742K, capacity 21139K, committed 21248K, reserved 1067008K
  class space    used 2538K, capacity 2710K, committed 2816K, reserved 1048576K
}
Event: 4.319 GC heap after
{Heap after GC invocations=3 (full 0):
 garbage-first heap   total 112640K, used 17366K [0x0000000080000000, 0x0000000100000000)
  region size 1024K, 2 young (2048K), 2 survivors (2048K)
 Metaspace       used 20742K, capacity 21139K, committed 21248K, reserved 1067008K
  class space    used 2538K, capacity 2710K, committed 2816K, reserved 1048576K
}
Event: 5.194 GC heap before
{Heap before GC invocations=4 (full 0):
 garbage-first heap   total 112640K, used 67542K [0x0000000080000000, 0x0000000100000000)
  region size 1024K, 51 young (52224K), 2 survivors (2048K)
 Metaspace       used 25959K, capacity 26455K, committed 26624K, reserved 1073152K
  class space    used 3349K, capacity 3551K, committed 3584K, reserved 1048576K
}
Event: 5.198 GC heap after
{Heap after GC invocations=5 (full 0):
 garbage-first heap   total 112640K, used 19102K [0x0000000080000000, 0x0000000100000000)
  region size 1024K, 4 young (4096K), 4 survivors (4096K)
 Metaspace       used 25959K, capacity 26455K, committed 26624K, reserved 1073152K
  class space    used 3349K, capacity 3551K, committed 3584K, reserved 1048576K
}
Event: 5.982 GC heap before
{Heap before GC invocations=5 (full 0):
 garbage-first heap   total 112640K, used 72350K [0x0000000080000000, 0x0000000100000000)
  region size 1024K, 56 young (57344K), 4 survivors (4096K)
 Metaspace       used 31534K, capacity 32266K, committed 32384K, reserved 1077248K
  class space    used 4204K, capacity 4473K, committed 4480K, reserved 1048576K
}
Event: 5.988 GC heap after
{Heap after GC invocations=6 (full 0):
 garbage-first heap   total 112640K, used 20815K [0x0000000080000000, 0x0000000100000000)
  region size 1024K, 5 young (5120K), 5 survivors (5120K)
 Metaspace       used 31534K, capacity 32266K, committed 32384K, reserved 1077248K
  class space    used 4204K, capacity 4473K, committed 4480K, reserved 1048576K
}
Event: 6.233 GC heap before
{Heap before GC invocations=6 (full 0):
 garbage-first heap   total 112640K, used 29007K [0x0000000080000000, 0x0000000100000000)
  region size 1024K, 14 young (14336K), 5 survivors (5120K)
 Metaspace       used 34997K, capacity 35790K, committed 35840K, reserved 1081344K
  class space    used 4531K, capacity 4839K, committed 4864K, reserved 1048576K
}
Event: 6.244 GC heap after
{Heap after GC invocations=7 (full 0):
 garbage-first heap   total 112640K, used 22509K [0x0000000080000000, 0x0000000100000000)
  region size 1024K, 6 young (6144K), 6 survivors (6144K)
 Metaspace       used 34997K, capacity 35790K, committed 35840K, reserved 1081344K
  class space    used 4531K, capacity 4839K, committed 4864K, reserved 1048576K
}
Event: 6.769 GC heap before
{Heap before GC invocations=8 (full 0):
 garbage-first heap   total 112640K, used 67565K [0x0000000080000000, 0x0000000100000000)
  region size 1024K, 48 young (49152K), 6 survivors (6144K)
 Metaspace       used 39176K, capacity 40174K, committed 40396K, reserved 1085440K
  class space    used 4974K, capacity 5317K, committed 5376K, reserved 1048576K
}
Event: 6.777 GC heap after
{Heap after GC invocations=9 (full 0):
 garbage-first heap   total 112640K, used 26414K [0x0000000080000000, 0x0000000100000000)
  region size 1024K, 6 young (6144K), 6 survivors (6144K)
 Metaspace       used 39176K, capacity 40174K, committed 40396K, reserved 1085440K
  class space    used 4974K, capacity 5317K, committed 5376K, reserved 1048576K
}
Event: 7.209 GC heap before
{Heap before GC invocations=9 (full 0):
 garbage-first heap   total 112640K, used 70446K [0x0000000080000000, 0x0000000100000000)
  region size 1024K, 49 young (50176K), 6 survivors (6144K)
 Metaspace       used 42262K, capacity 43220K, committed 43468K, reserved 1087488K
  class space    used 5433K, capacity 5789K, committed 5888K, reserved 1048576K
}
Event: 7.214 GC heap after
{Heap after GC invocations=10 (full 0):
 garbage-first heap   total 112640K, used 28455K [0x0000000080000000, 0x0000000100000000)
  region size 1024K, 3 young (3072K), 3 survivors (3072K)
 Metaspace       used 42262K, capacity 43220K, committed 43468K, reserved 1087488K
  class space    used 5433K, capacity 5789K, committed 5888K, reserved 1048576K
}
Event: 7.774 GC heap before
{Heap before GC invocations=10 (full 0):
 garbage-first heap   total 112640K, used 74535K [0x0000000080000000, 0x0000000100000000)
  region size 1024K, 48 young (49152K), 3 survivors (3072K)
 Metaspace       used 46308K, capacity 47383K, committed 47564K, reserved 1091584K
  class space    used 5950K, capacity 6323K, committed 6400K, reserved 1048576K
}
Event: 7.780 GC heap after
{Heap after GC invocations=11 (full 0):
 garbage-first heap   total 112640K, used 29633K [0x0000000080000000, 0x0000000100000000)
  region size 1024K, 4 young (4096K), 4 survivors (4096K)
 Metaspace       used 46308K, capacity 47383K, committed 47564K, reserved 1091584K
  class space    used 5950K, capacity 6323K, committed 6400K, reserved 1048576K
}
Event: 9.158 GC heap before
{Heap before GC invocations=11 (full 0):
 garbage-first heap   total 112640K, used 76737K [0x0000000080000000, 0x0000000100000000)
  region size 1024K, 51 young (52224K), 4 survivors (4096K)
 Metaspace       used 48622K, capacity 49882K, committed 49996K, reserved 1093632K
  class space    used 6225K, capacity 6726K, committed 6784K, reserved 1048576K
}
Event: 9.164 GC heap after
{Heap after GC invocations=12 (full 0):
 garbage-first heap   total 112640K, used 31808K [0x0000000080000000, 0x0000000100000000)
  region size 1024K, 4 young (4096K), 4 survivors (4096K)
 Metaspace       used 48622K, capacity 49882K, committed 49996K, reserved 1093632K
  class space    used 6225K, capacity 6726K, committed 6784K, reserved 1048576K
}

Deoptimization events (20 events):
Event: 9.284 Thread 0x000002243dcca800 DEOPT PACKING pc=0x000002242d8eb9cc sp=0x000000c2a28f21e0
Event: 9.284 Thread 0x000002243dcca800 DEOPT UNPACKING pc=0x0000022425d2a1af sp=0x000000c2a28f21a0 mode 2
Event: 9.374 Thread 0x000002243dcca800 DEOPT PACKING pc=0x0000022426fbc004 sp=0x000000c2a28f1ae0
Event: 9.374 Thread 0x000002243dcca800 DEOPT UNPACKING pc=0x0000022425d2a95e sp=0x000000c2a28f10b8 mode 0
Event: 9.419 Thread 0x000002243dcca800 DEOPT PACKING pc=0x0000022426fbc004 sp=0x000000c2a28f1ae0
Event: 9.419 Thread 0x000002243dcca800 DEOPT UNPACKING pc=0x0000022425d2a95e sp=0x000000c2a28f10b8 mode 0
Event: 9.468 Thread 0x000002243dcca800 DEOPT PACKING pc=0x0000022426501aae sp=0x000000c2a28f2130
Event: 9.469 Thread 0x000002243dcca800 DEOPT UNPACKING pc=0x0000022425d2a95e sp=0x000000c2a28f15a0 mode 0
Event: 9.472 Thread 0x000002243dcca800 DEOPT PACKING pc=0x0000022426fbc004 sp=0x000000c2a28f1ae0
Event: 9.472 Thread 0x000002243dcca800 DEOPT UNPACKING pc=0x0000022425d2a95e sp=0x000000c2a28f10b8 mode 0
Event: 9.524 Thread 0x000002243dcca800 DEOPT PACKING pc=0x0000022426fbc004 sp=0x000000c2a28f1ae0
Event: 9.524 Thread 0x000002243dcca800 DEOPT UNPACKING pc=0x0000022425d2a95e sp=0x000000c2a28f10b8 mode 0
Event: 9.743 Thread 0x000002243dcca800 Uncommon trap: trap_request=0xffffffc6 fr.pc=0x000002242dac01e4 relative=0x00000000000001a4
Event: 9.743 Thread 0x000002243dcca800 Uncommon trap: reason=bimorphic_or_optimized_type_check action=maybe_recompile pc=0x000002242dac01e4 method=java.util.ArrayList.remove(Ljava/lang/Object;)Z @ 50 c2
Event: 9.743 Thread 0x000002243dcca800 DEOPT PACKING pc=0x000002242dac01e4 sp=0x000000c2a28fb040
Event: 9.744 Thread 0x000002243dcca800 DEOPT UNPACKING pc=0x0000022425d2a1af sp=0x000000c2a28faff0 mode 2
Event: 9.796 Thread 0x000002243dcca800 Uncommon trap: trap_request=0xffffff4d fr.pc=0x000002242d8dfa60 relative=0x0000000000000580
Event: 9.796 Thread 0x000002243dcca800 Uncommon trap: reason=unstable_if action=reinterpret pc=0x000002242d8dfa60 method=java.util.jar.Manifest$FastInputStream.readLine([BII)I @ 130 c2
Event: 9.797 Thread 0x000002243dcca800 DEOPT PACKING pc=0x000002242d8dfa60 sp=0x000000c2a28f7e00
Event: 9.797 Thread 0x000002243dcca800 DEOPT UNPACKING pc=0x0000022425d2a1af sp=0x000000c2a28f7d90 mode 2

Classes redefined (0 events):
No events

Internal exceptions (20 events):
Event: 9.700 Thread 0x000002243dcca800 Exception <a 'java/lang/ClassNotFoundException'{0x0000000085b3c7d8}: org/gradle/api/DefaultTaskBeanInfo> (0x0000000085b3c7d8) thrown at [./src/hotspot/share/classfile/systemDictionary.cpp, line 231]
Event: 9.701 Thread 0x000002243dcca800 Exception <a 'java/lang/ClassNotFoundException'{0x0000000085b6a3c0}: org/gradle/api/internal/AbstractTaskBeanInfo> (0x0000000085b6a3c0) thrown at [./src/hotspot/share/classfile/systemDictionary.cpp, line 231]
Event: 9.702 Thread 0x000002243dcca800 Exception <a 'java/lang/ClassNotFoundException'{0x0000000085b98700}: org/gradle/api/internal/AbstractTaskCustomizer> (0x0000000085b98700) thrown at [./src/hotspot/share/classfile/systemDictionary.cpp, line 231]
Event: 9.707 Thread 0x000002243dcca800 Exception <a 'java/lang/ClassNotFoundException'{0x0000000085a0d8c0}: org/gradle/api/DefaultTaskCustomizer> (0x0000000085a0d8c0) thrown at [./src/hotspot/share/classfile/systemDictionary.cpp, line 231]
Event: 9.710 Thread 0x000002243dcca800 Exception <a 'java/lang/ClassNotFoundException'{0x0000000085a90078}: org/gradle/api/internal/ConventionTaskCustomizer> (0x0000000085a90078) thrown at [./src/hotspot/share/classfile/systemDictionary.cpp, line 231]
Event: 9.712 Thread 0x000002243dcca800 Exception <a 'java/lang/ClassNotFoundException'{0x0000000085ac9590}: org/gradle/api/tasks/DeleteCustomizer> (0x0000000085ac9590) thrown at [./src/hotspot/share/classfile/systemDictionary.cpp, line 231]
Event: 9.714 Thread 0x000002243dcca800 Exception <a 'java/lang/ClassNotFoundException'{0x0000000085909eb8}: org/gradle/api/tasks/Delete_DecoratedCustomizer> (0x0000000085909eb8) thrown at [./src/hotspot/share/classfile/systemDictionary.cpp, line 231]
Event: 9.744 Thread 0x000002243dcca800 Exception <a 'java/lang/NoSuchMethodError'{0x0000000085824410}: 'long java.lang.invoke.DirectMethodHandle$Holder.invokeVirtual(java.lang.Object, java.lang.Object)'> (0x0000000085824410) thrown at [./src/hotspot/share/interpreter/linkResolver.cpp, line 773]
Event: 9.751 Thread 0x000002243ff46000 Exception <a 'java/lang/NoSuchMethodError'{0x000000008588c018}: <clinit>> (0x000000008588c018) thrown at [./src/hotspot/share/prims/jni.cpp, line 1365]
Event: 9.757 Thread 0x000002243ff46000 Exception <a 'java/lang/NoSuchMethodError'{0x00000000858aafe0}: <clinit>> (0x00000000858aafe0) thrown at [./src/hotspot/share/prims/jni.cpp, line 1365]
Event: 9.757 Thread 0x000002243ff46000 Exception <a 'java/lang/NoSuchMethodError'{0x00000000858ac348}: <clinit>> (0x00000000858ac348) thrown at [./src/hotspot/share/prims/jni.cpp, line 1365]
Event: 9.757 Thread 0x000002243ff46000 Exception <a 'java/lang/NoSuchMethodError'{0x00000000858ad650}: <clinit>> (0x00000000858ad650) thrown at [./src/hotspot/share/prims/jni.cpp, line 1365]
Event: 9.757 Thread 0x000002243ff46000 Exception <a 'java/lang/NoSuchMethodError'{0x00000000858ae670}: <clinit>> (0x00000000858ae670) thrown at [./src/hotspot/share/prims/jni.cpp, line 1365]
Event: 9.758 Thread 0x000002243ff46000 Exception <a 'java/lang/NoSuchMethodError'{0x00000000858c1a10}: <clinit>> (0x00000000858c1a10) thrown at [./src/hotspot/share/prims/jni.cpp, line 1365]
Event: 9.759 Thread 0x000002243ff46000 Exception <a 'java/lang/NoSuchMethodError'{0x00000000858cc6a8}: <clinit>> (0x00000000858cc6a8) thrown at [./src/hotspot/share/prims/jni.cpp, line 1365]
Event: 9.762 Thread 0x000002243ff46000 Exception <a 'java/lang/NoSuchMethodError'{0x00000000858e12a0}: <clinit>> (0x00000000858e12a0) thrown at [./src/hotspot/share/prims/jni.cpp, line 1365]
Event: 9.784 Thread 0x000002243dcca800 Exception <a 'java/lang/ClassNotFoundException'{0x00000000857674d0}: build_268h07yfuqm9b6dmreusoqkmrBeanInfo> (0x00000000857674d0) thrown at [./src/hotspot/share/classfile/systemDictionary.cpp, line 231]
Event: 9.785 Thread 0x000002243dcca800 Exception <a 'java/lang/ClassNotFoundException'{0x0000000085772738}: build_268h07yfuqm9b6dmreusoqkmrCustomizer> (0x0000000085772738) thrown at [./src/hotspot/share/classfile/systemDictionary.cpp, line 231]
Event: 9.863 Thread 0x000002243dcca800 Exception <a 'java/lang/ClassNotFoundException'{0x0000000085502eb8}: org/gradle/api/internal/plugins/DefaultObjectConfigurationActionBeanInfo> (0x0000000085502eb8) thrown at [./src/hotspot/share/classfile/systemDictionary.cpp, line 231]
Event: 9.866 Thread 0x000002243dcca800 Exception <a 'java/lang/ClassNotFoundException'{0x0000000085538080}: org/gradle/api/internal/plugins/DefaultObjectConfigurationActionCustomizer> (0x0000000085538080) thrown at [./src/hotspot/share/classfile/systemDictionary.cpp, line 231]

Events (20 events):
Event: 10.046 loading class com/android/build/api/variant/HasTestFixtures
Event: 10.046 loading class com/android/build/api/variant/HasTestFixtures done
Event: 10.046 loading class com/android/build/gradle/internal/component/ApplicationCreationConfig
Event: 10.046 loading class com/android/build/gradle/internal/component/ApplicationCreationConfig done
Event: 10.046 loading class com/android/build/gradle/internal/component/ApkCreationConfig
Event: 10.046 loading class com/android/build/gradle/internal/component/ApkCreationConfig done
Event: 10.047 loading class com/android/build/gradle/internal/component/ConsumableCreationConfig
Event: 10.047 loading class com/android/build/gradle/internal/component/ConsumableCreationConfig done
Event: 10.047 loading class com/android/build/gradle/internal/component/VariantCreationConfig
Event: 10.047 loading class com/android/build/gradle/internal/component/VariantCreationConfig done
Event: 10.047 loading class com/android/build/gradle/internal/component/ComponentCreationConfig
Event: 10.047 loading class com/android/build/gradle/internal/component/ComponentCreationConfig done
Event: 10.047 loading class com/android/build/api/variant/impl/HasAndroidTest
Event: 10.047 loading class com/android/build/api/variant/impl/HasAndroidTest done
Event: 10.048 loading class com/android/build/api/variant/impl/HasTestFixtures
Event: 10.048 loading class com/android/build/api/variant/impl/HasTestFixtures done
Event: 10.049 loading class com/android/build/api/variant/impl/VariantImpl
Event: 10.049 loading class com/android/build/api/variant/impl/VariantImpl done
Event: 10.049 loading class com/android/build/api/component/impl/ComponentImpl
Event: 10.049 loading class com/android/build/api/component/impl/ComponentImpl done


Dynamic libraries:
0x00007ff71e900000 - 0x00007ff71e90a000 	D:\Android Studio\jre\bin\java.exe
0x00007ff80b500000 - 0x00007ff80b709000 	C:\WINDOWS\SYSTEM32\ntdll.dll
0x00007ff809630000 - 0x00007ff8096ed000 	C:\WINDOWS\System32\KERNEL32.DLL
0x00007ff808cb0000 - 0x00007ff809029000 	C:\WINDOWS\System32\KERNELBASE.dll
0x00007ff8089f0000 - 0x00007ff808b01000 	C:\WINDOWS\System32\ucrtbase.dll
0x00007fffe2d90000 - 0x00007fffe2da7000 	D:\Android Studio\jre\bin\VCRUNTIME140.dll
0x00007fffe41d0000 - 0x00007fffe41e9000 	D:\Android Studio\jre\bin\jli.dll
0x00007ff8098c0000 - 0x00007ff809a6c000 	C:\WINDOWS\System32\USER32.dll
0x00007ff808c80000 - 0x00007ff808ca6000 	C:\WINDOWS\System32\win32u.dll
0x00007ff809f90000 - 0x00007ff809fb9000 	C:\WINDOWS\System32\GDI32.dll
0x00007ffff6680000 - 0x00007ffff6925000 	C:\WINDOWS\WinSxS\amd64_microsoft.windows.common-controls_6595b64144ccf1df_6.0.22000.120_none_9d947278b86cc467\COMCTL32.dll
0x00007ff809200000 - 0x00007ff809312000 	C:\WINDOWS\System32\gdi32full.dll
0x00007ff80b1d0000 - 0x00007ff80b273000 	C:\WINDOWS\System32\msvcrt.dll
0x00007ff809030000 - 0x00007ff8090cd000 	C:\WINDOWS\System32\msvcp_win.dll
0x00007ff80aef0000 - 0x00007ff80af21000 	C:\WINDOWS\System32\IMM32.DLL
0x00007fffe2cf0000 - 0x00007fffe2d8d000 	D:\Android Studio\jre\bin\msvcp140.dll
0x00007fffba220000 - 0x00007fffbad05000 	D:\Android Studio\jre\bin\server\jvm.dll
0x00007ff80b2f0000 - 0x00007ff80b39e000 	C:\WINDOWS\System32\ADVAPI32.dll
0x00007ff80af30000 - 0x00007ff80afce000 	C:\WINDOWS\System32\sechost.dll
0x00007ff8097a0000 - 0x00007ff8098c0000 	C:\WINDOWS\System32\RPCRT4.dll
0x00007ff80b1a0000 - 0x00007ff80b1a8000 	C:\WINDOWS\System32\PSAPI.DLL
0x00007ff8008c0000 - 0x00007ff8008f3000 	C:\WINDOWS\SYSTEM32\WINMM.dll
0x00007ffffe620000 - 0x00007ffffe62a000 	C:\WINDOWS\SYSTEM32\VERSION.dll
0x00007fffec5c0000 - 0x00007fffec5c9000 	C:\WINDOWS\SYSTEM32\WSOCK32.dll
0x00007ff80b280000 - 0x00007ff80b2ef000 	C:\WINDOWS\System32\WS2_32.dll
0x00007ff807af0000 - 0x00007ff807b08000 	C:\WINDOWS\SYSTEM32\kernel.appcore.dll
0x00007ffff7370000 - 0x00007ffff7381000 	D:\Android Studio\jre\bin\verify.dll
0x00007ff8063d0000 - 0x00007ff8065f1000 	C:\WINDOWS\SYSTEM32\DBGHELP.DLL
0x00007fffedc10000 - 0x00007fffedc41000 	C:\WINDOWS\SYSTEM32\dbgcore.DLL
0x00007ff809320000 - 0x00007ff80939f000 	C:\WINDOWS\System32\bcryptPrimitives.dll
0x00007fffe4250000 - 0x00007fffe4279000 	D:\Android Studio\jre\bin\java.dll
0x00007ff801890000 - 0x00007ff80189b000 	D:\Android Studio\jre\bin\jimage.dll
0x00007ffff7350000 - 0x00007ffff7368000 	D:\Android Studio\jre\bin\zip.dll
0x00007ff80a650000 - 0x00007ff80adff000 	C:\WINDOWS\System32\SHELL32.dll
0x00007ff806b60000 - 0x00007ff8073c8000 	C:\WINDOWS\SYSTEM32\windows.storage.dll
0x00007ff809b80000 - 0x00007ff809ef8000 	C:\WINDOWS\System32\combase.dll
0x00007ff8069f0000 - 0x00007ff806b56000 	C:\WINDOWS\SYSTEM32\wintypes.dll
0x00007ff80b030000 - 0x00007ff80b11a000 	C:\WINDOWS\System32\SHCORE.dll
0x00007ff80afd0000 - 0x00007ff80b02d000 	C:\WINDOWS\System32\shlwapi.dll
0x00007ff808920000 - 0x00007ff808941000 	C:\WINDOWS\SYSTEM32\profapi.dll
0x00007fffe4230000 - 0x00007fffe424a000 	D:\Android Studio\jre\bin\net.dll
0x00007ff8000c0000 - 0x00007ff8001cc000 	C:\WINDOWS\SYSTEM32\WINHTTP.dll
0x00007ff807f20000 - 0x00007ff807f87000 	C:\WINDOWS\system32\mswsock.dll
0x00007fffe4210000 - 0x00007fffe4224000 	D:\Android Studio\jre\bin\nio.dll
0x00007fffe2680000 - 0x00007fffe26a7000 	C:\Users\Thinkpad E15\.gradle\native\e1d6ef7f7dcc3fd88c89a11ec53ec762bb8ba0a96d01ffa2cd45eb1d1d8dd5c5\windows-amd64\native-platform.dll
0x00007fff9f310000 - 0x00007fff9f454000 	C:\Users\Thinkpad E15\.gradle\native\5664cfc778a61ccfe75a443a1ab52a65af34e5dc3c78e0209fed803814484fcb\windows-amd64\native-platform-file-events.dll
0x00007ffff9570000 - 0x00007ffff957a000 	D:\Android Studio\jre\bin\management.dll
0x00007ffff8e20000 - 0x00007ffff8e2d000 	D:\Android Studio\jre\bin\management_ext.dll
0x00007ff808160000 - 0x00007ff808178000 	C:\WINDOWS\SYSTEM32\CRYPTSP.dll
0x00007ff807a50000 - 0x00007ff807a85000 	C:\WINDOWS\system32\rsaenh.dll
0x00007ff808010000 - 0x00007ff808039000 	C:\WINDOWS\SYSTEM32\USERENV.dll
0x00007ff8082d0000 - 0x00007ff8082f7000 	C:\WINDOWS\SYSTEM32\bcrypt.dll
0x00007ff8086b0000 - 0x00007ff8086bc000 	C:\WINDOWS\SYSTEM32\CRYPTBASE.dll
0x00007ff807620000 - 0x00007ff80764d000 	C:\WINDOWS\SYSTEM32\IPHLPAPI.DLL
0x00007ff80ae00000 - 0x00007ff80ae09000 	C:\WINDOWS\System32\NSI.dll
0x00007fffffbb0000 - 0x00007fffffbc9000 	C:\WINDOWS\SYSTEM32\dhcpcsvc6.DLL
0x00007ff800880000 - 0x00007ff80089e000 	C:\WINDOWS\SYSTEM32\dhcpcsvc.DLL
0x00007ff807690000 - 0x00007ff807778000 	C:\WINDOWS\SYSTEM32\DNSAPI.dll

dbghelp: loaded successfully - version: 4.0.5 - missing functions: none
symbol engine: initialized successfully - sym options: 0x614 - pdb path: .;D:\Android Studio\jre\bin;C:\WINDOWS\SYSTEM32;C:\WINDOWS\WinSxS\amd64_microsoft.windows.common-controls_6595b64144ccf1df_6.0.22000.120_none_9d947278b86cc467;D:\Android Studio\jre\bin\server;C:\Users\Thinkpad E15\.gradle\native\e1d6ef7f7dcc3fd88c89a11ec53ec762bb8ba0a96d01ffa2cd45eb1d1d8dd5c5\windows-amd64;C:\Users\Thinkpad E15\.gradle\native\5664cfc778a61ccfe75a443a1ab52a65af34e5dc3c78e0209fed803814484fcb\windows-amd64

VM Arguments:
jvm_args: --add-opens=java.base/java.util=ALL-UNNAMED --add-opens=java.base/java.lang=ALL-UNNAMED --add-opens=java.base/java.lang.invoke=ALL-UNNAMED --add-opens=java.base/java.util=ALL-UNNAMED --add-opens=java.prefs/java.util.prefs=ALL-UNNAMED --add-opens=java.prefs/java.util.prefs=ALL-UNNAMED --add-opens=java.base/java.nio.charset=ALL-UNNAMED --add-opens=java.base/java.net=ALL-UNNAMED --add-opens=java.base/java.util.concurrent.atomic=ALL-UNNAMED -Xmx2048m -Dfile.encoding=UTF-8 -Duser.country=US -Duser.language=en -Duser.variant 
java_command: org.gradle.launcher.daemon.bootstrap.GradleDaemon 7.3.3
java_class_path (initial): C:\Users\Thinkpad E15\.gradle\wrapper\dists\gradle-7.3.3-bin\6a41zxkdtcxs8rphpq6y0069z\gradle-7.3.3\lib\gradle-launcher-7.3.3.jar
Launcher Type: SUN_STANDARD

[Global flags]
     intx CICompilerCount                          = 12                                        {product} {ergonomic}
     uint ConcGCThreads                            = 3                                         {product} {ergonomic}
     uint G1ConcRefinementThreads                  = 13                                        {product} {ergonomic}
   size_t G1HeapRegionSize                         = 1048576                                   {product} {ergonomic}
    uintx GCDrainStackTargetSize                   = 64                                        {product} {ergonomic}
   size_t InitialHeapSize                          = 115343360                                 {product} {ergonomic}
   size_t MarkStackSize                            = 4194304                                   {product} {ergonomic}
   size_t MaxHeapSize                              = 2147483648                                {product} {command line}
   size_t MaxNewSize                               = 1287651328                                {product} {ergonomic}
   size_t MinHeapDeltaBytes                        = 1048576                                   {product} {ergonomic}
    uintx NonNMethodCodeHeapSize                   = 7594288                                {pd product} {ergonomic}
    uintx NonProfiledCodeHeapSize                  = 122031976                              {pd product} {ergonomic}
    uintx ProfiledCodeHeapSize                     = 122031976                              {pd product} {ergonomic}
    uintx ReservedCodeCacheSize                    = 251658240                              {pd product} {ergonomic}
     bool SegmentedCodeCache                       = true                                      {product} {ergonomic}
     bool UseCompressedClassPointers               = true                                 {lp64_product} {ergonomic}
     bool UseCompressedOops                        = true                                 {lp64_product} {ergonomic}
     bool UseG1GC                                  = true                                      {product} {ergonomic}
     bool UseLargePagesIndividualAllocation        = false                                  {pd product} {ergonomic}

Logging:
Log output configuration:
 #0: stdout all=warning uptime,level,tags
 #1: stderr all=off uptime,level,tags

Environment Variables:
CLASSPATH=%CLASSPATH%;%JUNIT_HOME%\junit-4.13.2.jar;.;;D:\Junit4\junit-4.13.2.jar;.;;D:\Junit4\junit-4.13.2.jar;.;
PATH=C:\Users\Thinkpad E15\AppData\Local\Programs\Python\Python310\Scripts\;C:\Users\Thinkpad E15\AppData\Local\Programs\Python\Python310\;D:\app\ThinkpadE15\product\12.1.0\dbhome_1\bin;C:\Program Files\Common Files\Oracle\Java\javapath;C:\Program Files (x86)\VMware\VMware Workstation\bin\;C:\WINDOWS\system32;C:\WINDOWS;C:\WINDOWS\System32\Wbem;C:\WINDOWS\System32\WindowsPowerShell\v1.0\;C:\WINDOWS\System32\OpenSSH\;C:\Program Files\Microsoft SQL Server\Client SDK\ODBC\170\Tools\Binn\;C:\Program Files (x86)\Microsoft SQL Server\150\Tools\Binn\;C:\Program Files\Microsoft SQL Server\150\Tools\Binn\;C:\Program Files\Microsoft SQL Server\150\DTS\Binn\;C:\Program Files\Bandizip\;C:\Program Files\MongoDB\Server\5.0\bin;C:\Program Files\Git\cmd;C:\ProgramData\chocolatey\bin;C:\Users\Thinkpad E15\AppData\Roaming\nvm;C:\Program Files\nodejs;C:\Program Files\MySQL\MySQL Shell 8.0\bin\;C:\Users\Thinkpad E15\AppData\Local\Microsoft\WindowsApps;D:\IntelliJ IDEA Community Edition 2021.2.1\bin;;C:\Users\Thinkpad E15\AppData\Local\Programs\Microsoft VS Code\bin;C:\Users\Thinkpad E15\AppData\Roaming\npm;C:\Program Files\heroku\bin;C:\Users\Thinkpad E15\AppData\Roaming\nvm;C:\Program Files\nodejs
USERNAME=Thinkpad E15
OS=Windows_NT
PROCESSOR_IDENTIFIER=AMD64 Family 23 Model 104 Stepping 1, AuthenticAMD



---------------  S Y S T E M  ---------------

OS: Windows 10 , 64 bit Build 22000 (10.0.22000.675)
OS uptime: 1 days 22:39 hours

CPU:total 16 (initial active 16) (16 cores per cpu, 2 threads per core) family 23 model 104 stepping 1 microcode 0x0, cmov, cx8, fxsr, mmx, sse, sse2, sse3, ssse3, sse4.1, sse4.2, popcnt, avx, avx2, aes, clmul, mmxext, 3dnowpref, lzcnt, sse4a, ht, tsc, tscinvbit, tscinv, bmi1, bmi2, adx, sha, fma

Memory: 4k page, system-wide physical 6986M (344M free)
TotalPageFile size 28490M (AvailPageFile size 5M)
current process WorkingSet (physical memory assigned to process): 295M, peak: 295M
current process commit charge ("private bytes"): 351M, peak: 352M

vm_info: OpenJDK 64-Bit Server VM (11.0.12+7-b1504.28-7817840) for windows-amd64 JRE (11.0.12+7-b1504.28-7817840), built on Oct 13 2021 22:12:33 by "builder" with MS VC++ 14.0 (VS2015)

END.
